[2022-11-23T11:56:30.849+0000] {processor.py:154} INFO - Started process (PID=498) to work on /workspace/airflow/dags/job_finance_data_lake.py
[2022-11-23T11:56:30.849+0000] {processor.py:756} INFO - Processing file /workspace/airflow/dags/job_finance_data_lake.py for tasks to queue
[2022-11-23T11:56:30.850+0000] {logging_mixin.py:137} INFO - [2022-11-23T11:56:30.850+0000] {dagbag.py:537} INFO - Filling up the DagBag from /workspace/airflow/dags/job_finance_data_lake.py
[2022-11-23T11:56:31.257+0000] {processor.py:766} INFO - DAG(s) dict_keys(['finance_data_lake']) retrieved from /workspace/airflow/dags/job_finance_data_lake.py
[2022-11-23T11:56:31.276+0000] {logging_mixin.py:137} INFO - [2022-11-23T11:56:31.275+0000] {dag.py:2585} INFO - Sync 1 DAGs
[2022-11-23T11:56:31.292+0000] {logging_mixin.py:137} INFO - [2022-11-23T11:56:31.292+0000] {dag.py:3336} INFO - Setting next_dagrun for finance_data_lake to 2022-11-22T11:56:31.292085+00:00, run_after=2022-11-23T11:56:31.292085+00:00
[2022-11-23T11:56:31.332+0000] {processor.py:176} INFO - Processing /workspace/airflow/dags/job_finance_data_lake.py took 0.486 seconds
[2022-11-23T12:07:02.447+0000] {processor.py:154} INFO - Started process (PID=23385) to work on /workspace/airflow/dags/job_finance_data_lake.py
[2022-11-23T12:07:02.448+0000] {processor.py:756} INFO - Processing file /workspace/airflow/dags/job_finance_data_lake.py for tasks to queue
[2022-11-23T12:07:02.449+0000] {logging_mixin.py:137} INFO - [2022-11-23T12:07:02.448+0000] {dagbag.py:537} INFO - Filling up the DagBag from /workspace/airflow/dags/job_finance_data_lake.py
[2022-11-23T12:07:02.846+0000] {processor.py:766} INFO - DAG(s) dict_keys(['finance_data_lake']) retrieved from /workspace/airflow/dags/job_finance_data_lake.py
[2022-11-23T12:07:02.864+0000] {logging_mixin.py:137} INFO - [2022-11-23T12:07:02.863+0000] {dag.py:2585} INFO - Sync 1 DAGs
[2022-11-23T12:07:02.880+0000] {logging_mixin.py:137} INFO - [2022-11-23T12:07:02.880+0000] {dag.py:3336} INFO - Setting next_dagrun for finance_data_lake to 2022-11-23T11:56:31.292085+00:00, run_after=2022-11-24T11:56:31.292085+00:00
[2022-11-23T12:07:02.918+0000] {processor.py:176} INFO - Processing /workspace/airflow/dags/job_finance_data_lake.py took 0.473 seconds
[2022-11-23T12:07:44.104+0000] {processor.py:154} INFO - Started process (PID=24955) to work on /workspace/airflow/dags/job_finance_data_lake.py
[2022-11-23T12:07:44.104+0000] {processor.py:756} INFO - Processing file /workspace/airflow/dags/job_finance_data_lake.py for tasks to queue
[2022-11-23T12:07:44.105+0000] {logging_mixin.py:137} INFO - [2022-11-23T12:07:44.105+0000] {dagbag.py:537} INFO - Filling up the DagBag from /workspace/airflow/dags/job_finance_data_lake.py
[2022-11-23T12:07:44.507+0000] {processor.py:766} INFO - DAG(s) dict_keys(['finance_data_lake']) retrieved from /workspace/airflow/dags/job_finance_data_lake.py
[2022-11-23T12:07:44.526+0000] {logging_mixin.py:137} INFO - [2022-11-23T12:07:44.525+0000] {dag.py:2585} INFO - Sync 1 DAGs
[2022-11-23T12:07:44.542+0000] {logging_mixin.py:137} INFO - [2022-11-23T12:07:44.542+0000] {dag.py:3336} INFO - Setting next_dagrun for finance_data_lake to 2022-11-23T11:56:31.292085+00:00, run_after=2022-11-24T11:56:31.292085+00:00
[2022-11-23T12:07:44.577+0000] {processor.py:176} INFO - Processing /workspace/airflow/dags/job_finance_data_lake.py took 0.476 seconds
[2022-11-23T12:08:15.652+0000] {processor.py:154} INFO - Started process (PID=25838) to work on /workspace/airflow/dags/job_finance_data_lake.py
[2022-11-23T12:08:15.652+0000] {processor.py:756} INFO - Processing file /workspace/airflow/dags/job_finance_data_lake.py for tasks to queue
[2022-11-23T12:08:15.653+0000] {logging_mixin.py:137} INFO - [2022-11-23T12:08:15.653+0000] {dagbag.py:537} INFO - Filling up the DagBag from /workspace/airflow/dags/job_finance_data_lake.py
[2022-11-23T12:08:16.052+0000] {processor.py:766} INFO - DAG(s) dict_keys(['finance_data_lake']) retrieved from /workspace/airflow/dags/job_finance_data_lake.py
[2022-11-23T12:08:16.068+0000] {logging_mixin.py:137} INFO - [2022-11-23T12:08:16.068+0000] {dag.py:2585} INFO - Sync 1 DAGs
[2022-11-23T12:08:16.084+0000] {logging_mixin.py:137} INFO - [2022-11-23T12:08:16.084+0000] {dag.py:3336} INFO - Setting next_dagrun for finance_data_lake to 2022-11-23T11:56:31.292085+00:00, run_after=2022-11-24T11:56:31.292085+00:00
[2022-11-23T12:08:16.122+0000] {processor.py:176} INFO - Processing /workspace/airflow/dags/job_finance_data_lake.py took 0.472 seconds
[2022-11-23T12:08:24.738+0000] {processor.py:154} INFO - Started process (PID=25872) to work on /workspace/airflow/dags/job_finance_data_lake.py
[2022-11-23T12:08:24.739+0000] {processor.py:756} INFO - Processing file /workspace/airflow/dags/job_finance_data_lake.py for tasks to queue
[2022-11-23T12:08:24.740+0000] {logging_mixin.py:137} INFO - [2022-11-23T12:08:24.740+0000] {dagbag.py:537} INFO - Filling up the DagBag from /workspace/airflow/dags/job_finance_data_lake.py
[2022-11-23T12:08:25.135+0000] {processor.py:766} INFO - DAG(s) dict_keys(['finance_data_lake']) retrieved from /workspace/airflow/dags/job_finance_data_lake.py
[2022-11-23T12:08:25.151+0000] {logging_mixin.py:137} INFO - [2022-11-23T12:08:25.151+0000] {dag.py:2585} INFO - Sync 1 DAGs
[2022-11-23T12:08:25.167+0000] {logging_mixin.py:137} INFO - [2022-11-23T12:08:25.166+0000] {dag.py:3336} INFO - Setting next_dagrun for finance_data_lake to 2022-11-23T11:56:31.292085+00:00, run_after=2022-11-24T11:56:31.292085+00:00
[2022-11-23T12:08:25.206+0000] {processor.py:176} INFO - Processing /workspace/airflow/dags/job_finance_data_lake.py took 0.470 seconds
