[2022-10-31T22:44:58.166+0000] {processor.py:154} INFO - Started process (PID=1454) to work on /root/.local/share/virtualenvs/workspace-dqq3IVyd/lib/python3.10/site-packages/airflow/example_dags/plugins/workday.py
[2022-10-31T22:44:58.167+0000] {processor.py:756} INFO - Processing file /root/.local/share/virtualenvs/workspace-dqq3IVyd/lib/python3.10/site-packages/airflow/example_dags/plugins/workday.py for tasks to queue
[2022-10-31T22:44:58.168+0000] {logging_mixin.py:120} INFO - [2022-10-31T22:44:58.168+0000] {dagbag.py:537} INFO - Filling up the DagBag from /root/.local/share/virtualenvs/workspace-dqq3IVyd/lib/python3.10/site-packages/airflow/example_dags/plugins/workday.py
[2022-10-31T22:44:58.253+0000] {processor.py:768} WARNING - No viable dags retrieved from /root/.local/share/virtualenvs/workspace-dqq3IVyd/lib/python3.10/site-packages/airflow/example_dags/plugins/workday.py
[2022-10-31T22:44:58.264+0000] {processor.py:176} INFO - Processing /root/.local/share/virtualenvs/workspace-dqq3IVyd/lib/python3.10/site-packages/airflow/example_dags/plugins/workday.py took 0.101 seconds
[2022-10-31T22:45:37.232+0000] {processor.py:154} INFO - Started process (PID=1767) to work on /root/.local/share/virtualenvs/workspace-dqq3IVyd/lib/python3.10/site-packages/airflow/example_dags/plugins/workday.py
[2022-10-31T22:45:37.233+0000] {processor.py:756} INFO - Processing file /root/.local/share/virtualenvs/workspace-dqq3IVyd/lib/python3.10/site-packages/airflow/example_dags/plugins/workday.py for tasks to queue
[2022-10-31T22:45:37.233+0000] {logging_mixin.py:120} INFO - [2022-10-31T22:45:37.233+0000] {dagbag.py:537} INFO - Filling up the DagBag from /root/.local/share/virtualenvs/workspace-dqq3IVyd/lib/python3.10/site-packages/airflow/example_dags/plugins/workday.py
[2022-10-31T22:45:37.235+0000] {processor.py:768} WARNING - No viable dags retrieved from /root/.local/share/virtualenvs/workspace-dqq3IVyd/lib/python3.10/site-packages/airflow/example_dags/plugins/workday.py
[2022-10-31T22:45:37.248+0000] {processor.py:176} INFO - Processing /root/.local/share/virtualenvs/workspace-dqq3IVyd/lib/python3.10/site-packages/airflow/example_dags/plugins/workday.py took 0.018 seconds
[2022-10-31T22:46:17.687+0000] {processor.py:154} INFO - Started process (PID=2064) to work on /root/.local/share/virtualenvs/workspace-dqq3IVyd/lib/python3.10/site-packages/airflow/example_dags/plugins/workday.py
[2022-10-31T22:46:17.688+0000] {processor.py:756} INFO - Processing file /root/.local/share/virtualenvs/workspace-dqq3IVyd/lib/python3.10/site-packages/airflow/example_dags/plugins/workday.py for tasks to queue
[2022-10-31T22:46:17.689+0000] {logging_mixin.py:120} INFO - [2022-10-31T22:46:17.689+0000] {dagbag.py:537} INFO - Filling up the DagBag from /root/.local/share/virtualenvs/workspace-dqq3IVyd/lib/python3.10/site-packages/airflow/example_dags/plugins/workday.py
[2022-10-31T22:46:17.690+0000] {processor.py:768} WARNING - No viable dags retrieved from /root/.local/share/virtualenvs/workspace-dqq3IVyd/lib/python3.10/site-packages/airflow/example_dags/plugins/workday.py
[2022-10-31T22:46:17.703+0000] {processor.py:176} INFO - Processing /root/.local/share/virtualenvs/workspace-dqq3IVyd/lib/python3.10/site-packages/airflow/example_dags/plugins/workday.py took 0.019 seconds
[2022-10-31T22:46:58.248+0000] {processor.py:154} INFO - Started process (PID=2375) to work on /root/.local/share/virtualenvs/workspace-dqq3IVyd/lib/python3.10/site-packages/airflow/example_dags/plugins/workday.py
[2022-10-31T22:46:58.248+0000] {processor.py:756} INFO - Processing file /root/.local/share/virtualenvs/workspace-dqq3IVyd/lib/python3.10/site-packages/airflow/example_dags/plugins/workday.py for tasks to queue
[2022-10-31T22:46:58.250+0000] {logging_mixin.py:120} INFO - [2022-10-31T22:46:58.250+0000] {dagbag.py:537} INFO - Filling up the DagBag from /root/.local/share/virtualenvs/workspace-dqq3IVyd/lib/python3.10/site-packages/airflow/example_dags/plugins/workday.py
[2022-10-31T22:46:58.251+0000] {processor.py:768} WARNING - No viable dags retrieved from /root/.local/share/virtualenvs/workspace-dqq3IVyd/lib/python3.10/site-packages/airflow/example_dags/plugins/workday.py
[2022-10-31T22:46:58.263+0000] {processor.py:176} INFO - Processing /root/.local/share/virtualenvs/workspace-dqq3IVyd/lib/python3.10/site-packages/airflow/example_dags/plugins/workday.py took 0.018 seconds
[2022-10-31T22:47:44.588+0000] {processor.py:154} INFO - Started process (PID=2720) to work on /root/.local/share/virtualenvs/workspace-dqq3IVyd/lib/python3.10/site-packages/airflow/example_dags/plugins/workday.py
[2022-10-31T22:47:44.589+0000] {processor.py:756} INFO - Processing file /root/.local/share/virtualenvs/workspace-dqq3IVyd/lib/python3.10/site-packages/airflow/example_dags/plugins/workday.py for tasks to queue
[2022-10-31T22:47:44.589+0000] {logging_mixin.py:120} INFO - [2022-10-31T22:47:44.589+0000] {dagbag.py:537} INFO - Filling up the DagBag from /root/.local/share/virtualenvs/workspace-dqq3IVyd/lib/python3.10/site-packages/airflow/example_dags/plugins/workday.py
[2022-10-31T22:47:44.590+0000] {processor.py:768} WARNING - No viable dags retrieved from /root/.local/share/virtualenvs/workspace-dqq3IVyd/lib/python3.10/site-packages/airflow/example_dags/plugins/workday.py
[2022-10-31T22:47:44.604+0000] {processor.py:176} INFO - Processing /root/.local/share/virtualenvs/workspace-dqq3IVyd/lib/python3.10/site-packages/airflow/example_dags/plugins/workday.py took 0.018 seconds
