[2022-11-23T11:56:33.833+0000] {taskinstance.py:1165} INFO - Dependencies all met for <TaskInstance: finance_data_lake.create_bucket scheduled__2022-11-22T11:56:31.292085+00:00 [queued]>
[2022-11-23T11:56:33.840+0000] {taskinstance.py:1165} INFO - Dependencies all met for <TaskInstance: finance_data_lake.create_bucket scheduled__2022-11-22T11:56:31.292085+00:00 [queued]>
[2022-11-23T11:56:33.841+0000] {taskinstance.py:1362} INFO - 
--------------------------------------------------------------------------------
[2022-11-23T11:56:33.841+0000] {taskinstance.py:1363} INFO - Starting attempt 1 of 1
[2022-11-23T11:56:33.841+0000] {taskinstance.py:1364} INFO - 
--------------------------------------------------------------------------------
[2022-11-23T11:56:33.860+0000] {taskinstance.py:1383} INFO - Executing <Task(PythonOperator): create_bucket> on 2022-11-22 11:56:31.292085+00:00
[2022-11-23T11:56:33.863+0000] {standard_task_runner.py:55} INFO - Started process 572 to run task
[2022-11-23T11:56:33.866+0000] {standard_task_runner.py:82} INFO - Running: ['airflow', 'tasks', 'run', 'finance_data_lake', 'create_bucket', 'scheduled__2022-11-22T11:56:31.292085+00:00', '--job-id', '25', '--raw', '--subdir', 'DAGS_FOLDER/job_finance_data_lake.py', '--cfg-path', '/tmp/tmpc1w7rxu6']
[2022-11-23T11:56:33.867+0000] {standard_task_runner.py:83} INFO - Job 25: Subtask create_bucket
[2022-11-23T11:56:33.930+0000] {task_command.py:376} INFO - Running <TaskInstance: finance_data_lake.create_bucket scheduled__2022-11-22T11:56:31.292085+00:00 [running]> on host 92923f118f93
[2022-11-23T11:56:34.002+0000] {taskinstance.py:1590} INFO - Exporting the following env vars:
AIRFLOW_CTX_DAG_OWNER=airflow
AIRFLOW_CTX_DAG_ID=finance_data_lake
AIRFLOW_CTX_TASK_ID=create_bucket
AIRFLOW_CTX_EXECUTION_DATE=2022-11-22T11:56:31.292085+00:00
AIRFLOW_CTX_TRY_NUMBER=1
AIRFLOW_CTX_DAG_RUN_ID=scheduled__2022-11-22T11:56:31.292085+00:00
[2022-11-23T11:56:34.393+0000] {python.py:177} INFO - Done. Returned value was: None
[2022-11-23T11:56:34.399+0000] {taskinstance.py:1401} INFO - Marking task as SUCCESS. dag_id=finance_data_lake, task_id=create_bucket, execution_date=20221122T115631, start_date=20221123T115633, end_date=20221123T115634
[2022-11-23T11:56:34.439+0000] {local_task_job.py:159} INFO - Task exited with return code 0
[2022-11-23T11:56:34.462+0000] {taskinstance.py:2623} INFO - 1 downstream tasks scheduled from follow-on schedule check
