[2022-11-21T11:52:01.918+0000] {processor.py:154} INFO - Started process (PID=4654) to work on /workspace/airflow/dags/job_finance_data_lake.py
[2022-11-21T11:52:01.918+0000] {processor.py:756} INFO - Processing file /workspace/airflow/dags/job_finance_data_lake.py for tasks to queue
[2022-11-21T11:52:01.919+0000] {logging_mixin.py:137} INFO - [2022-11-21T11:52:01.919+0000] {dagbag.py:537} INFO - Filling up the DagBag from /workspace/airflow/dags/job_finance_data_lake.py
[2022-11-21T11:52:02.291+0000] {logging_mixin.py:137} INFO - [2022-11-21T11:52:02.283+0000] {dagbag.py:342} ERROR - Failed to import: /workspace/airflow/dags/job_finance_data_lake.py
Traceback (most recent call last):
  File "/root/.local/share/virtualenvs/workspace-dqq3IVyd/lib/python3.10/site-packages/airflow/models/dagbag.py", line 338, in parse
    loader.exec_module(new_module)
  File "<frozen importlib._bootstrap_external>", line 883, in exec_module
  File "<frozen importlib._bootstrap>", line 241, in _call_with_frames_removed
  File "/workspace/airflow/dags/job_finance_data_lake.py", line 3, in <module>
    import app_raw, app_cleanning, app_gold
  File "/workspace/finance_data_lake/app_raw.py", line 6, in <module>
    import s3_class_file as s3
  File "/workspace/finance_data_lake/s3_class_file.py", line 5, in <module>
    from airflow.providers.amazon.aws.hooks.sqs import SQSHook
ImportError: cannot import name 'SQSHook' from 'airflow.providers.amazon.aws.hooks.sqs' (/root/.local/share/virtualenvs/workspace-dqq3IVyd/lib/python3.10/site-packages/airflow/providers/amazon/aws/hooks/sqs.py)
[2022-11-21T11:52:02.293+0000] {processor.py:768} WARNING - No viable dags retrieved from /workspace/airflow/dags/job_finance_data_lake.py
[2022-11-21T11:52:02.311+0000] {processor.py:176} INFO - Processing /workspace/airflow/dags/job_finance_data_lake.py took 0.395 seconds
[2022-11-21T11:52:33.299+0000] {processor.py:154} INFO - Started process (PID=4896) to work on /workspace/airflow/dags/job_finance_data_lake.py
[2022-11-21T11:52:33.299+0000] {processor.py:756} INFO - Processing file /workspace/airflow/dags/job_finance_data_lake.py for tasks to queue
[2022-11-21T11:52:33.300+0000] {logging_mixin.py:137} INFO - [2022-11-21T11:52:33.300+0000] {dagbag.py:537} INFO - Filling up the DagBag from /workspace/airflow/dags/job_finance_data_lake.py
[2022-11-21T11:52:33.595+0000] {logging_mixin.py:137} INFO - [2022-11-21T11:52:33.583+0000] {dagbag.py:342} ERROR - Failed to import: /workspace/airflow/dags/job_finance_data_lake.py
Traceback (most recent call last):
  File "/root/.local/share/virtualenvs/workspace-dqq3IVyd/lib/python3.10/site-packages/airflow/models/dagbag.py", line 338, in parse
    loader.exec_module(new_module)
  File "<frozen importlib._bootstrap_external>", line 883, in exec_module
  File "<frozen importlib._bootstrap>", line 241, in _call_with_frames_removed
  File "/workspace/airflow/dags/job_finance_data_lake.py", line 3, in <module>
    import app_raw, app_cleanning, app_gold
  File "/workspace/finance_data_lake/app_raw.py", line 6, in <module>
    import s3_class_file as s3
  File "/workspace/finance_data_lake/s3_class_file.py", line 5, in <module>
    from airflow.providers.amazon.aws.hooks.sqs import SQSHook
ImportError: cannot import name 'SQSHook' from 'airflow.providers.amazon.aws.hooks.sqs' (/root/.local/share/virtualenvs/workspace-dqq3IVyd/lib/python3.10/site-packages/airflow/providers/amazon/aws/hooks/sqs.py)
[2022-11-21T11:52:33.597+0000] {processor.py:768} WARNING - No viable dags retrieved from /workspace/airflow/dags/job_finance_data_lake.py
[2022-11-21T11:52:33.618+0000] {processor.py:176} INFO - Processing /workspace/airflow/dags/job_finance_data_lake.py took 0.322 seconds
[2022-11-21T11:54:18.427+0000] {processor.py:154} INFO - Started process (PID=5371) to work on /workspace/airflow/dags/job_finance_data_lake.py
[2022-11-21T11:54:18.428+0000] {processor.py:756} INFO - Processing file /workspace/airflow/dags/job_finance_data_lake.py for tasks to queue
[2022-11-21T11:54:18.428+0000] {logging_mixin.py:137} INFO - [2022-11-21T11:54:18.428+0000] {dagbag.py:537} INFO - Filling up the DagBag from /workspace/airflow/dags/job_finance_data_lake.py
[2022-11-21T11:54:18.846+0000] {processor.py:766} INFO - DAG(s) dict_keys(['finance_data_lake']) retrieved from /workspace/airflow/dags/job_finance_data_lake.py
[2022-11-21T11:54:18.854+0000] {logging_mixin.py:137} INFO - [2022-11-21T11:54:18.854+0000] {dag.py:2585} INFO - Sync 1 DAGs
[2022-11-21T11:54:18.937+0000] {logging_mixin.py:137} INFO - [2022-11-21T11:54:18.937+0000] {dag.py:3336} INFO - Setting next_dagrun for finance_data_lake to 2022-11-20T11:54:18.937211+00:00, run_after=2022-11-21T11:54:18.937211+00:00
[2022-11-21T11:54:18.995+0000] {processor.py:176} INFO - Processing /workspace/airflow/dags/job_finance_data_lake.py took 0.569 seconds
[2022-11-21T11:54:49.988+0000] {processor.py:154} INFO - Started process (PID=6202) to work on /workspace/airflow/dags/job_finance_data_lake.py
[2022-11-21T11:54:49.989+0000] {processor.py:756} INFO - Processing file /workspace/airflow/dags/job_finance_data_lake.py for tasks to queue
[2022-11-21T11:54:49.990+0000] {logging_mixin.py:137} INFO - [2022-11-21T11:54:49.989+0000] {dagbag.py:537} INFO - Filling up the DagBag from /workspace/airflow/dags/job_finance_data_lake.py
[2022-11-21T11:54:50.423+0000] {processor.py:766} INFO - DAG(s) dict_keys(['finance_data_lake']) retrieved from /workspace/airflow/dags/job_finance_data_lake.py
[2022-11-21T11:54:50.443+0000] {logging_mixin.py:137} INFO - [2022-11-21T11:54:50.443+0000] {dag.py:2585} INFO - Sync 1 DAGs
[2022-11-21T11:54:50.460+0000] {logging_mixin.py:137} INFO - [2022-11-21T11:54:50.460+0000] {dag.py:3336} INFO - Setting next_dagrun for finance_data_lake to 2022-11-21T11:54:18.937211+00:00, run_after=2022-11-22T11:54:18.937211+00:00
[2022-11-21T11:54:50.505+0000] {processor.py:176} INFO - Processing /workspace/airflow/dags/job_finance_data_lake.py took 0.519 seconds
[2022-11-21T11:55:21.632+0000] {processor.py:154} INFO - Started process (PID=7341) to work on /workspace/airflow/dags/job_finance_data_lake.py
[2022-11-21T11:55:21.633+0000] {processor.py:756} INFO - Processing file /workspace/airflow/dags/job_finance_data_lake.py for tasks to queue
[2022-11-21T11:55:21.634+0000] {logging_mixin.py:137} INFO - [2022-11-21T11:55:21.633+0000] {dagbag.py:537} INFO - Filling up the DagBag from /workspace/airflow/dags/job_finance_data_lake.py
[2022-11-21T11:55:22.074+0000] {processor.py:766} INFO - DAG(s) dict_keys(['finance_data_lake']) retrieved from /workspace/airflow/dags/job_finance_data_lake.py
[2022-11-21T11:55:22.092+0000] {logging_mixin.py:137} INFO - [2022-11-21T11:55:22.092+0000] {dag.py:2585} INFO - Sync 1 DAGs
[2022-11-21T11:55:22.109+0000] {logging_mixin.py:137} INFO - [2022-11-21T11:55:22.109+0000] {dag.py:3336} INFO - Setting next_dagrun for finance_data_lake to 2022-11-21T11:54:18.937211+00:00, run_after=2022-11-22T11:54:18.937211+00:00
[2022-11-21T11:55:22.153+0000] {processor.py:176} INFO - Processing /workspace/airflow/dags/job_finance_data_lake.py took 0.522 seconds
[2022-11-21T11:55:53.131+0000] {processor.py:154} INFO - Started process (PID=7498) to work on /workspace/airflow/dags/job_finance_data_lake.py
[2022-11-21T11:55:53.132+0000] {processor.py:756} INFO - Processing file /workspace/airflow/dags/job_finance_data_lake.py for tasks to queue
[2022-11-21T11:55:53.133+0000] {logging_mixin.py:137} INFO - [2022-11-21T11:55:53.133+0000] {dagbag.py:537} INFO - Filling up the DagBag from /workspace/airflow/dags/job_finance_data_lake.py
[2022-11-21T11:55:53.507+0000] {processor.py:766} INFO - DAG(s) dict_keys(['finance_data_lake']) retrieved from /workspace/airflow/dags/job_finance_data_lake.py
[2022-11-21T11:55:53.528+0000] {logging_mixin.py:137} INFO - [2022-11-21T11:55:53.528+0000] {dag.py:2585} INFO - Sync 1 DAGs
[2022-11-21T11:55:53.626+0000] {logging_mixin.py:137} INFO - [2022-11-21T11:55:53.626+0000] {dag.py:3336} INFO - Setting next_dagrun for finance_data_lake to 2022-11-21T11:54:18.937211+00:00, run_after=2022-11-22T11:54:18.937211+00:00
[2022-11-21T11:55:53.676+0000] {processor.py:176} INFO - Processing /workspace/airflow/dags/job_finance_data_lake.py took 0.547 seconds
[2022-11-21T11:56:24.727+0000] {processor.py:154} INFO - Started process (PID=7590) to work on /workspace/airflow/dags/job_finance_data_lake.py
[2022-11-21T11:56:24.728+0000] {processor.py:756} INFO - Processing file /workspace/airflow/dags/job_finance_data_lake.py for tasks to queue
[2022-11-21T11:56:24.729+0000] {logging_mixin.py:137} INFO - [2022-11-21T11:56:24.729+0000] {dagbag.py:537} INFO - Filling up the DagBag from /workspace/airflow/dags/job_finance_data_lake.py
[2022-11-21T11:56:25.098+0000] {processor.py:766} INFO - DAG(s) dict_keys(['finance_data_lake']) retrieved from /workspace/airflow/dags/job_finance_data_lake.py
[2022-11-21T11:56:25.118+0000] {logging_mixin.py:137} INFO - [2022-11-21T11:56:25.118+0000] {dag.py:2585} INFO - Sync 1 DAGs
[2022-11-21T11:56:25.224+0000] {logging_mixin.py:137} INFO - [2022-11-21T11:56:25.224+0000] {dag.py:3336} INFO - Setting next_dagrun for finance_data_lake to 2022-11-21T11:54:18.937211+00:00, run_after=2022-11-22T11:54:18.937211+00:00
[2022-11-21T11:56:25.262+0000] {processor.py:176} INFO - Processing /workspace/airflow/dags/job_finance_data_lake.py took 0.536 seconds
[2022-11-21T11:56:56.047+0000] {processor.py:154} INFO - Started process (PID=7690) to work on /workspace/airflow/dags/job_finance_data_lake.py
[2022-11-21T11:56:56.048+0000] {processor.py:756} INFO - Processing file /workspace/airflow/dags/job_finance_data_lake.py for tasks to queue
[2022-11-21T11:56:56.048+0000] {logging_mixin.py:137} INFO - [2022-11-21T11:56:56.048+0000] {dagbag.py:537} INFO - Filling up the DagBag from /workspace/airflow/dags/job_finance_data_lake.py
[2022-11-21T11:56:56.389+0000] {processor.py:766} INFO - DAG(s) dict_keys(['finance_data_lake']) retrieved from /workspace/airflow/dags/job_finance_data_lake.py
[2022-11-21T11:56:56.407+0000] {logging_mixin.py:137} INFO - [2022-11-21T11:56:56.407+0000] {dag.py:2585} INFO - Sync 1 DAGs
[2022-11-21T11:56:56.504+0000] {logging_mixin.py:137} INFO - [2022-11-21T11:56:56.504+0000] {dag.py:3336} INFO - Setting next_dagrun for finance_data_lake to 2022-11-21T11:54:18.937211+00:00, run_after=2022-11-22T11:54:18.937211+00:00
[2022-11-21T11:56:56.549+0000] {processor.py:176} INFO - Processing /workspace/airflow/dags/job_finance_data_lake.py took 0.504 seconds
[2022-11-21T11:57:27.184+0000] {processor.py:154} INFO - Started process (PID=7897) to work on /workspace/airflow/dags/job_finance_data_lake.py
[2022-11-21T11:57:27.185+0000] {processor.py:756} INFO - Processing file /workspace/airflow/dags/job_finance_data_lake.py for tasks to queue
[2022-11-21T11:57:27.186+0000] {logging_mixin.py:137} INFO - [2022-11-21T11:57:27.186+0000] {dagbag.py:537} INFO - Filling up the DagBag from /workspace/airflow/dags/job_finance_data_lake.py
[2022-11-21T11:57:27.540+0000] {processor.py:766} INFO - DAG(s) dict_keys(['finance_data_lake']) retrieved from /workspace/airflow/dags/job_finance_data_lake.py
[2022-11-21T11:57:27.560+0000] {logging_mixin.py:137} INFO - [2022-11-21T11:57:27.560+0000] {dag.py:2585} INFO - Sync 1 DAGs
[2022-11-21T11:57:27.654+0000] {logging_mixin.py:137} INFO - [2022-11-21T11:57:27.654+0000] {dag.py:3336} INFO - Setting next_dagrun for finance_data_lake to 2022-11-21T11:54:18.937211+00:00, run_after=2022-11-22T11:54:18.937211+00:00
[2022-11-21T11:57:27.694+0000] {processor.py:176} INFO - Processing /workspace/airflow/dags/job_finance_data_lake.py took 0.514 seconds
[2022-11-21T11:57:58.301+0000] {processor.py:154} INFO - Started process (PID=7991) to work on /workspace/airflow/dags/job_finance_data_lake.py
[2022-11-21T11:57:58.302+0000] {processor.py:756} INFO - Processing file /workspace/airflow/dags/job_finance_data_lake.py for tasks to queue
[2022-11-21T11:57:58.303+0000] {logging_mixin.py:137} INFO - [2022-11-21T11:57:58.303+0000] {dagbag.py:537} INFO - Filling up the DagBag from /workspace/airflow/dags/job_finance_data_lake.py
[2022-11-21T11:57:58.640+0000] {processor.py:766} INFO - DAG(s) dict_keys(['finance_data_lake']) retrieved from /workspace/airflow/dags/job_finance_data_lake.py
[2022-11-21T11:57:58.736+0000] {logging_mixin.py:137} INFO - [2022-11-21T11:57:58.736+0000] {dag.py:2585} INFO - Sync 1 DAGs
[2022-11-21T11:57:58.754+0000] {logging_mixin.py:137} INFO - [2022-11-21T11:57:58.754+0000] {dag.py:3336} INFO - Setting next_dagrun for finance_data_lake to 2022-11-21T11:54:18.937211+00:00, run_after=2022-11-22T11:54:18.937211+00:00
[2022-11-21T11:57:58.792+0000] {processor.py:176} INFO - Processing /workspace/airflow/dags/job_finance_data_lake.py took 0.492 seconds
[2022-11-21T11:58:29.328+0000] {processor.py:154} INFO - Started process (PID=8089) to work on /workspace/airflow/dags/job_finance_data_lake.py
[2022-11-21T11:58:29.328+0000] {processor.py:756} INFO - Processing file /workspace/airflow/dags/job_finance_data_lake.py for tasks to queue
[2022-11-21T11:58:29.329+0000] {logging_mixin.py:137} INFO - [2022-11-21T11:58:29.329+0000] {dagbag.py:537} INFO - Filling up the DagBag from /workspace/airflow/dags/job_finance_data_lake.py
[2022-11-21T11:58:29.678+0000] {processor.py:766} INFO - DAG(s) dict_keys(['finance_data_lake']) retrieved from /workspace/airflow/dags/job_finance_data_lake.py
[2022-11-21T11:58:29.773+0000] {logging_mixin.py:137} INFO - [2022-11-21T11:58:29.773+0000] {dag.py:2585} INFO - Sync 1 DAGs
[2022-11-21T11:58:29.793+0000] {logging_mixin.py:137} INFO - [2022-11-21T11:58:29.793+0000] {dag.py:3336} INFO - Setting next_dagrun for finance_data_lake to 2022-11-21T11:54:18.937211+00:00, run_after=2022-11-22T11:54:18.937211+00:00
[2022-11-21T11:58:29.835+0000] {processor.py:176} INFO - Processing /workspace/airflow/dags/job_finance_data_lake.py took 0.510 seconds
[2022-11-21T11:59:00.148+0000] {processor.py:154} INFO - Started process (PID=8183) to work on /workspace/airflow/dags/job_finance_data_lake.py
[2022-11-21T11:59:00.149+0000] {processor.py:756} INFO - Processing file /workspace/airflow/dags/job_finance_data_lake.py for tasks to queue
[2022-11-21T11:59:00.150+0000] {logging_mixin.py:137} INFO - [2022-11-21T11:59:00.150+0000] {dagbag.py:537} INFO - Filling up the DagBag from /workspace/airflow/dags/job_finance_data_lake.py
[2022-11-21T11:59:00.503+0000] {processor.py:766} INFO - DAG(s) dict_keys(['finance_data_lake']) retrieved from /workspace/airflow/dags/job_finance_data_lake.py
[2022-11-21T11:59:00.613+0000] {logging_mixin.py:137} INFO - [2022-11-21T11:59:00.612+0000] {dag.py:2585} INFO - Sync 1 DAGs
[2022-11-21T11:59:00.631+0000] {logging_mixin.py:137} INFO - [2022-11-21T11:59:00.631+0000] {dag.py:3336} INFO - Setting next_dagrun for finance_data_lake to 2022-11-21T11:54:18.937211+00:00, run_after=2022-11-22T11:54:18.937211+00:00
[2022-11-21T11:59:00.671+0000] {processor.py:176} INFO - Processing /workspace/airflow/dags/job_finance_data_lake.py took 0.525 seconds
[2022-11-21T11:59:30.959+0000] {processor.py:154} INFO - Started process (PID=8833) to work on /workspace/airflow/dags/job_finance_data_lake.py
[2022-11-21T11:59:30.960+0000] {processor.py:756} INFO - Processing file /workspace/airflow/dags/job_finance_data_lake.py for tasks to queue
[2022-11-21T11:59:30.961+0000] {logging_mixin.py:137} INFO - [2022-11-21T11:59:30.960+0000] {dagbag.py:537} INFO - Filling up the DagBag from /workspace/airflow/dags/job_finance_data_lake.py
[2022-11-21T11:59:31.448+0000] {processor.py:766} INFO - DAG(s) dict_keys(['finance_data_lake']) retrieved from /workspace/airflow/dags/job_finance_data_lake.py
[2022-11-21T11:59:31.478+0000] {logging_mixin.py:137} INFO - [2022-11-21T11:59:31.477+0000] {dag.py:2585} INFO - Sync 1 DAGs
[2022-11-21T11:59:31.505+0000] {logging_mixin.py:137} INFO - [2022-11-21T11:59:31.505+0000] {dag.py:3336} INFO - Setting next_dagrun for finance_data_lake to 2022-11-21T11:54:18.937211+00:00, run_after=2022-11-22T11:54:18.937211+00:00
[2022-11-21T11:59:31.563+0000] {processor.py:176} INFO - Processing /workspace/airflow/dags/job_finance_data_lake.py took 0.606 seconds
[2022-11-21T12:00:01.947+0000] {processor.py:154} INFO - Started process (PID=9366) to work on /workspace/airflow/dags/job_finance_data_lake.py
[2022-11-21T12:00:01.948+0000] {processor.py:756} INFO - Processing file /workspace/airflow/dags/job_finance_data_lake.py for tasks to queue
[2022-11-21T12:00:01.948+0000] {logging_mixin.py:137} INFO - [2022-11-21T12:00:01.948+0000] {dagbag.py:537} INFO - Filling up the DagBag from /workspace/airflow/dags/job_finance_data_lake.py
[2022-11-21T12:00:02.320+0000] {processor.py:766} INFO - DAG(s) dict_keys(['finance_data_lake']) retrieved from /workspace/airflow/dags/job_finance_data_lake.py
[2022-11-21T12:00:02.339+0000] {logging_mixin.py:137} INFO - [2022-11-21T12:00:02.339+0000] {dag.py:2585} INFO - Sync 1 DAGs
[2022-11-21T12:00:02.359+0000] {logging_mixin.py:137} INFO - [2022-11-21T12:00:02.359+0000] {dag.py:3336} INFO - Setting next_dagrun for finance_data_lake to 2022-11-21T11:54:18.937211+00:00, run_after=2022-11-22T11:54:18.937211+00:00
[2022-11-21T12:00:02.479+0000] {processor.py:176} INFO - Processing /workspace/airflow/dags/job_finance_data_lake.py took 0.534 seconds
[2022-11-21T12:00:32.778+0000] {processor.py:154} INFO - Started process (PID=9458) to work on /workspace/airflow/dags/job_finance_data_lake.py
[2022-11-21T12:00:32.779+0000] {processor.py:756} INFO - Processing file /workspace/airflow/dags/job_finance_data_lake.py for tasks to queue
[2022-11-21T12:00:32.779+0000] {logging_mixin.py:137} INFO - [2022-11-21T12:00:32.779+0000] {dagbag.py:537} INFO - Filling up the DagBag from /workspace/airflow/dags/job_finance_data_lake.py
[2022-11-21T12:00:33.122+0000] {processor.py:766} INFO - DAG(s) dict_keys(['finance_data_lake']) retrieved from /workspace/airflow/dags/job_finance_data_lake.py
[2022-11-21T12:00:33.143+0000] {logging_mixin.py:137} INFO - [2022-11-21T12:00:33.142+0000] {dag.py:2585} INFO - Sync 1 DAGs
[2022-11-21T12:00:33.238+0000] {logging_mixin.py:137} INFO - [2022-11-21T12:00:33.238+0000] {dag.py:3336} INFO - Setting next_dagrun for finance_data_lake to 2022-11-21T11:54:18.937211+00:00, run_after=2022-11-22T11:54:18.937211+00:00
[2022-11-21T12:00:33.277+0000] {processor.py:176} INFO - Processing /workspace/airflow/dags/job_finance_data_lake.py took 0.501 seconds
[2022-11-21T12:01:03.600+0000] {processor.py:154} INFO - Started process (PID=9552) to work on /workspace/airflow/dags/job_finance_data_lake.py
[2022-11-21T12:01:03.600+0000] {processor.py:756} INFO - Processing file /workspace/airflow/dags/job_finance_data_lake.py for tasks to queue
[2022-11-21T12:01:03.601+0000] {logging_mixin.py:137} INFO - [2022-11-21T12:01:03.601+0000] {dagbag.py:537} INFO - Filling up the DagBag from /workspace/airflow/dags/job_finance_data_lake.py
[2022-11-21T12:01:03.950+0000] {processor.py:766} INFO - DAG(s) dict_keys(['finance_data_lake']) retrieved from /workspace/airflow/dags/job_finance_data_lake.py
[2022-11-21T12:01:03.968+0000] {logging_mixin.py:137} INFO - [2022-11-21T12:01:03.968+0000] {dag.py:2585} INFO - Sync 1 DAGs
[2022-11-21T12:01:04.064+0000] {logging_mixin.py:137} INFO - [2022-11-21T12:01:04.064+0000] {dag.py:3336} INFO - Setting next_dagrun for finance_data_lake to 2022-11-21T11:54:18.937211+00:00, run_after=2022-11-22T11:54:18.937211+00:00
[2022-11-21T12:01:04.104+0000] {processor.py:176} INFO - Processing /workspace/airflow/dags/job_finance_data_lake.py took 0.507 seconds
[2022-11-21T12:01:34.405+0000] {processor.py:154} INFO - Started process (PID=9668) to work on /workspace/airflow/dags/job_finance_data_lake.py
[2022-11-21T12:01:34.406+0000] {processor.py:756} INFO - Processing file /workspace/airflow/dags/job_finance_data_lake.py for tasks to queue
[2022-11-21T12:01:34.407+0000] {logging_mixin.py:137} INFO - [2022-11-21T12:01:34.407+0000] {dagbag.py:537} INFO - Filling up the DagBag from /workspace/airflow/dags/job_finance_data_lake.py
[2022-11-21T12:01:34.772+0000] {processor.py:766} INFO - DAG(s) dict_keys(['finance_data_lake']) retrieved from /workspace/airflow/dags/job_finance_data_lake.py
[2022-11-21T12:01:34.792+0000] {logging_mixin.py:137} INFO - [2022-11-21T12:01:34.792+0000] {dag.py:2585} INFO - Sync 1 DAGs
[2022-11-21T12:01:34.882+0000] {logging_mixin.py:137} INFO - [2022-11-21T12:01:34.882+0000] {dag.py:3336} INFO - Setting next_dagrun for finance_data_lake to 2022-11-21T11:54:18.937211+00:00, run_after=2022-11-22T11:54:18.937211+00:00
[2022-11-21T12:01:34.918+0000] {processor.py:176} INFO - Processing /workspace/airflow/dags/job_finance_data_lake.py took 0.515 seconds
[2022-11-21T12:02:05.166+0000] {processor.py:154} INFO - Started process (PID=10200) to work on /workspace/airflow/dags/job_finance_data_lake.py
[2022-11-21T12:02:05.167+0000] {processor.py:756} INFO - Processing file /workspace/airflow/dags/job_finance_data_lake.py for tasks to queue
[2022-11-21T12:02:05.168+0000] {logging_mixin.py:137} INFO - [2022-11-21T12:02:05.168+0000] {dagbag.py:537} INFO - Filling up the DagBag from /workspace/airflow/dags/job_finance_data_lake.py
[2022-11-21T12:02:05.513+0000] {processor.py:766} INFO - DAG(s) dict_keys(['finance_data_lake']) retrieved from /workspace/airflow/dags/job_finance_data_lake.py
[2022-11-21T12:02:05.612+0000] {logging_mixin.py:137} INFO - [2022-11-21T12:02:05.611+0000] {dag.py:2585} INFO - Sync 1 DAGs
[2022-11-21T12:02:05.632+0000] {logging_mixin.py:137} INFO - [2022-11-21T12:02:05.632+0000] {dag.py:3336} INFO - Setting next_dagrun for finance_data_lake to 2022-11-21T11:54:18.937211+00:00, run_after=2022-11-22T11:54:18.937211+00:00
[2022-11-21T12:02:05.670+0000] {processor.py:176} INFO - Processing /workspace/airflow/dags/job_finance_data_lake.py took 0.506 seconds
[2022-11-21T12:02:35.930+0000] {processor.py:154} INFO - Started process (PID=10292) to work on /workspace/airflow/dags/job_finance_data_lake.py
[2022-11-21T12:02:35.931+0000] {processor.py:756} INFO - Processing file /workspace/airflow/dags/job_finance_data_lake.py for tasks to queue
[2022-11-21T12:02:35.931+0000] {logging_mixin.py:137} INFO - [2022-11-21T12:02:35.931+0000] {dagbag.py:537} INFO - Filling up the DagBag from /workspace/airflow/dags/job_finance_data_lake.py
[2022-11-21T12:02:36.272+0000] {processor.py:766} INFO - DAG(s) dict_keys(['finance_data_lake']) retrieved from /workspace/airflow/dags/job_finance_data_lake.py
[2022-11-21T12:02:36.379+0000] {logging_mixin.py:137} INFO - [2022-11-21T12:02:36.379+0000] {dag.py:2585} INFO - Sync 1 DAGs
[2022-11-21T12:02:36.397+0000] {logging_mixin.py:137} INFO - [2022-11-21T12:02:36.397+0000] {dag.py:3336} INFO - Setting next_dagrun for finance_data_lake to 2022-11-21T11:54:18.937211+00:00, run_after=2022-11-22T11:54:18.937211+00:00
[2022-11-21T12:02:36.436+0000] {processor.py:176} INFO - Processing /workspace/airflow/dags/job_finance_data_lake.py took 0.508 seconds
[2022-11-21T12:03:06.687+0000] {processor.py:154} INFO - Started process (PID=10447) to work on /workspace/airflow/dags/job_finance_data_lake.py
[2022-11-21T12:03:06.687+0000] {processor.py:756} INFO - Processing file /workspace/airflow/dags/job_finance_data_lake.py for tasks to queue
[2022-11-21T12:03:06.688+0000] {logging_mixin.py:137} INFO - [2022-11-21T12:03:06.688+0000] {dagbag.py:537} INFO - Filling up the DagBag from /workspace/airflow/dags/job_finance_data_lake.py
[2022-11-21T12:03:07.026+0000] {processor.py:766} INFO - DAG(s) dict_keys(['finance_data_lake']) retrieved from /workspace/airflow/dags/job_finance_data_lake.py
[2022-11-21T12:03:07.125+0000] {logging_mixin.py:137} INFO - [2022-11-21T12:03:07.125+0000] {dag.py:2585} INFO - Sync 1 DAGs
[2022-11-21T12:03:07.141+0000] {logging_mixin.py:137} INFO - [2022-11-21T12:03:07.141+0000] {dag.py:3336} INFO - Setting next_dagrun for finance_data_lake to 2022-11-21T11:54:18.937211+00:00, run_after=2022-11-22T11:54:18.937211+00:00
[2022-11-21T12:03:07.181+0000] {processor.py:176} INFO - Processing /workspace/airflow/dags/job_finance_data_lake.py took 0.496 seconds
[2022-11-21T12:03:37.443+0000] {processor.py:154} INFO - Started process (PID=10545) to work on /workspace/airflow/dags/job_finance_data_lake.py
[2022-11-21T12:03:37.443+0000] {processor.py:756} INFO - Processing file /workspace/airflow/dags/job_finance_data_lake.py for tasks to queue
[2022-11-21T12:03:37.444+0000] {logging_mixin.py:137} INFO - [2022-11-21T12:03:37.444+0000] {dagbag.py:537} INFO - Filling up the DagBag from /workspace/airflow/dags/job_finance_data_lake.py
[2022-11-21T12:03:37.866+0000] {processor.py:766} INFO - DAG(s) dict_keys(['finance_data_lake']) retrieved from /workspace/airflow/dags/job_finance_data_lake.py
[2022-11-21T12:03:37.885+0000] {logging_mixin.py:137} INFO - [2022-11-21T12:03:37.885+0000] {dag.py:2585} INFO - Sync 1 DAGs
[2022-11-21T12:03:37.903+0000] {logging_mixin.py:137} INFO - [2022-11-21T12:03:37.903+0000] {dag.py:3336} INFO - Setting next_dagrun for finance_data_lake to 2022-11-21T11:54:18.937211+00:00, run_after=2022-11-22T11:54:18.937211+00:00
[2022-11-21T12:03:37.944+0000] {processor.py:176} INFO - Processing /workspace/airflow/dags/job_finance_data_lake.py took 0.503 seconds
[2022-11-21T12:04:08.203+0000] {processor.py:154} INFO - Started process (PID=10639) to work on /workspace/airflow/dags/job_finance_data_lake.py
[2022-11-21T12:04:08.203+0000] {processor.py:756} INFO - Processing file /workspace/airflow/dags/job_finance_data_lake.py for tasks to queue
[2022-11-21T12:04:08.204+0000] {logging_mixin.py:137} INFO - [2022-11-21T12:04:08.204+0000] {dagbag.py:537} INFO - Filling up the DagBag from /workspace/airflow/dags/job_finance_data_lake.py
[2022-11-21T12:04:08.549+0000] {processor.py:766} INFO - DAG(s) dict_keys(['finance_data_lake']) retrieved from /workspace/airflow/dags/job_finance_data_lake.py
[2022-11-21T12:04:08.569+0000] {logging_mixin.py:137} INFO - [2022-11-21T12:04:08.569+0000] {dag.py:2585} INFO - Sync 1 DAGs
[2022-11-21T12:04:08.591+0000] {logging_mixin.py:137} INFO - [2022-11-21T12:04:08.590+0000] {dag.py:3336} INFO - Setting next_dagrun for finance_data_lake to 2022-11-21T11:54:18.937211+00:00, run_after=2022-11-22T11:54:18.937211+00:00
[2022-11-21T12:04:08.733+0000] {processor.py:176} INFO - Processing /workspace/airflow/dags/job_finance_data_lake.py took 0.532 seconds
[2022-11-21T12:04:38.958+0000] {processor.py:154} INFO - Started process (PID=10788) to work on /workspace/airflow/dags/job_finance_data_lake.py
[2022-11-21T12:04:38.959+0000] {processor.py:756} INFO - Processing file /workspace/airflow/dags/job_finance_data_lake.py for tasks to queue
[2022-11-21T12:04:38.960+0000] {logging_mixin.py:137} INFO - [2022-11-21T12:04:38.960+0000] {dagbag.py:537} INFO - Filling up the DagBag from /workspace/airflow/dags/job_finance_data_lake.py
[2022-11-21T12:04:39.305+0000] {processor.py:766} INFO - DAG(s) dict_keys(['finance_data_lake']) retrieved from /workspace/airflow/dags/job_finance_data_lake.py
[2022-11-21T12:04:39.325+0000] {logging_mixin.py:137} INFO - [2022-11-21T12:04:39.325+0000] {dag.py:2585} INFO - Sync 1 DAGs
[2022-11-21T12:04:39.421+0000] {logging_mixin.py:137} INFO - [2022-11-21T12:04:39.421+0000] {dag.py:3336} INFO - Setting next_dagrun for finance_data_lake to 2022-11-21T11:54:18.937211+00:00, run_after=2022-11-22T11:54:18.937211+00:00
[2022-11-21T12:04:39.465+0000] {processor.py:176} INFO - Processing /workspace/airflow/dags/job_finance_data_lake.py took 0.508 seconds
[2022-11-21T12:05:09.712+0000] {processor.py:154} INFO - Started process (PID=10882) to work on /workspace/airflow/dags/job_finance_data_lake.py
[2022-11-21T12:05:09.712+0000] {processor.py:756} INFO - Processing file /workspace/airflow/dags/job_finance_data_lake.py for tasks to queue
[2022-11-21T12:05:09.713+0000] {logging_mixin.py:137} INFO - [2022-11-21T12:05:09.713+0000] {dagbag.py:537} INFO - Filling up the DagBag from /workspace/airflow/dags/job_finance_data_lake.py
[2022-11-21T12:05:10.064+0000] {processor.py:766} INFO - DAG(s) dict_keys(['finance_data_lake']) retrieved from /workspace/airflow/dags/job_finance_data_lake.py
[2022-11-21T12:05:10.085+0000] {logging_mixin.py:137} INFO - [2022-11-21T12:05:10.084+0000] {dag.py:2585} INFO - Sync 1 DAGs
[2022-11-21T12:05:10.181+0000] {logging_mixin.py:137} INFO - [2022-11-21T12:05:10.180+0000] {dag.py:3336} INFO - Setting next_dagrun for finance_data_lake to 2022-11-21T11:54:18.937211+00:00, run_after=2022-11-22T11:54:18.937211+00:00
[2022-11-21T12:05:10.222+0000] {processor.py:176} INFO - Processing /workspace/airflow/dags/job_finance_data_lake.py took 0.512 seconds
[2022-11-21T12:05:40.460+0000] {processor.py:154} INFO - Started process (PID=10974) to work on /workspace/airflow/dags/job_finance_data_lake.py
[2022-11-21T12:05:40.461+0000] {processor.py:756} INFO - Processing file /workspace/airflow/dags/job_finance_data_lake.py for tasks to queue
[2022-11-21T12:05:40.462+0000] {logging_mixin.py:137} INFO - [2022-11-21T12:05:40.461+0000] {dagbag.py:537} INFO - Filling up the DagBag from /workspace/airflow/dags/job_finance_data_lake.py
[2022-11-21T12:05:40.815+0000] {processor.py:766} INFO - DAG(s) dict_keys(['finance_data_lake']) retrieved from /workspace/airflow/dags/job_finance_data_lake.py
[2022-11-21T12:05:40.835+0000] {logging_mixin.py:137} INFO - [2022-11-21T12:05:40.835+0000] {dag.py:2585} INFO - Sync 1 DAGs
[2022-11-21T12:05:40.933+0000] {logging_mixin.py:137} INFO - [2022-11-21T12:05:40.933+0000] {dag.py:3336} INFO - Setting next_dagrun for finance_data_lake to 2022-11-21T11:54:18.937211+00:00, run_after=2022-11-22T11:54:18.937211+00:00
[2022-11-21T12:05:40.974+0000] {processor.py:176} INFO - Processing /workspace/airflow/dags/job_finance_data_lake.py took 0.516 seconds
[2022-11-21T12:06:11.207+0000] {processor.py:154} INFO - Started process (PID=11206) to work on /workspace/airflow/dags/job_finance_data_lake.py
[2022-11-21T12:06:11.208+0000] {processor.py:756} INFO - Processing file /workspace/airflow/dags/job_finance_data_lake.py for tasks to queue
[2022-11-21T12:06:11.208+0000] {logging_mixin.py:137} INFO - [2022-11-21T12:06:11.208+0000] {dagbag.py:537} INFO - Filling up the DagBag from /workspace/airflow/dags/job_finance_data_lake.py
[2022-11-21T12:06:11.547+0000] {processor.py:766} INFO - DAG(s) dict_keys(['finance_data_lake']) retrieved from /workspace/airflow/dags/job_finance_data_lake.py
[2022-11-21T12:06:11.570+0000] {logging_mixin.py:137} INFO - [2022-11-21T12:06:11.570+0000] {dag.py:2585} INFO - Sync 1 DAGs
[2022-11-21T12:06:11.677+0000] {logging_mixin.py:137} INFO - [2022-11-21T12:06:11.677+0000] {dag.py:3336} INFO - Setting next_dagrun for finance_data_lake to 2022-11-21T11:54:18.937211+00:00, run_after=2022-11-22T11:54:18.937211+00:00
[2022-11-21T12:06:11.719+0000] {processor.py:176} INFO - Processing /workspace/airflow/dags/job_finance_data_lake.py took 0.514 seconds
[2022-11-21T12:06:41.965+0000] {processor.py:154} INFO - Started process (PID=11312) to work on /workspace/airflow/dags/job_finance_data_lake.py
[2022-11-21T12:06:41.965+0000] {processor.py:756} INFO - Processing file /workspace/airflow/dags/job_finance_data_lake.py for tasks to queue
[2022-11-21T12:06:41.966+0000] {logging_mixin.py:137} INFO - [2022-11-21T12:06:41.966+0000] {dagbag.py:537} INFO - Filling up the DagBag from /workspace/airflow/dags/job_finance_data_lake.py
[2022-11-21T12:06:42.310+0000] {logging_mixin.py:137} INFO - [2022-11-21T12:06:42.305+0000] {dagbag.py:342} ERROR - Failed to import: /workspace/airflow/dags/job_finance_data_lake.py
Traceback (most recent call last):
  File "/root/.local/share/virtualenvs/workspace-dqq3IVyd/lib/python3.10/site-packages/airflow/models/dagbag.py", line 338, in parse
    loader.exec_module(new_module)
  File "<frozen importlib._bootstrap_external>", line 883, in exec_module
  File "<frozen importlib._bootstrap>", line 241, in _call_with_frames_removed
  File "/workspace/airflow/dags/job_finance_data_lake.py", line 4, in <module>
    from s3_class_file import airflow_s3_session
ImportError: cannot import name 'airflow_s3_session' from 's3_class_file' (/workspace/finance_data_lake/s3_class_file.py)
[2022-11-21T12:06:42.311+0000] {processor.py:768} WARNING - No viable dags retrieved from /workspace/airflow/dags/job_finance_data_lake.py
[2022-11-21T12:06:42.335+0000] {processor.py:176} INFO - Processing /workspace/airflow/dags/job_finance_data_lake.py took 0.373 seconds
[2022-11-21T12:06:50.663+0000] {processor.py:154} INFO - Started process (PID=11342) to work on /workspace/airflow/dags/job_finance_data_lake.py
[2022-11-21T12:06:50.664+0000] {processor.py:756} INFO - Processing file /workspace/airflow/dags/job_finance_data_lake.py for tasks to queue
[2022-11-21T12:06:50.665+0000] {logging_mixin.py:137} INFO - [2022-11-21T12:06:50.664+0000] {dagbag.py:537} INFO - Filling up the DagBag from /workspace/airflow/dags/job_finance_data_lake.py
[2022-11-21T12:06:51.030+0000] {logging_mixin.py:137} INFO - [2022-11-21T12:06:51.023+0000] {dagbag.py:342} ERROR - Failed to import: /workspace/airflow/dags/job_finance_data_lake.py
Traceback (most recent call last):
  File "/root/.local/share/virtualenvs/workspace-dqq3IVyd/lib/python3.10/site-packages/airflow/models/dagbag.py", line 338, in parse
    loader.exec_module(new_module)
  File "<frozen importlib._bootstrap_external>", line 883, in exec_module
  File "<frozen importlib._bootstrap>", line 241, in _call_with_frames_removed
  File "/workspace/airflow/dags/job_finance_data_lake.py", line 54, in <module>
    aws_conn_id=airflow_s3_session
NameError: name 'airflow_s3_session' is not defined
[2022-11-21T12:06:51.036+0000] {processor.py:768} WARNING - No viable dags retrieved from /workspace/airflow/dags/job_finance_data_lake.py
[2022-11-21T12:06:51.057+0000] {processor.py:176} INFO - Processing /workspace/airflow/dags/job_finance_data_lake.py took 0.396 seconds
[2022-11-21T12:07:03.805+0000] {processor.py:154} INFO - Started process (PID=11386) to work on /workspace/airflow/dags/job_finance_data_lake.py
[2022-11-21T12:07:03.806+0000] {processor.py:756} INFO - Processing file /workspace/airflow/dags/job_finance_data_lake.py for tasks to queue
[2022-11-21T12:07:03.807+0000] {logging_mixin.py:137} INFO - [2022-11-21T12:07:03.806+0000] {dagbag.py:537} INFO - Filling up the DagBag from /workspace/airflow/dags/job_finance_data_lake.py
[2022-11-21T12:07:04.241+0000] {processor.py:766} INFO - DAG(s) dict_keys(['finance_data_lake']) retrieved from /workspace/airflow/dags/job_finance_data_lake.py
[2022-11-21T12:07:04.264+0000] {logging_mixin.py:137} INFO - [2022-11-21T12:07:04.264+0000] {dag.py:2585} INFO - Sync 1 DAGs
[2022-11-21T12:07:04.284+0000] {logging_mixin.py:137} INFO - [2022-11-21T12:07:04.284+0000] {dag.py:3336} INFO - Setting next_dagrun for finance_data_lake to 2022-11-21T11:54:18.937211+00:00, run_after=2022-11-22T11:54:18.937211+00:00
[2022-11-21T12:07:04.336+0000] {processor.py:176} INFO - Processing /workspace/airflow/dags/job_finance_data_lake.py took 0.532 seconds
[2022-11-21T12:07:35.376+0000] {processor.py:154} INFO - Started process (PID=11487) to work on /workspace/airflow/dags/job_finance_data_lake.py
[2022-11-21T12:07:35.377+0000] {processor.py:756} INFO - Processing file /workspace/airflow/dags/job_finance_data_lake.py for tasks to queue
[2022-11-21T12:07:35.378+0000] {logging_mixin.py:137} INFO - [2022-11-21T12:07:35.377+0000] {dagbag.py:537} INFO - Filling up the DagBag from /workspace/airflow/dags/job_finance_data_lake.py
[2022-11-21T12:07:35.745+0000] {processor.py:766} INFO - DAG(s) dict_keys(['finance_data_lake']) retrieved from /workspace/airflow/dags/job_finance_data_lake.py
[2022-11-21T12:07:35.764+0000] {logging_mixin.py:137} INFO - [2022-11-21T12:07:35.764+0000] {dag.py:2585} INFO - Sync 1 DAGs
[2022-11-21T12:07:35.782+0000] {logging_mixin.py:137} INFO - [2022-11-21T12:07:35.781+0000] {dag.py:3336} INFO - Setting next_dagrun for finance_data_lake to 2022-11-21T11:54:18.937211+00:00, run_after=2022-11-22T11:54:18.937211+00:00
[2022-11-21T12:07:35.818+0000] {processor.py:176} INFO - Processing /workspace/airflow/dags/job_finance_data_lake.py took 0.445 seconds
[2022-11-21T12:08:06.927+0000] {processor.py:154} INFO - Started process (PID=11702) to work on /workspace/airflow/dags/job_finance_data_lake.py
[2022-11-21T12:08:06.928+0000] {processor.py:756} INFO - Processing file /workspace/airflow/dags/job_finance_data_lake.py for tasks to queue
[2022-11-21T12:08:06.928+0000] {logging_mixin.py:137} INFO - [2022-11-21T12:08:06.928+0000] {dagbag.py:537} INFO - Filling up the DagBag from /workspace/airflow/dags/job_finance_data_lake.py
[2022-11-21T12:08:07.372+0000] {processor.py:766} INFO - DAG(s) dict_keys(['finance_data_lake']) retrieved from /workspace/airflow/dags/job_finance_data_lake.py
[2022-11-21T12:08:07.394+0000] {logging_mixin.py:137} INFO - [2022-11-21T12:08:07.394+0000] {dag.py:2585} INFO - Sync 1 DAGs
[2022-11-21T12:08:07.413+0000] {logging_mixin.py:137} INFO - [2022-11-21T12:08:07.413+0000] {dag.py:3336} INFO - Setting next_dagrun for finance_data_lake to 2022-11-21T11:54:18.937211+00:00, run_after=2022-11-22T11:54:18.937211+00:00
[2022-11-21T12:08:07.456+0000] {processor.py:176} INFO - Processing /workspace/airflow/dags/job_finance_data_lake.py took 0.531 seconds
[2022-11-21T12:08:38.459+0000] {processor.py:154} INFO - Started process (PID=11794) to work on /workspace/airflow/dags/job_finance_data_lake.py
[2022-11-21T12:08:38.460+0000] {processor.py:756} INFO - Processing file /workspace/airflow/dags/job_finance_data_lake.py for tasks to queue
[2022-11-21T12:08:38.460+0000] {logging_mixin.py:137} INFO - [2022-11-21T12:08:38.460+0000] {dagbag.py:537} INFO - Filling up the DagBag from /workspace/airflow/dags/job_finance_data_lake.py
[2022-11-21T12:08:38.824+0000] {processor.py:766} INFO - DAG(s) dict_keys(['finance_data_lake']) retrieved from /workspace/airflow/dags/job_finance_data_lake.py
[2022-11-21T12:08:38.846+0000] {logging_mixin.py:137} INFO - [2022-11-21T12:08:38.846+0000] {dag.py:2585} INFO - Sync 1 DAGs
[2022-11-21T12:08:38.955+0000] {logging_mixin.py:137} INFO - [2022-11-21T12:08:38.955+0000] {dag.py:3336} INFO - Setting next_dagrun for finance_data_lake to 2022-11-21T11:54:18.937211+00:00, run_after=2022-11-22T11:54:18.937211+00:00
[2022-11-21T12:08:38.995+0000] {processor.py:176} INFO - Processing /workspace/airflow/dags/job_finance_data_lake.py took 0.539 seconds
[2022-11-21T12:09:09.807+0000] {processor.py:154} INFO - Started process (PID=11894) to work on /workspace/airflow/dags/job_finance_data_lake.py
[2022-11-21T12:09:09.807+0000] {processor.py:756} INFO - Processing file /workspace/airflow/dags/job_finance_data_lake.py for tasks to queue
[2022-11-21T12:09:09.808+0000] {logging_mixin.py:137} INFO - [2022-11-21T12:09:09.808+0000] {dagbag.py:537} INFO - Filling up the DagBag from /workspace/airflow/dags/job_finance_data_lake.py
[2022-11-21T12:09:10.177+0000] {processor.py:766} INFO - DAG(s) dict_keys(['finance_data_lake']) retrieved from /workspace/airflow/dags/job_finance_data_lake.py
[2022-11-21T12:09:10.203+0000] {logging_mixin.py:137} INFO - [2022-11-21T12:09:10.202+0000] {dag.py:2585} INFO - Sync 1 DAGs
[2022-11-21T12:09:10.302+0000] {logging_mixin.py:137} INFO - [2022-11-21T12:09:10.302+0000] {dag.py:3336} INFO - Setting next_dagrun for finance_data_lake to 2022-11-21T11:54:18.937211+00:00, run_after=2022-11-22T11:54:18.937211+00:00
[2022-11-21T12:09:10.342+0000] {processor.py:176} INFO - Processing /workspace/airflow/dags/job_finance_data_lake.py took 0.537 seconds
[2022-11-21T12:09:40.951+0000] {processor.py:154} INFO - Started process (PID=12043) to work on /workspace/airflow/dags/job_finance_data_lake.py
[2022-11-21T12:09:40.951+0000] {processor.py:756} INFO - Processing file /workspace/airflow/dags/job_finance_data_lake.py for tasks to queue
[2022-11-21T12:09:40.952+0000] {logging_mixin.py:137} INFO - [2022-11-21T12:09:40.952+0000] {dagbag.py:537} INFO - Filling up the DagBag from /workspace/airflow/dags/job_finance_data_lake.py
[2022-11-21T12:09:41.303+0000] {processor.py:766} INFO - DAG(s) dict_keys(['finance_data_lake']) retrieved from /workspace/airflow/dags/job_finance_data_lake.py
[2022-11-21T12:09:41.322+0000] {logging_mixin.py:137} INFO - [2022-11-21T12:09:41.321+0000] {dag.py:2585} INFO - Sync 1 DAGs
[2022-11-21T12:09:41.423+0000] {logging_mixin.py:137} INFO - [2022-11-21T12:09:41.422+0000] {dag.py:3336} INFO - Setting next_dagrun for finance_data_lake to 2022-11-21T11:54:18.937211+00:00, run_after=2022-11-22T11:54:18.937211+00:00
[2022-11-21T12:09:41.462+0000] {processor.py:176} INFO - Processing /workspace/airflow/dags/job_finance_data_lake.py took 0.514 seconds
[2022-11-21T12:10:12.055+0000] {processor.py:154} INFO - Started process (PID=12137) to work on /workspace/airflow/dags/job_finance_data_lake.py
[2022-11-21T12:10:12.056+0000] {processor.py:756} INFO - Processing file /workspace/airflow/dags/job_finance_data_lake.py for tasks to queue
[2022-11-21T12:10:12.056+0000] {logging_mixin.py:137} INFO - [2022-11-21T12:10:12.056+0000] {dagbag.py:537} INFO - Filling up the DagBag from /workspace/airflow/dags/job_finance_data_lake.py
[2022-11-21T12:10:12.399+0000] {processor.py:766} INFO - DAG(s) dict_keys(['finance_data_lake']) retrieved from /workspace/airflow/dags/job_finance_data_lake.py
[2022-11-21T12:10:12.500+0000] {logging_mixin.py:137} INFO - [2022-11-21T12:10:12.500+0000] {dag.py:2585} INFO - Sync 1 DAGs
[2022-11-21T12:10:12.520+0000] {logging_mixin.py:137} INFO - [2022-11-21T12:10:12.520+0000] {dag.py:3336} INFO - Setting next_dagrun for finance_data_lake to 2022-11-21T11:54:18.937211+00:00, run_after=2022-11-22T11:54:18.937211+00:00
[2022-11-21T12:10:12.561+0000] {processor.py:176} INFO - Processing /workspace/airflow/dags/job_finance_data_lake.py took 0.508 seconds
[2022-11-21T12:10:43.187+0000] {processor.py:154} INFO - Started process (PID=12232) to work on /workspace/airflow/dags/job_finance_data_lake.py
[2022-11-21T12:10:43.188+0000] {processor.py:756} INFO - Processing file /workspace/airflow/dags/job_finance_data_lake.py for tasks to queue
[2022-11-21T12:10:43.189+0000] {logging_mixin.py:137} INFO - [2022-11-21T12:10:43.189+0000] {dagbag.py:537} INFO - Filling up the DagBag from /workspace/airflow/dags/job_finance_data_lake.py
[2022-11-21T12:10:43.545+0000] {processor.py:766} INFO - DAG(s) dict_keys(['finance_data_lake']) retrieved from /workspace/airflow/dags/job_finance_data_lake.py
[2022-11-21T12:10:43.644+0000] {logging_mixin.py:137} INFO - [2022-11-21T12:10:43.644+0000] {dag.py:2585} INFO - Sync 1 DAGs
[2022-11-21T12:10:43.664+0000] {logging_mixin.py:137} INFO - [2022-11-21T12:10:43.664+0000] {dag.py:3336} INFO - Setting next_dagrun for finance_data_lake to 2022-11-21T11:54:18.937211+00:00, run_after=2022-11-22T11:54:18.937211+00:00
[2022-11-21T12:10:43.703+0000] {processor.py:176} INFO - Processing /workspace/airflow/dags/job_finance_data_lake.py took 0.518 seconds
[2022-11-21T12:11:13.945+0000] {processor.py:154} INFO - Started process (PID=12329) to work on /workspace/airflow/dags/job_finance_data_lake.py
[2022-11-21T12:11:13.946+0000] {processor.py:756} INFO - Processing file /workspace/airflow/dags/job_finance_data_lake.py for tasks to queue
[2022-11-21T12:11:13.947+0000] {logging_mixin.py:137} INFO - [2022-11-21T12:11:13.946+0000] {dagbag.py:537} INFO - Filling up the DagBag from /workspace/airflow/dags/job_finance_data_lake.py
[2022-11-21T12:11:14.382+0000] {processor.py:766} INFO - DAG(s) dict_keys(['finance_data_lake']) retrieved from /workspace/airflow/dags/job_finance_data_lake.py
[2022-11-21T12:11:14.402+0000] {logging_mixin.py:137} INFO - [2022-11-21T12:11:14.402+0000] {dag.py:2585} INFO - Sync 1 DAGs
[2022-11-21T12:11:14.421+0000] {logging_mixin.py:137} INFO - [2022-11-21T12:11:14.421+0000] {dag.py:3336} INFO - Setting next_dagrun for finance_data_lake to 2022-11-21T11:54:18.937211+00:00, run_after=2022-11-22T11:54:18.937211+00:00
[2022-11-21T12:11:14.462+0000] {processor.py:176} INFO - Processing /workspace/airflow/dags/job_finance_data_lake.py took 0.518 seconds
[2022-11-21T12:11:44.700+0000] {processor.py:154} INFO - Started process (PID=12421) to work on /workspace/airflow/dags/job_finance_data_lake.py
[2022-11-21T12:11:44.700+0000] {processor.py:756} INFO - Processing file /workspace/airflow/dags/job_finance_data_lake.py for tasks to queue
[2022-11-21T12:11:44.701+0000] {logging_mixin.py:137} INFO - [2022-11-21T12:11:44.701+0000] {dagbag.py:537} INFO - Filling up the DagBag from /workspace/airflow/dags/job_finance_data_lake.py
[2022-11-21T12:11:45.134+0000] {processor.py:766} INFO - DAG(s) dict_keys(['finance_data_lake']) retrieved from /workspace/airflow/dags/job_finance_data_lake.py
[2022-11-21T12:11:45.154+0000] {logging_mixin.py:137} INFO - [2022-11-21T12:11:45.154+0000] {dag.py:2585} INFO - Sync 1 DAGs
[2022-11-21T12:11:45.171+0000] {logging_mixin.py:137} INFO - [2022-11-21T12:11:45.171+0000] {dag.py:3336} INFO - Setting next_dagrun for finance_data_lake to 2022-11-21T11:54:18.937211+00:00, run_after=2022-11-22T11:54:18.937211+00:00
[2022-11-21T12:11:45.258+0000] {processor.py:176} INFO - Processing /workspace/airflow/dags/job_finance_data_lake.py took 0.561 seconds
[2022-11-21T12:12:15.462+0000] {processor.py:154} INFO - Started process (PID=12515) to work on /workspace/airflow/dags/job_finance_data_lake.py
[2022-11-21T12:12:15.463+0000] {processor.py:756} INFO - Processing file /workspace/airflow/dags/job_finance_data_lake.py for tasks to queue
[2022-11-21T12:12:15.464+0000] {logging_mixin.py:137} INFO - [2022-11-21T12:12:15.464+0000] {dagbag.py:537} INFO - Filling up the DagBag from /workspace/airflow/dags/job_finance_data_lake.py
[2022-11-21T12:12:15.906+0000] {processor.py:766} INFO - DAG(s) dict_keys(['finance_data_lake']) retrieved from /workspace/airflow/dags/job_finance_data_lake.py
[2022-11-21T12:12:15.927+0000] {logging_mixin.py:137} INFO - [2022-11-21T12:12:15.927+0000] {dag.py:2585} INFO - Sync 1 DAGs
[2022-11-21T12:12:15.945+0000] {logging_mixin.py:137} INFO - [2022-11-21T12:12:15.945+0000] {dag.py:3336} INFO - Setting next_dagrun for finance_data_lake to 2022-11-21T11:54:18.937211+00:00, run_after=2022-11-22T11:54:18.937211+00:00
[2022-11-21T12:12:15.990+0000] {processor.py:176} INFO - Processing /workspace/airflow/dags/job_finance_data_lake.py took 0.530 seconds
[2022-11-21T12:12:46.213+0000] {processor.py:154} INFO - Started process (PID=12607) to work on /workspace/airflow/dags/job_finance_data_lake.py
[2022-11-21T12:12:46.213+0000] {processor.py:756} INFO - Processing file /workspace/airflow/dags/job_finance_data_lake.py for tasks to queue
[2022-11-21T12:12:46.214+0000] {logging_mixin.py:137} INFO - [2022-11-21T12:12:46.214+0000] {dagbag.py:537} INFO - Filling up the DagBag from /workspace/airflow/dags/job_finance_data_lake.py
[2022-11-21T12:12:46.669+0000] {processor.py:766} INFO - DAG(s) dict_keys(['finance_data_lake']) retrieved from /workspace/airflow/dags/job_finance_data_lake.py
[2022-11-21T12:12:46.691+0000] {logging_mixin.py:137} INFO - [2022-11-21T12:12:46.690+0000] {dag.py:2585} INFO - Sync 1 DAGs
[2022-11-21T12:12:46.711+0000] {logging_mixin.py:137} INFO - [2022-11-21T12:12:46.711+0000] {dag.py:3336} INFO - Setting next_dagrun for finance_data_lake to 2022-11-21T11:54:18.937211+00:00, run_after=2022-11-22T11:54:18.937211+00:00
[2022-11-21T12:12:46.755+0000] {processor.py:176} INFO - Processing /workspace/airflow/dags/job_finance_data_lake.py took 0.545 seconds
[2022-11-21T12:13:16.964+0000] {processor.py:154} INFO - Started process (PID=12701) to work on /workspace/airflow/dags/job_finance_data_lake.py
[2022-11-21T12:13:16.965+0000] {processor.py:756} INFO - Processing file /workspace/airflow/dags/job_finance_data_lake.py for tasks to queue
[2022-11-21T12:13:16.966+0000] {logging_mixin.py:137} INFO - [2022-11-21T12:13:16.965+0000] {dagbag.py:537} INFO - Filling up the DagBag from /workspace/airflow/dags/job_finance_data_lake.py
[2022-11-21T12:13:17.310+0000] {processor.py:766} INFO - DAG(s) dict_keys(['finance_data_lake']) retrieved from /workspace/airflow/dags/job_finance_data_lake.py
[2022-11-21T12:13:17.331+0000] {logging_mixin.py:137} INFO - [2022-11-21T12:13:17.330+0000] {dag.py:2585} INFO - Sync 1 DAGs
[2022-11-21T12:13:17.427+0000] {logging_mixin.py:137} INFO - [2022-11-21T12:13:17.427+0000] {dag.py:3336} INFO - Setting next_dagrun for finance_data_lake to 2022-11-21T11:54:18.937211+00:00, run_after=2022-11-22T11:54:18.937211+00:00
[2022-11-21T12:13:17.470+0000] {processor.py:176} INFO - Processing /workspace/airflow/dags/job_finance_data_lake.py took 0.508 seconds
[2022-11-21T12:13:47.712+0000] {processor.py:154} INFO - Started process (PID=12793) to work on /workspace/airflow/dags/job_finance_data_lake.py
[2022-11-21T12:13:47.712+0000] {processor.py:756} INFO - Processing file /workspace/airflow/dags/job_finance_data_lake.py for tasks to queue
[2022-11-21T12:13:47.713+0000] {logging_mixin.py:137} INFO - [2022-11-21T12:13:47.713+0000] {dagbag.py:537} INFO - Filling up the DagBag from /workspace/airflow/dags/job_finance_data_lake.py
[2022-11-21T12:13:48.081+0000] {processor.py:766} INFO - DAG(s) dict_keys(['finance_data_lake']) retrieved from /workspace/airflow/dags/job_finance_data_lake.py
[2022-11-21T12:13:48.102+0000] {logging_mixin.py:137} INFO - [2022-11-21T12:13:48.101+0000] {dag.py:2585} INFO - Sync 1 DAGs
[2022-11-21T12:13:48.207+0000] {logging_mixin.py:137} INFO - [2022-11-21T12:13:48.206+0000] {dag.py:3336} INFO - Setting next_dagrun for finance_data_lake to 2022-11-21T11:54:18.937211+00:00, run_after=2022-11-22T11:54:18.937211+00:00
[2022-11-21T12:13:48.247+0000] {processor.py:176} INFO - Processing /workspace/airflow/dags/job_finance_data_lake.py took 0.537 seconds
[2022-11-21T12:14:18.460+0000] {processor.py:154} INFO - Started process (PID=12887) to work on /workspace/airflow/dags/job_finance_data_lake.py
[2022-11-21T12:14:18.461+0000] {processor.py:756} INFO - Processing file /workspace/airflow/dags/job_finance_data_lake.py for tasks to queue
[2022-11-21T12:14:18.462+0000] {logging_mixin.py:137} INFO - [2022-11-21T12:14:18.462+0000] {dagbag.py:537} INFO - Filling up the DagBag from /workspace/airflow/dags/job_finance_data_lake.py
[2022-11-21T12:14:18.795+0000] {processor.py:766} INFO - DAG(s) dict_keys(['finance_data_lake']) retrieved from /workspace/airflow/dags/job_finance_data_lake.py
[2022-11-21T12:14:18.892+0000] {logging_mixin.py:137} INFO - [2022-11-21T12:14:18.816+0000] {dag.py:2585} INFO - Sync 1 DAGs
[2022-11-21T12:14:18.911+0000] {logging_mixin.py:137} INFO - [2022-11-21T12:14:18.911+0000] {dag.py:3336} INFO - Setting next_dagrun for finance_data_lake to 2022-11-21T11:54:18.937211+00:00, run_after=2022-11-22T11:54:18.937211+00:00
[2022-11-21T12:14:18.952+0000] {processor.py:176} INFO - Processing /workspace/airflow/dags/job_finance_data_lake.py took 0.494 seconds
[2022-11-21T12:14:49.114+0000] {processor.py:154} INFO - Started process (PID=13038) to work on /workspace/airflow/dags/job_finance_data_lake.py
[2022-11-21T12:14:49.115+0000] {processor.py:756} INFO - Processing file /workspace/airflow/dags/job_finance_data_lake.py for tasks to queue
[2022-11-21T12:14:49.115+0000] {logging_mixin.py:137} INFO - [2022-11-21T12:14:49.115+0000] {dagbag.py:537} INFO - Filling up the DagBag from /workspace/airflow/dags/job_finance_data_lake.py
[2022-11-21T12:14:49.464+0000] {processor.py:766} INFO - DAG(s) dict_keys(['finance_data_lake']) retrieved from /workspace/airflow/dags/job_finance_data_lake.py
[2022-11-21T12:14:49.565+0000] {logging_mixin.py:137} INFO - [2022-11-21T12:14:49.565+0000] {dag.py:2585} INFO - Sync 1 DAGs
[2022-11-21T12:14:49.585+0000] {logging_mixin.py:137} INFO - [2022-11-21T12:14:49.585+0000] {dag.py:3336} INFO - Setting next_dagrun for finance_data_lake to 2022-11-21T11:54:18.937211+00:00, run_after=2022-11-22T11:54:18.937211+00:00
[2022-11-21T12:14:49.623+0000] {processor.py:176} INFO - Processing /workspace/airflow/dags/job_finance_data_lake.py took 0.511 seconds
[2022-11-21T12:15:19.872+0000] {processor.py:154} INFO - Started process (PID=13132) to work on /workspace/airflow/dags/job_finance_data_lake.py
[2022-11-21T12:15:19.873+0000] {processor.py:756} INFO - Processing file /workspace/airflow/dags/job_finance_data_lake.py for tasks to queue
[2022-11-21T12:15:19.874+0000] {logging_mixin.py:137} INFO - [2022-11-21T12:15:19.873+0000] {dagbag.py:537} INFO - Filling up the DagBag from /workspace/airflow/dags/job_finance_data_lake.py
[2022-11-21T12:15:20.217+0000] {processor.py:766} INFO - DAG(s) dict_keys(['finance_data_lake']) retrieved from /workspace/airflow/dags/job_finance_data_lake.py
[2022-11-21T12:15:20.317+0000] {logging_mixin.py:137} INFO - [2022-11-21T12:15:20.317+0000] {dag.py:2585} INFO - Sync 1 DAGs
[2022-11-21T12:15:20.335+0000] {logging_mixin.py:137} INFO - [2022-11-21T12:15:20.335+0000] {dag.py:3336} INFO - Setting next_dagrun for finance_data_lake to 2022-11-21T11:54:18.937211+00:00, run_after=2022-11-22T11:54:18.937211+00:00
[2022-11-21T12:15:20.377+0000] {processor.py:176} INFO - Processing /workspace/airflow/dags/job_finance_data_lake.py took 0.506 seconds
[2022-11-21T12:15:50.644+0000] {processor.py:154} INFO - Started process (PID=13283) to work on /workspace/airflow/dags/job_finance_data_lake.py
[2022-11-21T12:15:50.645+0000] {processor.py:756} INFO - Processing file /workspace/airflow/dags/job_finance_data_lake.py for tasks to queue
[2022-11-21T12:15:50.646+0000] {logging_mixin.py:137} INFO - [2022-11-21T12:15:50.646+0000] {dagbag.py:537} INFO - Filling up the DagBag from /workspace/airflow/dags/job_finance_data_lake.py
[2022-11-21T12:15:51.082+0000] {processor.py:766} INFO - DAG(s) dict_keys(['finance_data_lake']) retrieved from /workspace/airflow/dags/job_finance_data_lake.py
[2022-11-21T12:15:51.103+0000] {logging_mixin.py:137} INFO - [2022-11-21T12:15:51.103+0000] {dag.py:2585} INFO - Sync 1 DAGs
[2022-11-21T12:15:51.119+0000] {logging_mixin.py:137} INFO - [2022-11-21T12:15:51.119+0000] {dag.py:3336} INFO - Setting next_dagrun for finance_data_lake to 2022-11-21T11:54:18.937211+00:00, run_after=2022-11-22T11:54:18.937211+00:00
[2022-11-21T12:15:51.155+0000] {processor.py:176} INFO - Processing /workspace/airflow/dags/job_finance_data_lake.py took 0.513 seconds
[2022-11-21T12:16:21.390+0000] {processor.py:154} INFO - Started process (PID=13377) to work on /workspace/airflow/dags/job_finance_data_lake.py
[2022-11-21T12:16:21.391+0000] {processor.py:756} INFO - Processing file /workspace/airflow/dags/job_finance_data_lake.py for tasks to queue
[2022-11-21T12:16:21.392+0000] {logging_mixin.py:137} INFO - [2022-11-21T12:16:21.391+0000] {dagbag.py:537} INFO - Filling up the DagBag from /workspace/airflow/dags/job_finance_data_lake.py
[2022-11-21T12:16:21.825+0000] {processor.py:766} INFO - DAG(s) dict_keys(['finance_data_lake']) retrieved from /workspace/airflow/dags/job_finance_data_lake.py
[2022-11-21T12:16:21.844+0000] {logging_mixin.py:137} INFO - [2022-11-21T12:16:21.844+0000] {dag.py:2585} INFO - Sync 1 DAGs
[2022-11-21T12:16:21.859+0000] {logging_mixin.py:137} INFO - [2022-11-21T12:16:21.859+0000] {dag.py:3336} INFO - Setting next_dagrun for finance_data_lake to 2022-11-21T11:54:18.937211+00:00, run_after=2022-11-22T11:54:18.937211+00:00
[2022-11-21T12:16:21.899+0000] {processor.py:176} INFO - Processing /workspace/airflow/dags/job_finance_data_lake.py took 0.511 seconds
[2022-11-21T12:16:52.133+0000] {processor.py:154} INFO - Started process (PID=13477) to work on /workspace/airflow/dags/job_finance_data_lake.py
[2022-11-21T12:16:52.134+0000] {processor.py:756} INFO - Processing file /workspace/airflow/dags/job_finance_data_lake.py for tasks to queue
[2022-11-21T12:16:52.134+0000] {logging_mixin.py:137} INFO - [2022-11-21T12:16:52.134+0000] {dagbag.py:537} INFO - Filling up the DagBag from /workspace/airflow/dags/job_finance_data_lake.py
[2022-11-21T12:16:52.590+0000] {processor.py:766} INFO - DAG(s) dict_keys(['finance_data_lake']) retrieved from /workspace/airflow/dags/job_finance_data_lake.py
[2022-11-21T12:16:52.606+0000] {logging_mixin.py:137} INFO - [2022-11-21T12:16:52.606+0000] {dag.py:2585} INFO - Sync 1 DAGs
[2022-11-21T12:16:52.623+0000] {logging_mixin.py:137} INFO - [2022-11-21T12:16:52.623+0000] {dag.py:3336} INFO - Setting next_dagrun for finance_data_lake to 2022-11-21T11:54:18.937211+00:00, run_after=2022-11-22T11:54:18.937211+00:00
[2022-11-21T12:16:52.661+0000] {processor.py:176} INFO - Processing /workspace/airflow/dags/job_finance_data_lake.py took 0.530 seconds
[2022-11-21T12:17:22.837+0000] {processor.py:154} INFO - Started process (PID=13707) to work on /workspace/airflow/dags/job_finance_data_lake.py
[2022-11-21T12:17:22.838+0000] {processor.py:756} INFO - Processing file /workspace/airflow/dags/job_finance_data_lake.py for tasks to queue
[2022-11-21T12:17:22.838+0000] {logging_mixin.py:137} INFO - [2022-11-21T12:17:22.838+0000] {dagbag.py:537} INFO - Filling up the DagBag from /workspace/airflow/dags/job_finance_data_lake.py
[2022-11-21T12:17:23.208+0000] {processor.py:766} INFO - DAG(s) dict_keys(['finance_data_lake']) retrieved from /workspace/airflow/dags/job_finance_data_lake.py
[2022-11-21T12:17:23.227+0000] {logging_mixin.py:137} INFO - [2022-11-21T12:17:23.226+0000] {dag.py:2585} INFO - Sync 1 DAGs
[2022-11-21T12:17:23.322+0000] {logging_mixin.py:137} INFO - [2022-11-21T12:17:23.321+0000] {dag.py:3336} INFO - Setting next_dagrun for finance_data_lake to 2022-11-21T11:54:18.937211+00:00, run_after=2022-11-22T11:54:18.937211+00:00
[2022-11-21T12:17:23.365+0000] {processor.py:176} INFO - Processing /workspace/airflow/dags/job_finance_data_lake.py took 0.530 seconds
[2022-11-21T12:17:53.586+0000] {processor.py:154} INFO - Started process (PID=14422) to work on /workspace/airflow/dags/job_finance_data_lake.py
[2022-11-21T12:17:53.587+0000] {processor.py:756} INFO - Processing file /workspace/airflow/dags/job_finance_data_lake.py for tasks to queue
[2022-11-21T12:17:53.587+0000] {logging_mixin.py:137} INFO - [2022-11-21T12:17:53.587+0000] {dagbag.py:537} INFO - Filling up the DagBag from /workspace/airflow/dags/job_finance_data_lake.py
[2022-11-21T12:17:54.044+0000] {processor.py:766} INFO - DAG(s) dict_keys(['finance_data_lake']) retrieved from /workspace/airflow/dags/job_finance_data_lake.py
[2022-11-21T12:17:54.069+0000] {logging_mixin.py:137} INFO - [2022-11-21T12:17:54.068+0000] {dag.py:2585} INFO - Sync 1 DAGs
[2022-11-21T12:17:54.217+0000] {logging_mixin.py:137} INFO - [2022-11-21T12:17:54.217+0000] {dag.py:3336} INFO - Setting next_dagrun for finance_data_lake to 2022-11-21T11:54:18.937211+00:00, run_after=2022-11-22T11:54:18.937211+00:00
[2022-11-21T12:17:54.263+0000] {processor.py:176} INFO - Processing /workspace/airflow/dags/job_finance_data_lake.py took 0.679 seconds
[2022-11-21T12:18:24.457+0000] {processor.py:154} INFO - Started process (PID=15888) to work on /workspace/airflow/dags/job_finance_data_lake.py
[2022-11-21T12:18:24.458+0000] {processor.py:756} INFO - Processing file /workspace/airflow/dags/job_finance_data_lake.py for tasks to queue
[2022-11-21T12:18:24.458+0000] {logging_mixin.py:137} INFO - [2022-11-21T12:18:24.458+0000] {dagbag.py:537} INFO - Filling up the DagBag from /workspace/airflow/dags/job_finance_data_lake.py
[2022-11-21T12:18:24.803+0000] {processor.py:766} INFO - DAG(s) dict_keys(['finance_data_lake']) retrieved from /workspace/airflow/dags/job_finance_data_lake.py
[2022-11-21T12:18:24.823+0000] {logging_mixin.py:137} INFO - [2022-11-21T12:18:24.821+0000] {dag.py:2585} INFO - Sync 1 DAGs
[2022-11-21T12:18:24.927+0000] {logging_mixin.py:137} INFO - [2022-11-21T12:18:24.927+0000] {dag.py:3336} INFO - Setting next_dagrun for finance_data_lake to 2022-11-21T11:54:18.937211+00:00, run_after=2022-11-22T11:54:18.937211+00:00
[2022-11-21T12:18:24.974+0000] {processor.py:176} INFO - Processing /workspace/airflow/dags/job_finance_data_lake.py took 0.519 seconds
[2022-11-21T12:18:55.073+0000] {processor.py:154} INFO - Started process (PID=16992) to work on /workspace/airflow/dags/job_finance_data_lake.py
[2022-11-21T12:18:55.074+0000] {processor.py:756} INFO - Processing file /workspace/airflow/dags/job_finance_data_lake.py for tasks to queue
[2022-11-21T12:18:55.074+0000] {logging_mixin.py:137} INFO - [2022-11-21T12:18:55.074+0000] {dagbag.py:537} INFO - Filling up the DagBag from /workspace/airflow/dags/job_finance_data_lake.py
[2022-11-21T12:18:55.414+0000] {processor.py:766} INFO - DAG(s) dict_keys(['finance_data_lake']) retrieved from /workspace/airflow/dags/job_finance_data_lake.py
[2022-11-21T12:18:55.519+0000] {logging_mixin.py:137} INFO - [2022-11-21T12:18:55.519+0000] {dag.py:2585} INFO - Sync 1 DAGs
[2022-11-21T12:18:55.538+0000] {logging_mixin.py:137} INFO - [2022-11-21T12:18:55.538+0000] {dag.py:3336} INFO - Setting next_dagrun for finance_data_lake to 2022-11-21T11:54:18.937211+00:00, run_after=2022-11-22T11:54:18.937211+00:00
[2022-11-21T12:18:55.581+0000] {processor.py:176} INFO - Processing /workspace/airflow/dags/job_finance_data_lake.py took 0.510 seconds
[2022-11-21T12:19:25.815+0000] {processor.py:154} INFO - Started process (PID=18366) to work on /workspace/airflow/dags/job_finance_data_lake.py
[2022-11-21T12:19:25.815+0000] {processor.py:756} INFO - Processing file /workspace/airflow/dags/job_finance_data_lake.py for tasks to queue
[2022-11-21T12:19:25.816+0000] {logging_mixin.py:137} INFO - [2022-11-21T12:19:25.816+0000] {dagbag.py:537} INFO - Filling up the DagBag from /workspace/airflow/dags/job_finance_data_lake.py
[2022-11-21T12:19:26.181+0000] {processor.py:766} INFO - DAG(s) dict_keys(['finance_data_lake']) retrieved from /workspace/airflow/dags/job_finance_data_lake.py
[2022-11-21T12:19:26.281+0000] {logging_mixin.py:137} INFO - [2022-11-21T12:19:26.281+0000] {dag.py:2585} INFO - Sync 1 DAGs
[2022-11-21T12:19:26.298+0000] {logging_mixin.py:137} INFO - [2022-11-21T12:19:26.298+0000] {dag.py:3336} INFO - Setting next_dagrun for finance_data_lake to 2022-11-21T11:54:18.937211+00:00, run_after=2022-11-22T11:54:18.937211+00:00
[2022-11-21T12:19:26.338+0000] {processor.py:176} INFO - Processing /workspace/airflow/dags/job_finance_data_lake.py took 0.526 seconds
[2022-11-21T12:19:56.551+0000] {processor.py:154} INFO - Started process (PID=18460) to work on /workspace/airflow/dags/job_finance_data_lake.py
[2022-11-21T12:19:56.552+0000] {processor.py:756} INFO - Processing file /workspace/airflow/dags/job_finance_data_lake.py for tasks to queue
[2022-11-21T12:19:56.553+0000] {logging_mixin.py:137} INFO - [2022-11-21T12:19:56.553+0000] {dagbag.py:537} INFO - Filling up the DagBag from /workspace/airflow/dags/job_finance_data_lake.py
[2022-11-21T12:19:56.974+0000] {processor.py:766} INFO - DAG(s) dict_keys(['finance_data_lake']) retrieved from /workspace/airflow/dags/job_finance_data_lake.py
[2022-11-21T12:19:56.993+0000] {logging_mixin.py:137} INFO - [2022-11-21T12:19:56.993+0000] {dag.py:2585} INFO - Sync 1 DAGs
[2022-11-21T12:19:57.009+0000] {logging_mixin.py:137} INFO - [2022-11-21T12:19:57.009+0000] {dag.py:3336} INFO - Setting next_dagrun for finance_data_lake to 2022-11-21T11:54:18.937211+00:00, run_after=2022-11-22T11:54:18.937211+00:00
[2022-11-21T12:19:57.051+0000] {processor.py:176} INFO - Processing /workspace/airflow/dags/job_finance_data_lake.py took 0.502 seconds
[2022-11-21T12:20:27.275+0000] {processor.py:154} INFO - Started process (PID=18552) to work on /workspace/airflow/dags/job_finance_data_lake.py
[2022-11-21T12:20:27.276+0000] {processor.py:756} INFO - Processing file /workspace/airflow/dags/job_finance_data_lake.py for tasks to queue
[2022-11-21T12:20:27.277+0000] {logging_mixin.py:137} INFO - [2022-11-21T12:20:27.277+0000] {dagbag.py:537} INFO - Filling up the DagBag from /workspace/airflow/dags/job_finance_data_lake.py
[2022-11-21T12:20:27.716+0000] {processor.py:766} INFO - DAG(s) dict_keys(['finance_data_lake']) retrieved from /workspace/airflow/dags/job_finance_data_lake.py
[2022-11-21T12:20:27.734+0000] {logging_mixin.py:137} INFO - [2022-11-21T12:20:27.734+0000] {dag.py:2585} INFO - Sync 1 DAGs
[2022-11-21T12:20:27.752+0000] {logging_mixin.py:137} INFO - [2022-11-21T12:20:27.752+0000] {dag.py:3336} INFO - Setting next_dagrun for finance_data_lake to 2022-11-21T11:54:18.937211+00:00, run_after=2022-11-22T11:54:18.937211+00:00
[2022-11-21T12:20:27.796+0000] {processor.py:176} INFO - Processing /workspace/airflow/dags/job_finance_data_lake.py took 0.523 seconds
[2022-11-21T12:20:57.991+0000] {processor.py:154} INFO - Started process (PID=18784) to work on /workspace/airflow/dags/job_finance_data_lake.py
[2022-11-21T12:20:57.992+0000] {processor.py:756} INFO - Processing file /workspace/airflow/dags/job_finance_data_lake.py for tasks to queue
[2022-11-21T12:20:57.993+0000] {logging_mixin.py:137} INFO - [2022-11-21T12:20:57.993+0000] {dagbag.py:537} INFO - Filling up the DagBag from /workspace/airflow/dags/job_finance_data_lake.py
[2022-11-21T12:20:58.419+0000] {processor.py:766} INFO - DAG(s) dict_keys(['finance_data_lake']) retrieved from /workspace/airflow/dags/job_finance_data_lake.py
[2022-11-21T12:20:58.439+0000] {logging_mixin.py:137} INFO - [2022-11-21T12:20:58.439+0000] {dag.py:2585} INFO - Sync 1 DAGs
[2022-11-21T12:20:58.458+0000] {logging_mixin.py:137} INFO - [2022-11-21T12:20:58.458+0000] {dag.py:3336} INFO - Setting next_dagrun for finance_data_lake to 2022-11-21T11:54:18.937211+00:00, run_after=2022-11-22T11:54:18.937211+00:00
[2022-11-21T12:20:58.499+0000] {processor.py:176} INFO - Processing /workspace/airflow/dags/job_finance_data_lake.py took 0.510 seconds
[2022-11-21T12:21:28.719+0000] {processor.py:154} INFO - Started process (PID=18876) to work on /workspace/airflow/dags/job_finance_data_lake.py
[2022-11-21T12:21:28.720+0000] {processor.py:756} INFO - Processing file /workspace/airflow/dags/job_finance_data_lake.py for tasks to queue
[2022-11-21T12:21:28.720+0000] {logging_mixin.py:137} INFO - [2022-11-21T12:21:28.720+0000] {dagbag.py:537} INFO - Filling up the DagBag from /workspace/airflow/dags/job_finance_data_lake.py
[2022-11-21T12:21:29.159+0000] {processor.py:766} INFO - DAG(s) dict_keys(['finance_data_lake']) retrieved from /workspace/airflow/dags/job_finance_data_lake.py
[2022-11-21T12:21:29.175+0000] {logging_mixin.py:137} INFO - [2022-11-21T12:21:29.174+0000] {dag.py:2585} INFO - Sync 1 DAGs
[2022-11-21T12:21:29.193+0000] {logging_mixin.py:137} INFO - [2022-11-21T12:21:29.193+0000] {dag.py:3336} INFO - Setting next_dagrun for finance_data_lake to 2022-11-21T11:54:18.937211+00:00, run_after=2022-11-22T11:54:18.937211+00:00
[2022-11-21T12:21:29.234+0000] {processor.py:176} INFO - Processing /workspace/airflow/dags/job_finance_data_lake.py took 0.517 seconds
[2022-11-21T12:21:59.458+0000] {processor.py:154} INFO - Started process (PID=18970) to work on /workspace/airflow/dags/job_finance_data_lake.py
[2022-11-21T12:21:59.459+0000] {processor.py:756} INFO - Processing file /workspace/airflow/dags/job_finance_data_lake.py for tasks to queue
[2022-11-21T12:21:59.460+0000] {logging_mixin.py:137} INFO - [2022-11-21T12:21:59.460+0000] {dagbag.py:537} INFO - Filling up the DagBag from /workspace/airflow/dags/job_finance_data_lake.py
[2022-11-21T12:21:59.825+0000] {processor.py:766} INFO - DAG(s) dict_keys(['finance_data_lake']) retrieved from /workspace/airflow/dags/job_finance_data_lake.py
[2022-11-21T12:21:59.846+0000] {logging_mixin.py:137} INFO - [2022-11-21T12:21:59.846+0000] {dag.py:2585} INFO - Sync 1 DAGs
[2022-11-21T12:21:59.954+0000] {logging_mixin.py:137} INFO - [2022-11-21T12:21:59.954+0000] {dag.py:3336} INFO - Setting next_dagrun for finance_data_lake to 2022-11-21T11:54:18.937211+00:00, run_after=2022-11-22T11:54:18.937211+00:00
[2022-11-21T12:21:59.994+0000] {processor.py:176} INFO - Processing /workspace/airflow/dags/job_finance_data_lake.py took 0.538 seconds
[2022-11-21T12:22:30.188+0000] {processor.py:154} INFO - Started process (PID=19062) to work on /workspace/airflow/dags/job_finance_data_lake.py
[2022-11-21T12:22:30.188+0000] {processor.py:756} INFO - Processing file /workspace/airflow/dags/job_finance_data_lake.py for tasks to queue
[2022-11-21T12:22:30.189+0000] {logging_mixin.py:137} INFO - [2022-11-21T12:22:30.189+0000] {dagbag.py:537} INFO - Filling up the DagBag from /workspace/airflow/dags/job_finance_data_lake.py
[2022-11-21T12:22:30.536+0000] {processor.py:766} INFO - DAG(s) dict_keys(['finance_data_lake']) retrieved from /workspace/airflow/dags/job_finance_data_lake.py
[2022-11-21T12:22:30.557+0000] {logging_mixin.py:137} INFO - [2022-11-21T12:22:30.556+0000] {dag.py:2585} INFO - Sync 1 DAGs
[2022-11-21T12:22:30.661+0000] {logging_mixin.py:137} INFO - [2022-11-21T12:22:30.661+0000] {dag.py:3336} INFO - Setting next_dagrun for finance_data_lake to 2022-11-21T11:54:18.937211+00:00, run_after=2022-11-22T11:54:18.937211+00:00
[2022-11-21T12:22:30.701+0000] {processor.py:176} INFO - Processing /workspace/airflow/dags/job_finance_data_lake.py took 0.516 seconds
[2022-11-21T12:23:00.911+0000] {processor.py:154} INFO - Started process (PID=19271) to work on /workspace/airflow/dags/job_finance_data_lake.py
[2022-11-21T12:23:00.912+0000] {processor.py:756} INFO - Processing file /workspace/airflow/dags/job_finance_data_lake.py for tasks to queue
[2022-11-21T12:23:00.913+0000] {logging_mixin.py:137} INFO - [2022-11-21T12:23:00.913+0000] {dagbag.py:537} INFO - Filling up the DagBag from /workspace/airflow/dags/job_finance_data_lake.py
[2022-11-21T12:23:01.263+0000] {processor.py:766} INFO - DAG(s) dict_keys(['finance_data_lake']) retrieved from /workspace/airflow/dags/job_finance_data_lake.py
[2022-11-21T12:23:01.372+0000] {logging_mixin.py:137} INFO - [2022-11-21T12:23:01.286+0000] {dag.py:2585} INFO - Sync 1 DAGs
[2022-11-21T12:23:01.392+0000] {logging_mixin.py:137} INFO - [2022-11-21T12:23:01.392+0000] {dag.py:3336} INFO - Setting next_dagrun for finance_data_lake to 2022-11-21T11:54:18.937211+00:00, run_after=2022-11-22T11:54:18.937211+00:00
[2022-11-21T12:23:01.436+0000] {processor.py:176} INFO - Processing /workspace/airflow/dags/job_finance_data_lake.py took 0.527 seconds
[2022-11-21T12:23:31.620+0000] {processor.py:154} INFO - Started process (PID=19363) to work on /workspace/airflow/dags/job_finance_data_lake.py
[2022-11-21T12:23:31.620+0000] {processor.py:756} INFO - Processing file /workspace/airflow/dags/job_finance_data_lake.py for tasks to queue
[2022-11-21T12:23:31.621+0000] {logging_mixin.py:137} INFO - [2022-11-21T12:23:31.621+0000] {dagbag.py:537} INFO - Filling up the DagBag from /workspace/airflow/dags/job_finance_data_lake.py
[2022-11-21T12:23:31.956+0000] {processor.py:766} INFO - DAG(s) dict_keys(['finance_data_lake']) retrieved from /workspace/airflow/dags/job_finance_data_lake.py
[2022-11-21T12:23:32.053+0000] {logging_mixin.py:137} INFO - [2022-11-21T12:23:32.053+0000] {dag.py:2585} INFO - Sync 1 DAGs
[2022-11-21T12:23:32.070+0000] {logging_mixin.py:137} INFO - [2022-11-21T12:23:32.070+0000] {dag.py:3336} INFO - Setting next_dagrun for finance_data_lake to 2022-11-21T11:54:18.937211+00:00, run_after=2022-11-22T11:54:18.937211+00:00
[2022-11-21T12:23:32.112+0000] {processor.py:176} INFO - Processing /workspace/airflow/dags/job_finance_data_lake.py took 0.494 seconds
[2022-11-21T12:24:02.285+0000] {processor.py:154} INFO - Started process (PID=19457) to work on /workspace/airflow/dags/job_finance_data_lake.py
[2022-11-21T12:24:02.286+0000] {processor.py:756} INFO - Processing file /workspace/airflow/dags/job_finance_data_lake.py for tasks to queue
[2022-11-21T12:24:02.286+0000] {logging_mixin.py:137} INFO - [2022-11-21T12:24:02.286+0000] {dagbag.py:537} INFO - Filling up the DagBag from /workspace/airflow/dags/job_finance_data_lake.py
[2022-11-21T12:24:02.637+0000] {processor.py:766} INFO - DAG(s) dict_keys(['finance_data_lake']) retrieved from /workspace/airflow/dags/job_finance_data_lake.py
[2022-11-21T12:24:02.734+0000] {logging_mixin.py:137} INFO - [2022-11-21T12:24:02.734+0000] {dag.py:2585} INFO - Sync 1 DAGs
[2022-11-21T12:24:02.753+0000] {logging_mixin.py:137} INFO - [2022-11-21T12:24:02.753+0000] {dag.py:3336} INFO - Setting next_dagrun for finance_data_lake to 2022-11-21T11:54:18.937211+00:00, run_after=2022-11-22T11:54:18.937211+00:00
[2022-11-21T12:24:02.793+0000] {processor.py:176} INFO - Processing /workspace/airflow/dags/job_finance_data_lake.py took 0.510 seconds
[2022-11-21T12:24:33.016+0000] {processor.py:154} INFO - Started process (PID=19612) to work on /workspace/airflow/dags/job_finance_data_lake.py
[2022-11-21T12:24:33.016+0000] {processor.py:756} INFO - Processing file /workspace/airflow/dags/job_finance_data_lake.py for tasks to queue
[2022-11-21T12:24:33.017+0000] {logging_mixin.py:137} INFO - [2022-11-21T12:24:33.017+0000] {dagbag.py:537} INFO - Filling up the DagBag from /workspace/airflow/dags/job_finance_data_lake.py
[2022-11-21T12:24:33.441+0000] {processor.py:766} INFO - DAG(s) dict_keys(['finance_data_lake']) retrieved from /workspace/airflow/dags/job_finance_data_lake.py
[2022-11-21T12:24:33.462+0000] {logging_mixin.py:137} INFO - [2022-11-21T12:24:33.461+0000] {dag.py:2585} INFO - Sync 1 DAGs
[2022-11-21T12:24:33.478+0000] {logging_mixin.py:137} INFO - [2022-11-21T12:24:33.477+0000] {dag.py:3336} INFO - Setting next_dagrun for finance_data_lake to 2022-11-21T11:54:18.937211+00:00, run_after=2022-11-22T11:54:18.937211+00:00
[2022-11-21T12:24:33.517+0000] {processor.py:176} INFO - Processing /workspace/airflow/dags/job_finance_data_lake.py took 0.504 seconds
[2022-11-21T12:25:03.772+0000] {processor.py:154} INFO - Started process (PID=19706) to work on /workspace/airflow/dags/job_finance_data_lake.py
[2022-11-21T12:25:03.773+0000] {processor.py:756} INFO - Processing file /workspace/airflow/dags/job_finance_data_lake.py for tasks to queue
[2022-11-21T12:25:03.773+0000] {logging_mixin.py:137} INFO - [2022-11-21T12:25:03.773+0000] {dagbag.py:537} INFO - Filling up the DagBag from /workspace/airflow/dags/job_finance_data_lake.py
[2022-11-21T12:25:04.201+0000] {processor.py:766} INFO - DAG(s) dict_keys(['finance_data_lake']) retrieved from /workspace/airflow/dags/job_finance_data_lake.py
[2022-11-21T12:25:04.222+0000] {logging_mixin.py:137} INFO - [2022-11-21T12:25:04.222+0000] {dag.py:2585} INFO - Sync 1 DAGs
[2022-11-21T12:25:04.241+0000] {logging_mixin.py:137} INFO - [2022-11-21T12:25:04.241+0000] {dag.py:3336} INFO - Setting next_dagrun for finance_data_lake to 2022-11-21T11:54:18.937211+00:00, run_after=2022-11-22T11:54:18.937211+00:00
[2022-11-21T12:25:04.282+0000] {processor.py:176} INFO - Processing /workspace/airflow/dags/job_finance_data_lake.py took 0.513 seconds
[2022-11-21T12:25:34.532+0000] {processor.py:154} INFO - Started process (PID=19798) to work on /workspace/airflow/dags/job_finance_data_lake.py
[2022-11-21T12:25:34.533+0000] {processor.py:756} INFO - Processing file /workspace/airflow/dags/job_finance_data_lake.py for tasks to queue
[2022-11-21T12:25:34.533+0000] {logging_mixin.py:137} INFO - [2022-11-21T12:25:34.533+0000] {dagbag.py:537} INFO - Filling up the DagBag from /workspace/airflow/dags/job_finance_data_lake.py
[2022-11-21T12:25:34.960+0000] {processor.py:766} INFO - DAG(s) dict_keys(['finance_data_lake']) retrieved from /workspace/airflow/dags/job_finance_data_lake.py
[2022-11-21T12:25:34.981+0000] {logging_mixin.py:137} INFO - [2022-11-21T12:25:34.981+0000] {dag.py:2585} INFO - Sync 1 DAGs
[2022-11-21T12:25:35.000+0000] {logging_mixin.py:137} INFO - [2022-11-21T12:25:34.999+0000] {dag.py:3336} INFO - Setting next_dagrun for finance_data_lake to 2022-11-21T11:54:18.937211+00:00, run_after=2022-11-22T11:54:18.937211+00:00
[2022-11-21T12:25:35.037+0000] {processor.py:176} INFO - Processing /workspace/airflow/dags/job_finance_data_lake.py took 0.508 seconds
[2022-11-21T12:26:05.289+0000] {processor.py:154} INFO - Started process (PID=19973) to work on /workspace/airflow/dags/job_finance_data_lake.py
[2022-11-21T12:26:05.290+0000] {processor.py:756} INFO - Processing file /workspace/airflow/dags/job_finance_data_lake.py for tasks to queue
[2022-11-21T12:26:05.291+0000] {logging_mixin.py:137} INFO - [2022-11-21T12:26:05.291+0000] {dagbag.py:537} INFO - Filling up the DagBag from /workspace/airflow/dags/job_finance_data_lake.py
[2022-11-21T12:26:05.759+0000] {processor.py:766} INFO - DAG(s) dict_keys(['finance_data_lake']) retrieved from /workspace/airflow/dags/job_finance_data_lake.py
[2022-11-21T12:26:05.780+0000] {logging_mixin.py:137} INFO - [2022-11-21T12:26:05.779+0000] {dag.py:2585} INFO - Sync 1 DAGs
[2022-11-21T12:26:05.800+0000] {logging_mixin.py:137} INFO - [2022-11-21T12:26:05.800+0000] {dag.py:3336} INFO - Setting next_dagrun for finance_data_lake to 2022-11-21T11:54:18.937211+00:00, run_after=2022-11-22T11:54:18.937211+00:00
[2022-11-21T12:26:05.845+0000] {processor.py:176} INFO - Processing /workspace/airflow/dags/job_finance_data_lake.py took 0.557 seconds
[2022-11-21T12:26:36.043+0000] {processor.py:154} INFO - Started process (PID=20065) to work on /workspace/airflow/dags/job_finance_data_lake.py
[2022-11-21T12:26:36.043+0000] {processor.py:756} INFO - Processing file /workspace/airflow/dags/job_finance_data_lake.py for tasks to queue
[2022-11-21T12:26:36.044+0000] {logging_mixin.py:137} INFO - [2022-11-21T12:26:36.044+0000] {dagbag.py:537} INFO - Filling up the DagBag from /workspace/airflow/dags/job_finance_data_lake.py
[2022-11-21T12:26:36.385+0000] {processor.py:766} INFO - DAG(s) dict_keys(['finance_data_lake']) retrieved from /workspace/airflow/dags/job_finance_data_lake.py
[2022-11-21T12:26:36.405+0000] {logging_mixin.py:137} INFO - [2022-11-21T12:26:36.405+0000] {dag.py:2585} INFO - Sync 1 DAGs
[2022-11-21T12:26:36.504+0000] {logging_mixin.py:137} INFO - [2022-11-21T12:26:36.504+0000] {dag.py:3336} INFO - Setting next_dagrun for finance_data_lake to 2022-11-21T11:54:18.937211+00:00, run_after=2022-11-22T11:54:18.937211+00:00
[2022-11-21T12:26:36.548+0000] {processor.py:176} INFO - Processing /workspace/airflow/dags/job_finance_data_lake.py took 0.507 seconds
[2022-11-21T12:27:06.796+0000] {processor.py:154} INFO - Started process (PID=20159) to work on /workspace/airflow/dags/job_finance_data_lake.py
[2022-11-21T12:27:06.797+0000] {processor.py:756} INFO - Processing file /workspace/airflow/dags/job_finance_data_lake.py for tasks to queue
[2022-11-21T12:27:06.797+0000] {logging_mixin.py:137} INFO - [2022-11-21T12:27:06.797+0000] {dagbag.py:537} INFO - Filling up the DagBag from /workspace/airflow/dags/job_finance_data_lake.py
[2022-11-21T12:27:07.146+0000] {processor.py:766} INFO - DAG(s) dict_keys(['finance_data_lake']) retrieved from /workspace/airflow/dags/job_finance_data_lake.py
[2022-11-21T12:27:07.170+0000] {logging_mixin.py:137} INFO - [2022-11-21T12:27:07.169+0000] {dag.py:2585} INFO - Sync 1 DAGs
[2022-11-21T12:27:07.267+0000] {logging_mixin.py:137} INFO - [2022-11-21T12:27:07.267+0000] {dag.py:3336} INFO - Setting next_dagrun for finance_data_lake to 2022-11-21T11:54:18.937211+00:00, run_after=2022-11-22T11:54:18.937211+00:00
[2022-11-21T12:27:07.309+0000] {processor.py:176} INFO - Processing /workspace/airflow/dags/job_finance_data_lake.py took 0.515 seconds
[2022-11-21T12:27:37.508+0000] {processor.py:154} INFO - Started process (PID=20251) to work on /workspace/airflow/dags/job_finance_data_lake.py
[2022-11-21T12:27:37.509+0000] {processor.py:756} INFO - Processing file /workspace/airflow/dags/job_finance_data_lake.py for tasks to queue
[2022-11-21T12:27:37.509+0000] {logging_mixin.py:137} INFO - [2022-11-21T12:27:37.509+0000] {dagbag.py:537} INFO - Filling up the DagBag from /workspace/airflow/dags/job_finance_data_lake.py
[2022-11-21T12:27:37.862+0000] {processor.py:766} INFO - DAG(s) dict_keys(['finance_data_lake']) retrieved from /workspace/airflow/dags/job_finance_data_lake.py
[2022-11-21T12:27:37.961+0000] {logging_mixin.py:137} INFO - [2022-11-21T12:27:37.961+0000] {dag.py:2585} INFO - Sync 1 DAGs
[2022-11-21T12:27:37.982+0000] {logging_mixin.py:137} INFO - [2022-11-21T12:27:37.982+0000] {dag.py:3336} INFO - Setting next_dagrun for finance_data_lake to 2022-11-21T11:54:18.937211+00:00, run_after=2022-11-22T11:54:18.937211+00:00
[2022-11-21T12:27:38.022+0000] {processor.py:176} INFO - Processing /workspace/airflow/dags/job_finance_data_lake.py took 0.516 seconds
