[2022-11-25T11:36:26.924+0000] {taskinstance.py:1165} INFO - Dependencies all met for <TaskInstance: finance_data_lake.create_bucket manual__2022-11-25T11:36:24.434652+00:00 [queued]>
[2022-11-25T11:36:26.931+0000] {taskinstance.py:1165} INFO - Dependencies all met for <TaskInstance: finance_data_lake.create_bucket manual__2022-11-25T11:36:24.434652+00:00 [queued]>
[2022-11-25T11:36:26.932+0000] {taskinstance.py:1362} INFO - 
--------------------------------------------------------------------------------
[2022-11-25T11:36:26.932+0000] {taskinstance.py:1363} INFO - Starting attempt 1 of 1
[2022-11-25T11:36:26.932+0000] {taskinstance.py:1364} INFO - 
--------------------------------------------------------------------------------
[2022-11-25T11:36:26.954+0000] {taskinstance.py:1383} INFO - Executing <Task(PythonOperator): create_bucket> on 2022-11-25 11:36:24.434652+00:00
[2022-11-25T11:36:26.957+0000] {standard_task_runner.py:55} INFO - Started process 5889 to run task
[2022-11-25T11:36:26.960+0000] {standard_task_runner.py:82} INFO - Running: ['airflow', 'tasks', 'run', 'finance_data_lake', 'create_bucket', 'manual__2022-11-25T11:36:24.434652+00:00', '--job-id', '38', '--raw', '--subdir', 'DAGS_FOLDER/job_finance_data_lake.py', '--cfg-path', '/tmp/tmpisfeskrn']
[2022-11-25T11:36:26.961+0000] {standard_task_runner.py:83} INFO - Job 38: Subtask create_bucket
[2022-11-25T11:36:27.022+0000] {task_command.py:376} INFO - Running <TaskInstance: finance_data_lake.create_bucket manual__2022-11-25T11:36:24.434652+00:00 [running]> on host 92923f118f93
[2022-11-25T11:36:27.102+0000] {taskinstance.py:1590} INFO - Exporting the following env vars:
AIRFLOW_CTX_DAG_OWNER=airflow
AIRFLOW_CTX_DAG_ID=finance_data_lake
AIRFLOW_CTX_TASK_ID=create_bucket
AIRFLOW_CTX_EXECUTION_DATE=2022-11-25T11:36:24.434652+00:00
AIRFLOW_CTX_TRY_NUMBER=1
AIRFLOW_CTX_DAG_RUN_ID=manual__2022-11-25T11:36:24.434652+00:00
[2022-11-25T11:36:27.322+0000] {python.py:177} INFO - Done. Returned value was: None
[2022-11-25T11:36:27.333+0000] {taskinstance.py:1401} INFO - Marking task as SUCCESS. dag_id=finance_data_lake, task_id=create_bucket, execution_date=20221125T113624, start_date=20221125T113626, end_date=20221125T113627
[2022-11-25T11:36:27.372+0000] {local_task_job.py:159} INFO - Task exited with return code 0
[2022-11-25T11:36:27.421+0000] {taskinstance.py:2623} INFO - 1 downstream tasks scheduled from follow-on schedule check
