[2022-10-31T22:44:42.211+0000] {processor.py:154} INFO - Started process (PID=1333) to work on /root/.local/share/virtualenvs/workspace-dqq3IVyd/lib/python3.10/site-packages/airflow/example_dags/example_sla_dag.py
[2022-10-31T22:44:42.212+0000] {processor.py:756} INFO - Processing file /root/.local/share/virtualenvs/workspace-dqq3IVyd/lib/python3.10/site-packages/airflow/example_dags/example_sla_dag.py for tasks to queue
[2022-10-31T22:44:42.213+0000] {logging_mixin.py:120} INFO - [2022-10-31T22:44:42.212+0000] {dagbag.py:537} INFO - Filling up the DagBag from /root/.local/share/virtualenvs/workspace-dqq3IVyd/lib/python3.10/site-packages/airflow/example_dags/example_sla_dag.py
[2022-10-31T22:44:42.310+0000] {processor.py:766} INFO - DAG(s) dict_keys(['example_sla_dag']) retrieved from /root/.local/share/virtualenvs/workspace-dqq3IVyd/lib/python3.10/site-packages/airflow/example_dags/example_sla_dag.py
[2022-10-31T22:44:42.417+0000] {logging_mixin.py:120} INFO - [2022-10-31T22:44:42.417+0000] {manager.py:507} INFO - Created Permission View: can read on DAG:example_sla_dag
[2022-10-31T22:44:42.442+0000] {logging_mixin.py:120} INFO - [2022-10-31T22:44:42.442+0000] {manager.py:507} INFO - Created Permission View: can edit on DAG:example_sla_dag
[2022-10-31T22:44:42.464+0000] {logging_mixin.py:120} INFO - [2022-10-31T22:44:42.464+0000] {manager.py:507} INFO - Created Permission View: can delete on DAG:example_sla_dag
[2022-10-31T22:44:42.465+0000] {logging_mixin.py:120} INFO - [2022-10-31T22:44:42.464+0000] {dag.py:2585} INFO - Sync 1 DAGs
[2022-10-31T22:44:42.476+0000] {logging_mixin.py:120} INFO - [2022-10-31T22:44:42.476+0000] {dag.py:2606} INFO - Creating ORM DAG for example_sla_dag
[2022-10-31T22:44:42.486+0000] {logging_mixin.py:120} INFO - [2022-10-31T22:44:42.486+0000] {dag.py:3336} INFO - Setting next_dagrun for example_sla_dag to 2022-10-31T22:42:00+00:00, run_after=2022-10-31T22:44:00+00:00
[2022-10-31T22:44:42.528+0000] {processor.py:176} INFO - Processing /root/.local/share/virtualenvs/workspace-dqq3IVyd/lib/python3.10/site-packages/airflow/example_dags/example_sla_dag.py took 0.319 seconds
[2022-10-31T22:45:24.185+0000] {processor.py:154} INFO - Started process (PID=1666) to work on /root/.local/share/virtualenvs/workspace-dqq3IVyd/lib/python3.10/site-packages/airflow/example_dags/example_sla_dag.py
[2022-10-31T22:45:24.186+0000] {processor.py:756} INFO - Processing file /root/.local/share/virtualenvs/workspace-dqq3IVyd/lib/python3.10/site-packages/airflow/example_dags/example_sla_dag.py for tasks to queue
[2022-10-31T22:45:24.187+0000] {logging_mixin.py:120} INFO - [2022-10-31T22:45:24.186+0000] {dagbag.py:537} INFO - Filling up the DagBag from /root/.local/share/virtualenvs/workspace-dqq3IVyd/lib/python3.10/site-packages/airflow/example_dags/example_sla_dag.py
[2022-10-31T22:45:24.206+0000] {processor.py:766} INFO - DAG(s) dict_keys(['example_sla_dag']) retrieved from /root/.local/share/virtualenvs/workspace-dqq3IVyd/lib/python3.10/site-packages/airflow/example_dags/example_sla_dag.py
[2022-10-31T22:45:24.238+0000] {logging_mixin.py:120} INFO - [2022-10-31T22:45:24.238+0000] {dag.py:2585} INFO - Sync 1 DAGs
[2022-10-31T22:45:24.258+0000] {logging_mixin.py:120} INFO - [2022-10-31T22:45:24.257+0000] {dag.py:3336} INFO - Setting next_dagrun for example_sla_dag to 2022-10-31T22:42:00+00:00, run_after=2022-10-31T22:44:00+00:00
[2022-10-31T22:45:24.297+0000] {processor.py:176} INFO - Processing /root/.local/share/virtualenvs/workspace-dqq3IVyd/lib/python3.10/site-packages/airflow/example_dags/example_sla_dag.py took 0.115 seconds
[2022-10-31T22:46:04.650+0000] {processor.py:154} INFO - Started process (PID=1969) to work on /root/.local/share/virtualenvs/workspace-dqq3IVyd/lib/python3.10/site-packages/airflow/example_dags/example_sla_dag.py
[2022-10-31T22:46:04.651+0000] {processor.py:756} INFO - Processing file /root/.local/share/virtualenvs/workspace-dqq3IVyd/lib/python3.10/site-packages/airflow/example_dags/example_sla_dag.py for tasks to queue
[2022-10-31T22:46:04.652+0000] {logging_mixin.py:120} INFO - [2022-10-31T22:46:04.651+0000] {dagbag.py:537} INFO - Filling up the DagBag from /root/.local/share/virtualenvs/workspace-dqq3IVyd/lib/python3.10/site-packages/airflow/example_dags/example_sla_dag.py
[2022-10-31T22:46:04.672+0000] {processor.py:766} INFO - DAG(s) dict_keys(['example_sla_dag']) retrieved from /root/.local/share/virtualenvs/workspace-dqq3IVyd/lib/python3.10/site-packages/airflow/example_dags/example_sla_dag.py
[2022-10-31T22:46:04.703+0000] {logging_mixin.py:120} INFO - [2022-10-31T22:46:04.703+0000] {dag.py:2585} INFO - Sync 1 DAGs
[2022-10-31T22:46:04.724+0000] {logging_mixin.py:120} INFO - [2022-10-31T22:46:04.724+0000] {dag.py:3336} INFO - Setting next_dagrun for example_sla_dag to 2022-10-31T22:44:00+00:00, run_after=2022-10-31T22:46:00+00:00
[2022-10-31T22:46:04.764+0000] {processor.py:176} INFO - Processing /root/.local/share/virtualenvs/workspace-dqq3IVyd/lib/python3.10/site-packages/airflow/example_dags/example_sla_dag.py took 0.116 seconds
[2022-10-31T22:46:43.948+0000] {processor.py:154} INFO - Started process (PID=2266) to work on /root/.local/share/virtualenvs/workspace-dqq3IVyd/lib/python3.10/site-packages/airflow/example_dags/example_sla_dag.py
[2022-10-31T22:46:43.948+0000] {processor.py:756} INFO - Processing file /root/.local/share/virtualenvs/workspace-dqq3IVyd/lib/python3.10/site-packages/airflow/example_dags/example_sla_dag.py for tasks to queue
[2022-10-31T22:46:43.949+0000] {logging_mixin.py:120} INFO - [2022-10-31T22:46:43.949+0000] {dagbag.py:537} INFO - Filling up the DagBag from /root/.local/share/virtualenvs/workspace-dqq3IVyd/lib/python3.10/site-packages/airflow/example_dags/example_sla_dag.py
[2022-10-31T22:46:43.968+0000] {processor.py:766} INFO - DAG(s) dict_keys(['example_sla_dag']) retrieved from /root/.local/share/virtualenvs/workspace-dqq3IVyd/lib/python3.10/site-packages/airflow/example_dags/example_sla_dag.py
[2022-10-31T22:46:43.999+0000] {logging_mixin.py:120} INFO - [2022-10-31T22:46:43.999+0000] {dag.py:2585} INFO - Sync 1 DAGs
[2022-10-31T22:46:44.020+0000] {logging_mixin.py:120} INFO - [2022-10-31T22:46:44.020+0000] {dag.py:3336} INFO - Setting next_dagrun for example_sla_dag to 2022-10-31T22:44:00+00:00, run_after=2022-10-31T22:46:00+00:00
[2022-10-31T22:46:44.061+0000] {processor.py:176} INFO - Processing /root/.local/share/virtualenvs/workspace-dqq3IVyd/lib/python3.10/site-packages/airflow/example_dags/example_sla_dag.py took 0.116 seconds
[2022-10-31T22:47:25.484+0000] {processor.py:154} INFO - Started process (PID=2578) to work on /root/.local/share/virtualenvs/workspace-dqq3IVyd/lib/python3.10/site-packages/airflow/example_dags/example_sla_dag.py
[2022-10-31T22:47:25.485+0000] {processor.py:756} INFO - Processing file /root/.local/share/virtualenvs/workspace-dqq3IVyd/lib/python3.10/site-packages/airflow/example_dags/example_sla_dag.py for tasks to queue
[2022-10-31T22:47:25.485+0000] {logging_mixin.py:120} INFO - [2022-10-31T22:47:25.485+0000] {dagbag.py:537} INFO - Filling up the DagBag from /root/.local/share/virtualenvs/workspace-dqq3IVyd/lib/python3.10/site-packages/airflow/example_dags/example_sla_dag.py
[2022-10-31T22:47:25.503+0000] {processor.py:766} INFO - DAG(s) dict_keys(['example_sla_dag']) retrieved from /root/.local/share/virtualenvs/workspace-dqq3IVyd/lib/python3.10/site-packages/airflow/example_dags/example_sla_dag.py
[2022-10-31T22:47:25.535+0000] {logging_mixin.py:120} INFO - [2022-10-31T22:47:25.535+0000] {dag.py:2585} INFO - Sync 1 DAGs
[2022-10-31T22:47:25.556+0000] {logging_mixin.py:120} INFO - [2022-10-31T22:47:25.556+0000] {dag.py:3336} INFO - Setting next_dagrun for example_sla_dag to 2022-10-31T22:44:00+00:00, run_after=2022-10-31T22:46:00+00:00
[2022-10-31T22:47:25.596+0000] {processor.py:176} INFO - Processing /root/.local/share/virtualenvs/workspace-dqq3IVyd/lib/python3.10/site-packages/airflow/example_dags/example_sla_dag.py took 0.115 seconds
