[2022-10-31T22:44:43.686+0000] {processor.py:154} INFO - Started process (PID=1341) to work on /root/.local/share/virtualenvs/workspace-dqq3IVyd/lib/python3.10/site-packages/airflow/example_dags/example_nested_branch_dag.py
[2022-10-31T22:44:43.687+0000] {processor.py:756} INFO - Processing file /root/.local/share/virtualenvs/workspace-dqq3IVyd/lib/python3.10/site-packages/airflow/example_dags/example_nested_branch_dag.py for tasks to queue
[2022-10-31T22:44:43.687+0000] {logging_mixin.py:120} INFO - [2022-10-31T22:44:43.687+0000] {dagbag.py:537} INFO - Filling up the DagBag from /root/.local/share/virtualenvs/workspace-dqq3IVyd/lib/python3.10/site-packages/airflow/example_dags/example_nested_branch_dag.py
[2022-10-31T22:44:43.785+0000] {processor.py:766} INFO - DAG(s) dict_keys(['example_nested_branch_dag']) retrieved from /root/.local/share/virtualenvs/workspace-dqq3IVyd/lib/python3.10/site-packages/airflow/example_dags/example_nested_branch_dag.py
[2022-10-31T22:44:43.892+0000] {logging_mixin.py:120} INFO - [2022-10-31T22:44:43.892+0000] {manager.py:507} INFO - Created Permission View: can read on DAG:example_nested_branch_dag
[2022-10-31T22:44:43.915+0000] {logging_mixin.py:120} INFO - [2022-10-31T22:44:43.915+0000] {manager.py:507} INFO - Created Permission View: can edit on DAG:example_nested_branch_dag
[2022-10-31T22:44:43.939+0000] {logging_mixin.py:120} INFO - [2022-10-31T22:44:43.939+0000] {manager.py:507} INFO - Created Permission View: can delete on DAG:example_nested_branch_dag
[2022-10-31T22:44:43.939+0000] {logging_mixin.py:120} INFO - [2022-10-31T22:44:43.939+0000] {dag.py:2585} INFO - Sync 1 DAGs
[2022-10-31T22:44:43.950+0000] {logging_mixin.py:120} INFO - [2022-10-31T22:44:43.950+0000] {dag.py:2606} INFO - Creating ORM DAG for example_nested_branch_dag
[2022-10-31T22:44:43.960+0000] {logging_mixin.py:120} INFO - [2022-10-31T22:44:43.960+0000] {dag.py:3336} INFO - Setting next_dagrun for example_nested_branch_dag to 2022-10-30T00:00:00+00:00, run_after=2022-10-31T00:00:00+00:00
[2022-10-31T22:44:44.009+0000] {processor.py:176} INFO - Processing /root/.local/share/virtualenvs/workspace-dqq3IVyd/lib/python3.10/site-packages/airflow/example_dags/example_nested_branch_dag.py took 0.325 seconds
[2022-10-31T22:45:25.480+0000] {processor.py:154} INFO - Started process (PID=1673) to work on /root/.local/share/virtualenvs/workspace-dqq3IVyd/lib/python3.10/site-packages/airflow/example_dags/example_nested_branch_dag.py
[2022-10-31T22:45:25.481+0000] {processor.py:756} INFO - Processing file /root/.local/share/virtualenvs/workspace-dqq3IVyd/lib/python3.10/site-packages/airflow/example_dags/example_nested_branch_dag.py for tasks to queue
[2022-10-31T22:45:25.482+0000] {logging_mixin.py:120} INFO - [2022-10-31T22:45:25.482+0000] {dagbag.py:537} INFO - Filling up the DagBag from /root/.local/share/virtualenvs/workspace-dqq3IVyd/lib/python3.10/site-packages/airflow/example_dags/example_nested_branch_dag.py
[2022-10-31T22:45:25.502+0000] {processor.py:766} INFO - DAG(s) dict_keys(['example_nested_branch_dag']) retrieved from /root/.local/share/virtualenvs/workspace-dqq3IVyd/lib/python3.10/site-packages/airflow/example_dags/example_nested_branch_dag.py
[2022-10-31T22:45:25.533+0000] {logging_mixin.py:120} INFO - [2022-10-31T22:45:25.533+0000] {dag.py:2585} INFO - Sync 1 DAGs
[2022-10-31T22:45:25.554+0000] {logging_mixin.py:120} INFO - [2022-10-31T22:45:25.554+0000] {dag.py:3336} INFO - Setting next_dagrun for example_nested_branch_dag to 2022-10-30T00:00:00+00:00, run_after=2022-10-31T00:00:00+00:00
[2022-10-31T22:45:25.595+0000] {processor.py:176} INFO - Processing /root/.local/share/virtualenvs/workspace-dqq3IVyd/lib/python3.10/site-packages/airflow/example_dags/example_nested_branch_dag.py took 0.117 seconds
[2022-10-31T22:46:05.911+0000] {processor.py:154} INFO - Started process (PID=1976) to work on /root/.local/share/virtualenvs/workspace-dqq3IVyd/lib/python3.10/site-packages/airflow/example_dags/example_nested_branch_dag.py
[2022-10-31T22:46:05.911+0000] {processor.py:756} INFO - Processing file /root/.local/share/virtualenvs/workspace-dqq3IVyd/lib/python3.10/site-packages/airflow/example_dags/example_nested_branch_dag.py for tasks to queue
[2022-10-31T22:46:05.912+0000] {logging_mixin.py:120} INFO - [2022-10-31T22:46:05.912+0000] {dagbag.py:537} INFO - Filling up the DagBag from /root/.local/share/virtualenvs/workspace-dqq3IVyd/lib/python3.10/site-packages/airflow/example_dags/example_nested_branch_dag.py
[2022-10-31T22:46:05.932+0000] {processor.py:766} INFO - DAG(s) dict_keys(['example_nested_branch_dag']) retrieved from /root/.local/share/virtualenvs/workspace-dqq3IVyd/lib/python3.10/site-packages/airflow/example_dags/example_nested_branch_dag.py
[2022-10-31T22:46:05.965+0000] {logging_mixin.py:120} INFO - [2022-10-31T22:46:05.965+0000] {dag.py:2585} INFO - Sync 1 DAGs
[2022-10-31T22:46:05.984+0000] {logging_mixin.py:120} INFO - [2022-10-31T22:46:05.984+0000] {dag.py:3336} INFO - Setting next_dagrun for example_nested_branch_dag to 2022-10-30T00:00:00+00:00, run_after=2022-10-31T00:00:00+00:00
[2022-10-31T22:46:06.021+0000] {processor.py:176} INFO - Processing /root/.local/share/virtualenvs/workspace-dqq3IVyd/lib/python3.10/site-packages/airflow/example_dags/example_nested_branch_dag.py took 0.113 seconds
[2022-10-31T22:46:44.390+0000] {processor.py:154} INFO - Started process (PID=2267) to work on /root/.local/share/virtualenvs/workspace-dqq3IVyd/lib/python3.10/site-packages/airflow/example_dags/example_nested_branch_dag.py
[2022-10-31T22:46:44.391+0000] {processor.py:756} INFO - Processing file /root/.local/share/virtualenvs/workspace-dqq3IVyd/lib/python3.10/site-packages/airflow/example_dags/example_nested_branch_dag.py for tasks to queue
[2022-10-31T22:46:44.391+0000] {logging_mixin.py:120} INFO - [2022-10-31T22:46:44.391+0000] {dagbag.py:537} INFO - Filling up the DagBag from /root/.local/share/virtualenvs/workspace-dqq3IVyd/lib/python3.10/site-packages/airflow/example_dags/example_nested_branch_dag.py
[2022-10-31T22:46:44.410+0000] {processor.py:766} INFO - DAG(s) dict_keys(['example_nested_branch_dag']) retrieved from /root/.local/share/virtualenvs/workspace-dqq3IVyd/lib/python3.10/site-packages/airflow/example_dags/example_nested_branch_dag.py
[2022-10-31T22:46:44.441+0000] {logging_mixin.py:120} INFO - [2022-10-31T22:46:44.441+0000] {dag.py:2585} INFO - Sync 1 DAGs
[2022-10-31T22:46:44.460+0000] {logging_mixin.py:120} INFO - [2022-10-31T22:46:44.460+0000] {dag.py:3336} INFO - Setting next_dagrun for example_nested_branch_dag to 2022-10-30T00:00:00+00:00, run_after=2022-10-31T00:00:00+00:00
[2022-10-31T22:46:44.504+0000] {processor.py:176} INFO - Processing /root/.local/share/virtualenvs/workspace-dqq3IVyd/lib/python3.10/site-packages/airflow/example_dags/example_nested_branch_dag.py took 0.117 seconds
[2022-10-31T22:47:26.755+0000] {processor.py:154} INFO - Started process (PID=2579) to work on /root/.local/share/virtualenvs/workspace-dqq3IVyd/lib/python3.10/site-packages/airflow/example_dags/example_nested_branch_dag.py
[2022-10-31T22:47:26.756+0000] {processor.py:756} INFO - Processing file /root/.local/share/virtualenvs/workspace-dqq3IVyd/lib/python3.10/site-packages/airflow/example_dags/example_nested_branch_dag.py for tasks to queue
[2022-10-31T22:47:26.756+0000] {logging_mixin.py:120} INFO - [2022-10-31T22:47:26.756+0000] {dagbag.py:537} INFO - Filling up the DagBag from /root/.local/share/virtualenvs/workspace-dqq3IVyd/lib/python3.10/site-packages/airflow/example_dags/example_nested_branch_dag.py
[2022-10-31T22:47:26.776+0000] {processor.py:766} INFO - DAG(s) dict_keys(['example_nested_branch_dag']) retrieved from /root/.local/share/virtualenvs/workspace-dqq3IVyd/lib/python3.10/site-packages/airflow/example_dags/example_nested_branch_dag.py
[2022-10-31T22:47:26.808+0000] {logging_mixin.py:120} INFO - [2022-10-31T22:47:26.807+0000] {dag.py:2585} INFO - Sync 1 DAGs
[2022-10-31T22:47:26.830+0000] {logging_mixin.py:120} INFO - [2022-10-31T22:47:26.830+0000] {dag.py:3336} INFO - Setting next_dagrun for example_nested_branch_dag to 2022-10-30T00:00:00+00:00, run_after=2022-10-31T00:00:00+00:00
[2022-10-31T22:47:26.870+0000] {processor.py:176} INFO - Processing /root/.local/share/virtualenvs/workspace-dqq3IVyd/lib/python3.10/site-packages/airflow/example_dags/example_nested_branch_dag.py took 0.118 seconds
