[2022-10-31T22:44:48.961+0000] {processor.py:154} INFO - Started process (PID=1382) to work on /root/.local/share/virtualenvs/workspace-dqq3IVyd/lib/python3.10/site-packages/airflow/example_dags/example_trigger_controller_dag.py
[2022-10-31T22:44:48.962+0000] {processor.py:756} INFO - Processing file /root/.local/share/virtualenvs/workspace-dqq3IVyd/lib/python3.10/site-packages/airflow/example_dags/example_trigger_controller_dag.py for tasks to queue
[2022-10-31T22:44:48.963+0000] {logging_mixin.py:120} INFO - [2022-10-31T22:44:48.963+0000] {dagbag.py:537} INFO - Filling up the DagBag from /root/.local/share/virtualenvs/workspace-dqq3IVyd/lib/python3.10/site-packages/airflow/example_dags/example_trigger_controller_dag.py
[2022-10-31T22:44:49.048+0000] {processor.py:766} INFO - DAG(s) dict_keys(['example_trigger_controller_dag']) retrieved from /root/.local/share/virtualenvs/workspace-dqq3IVyd/lib/python3.10/site-packages/airflow/example_dags/example_trigger_controller_dag.py
[2022-10-31T22:44:49.151+0000] {logging_mixin.py:120} INFO - [2022-10-31T22:44:49.151+0000] {manager.py:507} INFO - Created Permission View: can read on DAG:example_trigger_controller_dag
[2022-10-31T22:44:49.174+0000] {logging_mixin.py:120} INFO - [2022-10-31T22:44:49.173+0000] {manager.py:507} INFO - Created Permission View: can edit on DAG:example_trigger_controller_dag
[2022-10-31T22:44:49.198+0000] {logging_mixin.py:120} INFO - [2022-10-31T22:44:49.197+0000] {manager.py:507} INFO - Created Permission View: can delete on DAG:example_trigger_controller_dag
[2022-10-31T22:44:49.199+0000] {logging_mixin.py:120} INFO - [2022-10-31T22:44:49.199+0000] {dag.py:2585} INFO - Sync 1 DAGs
[2022-10-31T22:44:49.213+0000] {logging_mixin.py:120} INFO - [2022-10-31T22:44:49.212+0000] {dag.py:2606} INFO - Creating ORM DAG for example_trigger_controller_dag
[2022-10-31T22:44:49.222+0000] {logging_mixin.py:120} INFO - [2022-10-31T22:44:49.222+0000] {dag.py:3336} INFO - Setting next_dagrun for example_trigger_controller_dag to 2021-01-01T00:00:00+00:00, run_after=2021-01-01T00:00:00+00:00
[2022-10-31T22:44:49.271+0000] {processor.py:176} INFO - Processing /root/.local/share/virtualenvs/workspace-dqq3IVyd/lib/python3.10/site-packages/airflow/example_dags/example_trigger_controller_dag.py took 0.312 seconds
[2022-10-31T22:45:29.483+0000] {processor.py:154} INFO - Started process (PID=1707) to work on /root/.local/share/virtualenvs/workspace-dqq3IVyd/lib/python3.10/site-packages/airflow/example_dags/example_trigger_controller_dag.py
[2022-10-31T22:45:29.484+0000] {processor.py:756} INFO - Processing file /root/.local/share/virtualenvs/workspace-dqq3IVyd/lib/python3.10/site-packages/airflow/example_dags/example_trigger_controller_dag.py for tasks to queue
[2022-10-31T22:45:29.484+0000] {logging_mixin.py:120} INFO - [2022-10-31T22:45:29.484+0000] {dagbag.py:537} INFO - Filling up the DagBag from /root/.local/share/virtualenvs/workspace-dqq3IVyd/lib/python3.10/site-packages/airflow/example_dags/example_trigger_controller_dag.py
[2022-10-31T22:45:29.493+0000] {processor.py:766} INFO - DAG(s) dict_keys(['example_trigger_controller_dag']) retrieved from /root/.local/share/virtualenvs/workspace-dqq3IVyd/lib/python3.10/site-packages/airflow/example_dags/example_trigger_controller_dag.py
[2022-10-31T22:45:29.523+0000] {logging_mixin.py:120} INFO - [2022-10-31T22:45:29.523+0000] {dag.py:2585} INFO - Sync 1 DAGs
[2022-10-31T22:45:29.542+0000] {logging_mixin.py:120} INFO - [2022-10-31T22:45:29.542+0000] {dag.py:3336} INFO - Setting next_dagrun for example_trigger_controller_dag to 2021-01-01T00:00:00+00:00, run_after=2021-01-01T00:00:00+00:00
[2022-10-31T22:45:29.583+0000] {processor.py:176} INFO - Processing /root/.local/share/virtualenvs/workspace-dqq3IVyd/lib/python3.10/site-packages/airflow/example_dags/example_trigger_controller_dag.py took 0.102 seconds
[2022-10-31T22:46:10.125+0000] {processor.py:154} INFO - Started process (PID=2010) to work on /root/.local/share/virtualenvs/workspace-dqq3IVyd/lib/python3.10/site-packages/airflow/example_dags/example_trigger_controller_dag.py
[2022-10-31T22:46:10.126+0000] {processor.py:756} INFO - Processing file /root/.local/share/virtualenvs/workspace-dqq3IVyd/lib/python3.10/site-packages/airflow/example_dags/example_trigger_controller_dag.py for tasks to queue
[2022-10-31T22:46:10.126+0000] {logging_mixin.py:120} INFO - [2022-10-31T22:46:10.126+0000] {dagbag.py:537} INFO - Filling up the DagBag from /root/.local/share/virtualenvs/workspace-dqq3IVyd/lib/python3.10/site-packages/airflow/example_dags/example_trigger_controller_dag.py
[2022-10-31T22:46:10.135+0000] {processor.py:766} INFO - DAG(s) dict_keys(['example_trigger_controller_dag']) retrieved from /root/.local/share/virtualenvs/workspace-dqq3IVyd/lib/python3.10/site-packages/airflow/example_dags/example_trigger_controller_dag.py
[2022-10-31T22:46:10.166+0000] {logging_mixin.py:120} INFO - [2022-10-31T22:46:10.166+0000] {dag.py:2585} INFO - Sync 1 DAGs
[2022-10-31T22:46:10.186+0000] {logging_mixin.py:120} INFO - [2022-10-31T22:46:10.186+0000] {dag.py:3336} INFO - Setting next_dagrun for example_trigger_controller_dag to 2021-01-01T00:00:00+00:00, run_after=2021-01-01T00:00:00+00:00
[2022-10-31T22:46:10.225+0000] {processor.py:176} INFO - Processing /root/.local/share/virtualenvs/workspace-dqq3IVyd/lib/python3.10/site-packages/airflow/example_dags/example_trigger_controller_dag.py took 0.103 seconds
[2022-10-31T22:46:49.149+0000] {processor.py:154} INFO - Started process (PID=2307) to work on /root/.local/share/virtualenvs/workspace-dqq3IVyd/lib/python3.10/site-packages/airflow/example_dags/example_trigger_controller_dag.py
[2022-10-31T22:46:49.150+0000] {processor.py:756} INFO - Processing file /root/.local/share/virtualenvs/workspace-dqq3IVyd/lib/python3.10/site-packages/airflow/example_dags/example_trigger_controller_dag.py for tasks to queue
[2022-10-31T22:46:49.151+0000] {logging_mixin.py:120} INFO - [2022-10-31T22:46:49.151+0000] {dagbag.py:537} INFO - Filling up the DagBag from /root/.local/share/virtualenvs/workspace-dqq3IVyd/lib/python3.10/site-packages/airflow/example_dags/example_trigger_controller_dag.py
[2022-10-31T22:46:49.161+0000] {processor.py:766} INFO - DAG(s) dict_keys(['example_trigger_controller_dag']) retrieved from /root/.local/share/virtualenvs/workspace-dqq3IVyd/lib/python3.10/site-packages/airflow/example_dags/example_trigger_controller_dag.py
[2022-10-31T22:46:49.191+0000] {logging_mixin.py:120} INFO - [2022-10-31T22:46:49.191+0000] {dag.py:2585} INFO - Sync 1 DAGs
[2022-10-31T22:46:49.212+0000] {logging_mixin.py:120} INFO - [2022-10-31T22:46:49.211+0000] {dag.py:3336} INFO - Setting next_dagrun for example_trigger_controller_dag to 2021-01-01T00:00:00+00:00, run_after=2021-01-01T00:00:00+00:00
[2022-10-31T22:46:49.258+0000] {processor.py:176} INFO - Processing /root/.local/share/virtualenvs/workspace-dqq3IVyd/lib/python3.10/site-packages/airflow/example_dags/example_trigger_controller_dag.py took 0.111 seconds
[2022-10-31T22:47:31.796+0000] {processor.py:154} INFO - Started process (PID=2619) to work on /root/.local/share/virtualenvs/workspace-dqq3IVyd/lib/python3.10/site-packages/airflow/example_dags/example_trigger_controller_dag.py
[2022-10-31T22:47:31.797+0000] {processor.py:756} INFO - Processing file /root/.local/share/virtualenvs/workspace-dqq3IVyd/lib/python3.10/site-packages/airflow/example_dags/example_trigger_controller_dag.py for tasks to queue
[2022-10-31T22:47:31.797+0000] {logging_mixin.py:120} INFO - [2022-10-31T22:47:31.797+0000] {dagbag.py:537} INFO - Filling up the DagBag from /root/.local/share/virtualenvs/workspace-dqq3IVyd/lib/python3.10/site-packages/airflow/example_dags/example_trigger_controller_dag.py
[2022-10-31T22:47:31.807+0000] {processor.py:766} INFO - DAG(s) dict_keys(['example_trigger_controller_dag']) retrieved from /root/.local/share/virtualenvs/workspace-dqq3IVyd/lib/python3.10/site-packages/airflow/example_dags/example_trigger_controller_dag.py
[2022-10-31T22:47:31.839+0000] {logging_mixin.py:120} INFO - [2022-10-31T22:47:31.839+0000] {dag.py:2585} INFO - Sync 1 DAGs
[2022-10-31T22:47:31.859+0000] {logging_mixin.py:120} INFO - [2022-10-31T22:47:31.859+0000] {dag.py:3336} INFO - Setting next_dagrun for example_trigger_controller_dag to 2021-01-01T00:00:00+00:00, run_after=2021-01-01T00:00:00+00:00
[2022-10-31T22:47:31.903+0000] {processor.py:176} INFO - Processing /root/.local/share/virtualenvs/workspace-dqq3IVyd/lib/python3.10/site-packages/airflow/example_dags/example_trigger_controller_dag.py took 0.110 seconds
