[2022-10-31T22:44:30.195+0000] {processor.py:154} INFO - Started process (PID=1241) to work on /root/.local/share/virtualenvs/workspace-dqq3IVyd/lib/python3.10/site-packages/airflow/example_dags/example_datasets.py
[2022-10-31T22:44:30.196+0000] {processor.py:756} INFO - Processing file /root/.local/share/virtualenvs/workspace-dqq3IVyd/lib/python3.10/site-packages/airflow/example_dags/example_datasets.py for tasks to queue
[2022-10-31T22:44:30.197+0000] {logging_mixin.py:120} INFO - [2022-10-31T22:44:30.197+0000] {dagbag.py:537} INFO - Filling up the DagBag from /root/.local/share/virtualenvs/workspace-dqq3IVyd/lib/python3.10/site-packages/airflow/example_dags/example_datasets.py
[2022-10-31T22:44:30.288+0000] {processor.py:766} INFO - DAG(s) dict_keys(['dataset_consumes_unknown_never_scheduled', 'dataset_produces_1', 'dataset_consumes_1_never_scheduled', 'dataset_consumes_1', 'dataset_consumes_1_and_2', 'dataset_produces_2']) retrieved from /root/.local/share/virtualenvs/workspace-dqq3IVyd/lib/python3.10/site-packages/airflow/example_dags/example_datasets.py
[2022-10-31T22:44:30.399+0000] {logging_mixin.py:120} INFO - [2022-10-31T22:44:30.399+0000] {manager.py:507} INFO - Created Permission View: can read on DAG:dataset_consumes_unknown_never_scheduled
[2022-10-31T22:44:30.426+0000] {logging_mixin.py:120} INFO - [2022-10-31T22:44:30.425+0000] {manager.py:507} INFO - Created Permission View: can edit on DAG:dataset_consumes_unknown_never_scheduled
[2022-10-31T22:44:30.451+0000] {logging_mixin.py:120} INFO - [2022-10-31T22:44:30.450+0000] {manager.py:507} INFO - Created Permission View: can delete on DAG:dataset_consumes_unknown_never_scheduled
[2022-10-31T22:44:30.497+0000] {logging_mixin.py:120} INFO - [2022-10-31T22:44:30.497+0000] {manager.py:507} INFO - Created Permission View: can read on DAG:dataset_produces_1
[2022-10-31T22:44:30.518+0000] {logging_mixin.py:120} INFO - [2022-10-31T22:44:30.517+0000] {manager.py:507} INFO - Created Permission View: can edit on DAG:dataset_produces_1
[2022-10-31T22:44:30.539+0000] {logging_mixin.py:120} INFO - [2022-10-31T22:44:30.539+0000] {manager.py:507} INFO - Created Permission View: can delete on DAG:dataset_produces_1
[2022-10-31T22:44:30.581+0000] {logging_mixin.py:120} INFO - [2022-10-31T22:44:30.581+0000] {manager.py:507} INFO - Created Permission View: can read on DAG:dataset_consumes_1_never_scheduled
[2022-10-31T22:44:30.601+0000] {logging_mixin.py:120} INFO - [2022-10-31T22:44:30.601+0000] {manager.py:507} INFO - Created Permission View: can edit on DAG:dataset_consumes_1_never_scheduled
[2022-10-31T22:44:30.623+0000] {logging_mixin.py:120} INFO - [2022-10-31T22:44:30.623+0000] {manager.py:507} INFO - Created Permission View: can delete on DAG:dataset_consumes_1_never_scheduled
[2022-10-31T22:44:30.665+0000] {logging_mixin.py:120} INFO - [2022-10-31T22:44:30.665+0000] {manager.py:507} INFO - Created Permission View: can read on DAG:dataset_consumes_1
[2022-10-31T22:44:30.685+0000] {logging_mixin.py:120} INFO - [2022-10-31T22:44:30.685+0000] {manager.py:507} INFO - Created Permission View: can edit on DAG:dataset_consumes_1
[2022-10-31T22:44:30.705+0000] {logging_mixin.py:120} INFO - [2022-10-31T22:44:30.705+0000] {manager.py:507} INFO - Created Permission View: can delete on DAG:dataset_consumes_1
[2022-10-31T22:44:30.746+0000] {logging_mixin.py:120} INFO - [2022-10-31T22:44:30.746+0000] {manager.py:507} INFO - Created Permission View: can read on DAG:dataset_consumes_1_and_2
[2022-10-31T22:44:30.767+0000] {logging_mixin.py:120} INFO - [2022-10-31T22:44:30.767+0000] {manager.py:507} INFO - Created Permission View: can edit on DAG:dataset_consumes_1_and_2
[2022-10-31T22:44:30.787+0000] {logging_mixin.py:120} INFO - [2022-10-31T22:44:30.787+0000] {manager.py:507} INFO - Created Permission View: can delete on DAG:dataset_consumes_1_and_2
[2022-10-31T22:44:30.830+0000] {logging_mixin.py:120} INFO - [2022-10-31T22:44:30.830+0000] {manager.py:507} INFO - Created Permission View: can read on DAG:dataset_produces_2
[2022-10-31T22:44:30.851+0000] {logging_mixin.py:120} INFO - [2022-10-31T22:44:30.851+0000] {manager.py:507} INFO - Created Permission View: can edit on DAG:dataset_produces_2
[2022-10-31T22:44:30.871+0000] {logging_mixin.py:120} INFO - [2022-10-31T22:44:30.871+0000] {manager.py:507} INFO - Created Permission View: can delete on DAG:dataset_produces_2
[2022-10-31T22:44:30.872+0000] {logging_mixin.py:120} INFO - [2022-10-31T22:44:30.872+0000] {dag.py:2585} INFO - Sync 6 DAGs
[2022-10-31T22:44:30.885+0000] {logging_mixin.py:120} INFO - [2022-10-31T22:44:30.885+0000] {dag.py:2606} INFO - Creating ORM DAG for dataset_consumes_1_and_2
[2022-10-31T22:44:30.885+0000] {logging_mixin.py:120} INFO - [2022-10-31T22:44:30.885+0000] {dag.py:2606} INFO - Creating ORM DAG for dataset_consumes_1
[2022-10-31T22:44:30.886+0000] {logging_mixin.py:120} INFO - [2022-10-31T22:44:30.886+0000] {dag.py:2606} INFO - Creating ORM DAG for dataset_consumes_1_never_scheduled
[2022-10-31T22:44:30.886+0000] {logging_mixin.py:120} INFO - [2022-10-31T22:44:30.886+0000] {dag.py:2606} INFO - Creating ORM DAG for dataset_produces_1
[2022-10-31T22:44:30.886+0000] {logging_mixin.py:120} INFO - [2022-10-31T22:44:30.886+0000] {dag.py:2606} INFO - Creating ORM DAG for dataset_produces_2
[2022-10-31T22:44:30.887+0000] {logging_mixin.py:120} INFO - [2022-10-31T22:44:30.887+0000] {dag.py:2606} INFO - Creating ORM DAG for dataset_consumes_unknown_never_scheduled
[2022-10-31T22:44:30.894+0000] {logging_mixin.py:120} INFO - [2022-10-31T22:44:30.894+0000] {dag.py:3336} INFO - Setting next_dagrun for dataset_consumes_1 to None, run_after=None
[2022-10-31T22:44:30.895+0000] {logging_mixin.py:120} INFO - [2022-10-31T22:44:30.895+0000] {dag.py:3336} INFO - Setting next_dagrun for dataset_consumes_1_and_2 to None, run_after=None
[2022-10-31T22:44:30.895+0000] {logging_mixin.py:120} INFO - [2022-10-31T22:44:30.895+0000] {dag.py:3336} INFO - Setting next_dagrun for dataset_consumes_1_never_scheduled to None, run_after=None
[2022-10-31T22:44:30.896+0000] {logging_mixin.py:120} INFO - [2022-10-31T22:44:30.896+0000] {dag.py:3336} INFO - Setting next_dagrun for dataset_consumes_unknown_never_scheduled to None, run_after=None
[2022-10-31T22:44:30.897+0000] {logging_mixin.py:120} INFO - [2022-10-31T22:44:30.897+0000] {dag.py:3336} INFO - Setting next_dagrun for dataset_produces_1 to 2022-10-30T00:00:00+00:00, run_after=2022-10-31T00:00:00+00:00
[2022-10-31T22:44:30.897+0000] {logging_mixin.py:120} INFO - [2022-10-31T22:44:30.897+0000] {dag.py:3336} INFO - Setting next_dagrun for dataset_produces_2 to None, run_after=None
[2022-10-31T22:44:30.952+0000] {processor.py:176} INFO - Processing /root/.local/share/virtualenvs/workspace-dqq3IVyd/lib/python3.10/site-packages/airflow/example_dags/example_datasets.py took 0.758 seconds
[2022-10-31T22:45:15.061+0000] {processor.py:154} INFO - Started process (PID=1595) to work on /root/.local/share/virtualenvs/workspace-dqq3IVyd/lib/python3.10/site-packages/airflow/example_dags/example_datasets.py
[2022-10-31T22:45:15.062+0000] {processor.py:756} INFO - Processing file /root/.local/share/virtualenvs/workspace-dqq3IVyd/lib/python3.10/site-packages/airflow/example_dags/example_datasets.py for tasks to queue
[2022-10-31T22:45:15.063+0000] {logging_mixin.py:120} INFO - [2022-10-31T22:45:15.063+0000] {dagbag.py:537} INFO - Filling up the DagBag from /root/.local/share/virtualenvs/workspace-dqq3IVyd/lib/python3.10/site-packages/airflow/example_dags/example_datasets.py
[2022-10-31T22:45:15.076+0000] {processor.py:766} INFO - DAG(s) dict_keys(['dataset_consumes_1_and_2', 'dataset_consumes_unknown_never_scheduled', 'dataset_produces_2', 'dataset_consumes_1', 'dataset_consumes_1_never_scheduled', 'dataset_produces_1']) retrieved from /root/.local/share/virtualenvs/workspace-dqq3IVyd/lib/python3.10/site-packages/airflow/example_dags/example_datasets.py
[2022-10-31T22:45:15.124+0000] {logging_mixin.py:120} INFO - [2022-10-31T22:45:15.123+0000] {dag.py:2585} INFO - Sync 6 DAGs
[2022-10-31T22:45:15.143+0000] {logging_mixin.py:120} INFO - [2022-10-31T22:45:15.143+0000] {dag.py:3336} INFO - Setting next_dagrun for dataset_consumes_1 to None, run_after=None
[2022-10-31T22:45:15.147+0000] {logging_mixin.py:120} INFO - [2022-10-31T22:45:15.146+0000] {dag.py:3336} INFO - Setting next_dagrun for dataset_consumes_1_and_2 to None, run_after=None
[2022-10-31T22:45:15.148+0000] {logging_mixin.py:120} INFO - [2022-10-31T22:45:15.148+0000] {dag.py:3336} INFO - Setting next_dagrun for dataset_consumes_1_never_scheduled to None, run_after=None
[2022-10-31T22:45:15.150+0000] {logging_mixin.py:120} INFO - [2022-10-31T22:45:15.149+0000] {dag.py:3336} INFO - Setting next_dagrun for dataset_consumes_unknown_never_scheduled to None, run_after=None
[2022-10-31T22:45:15.152+0000] {logging_mixin.py:120} INFO - [2022-10-31T22:45:15.152+0000] {dag.py:3336} INFO - Setting next_dagrun for dataset_produces_1 to 2022-10-30T00:00:00+00:00, run_after=2022-10-31T00:00:00+00:00
[2022-10-31T22:45:15.153+0000] {logging_mixin.py:120} INFO - [2022-10-31T22:45:15.153+0000] {dag.py:3336} INFO - Setting next_dagrun for dataset_produces_2 to None, run_after=None
[2022-10-31T22:45:15.202+0000] {processor.py:176} INFO - Processing /root/.local/share/virtualenvs/workspace-dqq3IVyd/lib/python3.10/site-packages/airflow/example_dags/example_datasets.py took 0.143 seconds
[2022-10-31T22:45:53.286+0000] {processor.py:154} INFO - Started process (PID=1887) to work on /root/.local/share/virtualenvs/workspace-dqq3IVyd/lib/python3.10/site-packages/airflow/example_dags/example_datasets.py
[2022-10-31T22:45:53.287+0000] {processor.py:756} INFO - Processing file /root/.local/share/virtualenvs/workspace-dqq3IVyd/lib/python3.10/site-packages/airflow/example_dags/example_datasets.py for tasks to queue
[2022-10-31T22:45:53.288+0000] {logging_mixin.py:120} INFO - [2022-10-31T22:45:53.288+0000] {dagbag.py:537} INFO - Filling up the DagBag from /root/.local/share/virtualenvs/workspace-dqq3IVyd/lib/python3.10/site-packages/airflow/example_dags/example_datasets.py
[2022-10-31T22:45:53.301+0000] {processor.py:766} INFO - DAG(s) dict_keys(['dataset_produces_2', 'dataset_consumes_unknown_never_scheduled', 'dataset_consumes_1_and_2', 'dataset_consumes_1_never_scheduled', 'dataset_consumes_1', 'dataset_produces_1']) retrieved from /root/.local/share/virtualenvs/workspace-dqq3IVyd/lib/python3.10/site-packages/airflow/example_dags/example_datasets.py
[2022-10-31T22:45:53.347+0000] {logging_mixin.py:120} INFO - [2022-10-31T22:45:53.347+0000] {dag.py:2585} INFO - Sync 6 DAGs
[2022-10-31T22:45:53.367+0000] {logging_mixin.py:120} INFO - [2022-10-31T22:45:53.367+0000] {dag.py:3336} INFO - Setting next_dagrun for dataset_consumes_1 to None, run_after=None
[2022-10-31T22:45:53.370+0000] {logging_mixin.py:120} INFO - [2022-10-31T22:45:53.370+0000] {dag.py:3336} INFO - Setting next_dagrun for dataset_consumes_1_and_2 to None, run_after=None
[2022-10-31T22:45:53.372+0000] {logging_mixin.py:120} INFO - [2022-10-31T22:45:53.372+0000] {dag.py:3336} INFO - Setting next_dagrun for dataset_consumes_1_never_scheduled to None, run_after=None
[2022-10-31T22:45:53.373+0000] {logging_mixin.py:120} INFO - [2022-10-31T22:45:53.373+0000] {dag.py:3336} INFO - Setting next_dagrun for dataset_consumes_unknown_never_scheduled to None, run_after=None
[2022-10-31T22:45:53.376+0000] {logging_mixin.py:120} INFO - [2022-10-31T22:45:53.376+0000] {dag.py:3336} INFO - Setting next_dagrun for dataset_produces_1 to 2022-10-30T00:00:00+00:00, run_after=2022-10-31T00:00:00+00:00
[2022-10-31T22:45:53.377+0000] {logging_mixin.py:120} INFO - [2022-10-31T22:45:53.377+0000] {dag.py:3336} INFO - Setting next_dagrun for dataset_produces_2 to None, run_after=None
[2022-10-31T22:45:53.433+0000] {processor.py:176} INFO - Processing /root/.local/share/virtualenvs/workspace-dqq3IVyd/lib/python3.10/site-packages/airflow/example_dags/example_datasets.py took 0.149 seconds
[2022-10-31T22:46:34.124+0000] {processor.py:154} INFO - Started process (PID=2191) to work on /root/.local/share/virtualenvs/workspace-dqq3IVyd/lib/python3.10/site-packages/airflow/example_dags/example_datasets.py
[2022-10-31T22:46:34.125+0000] {processor.py:756} INFO - Processing file /root/.local/share/virtualenvs/workspace-dqq3IVyd/lib/python3.10/site-packages/airflow/example_dags/example_datasets.py for tasks to queue
[2022-10-31T22:46:34.126+0000] {logging_mixin.py:120} INFO - [2022-10-31T22:46:34.126+0000] {dagbag.py:537} INFO - Filling up the DagBag from /root/.local/share/virtualenvs/workspace-dqq3IVyd/lib/python3.10/site-packages/airflow/example_dags/example_datasets.py
[2022-10-31T22:46:34.138+0000] {processor.py:766} INFO - DAG(s) dict_keys(['dataset_produces_2', 'dataset_consumes_1_and_2', 'dataset_consumes_1', 'dataset_consumes_unknown_never_scheduled', 'dataset_produces_1', 'dataset_consumes_1_never_scheduled']) retrieved from /root/.local/share/virtualenvs/workspace-dqq3IVyd/lib/python3.10/site-packages/airflow/example_dags/example_datasets.py
[2022-10-31T22:46:34.189+0000] {logging_mixin.py:120} INFO - [2022-10-31T22:46:34.189+0000] {dag.py:2585} INFO - Sync 6 DAGs
[2022-10-31T22:46:34.210+0000] {logging_mixin.py:120} INFO - [2022-10-31T22:46:34.210+0000] {dag.py:3336} INFO - Setting next_dagrun for dataset_consumes_1 to None, run_after=None
[2022-10-31T22:46:34.214+0000] {logging_mixin.py:120} INFO - [2022-10-31T22:46:34.213+0000] {dag.py:3336} INFO - Setting next_dagrun for dataset_consumes_1_and_2 to None, run_after=None
[2022-10-31T22:46:34.215+0000] {logging_mixin.py:120} INFO - [2022-10-31T22:46:34.215+0000] {dag.py:3336} INFO - Setting next_dagrun for dataset_consumes_1_never_scheduled to None, run_after=None
[2022-10-31T22:46:34.217+0000] {logging_mixin.py:120} INFO - [2022-10-31T22:46:34.217+0000] {dag.py:3336} INFO - Setting next_dagrun for dataset_consumes_unknown_never_scheduled to None, run_after=None
[2022-10-31T22:46:34.221+0000] {logging_mixin.py:120} INFO - [2022-10-31T22:46:34.221+0000] {dag.py:3336} INFO - Setting next_dagrun for dataset_produces_1 to 2022-10-30T00:00:00+00:00, run_after=2022-10-31T00:00:00+00:00
[2022-10-31T22:46:34.223+0000] {logging_mixin.py:120} INFO - [2022-10-31T22:46:34.223+0000] {dag.py:3336} INFO - Setting next_dagrun for dataset_produces_2 to None, run_after=None
[2022-10-31T22:46:34.279+0000] {processor.py:176} INFO - Processing /root/.local/share/virtualenvs/workspace-dqq3IVyd/lib/python3.10/site-packages/airflow/example_dags/example_datasets.py took 0.158 seconds
[2022-10-31T22:47:14.905+0000] {processor.py:154} INFO - Started process (PID=2494) to work on /root/.local/share/virtualenvs/workspace-dqq3IVyd/lib/python3.10/site-packages/airflow/example_dags/example_datasets.py
[2022-10-31T22:47:14.905+0000] {processor.py:756} INFO - Processing file /root/.local/share/virtualenvs/workspace-dqq3IVyd/lib/python3.10/site-packages/airflow/example_dags/example_datasets.py for tasks to queue
[2022-10-31T22:47:14.906+0000] {logging_mixin.py:120} INFO - [2022-10-31T22:47:14.906+0000] {dagbag.py:537} INFO - Filling up the DagBag from /root/.local/share/virtualenvs/workspace-dqq3IVyd/lib/python3.10/site-packages/airflow/example_dags/example_datasets.py
[2022-10-31T22:47:14.919+0000] {processor.py:766} INFO - DAG(s) dict_keys(['dataset_produces_1', 'dataset_produces_2', 'dataset_consumes_1_never_scheduled', 'dataset_consumes_unknown_never_scheduled', 'dataset_consumes_1', 'dataset_consumes_1_and_2']) retrieved from /root/.local/share/virtualenvs/workspace-dqq3IVyd/lib/python3.10/site-packages/airflow/example_dags/example_datasets.py
[2022-10-31T22:47:14.967+0000] {logging_mixin.py:120} INFO - [2022-10-31T22:47:14.967+0000] {dag.py:2585} INFO - Sync 6 DAGs
[2022-10-31T22:47:14.985+0000] {logging_mixin.py:120} INFO - [2022-10-31T22:47:14.985+0000] {dag.py:3336} INFO - Setting next_dagrun for dataset_consumes_1 to None, run_after=None
[2022-10-31T22:47:14.988+0000] {logging_mixin.py:120} INFO - [2022-10-31T22:47:14.988+0000] {dag.py:3336} INFO - Setting next_dagrun for dataset_consumes_1_and_2 to None, run_after=None
[2022-10-31T22:47:14.989+0000] {logging_mixin.py:120} INFO - [2022-10-31T22:47:14.989+0000] {dag.py:3336} INFO - Setting next_dagrun for dataset_consumes_1_never_scheduled to None, run_after=None
[2022-10-31T22:47:14.991+0000] {logging_mixin.py:120} INFO - [2022-10-31T22:47:14.991+0000] {dag.py:3336} INFO - Setting next_dagrun for dataset_consumes_unknown_never_scheduled to None, run_after=None
[2022-10-31T22:47:14.993+0000] {logging_mixin.py:120} INFO - [2022-10-31T22:47:14.993+0000] {dag.py:3336} INFO - Setting next_dagrun for dataset_produces_1 to 2022-10-30T00:00:00+00:00, run_after=2022-10-31T00:00:00+00:00
[2022-10-31T22:47:14.995+0000] {logging_mixin.py:120} INFO - [2022-10-31T22:47:14.994+0000] {dag.py:3336} INFO - Setting next_dagrun for dataset_produces_2 to None, run_after=None
[2022-10-31T22:47:15.042+0000] {processor.py:176} INFO - Processing /root/.local/share/virtualenvs/workspace-dqq3IVyd/lib/python3.10/site-packages/airflow/example_dags/example_datasets.py took 0.140 seconds
[2022-10-31T22:47:50.211+0000] {processor.py:154} INFO - Started process (PID=2762) to work on /root/.local/share/virtualenvs/workspace-dqq3IVyd/lib/python3.10/site-packages/airflow/example_dags/example_datasets.py
[2022-10-31T22:47:50.211+0000] {processor.py:756} INFO - Processing file /root/.local/share/virtualenvs/workspace-dqq3IVyd/lib/python3.10/site-packages/airflow/example_dags/example_datasets.py for tasks to queue
[2022-10-31T22:47:50.212+0000] {logging_mixin.py:120} INFO - [2022-10-31T22:47:50.212+0000] {dagbag.py:537} INFO - Filling up the DagBag from /root/.local/share/virtualenvs/workspace-dqq3IVyd/lib/python3.10/site-packages/airflow/example_dags/example_datasets.py
[2022-10-31T22:47:50.230+0000] {processor.py:766} INFO - DAG(s) dict_keys(['dataset_consumes_1', 'dataset_produces_1', 'dataset_produces_2', 'dataset_consumes_1_never_scheduled', 'dataset_consumes_1_and_2', 'dataset_consumes_unknown_never_scheduled']) retrieved from /root/.local/share/virtualenvs/workspace-dqq3IVyd/lib/python3.10/site-packages/airflow/example_dags/example_datasets.py
[2022-10-31T22:47:50.289+0000] {logging_mixin.py:120} INFO - [2022-10-31T22:47:50.289+0000] {dag.py:2585} INFO - Sync 6 DAGs
[2022-10-31T22:47:50.307+0000] {logging_mixin.py:120} INFO - [2022-10-31T22:47:50.307+0000] {dag.py:3336} INFO - Setting next_dagrun for dataset_consumes_1 to None, run_after=None
[2022-10-31T22:47:50.310+0000] {logging_mixin.py:120} INFO - [2022-10-31T22:47:50.310+0000] {dag.py:3336} INFO - Setting next_dagrun for dataset_consumes_1_and_2 to None, run_after=None
[2022-10-31T22:47:50.311+0000] {logging_mixin.py:120} INFO - [2022-10-31T22:47:50.311+0000] {dag.py:3336} INFO - Setting next_dagrun for dataset_consumes_1_never_scheduled to None, run_after=None
[2022-10-31T22:47:50.313+0000] {logging_mixin.py:120} INFO - [2022-10-31T22:47:50.313+0000] {dag.py:3336} INFO - Setting next_dagrun for dataset_consumes_unknown_never_scheduled to None, run_after=None
[2022-10-31T22:47:50.315+0000] {logging_mixin.py:120} INFO - [2022-10-31T22:47:50.315+0000] {dag.py:3336} INFO - Setting next_dagrun for dataset_produces_1 to 2022-10-30T00:00:00+00:00, run_after=2022-10-31T00:00:00+00:00
[2022-10-31T22:47:50.317+0000] {logging_mixin.py:120} INFO - [2022-10-31T22:47:50.317+0000] {dag.py:3336} INFO - Setting next_dagrun for dataset_produces_2 to None, run_after=None
[2022-10-31T22:47:50.365+0000] {processor.py:176} INFO - Processing /root/.local/share/virtualenvs/workspace-dqq3IVyd/lib/python3.10/site-packages/airflow/example_dags/example_datasets.py took 0.157 seconds
