[2022-10-31T22:44:28.730+0000] {processor.py:154} INFO - Started process (PID=1225) to work on /root/.local/share/virtualenvs/workspace-dqq3IVyd/lib/python3.10/site-packages/airflow/example_dags/example_task_group.py
[2022-10-31T22:44:28.731+0000] {processor.py:756} INFO - Processing file /root/.local/share/virtualenvs/workspace-dqq3IVyd/lib/python3.10/site-packages/airflow/example_dags/example_task_group.py for tasks to queue
[2022-10-31T22:44:28.731+0000] {logging_mixin.py:120} INFO - [2022-10-31T22:44:28.731+0000] {dagbag.py:537} INFO - Filling up the DagBag from /root/.local/share/virtualenvs/workspace-dqq3IVyd/lib/python3.10/site-packages/airflow/example_dags/example_task_group.py
[2022-10-31T22:44:28.820+0000] {processor.py:766} INFO - DAG(s) dict_keys(['example_task_group']) retrieved from /root/.local/share/virtualenvs/workspace-dqq3IVyd/lib/python3.10/site-packages/airflow/example_dags/example_task_group.py
[2022-10-31T22:44:28.939+0000] {logging_mixin.py:120} INFO - [2022-10-31T22:44:28.939+0000] {manager.py:507} INFO - Created Permission View: can read on DAG:example_task_group
[2022-10-31T22:44:28.961+0000] {logging_mixin.py:120} INFO - [2022-10-31T22:44:28.961+0000] {manager.py:507} INFO - Created Permission View: can edit on DAG:example_task_group
[2022-10-31T22:44:28.984+0000] {logging_mixin.py:120} INFO - [2022-10-31T22:44:28.983+0000] {manager.py:507} INFO - Created Permission View: can delete on DAG:example_task_group
[2022-10-31T22:44:28.984+0000] {logging_mixin.py:120} INFO - [2022-10-31T22:44:28.984+0000] {dag.py:2585} INFO - Sync 1 DAGs
[2022-10-31T22:44:28.996+0000] {logging_mixin.py:120} INFO - [2022-10-31T22:44:28.996+0000] {dag.py:2606} INFO - Creating ORM DAG for example_task_group
[2022-10-31T22:44:29.005+0000] {logging_mixin.py:120} INFO - [2022-10-31T22:44:29.004+0000] {dag.py:3336} INFO - Setting next_dagrun for example_task_group to 2022-10-30T22:44:29.004798+00:00, run_after=2022-10-31T22:44:29.004798+00:00
[2022-10-31T22:44:29.051+0000] {processor.py:176} INFO - Processing /root/.local/share/virtualenvs/workspace-dqq3IVyd/lib/python3.10/site-packages/airflow/example_dags/example_task_group.py took 0.323 seconds
[2022-10-31T22:45:13.765+0000] {processor.py:154} INFO - Started process (PID=1588) to work on /root/.local/share/virtualenvs/workspace-dqq3IVyd/lib/python3.10/site-packages/airflow/example_dags/example_task_group.py
[2022-10-31T22:45:13.766+0000] {processor.py:756} INFO - Processing file /root/.local/share/virtualenvs/workspace-dqq3IVyd/lib/python3.10/site-packages/airflow/example_dags/example_task_group.py for tasks to queue
[2022-10-31T22:45:13.767+0000] {logging_mixin.py:120} INFO - [2022-10-31T22:45:13.767+0000] {dagbag.py:537} INFO - Filling up the DagBag from /root/.local/share/virtualenvs/workspace-dqq3IVyd/lib/python3.10/site-packages/airflow/example_dags/example_task_group.py
[2022-10-31T22:45:13.783+0000] {processor.py:766} INFO - DAG(s) dict_keys(['example_task_group']) retrieved from /root/.local/share/virtualenvs/workspace-dqq3IVyd/lib/python3.10/site-packages/airflow/example_dags/example_task_group.py
[2022-10-31T22:45:13.818+0000] {logging_mixin.py:120} INFO - [2022-10-31T22:45:13.818+0000] {dag.py:2585} INFO - Sync 1 DAGs
[2022-10-31T22:45:13.838+0000] {logging_mixin.py:120} INFO - [2022-10-31T22:45:13.838+0000] {dag.py:3336} INFO - Setting next_dagrun for example_task_group to 2022-10-30T22:45:13.838257+00:00, run_after=2022-10-31T22:45:13.838257+00:00
[2022-10-31T22:45:13.884+0000] {processor.py:176} INFO - Processing /root/.local/share/virtualenvs/workspace-dqq3IVyd/lib/python3.10/site-packages/airflow/example_dags/example_task_group.py took 0.121 seconds
[2022-10-31T22:45:52.410+0000] {processor.py:154} INFO - Started process (PID=1879) to work on /root/.local/share/virtualenvs/workspace-dqq3IVyd/lib/python3.10/site-packages/airflow/example_dags/example_task_group.py
[2022-10-31T22:45:52.410+0000] {processor.py:756} INFO - Processing file /root/.local/share/virtualenvs/workspace-dqq3IVyd/lib/python3.10/site-packages/airflow/example_dags/example_task_group.py for tasks to queue
[2022-10-31T22:45:52.411+0000] {logging_mixin.py:120} INFO - [2022-10-31T22:45:52.411+0000] {dagbag.py:537} INFO - Filling up the DagBag from /root/.local/share/virtualenvs/workspace-dqq3IVyd/lib/python3.10/site-packages/airflow/example_dags/example_task_group.py
[2022-10-31T22:45:52.425+0000] {processor.py:766} INFO - DAG(s) dict_keys(['example_task_group']) retrieved from /root/.local/share/virtualenvs/workspace-dqq3IVyd/lib/python3.10/site-packages/airflow/example_dags/example_task_group.py
[2022-10-31T22:45:52.458+0000] {logging_mixin.py:120} INFO - [2022-10-31T22:45:52.458+0000] {dag.py:2585} INFO - Sync 1 DAGs
[2022-10-31T22:45:52.478+0000] {logging_mixin.py:120} INFO - [2022-10-31T22:45:52.478+0000] {dag.py:3336} INFO - Setting next_dagrun for example_task_group to 2022-10-30T22:45:52.478482+00:00, run_after=2022-10-31T22:45:52.478482+00:00
[2022-10-31T22:45:52.521+0000] {processor.py:176} INFO - Processing /root/.local/share/virtualenvs/workspace-dqq3IVyd/lib/python3.10/site-packages/airflow/example_dags/example_task_group.py took 0.113 seconds
[2022-10-31T22:46:33.356+0000] {processor.py:154} INFO - Started process (PID=2190) to work on /root/.local/share/virtualenvs/workspace-dqq3IVyd/lib/python3.10/site-packages/airflow/example_dags/example_task_group.py
[2022-10-31T22:46:33.356+0000] {processor.py:756} INFO - Processing file /root/.local/share/virtualenvs/workspace-dqq3IVyd/lib/python3.10/site-packages/airflow/example_dags/example_task_group.py for tasks to queue
[2022-10-31T22:46:33.357+0000] {logging_mixin.py:120} INFO - [2022-10-31T22:46:33.357+0000] {dagbag.py:537} INFO - Filling up the DagBag from /root/.local/share/virtualenvs/workspace-dqq3IVyd/lib/python3.10/site-packages/airflow/example_dags/example_task_group.py
[2022-10-31T22:46:33.369+0000] {processor.py:766} INFO - DAG(s) dict_keys(['example_task_group']) retrieved from /root/.local/share/virtualenvs/workspace-dqq3IVyd/lib/python3.10/site-packages/airflow/example_dags/example_task_group.py
[2022-10-31T22:46:33.406+0000] {logging_mixin.py:120} INFO - [2022-10-31T22:46:33.405+0000] {dag.py:2585} INFO - Sync 1 DAGs
[2022-10-31T22:46:33.425+0000] {logging_mixin.py:120} INFO - [2022-10-31T22:46:33.425+0000] {dag.py:3336} INFO - Setting next_dagrun for example_task_group to 2022-10-30T22:46:33.425153+00:00, run_after=2022-10-31T22:46:33.425153+00:00
[2022-10-31T22:46:33.467+0000] {processor.py:176} INFO - Processing /root/.local/share/virtualenvs/workspace-dqq3IVyd/lib/python3.10/site-packages/airflow/example_dags/example_task_group.py took 0.114 seconds
[2022-10-31T22:47:13.609+0000] {processor.py:154} INFO - Started process (PID=2493) to work on /root/.local/share/virtualenvs/workspace-dqq3IVyd/lib/python3.10/site-packages/airflow/example_dags/example_task_group.py
[2022-10-31T22:47:13.610+0000] {processor.py:756} INFO - Processing file /root/.local/share/virtualenvs/workspace-dqq3IVyd/lib/python3.10/site-packages/airflow/example_dags/example_task_group.py for tasks to queue
[2022-10-31T22:47:13.611+0000] {logging_mixin.py:120} INFO - [2022-10-31T22:47:13.611+0000] {dagbag.py:537} INFO - Filling up the DagBag from /root/.local/share/virtualenvs/workspace-dqq3IVyd/lib/python3.10/site-packages/airflow/example_dags/example_task_group.py
[2022-10-31T22:47:13.624+0000] {processor.py:766} INFO - DAG(s) dict_keys(['example_task_group']) retrieved from /root/.local/share/virtualenvs/workspace-dqq3IVyd/lib/python3.10/site-packages/airflow/example_dags/example_task_group.py
[2022-10-31T22:47:13.654+0000] {logging_mixin.py:120} INFO - [2022-10-31T22:47:13.653+0000] {dag.py:2585} INFO - Sync 1 DAGs
[2022-10-31T22:47:13.673+0000] {logging_mixin.py:120} INFO - [2022-10-31T22:47:13.672+0000] {dag.py:3336} INFO - Setting next_dagrun for example_task_group to 2022-10-30T22:47:13.672793+00:00, run_after=2022-10-31T22:47:13.672793+00:00
[2022-10-31T22:47:13.711+0000] {processor.py:176} INFO - Processing /root/.local/share/virtualenvs/workspace-dqq3IVyd/lib/python3.10/site-packages/airflow/example_dags/example_task_group.py took 0.104 seconds
[2022-10-31T22:47:49.688+0000] {processor.py:154} INFO - Started process (PID=2755) to work on /root/.local/share/virtualenvs/workspace-dqq3IVyd/lib/python3.10/site-packages/airflow/example_dags/example_task_group.py
[2022-10-31T22:47:49.688+0000] {processor.py:756} INFO - Processing file /root/.local/share/virtualenvs/workspace-dqq3IVyd/lib/python3.10/site-packages/airflow/example_dags/example_task_group.py for tasks to queue
[2022-10-31T22:47:49.689+0000] {logging_mixin.py:120} INFO - [2022-10-31T22:47:49.689+0000] {dagbag.py:537} INFO - Filling up the DagBag from /root/.local/share/virtualenvs/workspace-dqq3IVyd/lib/python3.10/site-packages/airflow/example_dags/example_task_group.py
[2022-10-31T22:47:49.702+0000] {processor.py:766} INFO - DAG(s) dict_keys(['example_task_group']) retrieved from /root/.local/share/virtualenvs/workspace-dqq3IVyd/lib/python3.10/site-packages/airflow/example_dags/example_task_group.py
[2022-10-31T22:47:49.734+0000] {logging_mixin.py:120} INFO - [2022-10-31T22:47:49.734+0000] {dag.py:2585} INFO - Sync 1 DAGs
[2022-10-31T22:47:49.755+0000] {logging_mixin.py:120} INFO - [2022-10-31T22:47:49.755+0000] {dag.py:3336} INFO - Setting next_dagrun for example_task_group to 2022-10-30T22:47:49.755524+00:00, run_after=2022-10-31T22:47:49.755524+00:00
[2022-10-31T22:47:49.805+0000] {processor.py:176} INFO - Processing /root/.local/share/virtualenvs/workspace-dqq3IVyd/lib/python3.10/site-packages/airflow/example_dags/example_task_group.py took 0.121 seconds
