[2022-10-31T22:44:31.273+0000] {processor.py:154} INFO - Started process (PID=1242) to work on /root/.local/share/virtualenvs/workspace-dqq3IVyd/lib/python3.10/site-packages/airflow/example_dags/example_complex.py
[2022-10-31T22:44:31.274+0000] {processor.py:756} INFO - Processing file /root/.local/share/virtualenvs/workspace-dqq3IVyd/lib/python3.10/site-packages/airflow/example_dags/example_complex.py for tasks to queue
[2022-10-31T22:44:31.274+0000] {logging_mixin.py:120} INFO - [2022-10-31T22:44:31.274+0000] {dagbag.py:537} INFO - Filling up the DagBag from /root/.local/share/virtualenvs/workspace-dqq3IVyd/lib/python3.10/site-packages/airflow/example_dags/example_complex.py
[2022-10-31T22:44:31.357+0000] {logging_mixin.py:120} INFO - [2022-10-31T22:44:31.357+0000] {taskmixin.py:205} WARNING - Dependency <Task(BashOperator): create_entry_group>, delete_entry_group already registered for DAG: example_complex
[2022-10-31T22:44:31.357+0000] {logging_mixin.py:120} INFO - [2022-10-31T22:44:31.357+0000] {taskmixin.py:205} WARNING - Dependency <Task(BashOperator): delete_entry_group>, create_entry_group already registered for DAG: example_complex
[2022-10-31T22:44:31.358+0000] {logging_mixin.py:120} INFO - [2022-10-31T22:44:31.358+0000] {taskmixin.py:205} WARNING - Dependency <Task(BashOperator): create_entry_gcs>, delete_entry already registered for DAG: example_complex
[2022-10-31T22:44:31.358+0000] {logging_mixin.py:120} INFO - [2022-10-31T22:44:31.358+0000] {taskmixin.py:205} WARNING - Dependency <Task(BashOperator): delete_entry>, create_entry_gcs already registered for DAG: example_complex
[2022-10-31T22:44:31.359+0000] {logging_mixin.py:120} INFO - [2022-10-31T22:44:31.359+0000] {taskmixin.py:205} WARNING - Dependency <Task(BashOperator): create_tag>, delete_tag already registered for DAG: example_complex
[2022-10-31T22:44:31.359+0000] {logging_mixin.py:120} INFO - [2022-10-31T22:44:31.359+0000] {taskmixin.py:205} WARNING - Dependency <Task(BashOperator): delete_tag>, create_tag already registered for DAG: example_complex
[2022-10-31T22:44:31.364+0000] {processor.py:766} INFO - DAG(s) dict_keys(['example_complex']) retrieved from /root/.local/share/virtualenvs/workspace-dqq3IVyd/lib/python3.10/site-packages/airflow/example_dags/example_complex.py
[2022-10-31T22:44:31.473+0000] {logging_mixin.py:120} INFO - [2022-10-31T22:44:31.473+0000] {manager.py:507} INFO - Created Permission View: can read on DAG:example_complex
[2022-10-31T22:44:31.493+0000] {logging_mixin.py:120} INFO - [2022-10-31T22:44:31.493+0000] {manager.py:507} INFO - Created Permission View: can edit on DAG:example_complex
[2022-10-31T22:44:31.513+0000] {logging_mixin.py:120} INFO - [2022-10-31T22:44:31.513+0000] {manager.py:507} INFO - Created Permission View: can delete on DAG:example_complex
[2022-10-31T22:44:31.513+0000] {logging_mixin.py:120} INFO - [2022-10-31T22:44:31.513+0000] {dag.py:2585} INFO - Sync 1 DAGs
[2022-10-31T22:44:31.524+0000] {logging_mixin.py:120} INFO - [2022-10-31T22:44:31.524+0000] {dag.py:2606} INFO - Creating ORM DAG for example_complex
[2022-10-31T22:44:31.533+0000] {logging_mixin.py:120} INFO - [2022-10-31T22:44:31.533+0000] {dag.py:3336} INFO - Setting next_dagrun for example_complex to None, run_after=None
[2022-10-31T22:44:31.596+0000] {processor.py:176} INFO - Processing /root/.local/share/virtualenvs/workspace-dqq3IVyd/lib/python3.10/site-packages/airflow/example_dags/example_complex.py took 0.324 seconds
[2022-10-31T22:45:16.326+0000] {processor.py:154} INFO - Started process (PID=1596) to work on /root/.local/share/virtualenvs/workspace-dqq3IVyd/lib/python3.10/site-packages/airflow/example_dags/example_complex.py
[2022-10-31T22:45:16.327+0000] {processor.py:756} INFO - Processing file /root/.local/share/virtualenvs/workspace-dqq3IVyd/lib/python3.10/site-packages/airflow/example_dags/example_complex.py for tasks to queue
[2022-10-31T22:45:16.328+0000] {logging_mixin.py:120} INFO - [2022-10-31T22:45:16.328+0000] {dagbag.py:537} INFO - Filling up the DagBag from /root/.local/share/virtualenvs/workspace-dqq3IVyd/lib/python3.10/site-packages/airflow/example_dags/example_complex.py
[2022-10-31T22:45:16.338+0000] {logging_mixin.py:120} INFO - [2022-10-31T22:45:16.338+0000] {taskmixin.py:205} WARNING - Dependency <Task(BashOperator): create_entry_group>, delete_entry_group already registered for DAG: example_complex
[2022-10-31T22:45:16.339+0000] {logging_mixin.py:120} INFO - [2022-10-31T22:45:16.339+0000] {taskmixin.py:205} WARNING - Dependency <Task(BashOperator): delete_entry_group>, create_entry_group already registered for DAG: example_complex
[2022-10-31T22:45:16.339+0000] {logging_mixin.py:120} INFO - [2022-10-31T22:45:16.339+0000] {taskmixin.py:205} WARNING - Dependency <Task(BashOperator): create_entry_gcs>, delete_entry already registered for DAG: example_complex
[2022-10-31T22:45:16.339+0000] {logging_mixin.py:120} INFO - [2022-10-31T22:45:16.339+0000] {taskmixin.py:205} WARNING - Dependency <Task(BashOperator): delete_entry>, create_entry_gcs already registered for DAG: example_complex
[2022-10-31T22:45:16.340+0000] {logging_mixin.py:120} INFO - [2022-10-31T22:45:16.340+0000] {taskmixin.py:205} WARNING - Dependency <Task(BashOperator): create_tag>, delete_tag already registered for DAG: example_complex
[2022-10-31T22:45:16.341+0000] {logging_mixin.py:120} INFO - [2022-10-31T22:45:16.340+0000] {taskmixin.py:205} WARNING - Dependency <Task(BashOperator): delete_tag>, create_tag already registered for DAG: example_complex
[2022-10-31T22:45:16.348+0000] {processor.py:766} INFO - DAG(s) dict_keys(['example_complex']) retrieved from /root/.local/share/virtualenvs/workspace-dqq3IVyd/lib/python3.10/site-packages/airflow/example_dags/example_complex.py
[2022-10-31T22:45:16.391+0000] {logging_mixin.py:120} INFO - [2022-10-31T22:45:16.390+0000] {dag.py:2585} INFO - Sync 1 DAGs
[2022-10-31T22:45:16.414+0000] {logging_mixin.py:120} INFO - [2022-10-31T22:45:16.413+0000] {dag.py:3336} INFO - Setting next_dagrun for example_complex to None, run_after=None
[2022-10-31T22:45:16.467+0000] {processor.py:176} INFO - Processing /root/.local/share/virtualenvs/workspace-dqq3IVyd/lib/python3.10/site-packages/airflow/example_dags/example_complex.py took 0.143 seconds
[2022-10-31T22:45:54.549+0000] {processor.py:154} INFO - Started process (PID=1895) to work on /root/.local/share/virtualenvs/workspace-dqq3IVyd/lib/python3.10/site-packages/airflow/example_dags/example_complex.py
[2022-10-31T22:45:54.550+0000] {processor.py:756} INFO - Processing file /root/.local/share/virtualenvs/workspace-dqq3IVyd/lib/python3.10/site-packages/airflow/example_dags/example_complex.py for tasks to queue
[2022-10-31T22:45:54.551+0000] {logging_mixin.py:120} INFO - [2022-10-31T22:45:54.551+0000] {dagbag.py:537} INFO - Filling up the DagBag from /root/.local/share/virtualenvs/workspace-dqq3IVyd/lib/python3.10/site-packages/airflow/example_dags/example_complex.py
[2022-10-31T22:45:54.560+0000] {logging_mixin.py:120} INFO - [2022-10-31T22:45:54.560+0000] {taskmixin.py:205} WARNING - Dependency <Task(BashOperator): create_entry_group>, delete_entry_group already registered for DAG: example_complex
[2022-10-31T22:45:54.560+0000] {logging_mixin.py:120} INFO - [2022-10-31T22:45:54.560+0000] {taskmixin.py:205} WARNING - Dependency <Task(BashOperator): delete_entry_group>, create_entry_group already registered for DAG: example_complex
[2022-10-31T22:45:54.561+0000] {logging_mixin.py:120} INFO - [2022-10-31T22:45:54.561+0000] {taskmixin.py:205} WARNING - Dependency <Task(BashOperator): create_entry_gcs>, delete_entry already registered for DAG: example_complex
[2022-10-31T22:45:54.561+0000] {logging_mixin.py:120} INFO - [2022-10-31T22:45:54.561+0000] {taskmixin.py:205} WARNING - Dependency <Task(BashOperator): delete_entry>, create_entry_gcs already registered for DAG: example_complex
[2022-10-31T22:45:54.562+0000] {logging_mixin.py:120} INFO - [2022-10-31T22:45:54.562+0000] {taskmixin.py:205} WARNING - Dependency <Task(BashOperator): create_tag>, delete_tag already registered for DAG: example_complex
[2022-10-31T22:45:54.562+0000] {logging_mixin.py:120} INFO - [2022-10-31T22:45:54.562+0000] {taskmixin.py:205} WARNING - Dependency <Task(BashOperator): delete_tag>, create_tag already registered for DAG: example_complex
[2022-10-31T22:45:54.568+0000] {processor.py:766} INFO - DAG(s) dict_keys(['example_complex']) retrieved from /root/.local/share/virtualenvs/workspace-dqq3IVyd/lib/python3.10/site-packages/airflow/example_dags/example_complex.py
[2022-10-31T22:45:54.607+0000] {logging_mixin.py:120} INFO - [2022-10-31T22:45:54.607+0000] {dag.py:2585} INFO - Sync 1 DAGs
[2022-10-31T22:45:54.628+0000] {logging_mixin.py:120} INFO - [2022-10-31T22:45:54.628+0000] {dag.py:3336} INFO - Setting next_dagrun for example_complex to None, run_after=None
[2022-10-31T22:45:54.669+0000] {processor.py:176} INFO - Processing /root/.local/share/virtualenvs/workspace-dqq3IVyd/lib/python3.10/site-packages/airflow/example_dags/example_complex.py took 0.122 seconds
[2022-10-31T22:46:35.392+0000] {processor.py:154} INFO - Started process (PID=2198) to work on /root/.local/share/virtualenvs/workspace-dqq3IVyd/lib/python3.10/site-packages/airflow/example_dags/example_complex.py
[2022-10-31T22:46:35.392+0000] {processor.py:756} INFO - Processing file /root/.local/share/virtualenvs/workspace-dqq3IVyd/lib/python3.10/site-packages/airflow/example_dags/example_complex.py for tasks to queue
[2022-10-31T22:46:35.393+0000] {logging_mixin.py:120} INFO - [2022-10-31T22:46:35.393+0000] {dagbag.py:537} INFO - Filling up the DagBag from /root/.local/share/virtualenvs/workspace-dqq3IVyd/lib/python3.10/site-packages/airflow/example_dags/example_complex.py
[2022-10-31T22:46:35.401+0000] {logging_mixin.py:120} INFO - [2022-10-31T22:46:35.400+0000] {taskmixin.py:205} WARNING - Dependency <Task(BashOperator): create_entry_group>, delete_entry_group already registered for DAG: example_complex
[2022-10-31T22:46:35.401+0000] {logging_mixin.py:120} INFO - [2022-10-31T22:46:35.401+0000] {taskmixin.py:205} WARNING - Dependency <Task(BashOperator): delete_entry_group>, create_entry_group already registered for DAG: example_complex
[2022-10-31T22:46:35.401+0000] {logging_mixin.py:120} INFO - [2022-10-31T22:46:35.401+0000] {taskmixin.py:205} WARNING - Dependency <Task(BashOperator): create_entry_gcs>, delete_entry already registered for DAG: example_complex
[2022-10-31T22:46:35.401+0000] {logging_mixin.py:120} INFO - [2022-10-31T22:46:35.401+0000] {taskmixin.py:205} WARNING - Dependency <Task(BashOperator): delete_entry>, create_entry_gcs already registered for DAG: example_complex
[2022-10-31T22:46:35.402+0000] {logging_mixin.py:120} INFO - [2022-10-31T22:46:35.402+0000] {taskmixin.py:205} WARNING - Dependency <Task(BashOperator): create_tag>, delete_tag already registered for DAG: example_complex
[2022-10-31T22:46:35.402+0000] {logging_mixin.py:120} INFO - [2022-10-31T22:46:35.402+0000] {taskmixin.py:205} WARNING - Dependency <Task(BashOperator): delete_tag>, create_tag already registered for DAG: example_complex
[2022-10-31T22:46:35.407+0000] {processor.py:766} INFO - DAG(s) dict_keys(['example_complex']) retrieved from /root/.local/share/virtualenvs/workspace-dqq3IVyd/lib/python3.10/site-packages/airflow/example_dags/example_complex.py
[2022-10-31T22:46:35.443+0000] {logging_mixin.py:120} INFO - [2022-10-31T22:46:35.443+0000] {dag.py:2585} INFO - Sync 1 DAGs
[2022-10-31T22:46:35.460+0000] {logging_mixin.py:120} INFO - [2022-10-31T22:46:35.460+0000] {dag.py:3336} INFO - Setting next_dagrun for example_complex to None, run_after=None
[2022-10-31T22:46:35.498+0000] {processor.py:176} INFO - Processing /root/.local/share/virtualenvs/workspace-dqq3IVyd/lib/python3.10/site-packages/airflow/example_dags/example_complex.py took 0.109 seconds
[2022-10-31T22:47:15.201+0000] {processor.py:154} INFO - Started process (PID=2501) to work on /root/.local/share/virtualenvs/workspace-dqq3IVyd/lib/python3.10/site-packages/airflow/example_dags/example_complex.py
[2022-10-31T22:47:15.201+0000] {processor.py:756} INFO - Processing file /root/.local/share/virtualenvs/workspace-dqq3IVyd/lib/python3.10/site-packages/airflow/example_dags/example_complex.py for tasks to queue
[2022-10-31T22:47:15.202+0000] {logging_mixin.py:120} INFO - [2022-10-31T22:47:15.202+0000] {dagbag.py:537} INFO - Filling up the DagBag from /root/.local/share/virtualenvs/workspace-dqq3IVyd/lib/python3.10/site-packages/airflow/example_dags/example_complex.py
[2022-10-31T22:47:15.210+0000] {logging_mixin.py:120} INFO - [2022-10-31T22:47:15.210+0000] {taskmixin.py:205} WARNING - Dependency <Task(BashOperator): create_entry_group>, delete_entry_group already registered for DAG: example_complex
[2022-10-31T22:47:15.211+0000] {logging_mixin.py:120} INFO - [2022-10-31T22:47:15.211+0000] {taskmixin.py:205} WARNING - Dependency <Task(BashOperator): delete_entry_group>, create_entry_group already registered for DAG: example_complex
[2022-10-31T22:47:15.211+0000] {logging_mixin.py:120} INFO - [2022-10-31T22:47:15.211+0000] {taskmixin.py:205} WARNING - Dependency <Task(BashOperator): create_entry_gcs>, delete_entry already registered for DAG: example_complex
[2022-10-31T22:47:15.211+0000] {logging_mixin.py:120} INFO - [2022-10-31T22:47:15.211+0000] {taskmixin.py:205} WARNING - Dependency <Task(BashOperator): delete_entry>, create_entry_gcs already registered for DAG: example_complex
[2022-10-31T22:47:15.212+0000] {logging_mixin.py:120} INFO - [2022-10-31T22:47:15.212+0000] {taskmixin.py:205} WARNING - Dependency <Task(BashOperator): create_tag>, delete_tag already registered for DAG: example_complex
[2022-10-31T22:47:15.212+0000] {logging_mixin.py:120} INFO - [2022-10-31T22:47:15.212+0000] {taskmixin.py:205} WARNING - Dependency <Task(BashOperator): delete_tag>, create_tag already registered for DAG: example_complex
[2022-10-31T22:47:15.218+0000] {processor.py:766} INFO - DAG(s) dict_keys(['example_complex']) retrieved from /root/.local/share/virtualenvs/workspace-dqq3IVyd/lib/python3.10/site-packages/airflow/example_dags/example_complex.py
[2022-10-31T22:47:15.255+0000] {logging_mixin.py:120} INFO - [2022-10-31T22:47:15.255+0000] {dag.py:2585} INFO - Sync 1 DAGs
[2022-10-31T22:47:15.273+0000] {logging_mixin.py:120} INFO - [2022-10-31T22:47:15.272+0000] {dag.py:3336} INFO - Setting next_dagrun for example_complex to None, run_after=None
[2022-10-31T22:47:15.310+0000] {processor.py:176} INFO - Processing /root/.local/share/virtualenvs/workspace-dqq3IVyd/lib/python3.10/site-packages/airflow/example_dags/example_complex.py took 0.112 seconds
[2022-10-31T22:47:51.500+0000] {processor.py:154} INFO - Started process (PID=2775) to work on /root/.local/share/virtualenvs/workspace-dqq3IVyd/lib/python3.10/site-packages/airflow/example_dags/example_complex.py
[2022-10-31T22:47:51.501+0000] {processor.py:756} INFO - Processing file /root/.local/share/virtualenvs/workspace-dqq3IVyd/lib/python3.10/site-packages/airflow/example_dags/example_complex.py for tasks to queue
[2022-10-31T22:47:51.501+0000] {logging_mixin.py:120} INFO - [2022-10-31T22:47:51.501+0000] {dagbag.py:537} INFO - Filling up the DagBag from /root/.local/share/virtualenvs/workspace-dqq3IVyd/lib/python3.10/site-packages/airflow/example_dags/example_complex.py
[2022-10-31T22:47:51.510+0000] {logging_mixin.py:120} INFO - [2022-10-31T22:47:51.510+0000] {taskmixin.py:205} WARNING - Dependency <Task(BashOperator): create_entry_group>, delete_entry_group already registered for DAG: example_complex
[2022-10-31T22:47:51.510+0000] {logging_mixin.py:120} INFO - [2022-10-31T22:47:51.510+0000] {taskmixin.py:205} WARNING - Dependency <Task(BashOperator): delete_entry_group>, create_entry_group already registered for DAG: example_complex
[2022-10-31T22:47:51.511+0000] {logging_mixin.py:120} INFO - [2022-10-31T22:47:51.510+0000] {taskmixin.py:205} WARNING - Dependency <Task(BashOperator): create_entry_gcs>, delete_entry already registered for DAG: example_complex
[2022-10-31T22:47:51.511+0000] {logging_mixin.py:120} INFO - [2022-10-31T22:47:51.511+0000] {taskmixin.py:205} WARNING - Dependency <Task(BashOperator): delete_entry>, create_entry_gcs already registered for DAG: example_complex
[2022-10-31T22:47:51.511+0000] {logging_mixin.py:120} INFO - [2022-10-31T22:47:51.511+0000] {taskmixin.py:205} WARNING - Dependency <Task(BashOperator): create_tag>, delete_tag already registered for DAG: example_complex
[2022-10-31T22:47:51.512+0000] {logging_mixin.py:120} INFO - [2022-10-31T22:47:51.512+0000] {taskmixin.py:205} WARNING - Dependency <Task(BashOperator): delete_tag>, create_tag already registered for DAG: example_complex
[2022-10-31T22:47:51.518+0000] {processor.py:766} INFO - DAG(s) dict_keys(['example_complex']) retrieved from /root/.local/share/virtualenvs/workspace-dqq3IVyd/lib/python3.10/site-packages/airflow/example_dags/example_complex.py
[2022-10-31T22:47:51.554+0000] {logging_mixin.py:120} INFO - [2022-10-31T22:47:51.554+0000] {dag.py:2585} INFO - Sync 1 DAGs
[2022-10-31T22:47:51.574+0000] {logging_mixin.py:120} INFO - [2022-10-31T22:47:51.574+0000] {dag.py:3336} INFO - Setting next_dagrun for example_complex to None, run_after=None
[2022-10-31T22:47:51.616+0000] {processor.py:176} INFO - Processing /root/.local/share/virtualenvs/workspace-dqq3IVyd/lib/python3.10/site-packages/airflow/example_dags/example_complex.py took 0.119 seconds
