[2022-10-31T22:44:45.147+0000] {processor.py:154} INFO - Started process (PID=1348) to work on /root/.local/share/virtualenvs/workspace-dqq3IVyd/lib/python3.10/site-packages/airflow/example_dags/example_time_delta_sensor_async.py
[2022-10-31T22:44:45.148+0000] {processor.py:756} INFO - Processing file /root/.local/share/virtualenvs/workspace-dqq3IVyd/lib/python3.10/site-packages/airflow/example_dags/example_time_delta_sensor_async.py for tasks to queue
[2022-10-31T22:44:45.149+0000] {logging_mixin.py:120} INFO - [2022-10-31T22:44:45.149+0000] {dagbag.py:537} INFO - Filling up the DagBag from /root/.local/share/virtualenvs/workspace-dqq3IVyd/lib/python3.10/site-packages/airflow/example_dags/example_time_delta_sensor_async.py
[2022-10-31T22:44:45.239+0000] {processor.py:766} INFO - DAG(s) dict_keys(['example_time_delta_sensor_async']) retrieved from /root/.local/share/virtualenvs/workspace-dqq3IVyd/lib/python3.10/site-packages/airflow/example_dags/example_time_delta_sensor_async.py
[2022-10-31T22:44:45.399+0000] {logging_mixin.py:120} INFO - [2022-10-31T22:44:45.399+0000] {manager.py:507} INFO - Created Permission View: can read on DAG:example_time_delta_sensor_async
[2022-10-31T22:44:45.420+0000] {logging_mixin.py:120} INFO - [2022-10-31T22:44:45.419+0000] {manager.py:507} INFO - Created Permission View: can edit on DAG:example_time_delta_sensor_async
[2022-10-31T22:44:45.440+0000] {logging_mixin.py:120} INFO - [2022-10-31T22:44:45.440+0000] {manager.py:507} INFO - Created Permission View: can delete on DAG:example_time_delta_sensor_async
[2022-10-31T22:44:45.440+0000] {logging_mixin.py:120} INFO - [2022-10-31T22:44:45.440+0000] {dag.py:2585} INFO - Sync 1 DAGs
[2022-10-31T22:44:45.451+0000] {logging_mixin.py:120} INFO - [2022-10-31T22:44:45.451+0000] {dag.py:2606} INFO - Creating ORM DAG for example_time_delta_sensor_async
[2022-10-31T22:44:45.459+0000] {logging_mixin.py:120} INFO - [2022-10-31T22:44:45.459+0000] {dag.py:3336} INFO - Setting next_dagrun for example_time_delta_sensor_async to None, run_after=None
[2022-10-31T22:44:45.498+0000] {processor.py:176} INFO - Processing /root/.local/share/virtualenvs/workspace-dqq3IVyd/lib/python3.10/site-packages/airflow/example_dags/example_time_delta_sensor_async.py took 0.353 seconds
[2022-10-31T22:45:26.739+0000] {processor.py:154} INFO - Started process (PID=1674) to work on /root/.local/share/virtualenvs/workspace-dqq3IVyd/lib/python3.10/site-packages/airflow/example_dags/example_time_delta_sensor_async.py
[2022-10-31T22:45:26.739+0000] {processor.py:756} INFO - Processing file /root/.local/share/virtualenvs/workspace-dqq3IVyd/lib/python3.10/site-packages/airflow/example_dags/example_time_delta_sensor_async.py for tasks to queue
[2022-10-31T22:45:26.740+0000] {logging_mixin.py:120} INFO - [2022-10-31T22:45:26.740+0000] {dagbag.py:537} INFO - Filling up the DagBag from /root/.local/share/virtualenvs/workspace-dqq3IVyd/lib/python3.10/site-packages/airflow/example_dags/example_time_delta_sensor_async.py
[2022-10-31T22:45:26.749+0000] {processor.py:766} INFO - DAG(s) dict_keys(['example_time_delta_sensor_async']) retrieved from /root/.local/share/virtualenvs/workspace-dqq3IVyd/lib/python3.10/site-packages/airflow/example_dags/example_time_delta_sensor_async.py
[2022-10-31T22:45:26.847+0000] {logging_mixin.py:120} INFO - [2022-10-31T22:45:26.847+0000] {dag.py:2585} INFO - Sync 1 DAGs
[2022-10-31T22:45:26.870+0000] {logging_mixin.py:120} INFO - [2022-10-31T22:45:26.870+0000] {dag.py:3336} INFO - Setting next_dagrun for example_time_delta_sensor_async to None, run_after=None
[2022-10-31T22:45:26.911+0000] {processor.py:176} INFO - Processing /root/.local/share/virtualenvs/workspace-dqq3IVyd/lib/python3.10/site-packages/airflow/example_dags/example_time_delta_sensor_async.py took 0.175 seconds
[2022-10-31T22:46:07.198+0000] {processor.py:154} INFO - Started process (PID=1988) to work on /root/.local/share/virtualenvs/workspace-dqq3IVyd/lib/python3.10/site-packages/airflow/example_dags/example_time_delta_sensor_async.py
[2022-10-31T22:46:07.199+0000] {processor.py:756} INFO - Processing file /root/.local/share/virtualenvs/workspace-dqq3IVyd/lib/python3.10/site-packages/airflow/example_dags/example_time_delta_sensor_async.py for tasks to queue
[2022-10-31T22:46:07.200+0000] {logging_mixin.py:120} INFO - [2022-10-31T22:46:07.199+0000] {dagbag.py:537} INFO - Filling up the DagBag from /root/.local/share/virtualenvs/workspace-dqq3IVyd/lib/python3.10/site-packages/airflow/example_dags/example_time_delta_sensor_async.py
[2022-10-31T22:46:07.210+0000] {processor.py:766} INFO - DAG(s) dict_keys(['example_time_delta_sensor_async']) retrieved from /root/.local/share/virtualenvs/workspace-dqq3IVyd/lib/python3.10/site-packages/airflow/example_dags/example_time_delta_sensor_async.py
[2022-10-31T22:46:07.299+0000] {logging_mixin.py:120} INFO - [2022-10-31T22:46:07.299+0000] {dag.py:2585} INFO - Sync 1 DAGs
[2022-10-31T22:46:07.318+0000] {logging_mixin.py:120} INFO - [2022-10-31T22:46:07.318+0000] {dag.py:3336} INFO - Setting next_dagrun for example_time_delta_sensor_async to None, run_after=None
[2022-10-31T22:46:07.358+0000] {processor.py:176} INFO - Processing /root/.local/share/virtualenvs/workspace-dqq3IVyd/lib/python3.10/site-packages/airflow/example_dags/example_time_delta_sensor_async.py took 0.162 seconds
[2022-10-31T22:46:45.659+0000] {processor.py:154} INFO - Started process (PID=2274) to work on /root/.local/share/virtualenvs/workspace-dqq3IVyd/lib/python3.10/site-packages/airflow/example_dags/example_time_delta_sensor_async.py
[2022-10-31T22:46:45.660+0000] {processor.py:756} INFO - Processing file /root/.local/share/virtualenvs/workspace-dqq3IVyd/lib/python3.10/site-packages/airflow/example_dags/example_time_delta_sensor_async.py for tasks to queue
[2022-10-31T22:46:45.660+0000] {logging_mixin.py:120} INFO - [2022-10-31T22:46:45.660+0000] {dagbag.py:537} INFO - Filling up the DagBag from /root/.local/share/virtualenvs/workspace-dqq3IVyd/lib/python3.10/site-packages/airflow/example_dags/example_time_delta_sensor_async.py
[2022-10-31T22:46:45.672+0000] {processor.py:766} INFO - DAG(s) dict_keys(['example_time_delta_sensor_async']) retrieved from /root/.local/share/virtualenvs/workspace-dqq3IVyd/lib/python3.10/site-packages/airflow/example_dags/example_time_delta_sensor_async.py
[2022-10-31T22:46:45.769+0000] {logging_mixin.py:120} INFO - [2022-10-31T22:46:45.769+0000] {dag.py:2585} INFO - Sync 1 DAGs
[2022-10-31T22:46:45.792+0000] {logging_mixin.py:120} INFO - [2022-10-31T22:46:45.792+0000] {dag.py:3336} INFO - Setting next_dagrun for example_time_delta_sensor_async to None, run_after=None
[2022-10-31T22:46:45.839+0000] {processor.py:176} INFO - Processing /root/.local/share/virtualenvs/workspace-dqq3IVyd/lib/python3.10/site-packages/airflow/example_dags/example_time_delta_sensor_async.py took 0.183 seconds
[2022-10-31T22:47:28.023+0000] {processor.py:154} INFO - Started process (PID=2597) to work on /root/.local/share/virtualenvs/workspace-dqq3IVyd/lib/python3.10/site-packages/airflow/example_dags/example_time_delta_sensor_async.py
[2022-10-31T22:47:28.024+0000] {processor.py:756} INFO - Processing file /root/.local/share/virtualenvs/workspace-dqq3IVyd/lib/python3.10/site-packages/airflow/example_dags/example_time_delta_sensor_async.py for tasks to queue
[2022-10-31T22:47:28.025+0000] {logging_mixin.py:120} INFO - [2022-10-31T22:47:28.024+0000] {dagbag.py:537} INFO - Filling up the DagBag from /root/.local/share/virtualenvs/workspace-dqq3IVyd/lib/python3.10/site-packages/airflow/example_dags/example_time_delta_sensor_async.py
[2022-10-31T22:47:28.035+0000] {processor.py:766} INFO - DAG(s) dict_keys(['example_time_delta_sensor_async']) retrieved from /root/.local/share/virtualenvs/workspace-dqq3IVyd/lib/python3.10/site-packages/airflow/example_dags/example_time_delta_sensor_async.py
[2022-10-31T22:47:28.140+0000] {logging_mixin.py:120} INFO - [2022-10-31T22:47:28.140+0000] {dag.py:2585} INFO - Sync 1 DAGs
[2022-10-31T22:47:28.160+0000] {logging_mixin.py:120} INFO - [2022-10-31T22:47:28.159+0000] {dag.py:3336} INFO - Setting next_dagrun for example_time_delta_sensor_async to None, run_after=None
[2022-10-31T22:47:28.201+0000] {processor.py:176} INFO - Processing /root/.local/share/virtualenvs/workspace-dqq3IVyd/lib/python3.10/site-packages/airflow/example_dags/example_time_delta_sensor_async.py took 0.181 seconds
