[2022-10-31T22:44:50.420+0000] {processor.py:154} INFO - Started process (PID=1389) to work on /root/.local/share/virtualenvs/workspace-dqq3IVyd/lib/python3.10/site-packages/airflow/example_dags/example_latest_only_with_trigger.py
[2022-10-31T22:44:50.421+0000] {processor.py:756} INFO - Processing file /root/.local/share/virtualenvs/workspace-dqq3IVyd/lib/python3.10/site-packages/airflow/example_dags/example_latest_only_with_trigger.py for tasks to queue
[2022-10-31T22:44:50.422+0000] {logging_mixin.py:120} INFO - [2022-10-31T22:44:50.422+0000] {dagbag.py:537} INFO - Filling up the DagBag from /root/.local/share/virtualenvs/workspace-dqq3IVyd/lib/python3.10/site-packages/airflow/example_dags/example_latest_only_with_trigger.py
[2022-10-31T22:44:50.513+0000] {processor.py:766} INFO - DAG(s) dict_keys(['latest_only_with_trigger']) retrieved from /root/.local/share/virtualenvs/workspace-dqq3IVyd/lib/python3.10/site-packages/airflow/example_dags/example_latest_only_with_trigger.py
[2022-10-31T22:44:50.620+0000] {logging_mixin.py:120} INFO - [2022-10-31T22:44:50.620+0000] {manager.py:507} INFO - Created Permission View: can read on DAG:latest_only_with_trigger
[2022-10-31T22:44:50.642+0000] {logging_mixin.py:120} INFO - [2022-10-31T22:44:50.641+0000] {manager.py:507} INFO - Created Permission View: can edit on DAG:latest_only_with_trigger
[2022-10-31T22:44:50.663+0000] {logging_mixin.py:120} INFO - [2022-10-31T22:44:50.662+0000] {manager.py:507} INFO - Created Permission View: can delete on DAG:latest_only_with_trigger
[2022-10-31T22:44:50.663+0000] {logging_mixin.py:120} INFO - [2022-10-31T22:44:50.663+0000] {dag.py:2585} INFO - Sync 1 DAGs
[2022-10-31T22:44:50.676+0000] {logging_mixin.py:120} INFO - [2022-10-31T22:44:50.676+0000] {dag.py:2606} INFO - Creating ORM DAG for latest_only_with_trigger
[2022-10-31T22:44:50.684+0000] {logging_mixin.py:120} INFO - [2022-10-31T22:44:50.684+0000] {dag.py:3336} INFO - Setting next_dagrun for latest_only_with_trigger to 2022-10-31T18:44:50.683960+00:00, run_after=2022-10-31T22:44:50.683960+00:00
[2022-10-31T22:44:50.726+0000] {processor.py:176} INFO - Processing /root/.local/share/virtualenvs/workspace-dqq3IVyd/lib/python3.10/site-packages/airflow/example_dags/example_latest_only_with_trigger.py took 0.308 seconds
[2022-10-31T22:45:30.766+0000] {processor.py:154} INFO - Started process (PID=1708) to work on /root/.local/share/virtualenvs/workspace-dqq3IVyd/lib/python3.10/site-packages/airflow/example_dags/example_latest_only_with_trigger.py
[2022-10-31T22:45:30.767+0000] {processor.py:756} INFO - Processing file /root/.local/share/virtualenvs/workspace-dqq3IVyd/lib/python3.10/site-packages/airflow/example_dags/example_latest_only_with_trigger.py for tasks to queue
[2022-10-31T22:45:30.767+0000] {logging_mixin.py:120} INFO - [2022-10-31T22:45:30.767+0000] {dagbag.py:537} INFO - Filling up the DagBag from /root/.local/share/virtualenvs/workspace-dqq3IVyd/lib/python3.10/site-packages/airflow/example_dags/example_latest_only_with_trigger.py
[2022-10-31T22:45:30.779+0000] {processor.py:766} INFO - DAG(s) dict_keys(['latest_only_with_trigger']) retrieved from /root/.local/share/virtualenvs/workspace-dqq3IVyd/lib/python3.10/site-packages/airflow/example_dags/example_latest_only_with_trigger.py
[2022-10-31T22:45:30.810+0000] {logging_mixin.py:120} INFO - [2022-10-31T22:45:30.810+0000] {dag.py:2585} INFO - Sync 1 DAGs
[2022-10-31T22:45:30.828+0000] {logging_mixin.py:120} INFO - [2022-10-31T22:45:30.828+0000] {dag.py:3336} INFO - Setting next_dagrun for latest_only_with_trigger to 2022-10-31T18:45:30.828293+00:00, run_after=2022-10-31T22:45:30.828293+00:00
[2022-10-31T22:45:30.870+0000] {processor.py:176} INFO - Processing /root/.local/share/virtualenvs/workspace-dqq3IVyd/lib/python3.10/site-packages/airflow/example_dags/example_latest_only_with_trigger.py took 0.106 seconds
[2022-10-31T22:46:11.199+0000] {processor.py:154} INFO - Started process (PID=2011) to work on /root/.local/share/virtualenvs/workspace-dqq3IVyd/lib/python3.10/site-packages/airflow/example_dags/example_latest_only_with_trigger.py
[2022-10-31T22:46:11.200+0000] {processor.py:756} INFO - Processing file /root/.local/share/virtualenvs/workspace-dqq3IVyd/lib/python3.10/site-packages/airflow/example_dags/example_latest_only_with_trigger.py for tasks to queue
[2022-10-31T22:46:11.200+0000] {logging_mixin.py:120} INFO - [2022-10-31T22:46:11.200+0000] {dagbag.py:537} INFO - Filling up the DagBag from /root/.local/share/virtualenvs/workspace-dqq3IVyd/lib/python3.10/site-packages/airflow/example_dags/example_latest_only_with_trigger.py
[2022-10-31T22:46:11.212+0000] {processor.py:766} INFO - DAG(s) dict_keys(['latest_only_with_trigger']) retrieved from /root/.local/share/virtualenvs/workspace-dqq3IVyd/lib/python3.10/site-packages/airflow/example_dags/example_latest_only_with_trigger.py
[2022-10-31T22:46:11.243+0000] {logging_mixin.py:120} INFO - [2022-10-31T22:46:11.242+0000] {dag.py:2585} INFO - Sync 1 DAGs
[2022-10-31T22:46:11.262+0000] {logging_mixin.py:120} INFO - [2022-10-31T22:46:11.262+0000] {dag.py:3336} INFO - Setting next_dagrun for latest_only_with_trigger to 2022-10-31T18:46:11.262252+00:00, run_after=2022-10-31T22:46:11.262252+00:00
[2022-10-31T22:46:11.302+0000] {processor.py:176} INFO - Processing /root/.local/share/virtualenvs/workspace-dqq3IVyd/lib/python3.10/site-packages/airflow/example_dags/example_latest_only_with_trigger.py took 0.107 seconds
[2022-10-31T22:46:50.418+0000] {processor.py:154} INFO - Started process (PID=2308) to work on /root/.local/share/virtualenvs/workspace-dqq3IVyd/lib/python3.10/site-packages/airflow/example_dags/example_latest_only_with_trigger.py
[2022-10-31T22:46:50.419+0000] {processor.py:756} INFO - Processing file /root/.local/share/virtualenvs/workspace-dqq3IVyd/lib/python3.10/site-packages/airflow/example_dags/example_latest_only_with_trigger.py for tasks to queue
[2022-10-31T22:46:50.419+0000] {logging_mixin.py:120} INFO - [2022-10-31T22:46:50.419+0000] {dagbag.py:537} INFO - Filling up the DagBag from /root/.local/share/virtualenvs/workspace-dqq3IVyd/lib/python3.10/site-packages/airflow/example_dags/example_latest_only_with_trigger.py
[2022-10-31T22:46:50.433+0000] {processor.py:766} INFO - DAG(s) dict_keys(['latest_only_with_trigger']) retrieved from /root/.local/share/virtualenvs/workspace-dqq3IVyd/lib/python3.10/site-packages/airflow/example_dags/example_latest_only_with_trigger.py
[2022-10-31T22:46:50.468+0000] {logging_mixin.py:120} INFO - [2022-10-31T22:46:50.468+0000] {dag.py:2585} INFO - Sync 1 DAGs
[2022-10-31T22:46:50.487+0000] {logging_mixin.py:120} INFO - [2022-10-31T22:46:50.487+0000] {dag.py:3336} INFO - Setting next_dagrun for latest_only_with_trigger to 2022-10-31T18:46:50.487012+00:00, run_after=2022-10-31T22:46:50.487012+00:00
[2022-10-31T22:46:50.532+0000] {processor.py:176} INFO - Processing /root/.local/share/virtualenvs/workspace-dqq3IVyd/lib/python3.10/site-packages/airflow/example_dags/example_latest_only_with_trigger.py took 0.117 seconds
[2022-10-31T22:47:33.059+0000] {processor.py:154} INFO - Started process (PID=2631) to work on /root/.local/share/virtualenvs/workspace-dqq3IVyd/lib/python3.10/site-packages/airflow/example_dags/example_latest_only_with_trigger.py
[2022-10-31T22:47:33.060+0000] {processor.py:756} INFO - Processing file /root/.local/share/virtualenvs/workspace-dqq3IVyd/lib/python3.10/site-packages/airflow/example_dags/example_latest_only_with_trigger.py for tasks to queue
[2022-10-31T22:47:33.060+0000] {logging_mixin.py:120} INFO - [2022-10-31T22:47:33.060+0000] {dagbag.py:537} INFO - Filling up the DagBag from /root/.local/share/virtualenvs/workspace-dqq3IVyd/lib/python3.10/site-packages/airflow/example_dags/example_latest_only_with_trigger.py
[2022-10-31T22:47:33.072+0000] {processor.py:766} INFO - DAG(s) dict_keys(['latest_only_with_trigger']) retrieved from /root/.local/share/virtualenvs/workspace-dqq3IVyd/lib/python3.10/site-packages/airflow/example_dags/example_latest_only_with_trigger.py
[2022-10-31T22:47:33.103+0000] {logging_mixin.py:120} INFO - [2022-10-31T22:47:33.103+0000] {dag.py:2585} INFO - Sync 1 DAGs
[2022-10-31T22:47:33.122+0000] {logging_mixin.py:120} INFO - [2022-10-31T22:47:33.122+0000] {dag.py:3336} INFO - Setting next_dagrun for latest_only_with_trigger to 2022-10-31T18:47:33.122181+00:00, run_after=2022-10-31T22:47:33.122181+00:00
[2022-10-31T22:47:33.166+0000] {processor.py:176} INFO - Processing /root/.local/share/virtualenvs/workspace-dqq3IVyd/lib/python3.10/site-packages/airflow/example_dags/example_latest_only_with_trigger.py took 0.109 seconds
