[2022-10-31T22:45:04.481+0000] {processor.py:154} INFO - Started process (PID=1519) to work on /root/.local/share/virtualenvs/workspace-dqq3IVyd/lib/python3.10/site-packages/airflow/example_dags/example_bash_operator.py
[2022-10-31T22:45:04.482+0000] {processor.py:756} INFO - Processing file /root/.local/share/virtualenvs/workspace-dqq3IVyd/lib/python3.10/site-packages/airflow/example_dags/example_bash_operator.py for tasks to queue
[2022-10-31T22:45:04.482+0000] {logging_mixin.py:120} INFO - [2022-10-31T22:45:04.482+0000] {dagbag.py:537} INFO - Filling up the DagBag from /root/.local/share/virtualenvs/workspace-dqq3IVyd/lib/python3.10/site-packages/airflow/example_dags/example_bash_operator.py
[2022-10-31T22:45:04.499+0000] {processor.py:766} INFO - DAG(s) dict_keys(['example_bash_operator']) retrieved from /root/.local/share/virtualenvs/workspace-dqq3IVyd/lib/python3.10/site-packages/airflow/example_dags/example_bash_operator.py
[2022-10-31T22:45:04.626+0000] {logging_mixin.py:120} INFO - [2022-10-31T22:45:04.626+0000] {manager.py:507} INFO - Created Permission View: can read on DAG:example_bash_operator
[2022-10-31T22:45:04.647+0000] {logging_mixin.py:120} INFO - [2022-10-31T22:45:04.647+0000] {manager.py:507} INFO - Created Permission View: can edit on DAG:example_bash_operator
[2022-10-31T22:45:04.667+0000] {logging_mixin.py:120} INFO - [2022-10-31T22:45:04.667+0000] {manager.py:507} INFO - Created Permission View: can delete on DAG:example_bash_operator
[2022-10-31T22:45:04.668+0000] {logging_mixin.py:120} INFO - [2022-10-31T22:45:04.668+0000] {dag.py:2585} INFO - Sync 1 DAGs
[2022-10-31T22:45:04.681+0000] {logging_mixin.py:120} INFO - [2022-10-31T22:45:04.681+0000] {dag.py:2606} INFO - Creating ORM DAG for example_bash_operator
[2022-10-31T22:45:04.693+0000] {logging_mixin.py:120} INFO - [2022-10-31T22:45:04.692+0000] {dag.py:3336} INFO - Setting next_dagrun for example_bash_operator to 2022-10-30T00:00:00+00:00, run_after=2022-10-31T00:00:00+00:00
[2022-10-31T22:45:04.734+0000] {processor.py:176} INFO - Processing /root/.local/share/virtualenvs/workspace-dqq3IVyd/lib/python3.10/site-packages/airflow/example_dags/example_bash_operator.py took 0.255 seconds
[2022-10-31T22:45:46.652+0000] {processor.py:154} INFO - Started process (PID=1825) to work on /root/.local/share/virtualenvs/workspace-dqq3IVyd/lib/python3.10/site-packages/airflow/example_dags/example_bash_operator.py
[2022-10-31T22:45:46.653+0000] {processor.py:756} INFO - Processing file /root/.local/share/virtualenvs/workspace-dqq3IVyd/lib/python3.10/site-packages/airflow/example_dags/example_bash_operator.py for tasks to queue
[2022-10-31T22:45:46.654+0000] {logging_mixin.py:120} INFO - [2022-10-31T22:45:46.654+0000] {dagbag.py:537} INFO - Filling up the DagBag from /root/.local/share/virtualenvs/workspace-dqq3IVyd/lib/python3.10/site-packages/airflow/example_dags/example_bash_operator.py
[2022-10-31T22:45:46.669+0000] {processor.py:766} INFO - DAG(s) dict_keys(['example_bash_operator']) retrieved from /root/.local/share/virtualenvs/workspace-dqq3IVyd/lib/python3.10/site-packages/airflow/example_dags/example_bash_operator.py
[2022-10-31T22:45:46.706+0000] {logging_mixin.py:120} INFO - [2022-10-31T22:45:46.706+0000] {dag.py:2585} INFO - Sync 1 DAGs
[2022-10-31T22:45:46.726+0000] {logging_mixin.py:120} INFO - [2022-10-31T22:45:46.725+0000] {dag.py:3336} INFO - Setting next_dagrun for example_bash_operator to 2022-10-30T00:00:00+00:00, run_after=2022-10-31T00:00:00+00:00
[2022-10-31T22:45:46.762+0000] {processor.py:176} INFO - Processing /root/.local/share/virtualenvs/workspace-dqq3IVyd/lib/python3.10/site-packages/airflow/example_dags/example_bash_operator.py took 0.113 seconds
[2022-10-31T22:46:28.274+0000] {processor.py:154} INFO - Started process (PID=2156) to work on /root/.local/share/virtualenvs/workspace-dqq3IVyd/lib/python3.10/site-packages/airflow/example_dags/example_bash_operator.py
[2022-10-31T22:46:28.275+0000] {processor.py:756} INFO - Processing file /root/.local/share/virtualenvs/workspace-dqq3IVyd/lib/python3.10/site-packages/airflow/example_dags/example_bash_operator.py for tasks to queue
[2022-10-31T22:46:28.276+0000] {logging_mixin.py:120} INFO - [2022-10-31T22:46:28.276+0000] {dagbag.py:537} INFO - Filling up the DagBag from /root/.local/share/virtualenvs/workspace-dqq3IVyd/lib/python3.10/site-packages/airflow/example_dags/example_bash_operator.py
[2022-10-31T22:46:28.294+0000] {processor.py:766} INFO - DAG(s) dict_keys(['example_bash_operator']) retrieved from /root/.local/share/virtualenvs/workspace-dqq3IVyd/lib/python3.10/site-packages/airflow/example_dags/example_bash_operator.py
[2022-10-31T22:46:28.329+0000] {logging_mixin.py:120} INFO - [2022-10-31T22:46:28.329+0000] {dag.py:2585} INFO - Sync 1 DAGs
[2022-10-31T22:46:28.350+0000] {logging_mixin.py:120} INFO - [2022-10-31T22:46:28.350+0000] {dag.py:3336} INFO - Setting next_dagrun for example_bash_operator to 2022-10-30T00:00:00+00:00, run_after=2022-10-31T00:00:00+00:00
[2022-10-31T22:46:28.390+0000] {processor.py:176} INFO - Processing /root/.local/share/virtualenvs/workspace-dqq3IVyd/lib/python3.10/site-packages/airflow/example_dags/example_bash_operator.py took 0.118 seconds
[2022-10-31T22:47:08.513+0000] {processor.py:154} INFO - Started process (PID=2452) to work on /root/.local/share/virtualenvs/workspace-dqq3IVyd/lib/python3.10/site-packages/airflow/example_dags/example_bash_operator.py
[2022-10-31T22:47:08.514+0000] {processor.py:756} INFO - Processing file /root/.local/share/virtualenvs/workspace-dqq3IVyd/lib/python3.10/site-packages/airflow/example_dags/example_bash_operator.py for tasks to queue
[2022-10-31T22:47:08.515+0000] {logging_mixin.py:120} INFO - [2022-10-31T22:47:08.515+0000] {dagbag.py:537} INFO - Filling up the DagBag from /root/.local/share/virtualenvs/workspace-dqq3IVyd/lib/python3.10/site-packages/airflow/example_dags/example_bash_operator.py
[2022-10-31T22:47:08.531+0000] {processor.py:766} INFO - DAG(s) dict_keys(['example_bash_operator']) retrieved from /root/.local/share/virtualenvs/workspace-dqq3IVyd/lib/python3.10/site-packages/airflow/example_dags/example_bash_operator.py
[2022-10-31T22:47:08.566+0000] {logging_mixin.py:120} INFO - [2022-10-31T22:47:08.566+0000] {dag.py:2585} INFO - Sync 1 DAGs
[2022-10-31T22:47:08.588+0000] {logging_mixin.py:120} INFO - [2022-10-31T22:47:08.588+0000] {dag.py:3336} INFO - Setting next_dagrun for example_bash_operator to 2022-10-30T00:00:00+00:00, run_after=2022-10-31T00:00:00+00:00
[2022-10-31T22:47:08.626+0000] {processor.py:176} INFO - Processing /root/.local/share/virtualenvs/workspace-dqq3IVyd/lib/python3.10/site-packages/airflow/example_dags/example_bash_operator.py took 0.115 seconds
