[2022-10-31T22:44:23.998+0000] {processor.py:154} INFO - Started process (PID=1170) to work on /root/.local/share/virtualenvs/workspace-dqq3IVyd/lib/python3.10/site-packages/airflow/example_dags/example_xcom.py
[2022-10-31T22:44:23.998+0000] {processor.py:756} INFO - Processing file /root/.local/share/virtualenvs/workspace-dqq3IVyd/lib/python3.10/site-packages/airflow/example_dags/example_xcom.py for tasks to queue
[2022-10-31T22:44:23.999+0000] {logging_mixin.py:120} INFO - [2022-10-31T22:44:23.999+0000] {dagbag.py:537} INFO - Filling up the DagBag from /root/.local/share/virtualenvs/workspace-dqq3IVyd/lib/python3.10/site-packages/airflow/example_dags/example_xcom.py
[2022-10-31T22:44:24.110+0000] {processor.py:766} INFO - DAG(s) dict_keys(['example_xcom']) retrieved from /root/.local/share/virtualenvs/workspace-dqq3IVyd/lib/python3.10/site-packages/airflow/example_dags/example_xcom.py
[2022-10-31T22:44:24.222+0000] {logging_mixin.py:120} INFO - [2022-10-31T22:44:24.222+0000] {manager.py:507} INFO - Created Permission View: can read on DAG:example_xcom
[2022-10-31T22:44:24.253+0000] {logging_mixin.py:120} INFO - [2022-10-31T22:44:24.253+0000] {manager.py:507} INFO - Created Permission View: can edit on DAG:example_xcom
[2022-10-31T22:44:24.280+0000] {logging_mixin.py:120} INFO - [2022-10-31T22:44:24.280+0000] {manager.py:507} INFO - Created Permission View: can delete on DAG:example_xcom
[2022-10-31T22:44:24.280+0000] {logging_mixin.py:120} INFO - [2022-10-31T22:44:24.280+0000] {dag.py:2585} INFO - Sync 1 DAGs
[2022-10-31T22:44:24.295+0000] {logging_mixin.py:120} INFO - [2022-10-31T22:44:24.294+0000] {dag.py:2606} INFO - Creating ORM DAG for example_xcom
[2022-10-31T22:44:24.304+0000] {logging_mixin.py:120} INFO - [2022-10-31T22:44:24.303+0000] {dag.py:3336} INFO - Setting next_dagrun for example_xcom to 2021-01-01T00:00:00+00:00, run_after=2021-01-01T00:00:00+00:00
[2022-10-31T22:44:24.349+0000] {processor.py:176} INFO - Processing /root/.local/share/virtualenvs/workspace-dqq3IVyd/lib/python3.10/site-packages/airflow/example_dags/example_xcom.py took 0.354 seconds
[2022-10-31T22:45:09.767+0000] {processor.py:154} INFO - Started process (PID=1554) to work on /root/.local/share/virtualenvs/workspace-dqq3IVyd/lib/python3.10/site-packages/airflow/example_dags/example_xcom.py
[2022-10-31T22:45:09.768+0000] {processor.py:756} INFO - Processing file /root/.local/share/virtualenvs/workspace-dqq3IVyd/lib/python3.10/site-packages/airflow/example_dags/example_xcom.py for tasks to queue
[2022-10-31T22:45:09.769+0000] {logging_mixin.py:120} INFO - [2022-10-31T22:45:09.768+0000] {dagbag.py:537} INFO - Filling up the DagBag from /root/.local/share/virtualenvs/workspace-dqq3IVyd/lib/python3.10/site-packages/airflow/example_dags/example_xcom.py
[2022-10-31T22:45:09.787+0000] {processor.py:766} INFO - DAG(s) dict_keys(['example_xcom']) retrieved from /root/.local/share/virtualenvs/workspace-dqq3IVyd/lib/python3.10/site-packages/airflow/example_dags/example_xcom.py
[2022-10-31T22:45:09.817+0000] {logging_mixin.py:120} INFO - [2022-10-31T22:45:09.817+0000] {dag.py:2585} INFO - Sync 1 DAGs
[2022-10-31T22:45:09.836+0000] {logging_mixin.py:120} INFO - [2022-10-31T22:45:09.836+0000] {dag.py:3336} INFO - Setting next_dagrun for example_xcom to 2021-01-01T00:00:00+00:00, run_after=2021-01-01T00:00:00+00:00
[2022-10-31T22:45:09.872+0000] {processor.py:176} INFO - Processing /root/.local/share/virtualenvs/workspace-dqq3IVyd/lib/python3.10/site-packages/airflow/example_dags/example_xcom.py took 0.107 seconds
[2022-10-31T22:45:43.016+0000] {processor.py:154} INFO - Started process (PID=1803) to work on /root/.local/share/virtualenvs/workspace-dqq3IVyd/lib/python3.10/site-packages/airflow/example_dags/example_xcom.py
[2022-10-31T22:45:43.017+0000] {processor.py:756} INFO - Processing file /root/.local/share/virtualenvs/workspace-dqq3IVyd/lib/python3.10/site-packages/airflow/example_dags/example_xcom.py for tasks to queue
[2022-10-31T22:45:43.018+0000] {logging_mixin.py:120} INFO - [2022-10-31T22:45:43.018+0000] {dagbag.py:537} INFO - Filling up the DagBag from /root/.local/share/virtualenvs/workspace-dqq3IVyd/lib/python3.10/site-packages/airflow/example_dags/example_xcom.py
[2022-10-31T22:45:43.037+0000] {processor.py:766} INFO - DAG(s) dict_keys(['example_xcom']) retrieved from /root/.local/share/virtualenvs/workspace-dqq3IVyd/lib/python3.10/site-packages/airflow/example_dags/example_xcom.py
[2022-10-31T22:45:43.070+0000] {logging_mixin.py:120} INFO - [2022-10-31T22:45:43.069+0000] {dag.py:2585} INFO - Sync 1 DAGs
[2022-10-31T22:45:43.103+0000] {logging_mixin.py:120} INFO - [2022-10-31T22:45:43.103+0000] {dag.py:3336} INFO - Setting next_dagrun for example_xcom to 2021-01-01T00:00:00+00:00, run_after=2021-01-01T00:00:00+00:00
[2022-10-31T22:45:43.160+0000] {processor.py:176} INFO - Processing /root/.local/share/virtualenvs/workspace-dqq3IVyd/lib/python3.10/site-packages/airflow/example_dags/example_xcom.py took 0.146 seconds
[2022-10-31T22:46:22.973+0000] {processor.py:154} INFO - Started process (PID=2107) to work on /root/.local/share/virtualenvs/workspace-dqq3IVyd/lib/python3.10/site-packages/airflow/example_dags/example_xcom.py
[2022-10-31T22:46:22.974+0000] {processor.py:756} INFO - Processing file /root/.local/share/virtualenvs/workspace-dqq3IVyd/lib/python3.10/site-packages/airflow/example_dags/example_xcom.py for tasks to queue
[2022-10-31T22:46:22.975+0000] {logging_mixin.py:120} INFO - [2022-10-31T22:46:22.974+0000] {dagbag.py:537} INFO - Filling up the DagBag from /root/.local/share/virtualenvs/workspace-dqq3IVyd/lib/python3.10/site-packages/airflow/example_dags/example_xcom.py
[2022-10-31T22:46:22.996+0000] {processor.py:766} INFO - DAG(s) dict_keys(['example_xcom']) retrieved from /root/.local/share/virtualenvs/workspace-dqq3IVyd/lib/python3.10/site-packages/airflow/example_dags/example_xcom.py
[2022-10-31T22:46:23.029+0000] {logging_mixin.py:120} INFO - [2022-10-31T22:46:23.028+0000] {dag.py:2585} INFO - Sync 1 DAGs
[2022-10-31T22:46:23.048+0000] {logging_mixin.py:120} INFO - [2022-10-31T22:46:23.048+0000] {dag.py:3336} INFO - Setting next_dagrun for example_xcom to 2021-01-01T00:00:00+00:00, run_after=2021-01-01T00:00:00+00:00
[2022-10-31T22:46:23.094+0000] {processor.py:176} INFO - Processing /root/.local/share/virtualenvs/workspace-dqq3IVyd/lib/python3.10/site-packages/airflow/example_dags/example_xcom.py took 0.123 seconds
[2022-10-31T22:47:03.219+0000] {processor.py:154} INFO - Started process (PID=2415) to work on /root/.local/share/virtualenvs/workspace-dqq3IVyd/lib/python3.10/site-packages/airflow/example_dags/example_xcom.py
[2022-10-31T22:47:03.220+0000] {processor.py:756} INFO - Processing file /root/.local/share/virtualenvs/workspace-dqq3IVyd/lib/python3.10/site-packages/airflow/example_dags/example_xcom.py for tasks to queue
[2022-10-31T22:47:03.220+0000] {logging_mixin.py:120} INFO - [2022-10-31T22:47:03.220+0000] {dagbag.py:537} INFO - Filling up the DagBag from /root/.local/share/virtualenvs/workspace-dqq3IVyd/lib/python3.10/site-packages/airflow/example_dags/example_xcom.py
[2022-10-31T22:47:03.238+0000] {processor.py:766} INFO - DAG(s) dict_keys(['example_xcom']) retrieved from /root/.local/share/virtualenvs/workspace-dqq3IVyd/lib/python3.10/site-packages/airflow/example_dags/example_xcom.py
[2022-10-31T22:47:03.270+0000] {logging_mixin.py:120} INFO - [2022-10-31T22:47:03.270+0000] {dag.py:2585} INFO - Sync 1 DAGs
[2022-10-31T22:47:03.290+0000] {logging_mixin.py:120} INFO - [2022-10-31T22:47:03.290+0000] {dag.py:3336} INFO - Setting next_dagrun for example_xcom to 2021-01-01T00:00:00+00:00, run_after=2021-01-01T00:00:00+00:00
[2022-10-31T22:47:03.330+0000] {processor.py:176} INFO - Processing /root/.local/share/virtualenvs/workspace-dqq3IVyd/lib/python3.10/site-packages/airflow/example_dags/example_xcom.py took 0.114 seconds
[2022-10-31T22:47:38.156+0000] {processor.py:154} INFO - Started process (PID=2678) to work on /root/.local/share/virtualenvs/workspace-dqq3IVyd/lib/python3.10/site-packages/airflow/example_dags/example_xcom.py
[2022-10-31T22:47:38.157+0000] {processor.py:756} INFO - Processing file /root/.local/share/virtualenvs/workspace-dqq3IVyd/lib/python3.10/site-packages/airflow/example_dags/example_xcom.py for tasks to queue
[2022-10-31T22:47:38.158+0000] {logging_mixin.py:120} INFO - [2022-10-31T22:47:38.158+0000] {dagbag.py:537} INFO - Filling up the DagBag from /root/.local/share/virtualenvs/workspace-dqq3IVyd/lib/python3.10/site-packages/airflow/example_dags/example_xcom.py
[2022-10-31T22:47:38.180+0000] {processor.py:766} INFO - DAG(s) dict_keys(['example_xcom']) retrieved from /root/.local/share/virtualenvs/workspace-dqq3IVyd/lib/python3.10/site-packages/airflow/example_dags/example_xcom.py
[2022-10-31T22:47:38.211+0000] {logging_mixin.py:120} INFO - [2022-10-31T22:47:38.211+0000] {dag.py:2585} INFO - Sync 1 DAGs
[2022-10-31T22:47:38.231+0000] {logging_mixin.py:120} INFO - [2022-10-31T22:47:38.231+0000] {dag.py:3336} INFO - Setting next_dagrun for example_xcom to 2021-01-01T00:00:00+00:00, run_after=2021-01-01T00:00:00+00:00
[2022-10-31T22:47:38.277+0000] {processor.py:176} INFO - Processing /root/.local/share/virtualenvs/workspace-dqq3IVyd/lib/python3.10/site-packages/airflow/example_dags/example_xcom.py took 0.123 seconds
