[2022-10-31T22:45:05.840+0000] {processor.py:154} INFO - Started process (PID=1520) to work on /root/.local/share/virtualenvs/workspace-dqq3IVyd/lib/python3.10/site-packages/airflow/example_dags/example_branch_datetime_operator.py
[2022-10-31T22:45:05.841+0000] {processor.py:756} INFO - Processing file /root/.local/share/virtualenvs/workspace-dqq3IVyd/lib/python3.10/site-packages/airflow/example_dags/example_branch_datetime_operator.py for tasks to queue
[2022-10-31T22:45:05.842+0000] {logging_mixin.py:120} INFO - [2022-10-31T22:45:05.842+0000] {dagbag.py:537} INFO - Filling up the DagBag from /root/.local/share/virtualenvs/workspace-dqq3IVyd/lib/python3.10/site-packages/airflow/example_dags/example_branch_datetime_operator.py
[2022-10-31T22:45:05.857+0000] {processor.py:766} INFO - DAG(s) dict_keys(['example_branch_datetime_operator', 'example_branch_datetime_operator_3', 'example_branch_datetime_operator_2']) retrieved from /root/.local/share/virtualenvs/workspace-dqq3IVyd/lib/python3.10/site-packages/airflow/example_dags/example_branch_datetime_operator.py
[2022-10-31T22:45:05.969+0000] {logging_mixin.py:120} INFO - [2022-10-31T22:45:05.969+0000] {manager.py:507} INFO - Created Permission View: can read on DAG:example_branch_datetime_operator
[2022-10-31T22:45:05.992+0000] {logging_mixin.py:120} INFO - [2022-10-31T22:45:05.992+0000] {manager.py:507} INFO - Created Permission View: can edit on DAG:example_branch_datetime_operator
[2022-10-31T22:45:06.014+0000] {logging_mixin.py:120} INFO - [2022-10-31T22:45:06.014+0000] {manager.py:507} INFO - Created Permission View: can delete on DAG:example_branch_datetime_operator
[2022-10-31T22:45:06.058+0000] {logging_mixin.py:120} INFO - [2022-10-31T22:45:06.057+0000] {manager.py:507} INFO - Created Permission View: can read on DAG:example_branch_datetime_operator_3
[2022-10-31T22:45:06.079+0000] {logging_mixin.py:120} INFO - [2022-10-31T22:45:06.078+0000] {manager.py:507} INFO - Created Permission View: can edit on DAG:example_branch_datetime_operator_3
[2022-10-31T22:45:06.100+0000] {logging_mixin.py:120} INFO - [2022-10-31T22:45:06.099+0000] {manager.py:507} INFO - Created Permission View: can delete on DAG:example_branch_datetime_operator_3
[2022-10-31T22:45:06.141+0000] {logging_mixin.py:120} INFO - [2022-10-31T22:45:06.141+0000] {manager.py:507} INFO - Created Permission View: can read on DAG:example_branch_datetime_operator_2
[2022-10-31T22:45:06.161+0000] {logging_mixin.py:120} INFO - [2022-10-31T22:45:06.161+0000] {manager.py:507} INFO - Created Permission View: can edit on DAG:example_branch_datetime_operator_2
[2022-10-31T22:45:06.181+0000] {logging_mixin.py:120} INFO - [2022-10-31T22:45:06.181+0000] {manager.py:507} INFO - Created Permission View: can delete on DAG:example_branch_datetime_operator_2
[2022-10-31T22:45:06.182+0000] {logging_mixin.py:120} INFO - [2022-10-31T22:45:06.181+0000] {dag.py:2585} INFO - Sync 3 DAGs
[2022-10-31T22:45:06.193+0000] {logging_mixin.py:120} INFO - [2022-10-31T22:45:06.193+0000] {dag.py:2606} INFO - Creating ORM DAG for example_branch_datetime_operator_2
[2022-10-31T22:45:06.194+0000] {logging_mixin.py:120} INFO - [2022-10-31T22:45:06.193+0000] {dag.py:2606} INFO - Creating ORM DAG for example_branch_datetime_operator_3
[2022-10-31T22:45:06.194+0000] {logging_mixin.py:120} INFO - [2022-10-31T22:45:06.194+0000] {dag.py:2606} INFO - Creating ORM DAG for example_branch_datetime_operator
[2022-10-31T22:45:06.203+0000] {logging_mixin.py:120} INFO - [2022-10-31T22:45:06.203+0000] {dag.py:3336} INFO - Setting next_dagrun for example_branch_datetime_operator to 2022-10-30T00:00:00+00:00, run_after=2022-10-31T00:00:00+00:00
[2022-10-31T22:45:06.205+0000] {logging_mixin.py:120} INFO - [2022-10-31T22:45:06.204+0000] {dag.py:3336} INFO - Setting next_dagrun for example_branch_datetime_operator_2 to 2022-10-30T00:00:00+00:00, run_after=2022-10-31T00:00:00+00:00
[2022-10-31T22:45:06.206+0000] {logging_mixin.py:120} INFO - [2022-10-31T22:45:06.206+0000] {dag.py:3336} INFO - Setting next_dagrun for example_branch_datetime_operator_3 to 2022-10-30T00:00:00+00:00, run_after=2022-10-31T00:00:00+00:00
[2022-10-31T22:45:06.251+0000] {processor.py:176} INFO - Processing /root/.local/share/virtualenvs/workspace-dqq3IVyd/lib/python3.10/site-packages/airflow/example_dags/example_branch_datetime_operator.py took 0.413 seconds
[2022-10-31T22:45:47.918+0000] {processor.py:154} INFO - Started process (PID=1844) to work on /root/.local/share/virtualenvs/workspace-dqq3IVyd/lib/python3.10/site-packages/airflow/example_dags/example_branch_datetime_operator.py
[2022-10-31T22:45:47.919+0000] {processor.py:756} INFO - Processing file /root/.local/share/virtualenvs/workspace-dqq3IVyd/lib/python3.10/site-packages/airflow/example_dags/example_branch_datetime_operator.py for tasks to queue
[2022-10-31T22:45:47.919+0000] {logging_mixin.py:120} INFO - [2022-10-31T22:45:47.919+0000] {dagbag.py:537} INFO - Filling up the DagBag from /root/.local/share/virtualenvs/workspace-dqq3IVyd/lib/python3.10/site-packages/airflow/example_dags/example_branch_datetime_operator.py
[2022-10-31T22:45:47.933+0000] {processor.py:766} INFO - DAG(s) dict_keys(['example_branch_datetime_operator_3', 'example_branch_datetime_operator_2', 'example_branch_datetime_operator']) retrieved from /root/.local/share/virtualenvs/workspace-dqq3IVyd/lib/python3.10/site-packages/airflow/example_dags/example_branch_datetime_operator.py
[2022-10-31T22:45:47.968+0000] {logging_mixin.py:120} INFO - [2022-10-31T22:45:47.968+0000] {dag.py:2585} INFO - Sync 3 DAGs
[2022-10-31T22:45:47.987+0000] {logging_mixin.py:120} INFO - [2022-10-31T22:45:47.987+0000] {dag.py:3336} INFO - Setting next_dagrun for example_branch_datetime_operator to 2022-10-30T00:00:00+00:00, run_after=2022-10-31T00:00:00+00:00
[2022-10-31T22:45:47.991+0000] {logging_mixin.py:120} INFO - [2022-10-31T22:45:47.991+0000] {dag.py:3336} INFO - Setting next_dagrun for example_branch_datetime_operator_2 to 2022-10-30T00:00:00+00:00, run_after=2022-10-31T00:00:00+00:00
[2022-10-31T22:45:47.993+0000] {logging_mixin.py:120} INFO - [2022-10-31T22:45:47.993+0000] {dag.py:3336} INFO - Setting next_dagrun for example_branch_datetime_operator_3 to 2022-10-30T00:00:00+00:00, run_after=2022-10-31T00:00:00+00:00
[2022-10-31T22:45:48.029+0000] {processor.py:176} INFO - Processing /root/.local/share/virtualenvs/workspace-dqq3IVyd/lib/python3.10/site-packages/airflow/example_dags/example_branch_datetime_operator.py took 0.113 seconds
[2022-10-31T22:46:29.533+0000] {processor.py:154} INFO - Started process (PID=2157) to work on /root/.local/share/virtualenvs/workspace-dqq3IVyd/lib/python3.10/site-packages/airflow/example_dags/example_branch_datetime_operator.py
[2022-10-31T22:46:29.534+0000] {processor.py:756} INFO - Processing file /root/.local/share/virtualenvs/workspace-dqq3IVyd/lib/python3.10/site-packages/airflow/example_dags/example_branch_datetime_operator.py for tasks to queue
[2022-10-31T22:46:29.535+0000] {logging_mixin.py:120} INFO - [2022-10-31T22:46:29.534+0000] {dagbag.py:537} INFO - Filling up the DagBag from /root/.local/share/virtualenvs/workspace-dqq3IVyd/lib/python3.10/site-packages/airflow/example_dags/example_branch_datetime_operator.py
[2022-10-31T22:46:29.548+0000] {processor.py:766} INFO - DAG(s) dict_keys(['example_branch_datetime_operator_2', 'example_branch_datetime_operator', 'example_branch_datetime_operator_3']) retrieved from /root/.local/share/virtualenvs/workspace-dqq3IVyd/lib/python3.10/site-packages/airflow/example_dags/example_branch_datetime_operator.py
[2022-10-31T22:46:29.586+0000] {logging_mixin.py:120} INFO - [2022-10-31T22:46:29.586+0000] {dag.py:2585} INFO - Sync 3 DAGs
[2022-10-31T22:46:29.604+0000] {logging_mixin.py:120} INFO - [2022-10-31T22:46:29.604+0000] {dag.py:3336} INFO - Setting next_dagrun for example_branch_datetime_operator to 2022-10-30T00:00:00+00:00, run_after=2022-10-31T00:00:00+00:00
[2022-10-31T22:46:29.609+0000] {logging_mixin.py:120} INFO - [2022-10-31T22:46:29.609+0000] {dag.py:3336} INFO - Setting next_dagrun for example_branch_datetime_operator_2 to 2022-10-30T00:00:00+00:00, run_after=2022-10-31T00:00:00+00:00
[2022-10-31T22:46:29.612+0000] {logging_mixin.py:120} INFO - [2022-10-31T22:46:29.612+0000] {dag.py:3336} INFO - Setting next_dagrun for example_branch_datetime_operator_3 to 2022-10-30T00:00:00+00:00, run_after=2022-10-31T00:00:00+00:00
[2022-10-31T22:46:29.650+0000] {processor.py:176} INFO - Processing /root/.local/share/virtualenvs/workspace-dqq3IVyd/lib/python3.10/site-packages/airflow/example_dags/example_branch_datetime_operator.py took 0.119 seconds
[2022-10-31T22:47:09.815+0000] {processor.py:154} INFO - Started process (PID=2459) to work on /root/.local/share/virtualenvs/workspace-dqq3IVyd/lib/python3.10/site-packages/airflow/example_dags/example_branch_datetime_operator.py
[2022-10-31T22:47:09.816+0000] {processor.py:756} INFO - Processing file /root/.local/share/virtualenvs/workspace-dqq3IVyd/lib/python3.10/site-packages/airflow/example_dags/example_branch_datetime_operator.py for tasks to queue
[2022-10-31T22:47:09.817+0000] {logging_mixin.py:120} INFO - [2022-10-31T22:47:09.817+0000] {dagbag.py:537} INFO - Filling up the DagBag from /root/.local/share/virtualenvs/workspace-dqq3IVyd/lib/python3.10/site-packages/airflow/example_dags/example_branch_datetime_operator.py
[2022-10-31T22:47:09.831+0000] {processor.py:766} INFO - DAG(s) dict_keys(['example_branch_datetime_operator_3', 'example_branch_datetime_operator_2', 'example_branch_datetime_operator']) retrieved from /root/.local/share/virtualenvs/workspace-dqq3IVyd/lib/python3.10/site-packages/airflow/example_dags/example_branch_datetime_operator.py
[2022-10-31T22:47:09.873+0000] {logging_mixin.py:120} INFO - [2022-10-31T22:47:09.873+0000] {dag.py:2585} INFO - Sync 3 DAGs
[2022-10-31T22:47:09.894+0000] {logging_mixin.py:120} INFO - [2022-10-31T22:47:09.894+0000] {dag.py:3336} INFO - Setting next_dagrun for example_branch_datetime_operator to 2022-10-30T00:00:00+00:00, run_after=2022-10-31T00:00:00+00:00
[2022-10-31T22:47:09.898+0000] {logging_mixin.py:120} INFO - [2022-10-31T22:47:09.898+0000] {dag.py:3336} INFO - Setting next_dagrun for example_branch_datetime_operator_2 to 2022-10-30T00:00:00+00:00, run_after=2022-10-31T00:00:00+00:00
[2022-10-31T22:47:09.901+0000] {logging_mixin.py:120} INFO - [2022-10-31T22:47:09.901+0000] {dag.py:3336} INFO - Setting next_dagrun for example_branch_datetime_operator_3 to 2022-10-30T00:00:00+00:00, run_after=2022-10-31T00:00:00+00:00
[2022-10-31T22:47:09.943+0000] {processor.py:176} INFO - Processing /root/.local/share/virtualenvs/workspace-dqq3IVyd/lib/python3.10/site-packages/airflow/example_dags/example_branch_datetime_operator.py took 0.130 seconds
