[2022-10-31T22:44:25.462+0000] {processor.py:154} INFO - Started process (PID=1186) to work on /root/.local/share/virtualenvs/workspace-dqq3IVyd/lib/python3.10/site-packages/airflow/example_dags/example_kubernetes_executor.py
[2022-10-31T22:44:25.463+0000] {processor.py:756} INFO - Processing file /root/.local/share/virtualenvs/workspace-dqq3IVyd/lib/python3.10/site-packages/airflow/example_dags/example_kubernetes_executor.py for tasks to queue
[2022-10-31T22:44:25.464+0000] {logging_mixin.py:120} INFO - [2022-10-31T22:44:25.464+0000] {dagbag.py:537} INFO - Filling up the DagBag from /root/.local/share/virtualenvs/workspace-dqq3IVyd/lib/python3.10/site-packages/airflow/example_dags/example_kubernetes_executor.py
[2022-10-31T22:44:25.557+0000] {logging_mixin.py:120} INFO - [2022-10-31T22:44:25.557+0000] {example_kubernetes_executor.py:41} WARNING - The example_kubernetes_executor example DAG requires the kubernetes provider. Please install it with: pip install apache-airflow[cncf.kubernetes]
[2022-10-31T22:44:25.557+0000] {processor.py:768} WARNING - No viable dags retrieved from /root/.local/share/virtualenvs/workspace-dqq3IVyd/lib/python3.10/site-packages/airflow/example_dags/example_kubernetes_executor.py
[2022-10-31T22:44:25.568+0000] {processor.py:176} INFO - Processing /root/.local/share/virtualenvs/workspace-dqq3IVyd/lib/python3.10/site-packages/airflow/example_dags/example_kubernetes_executor.py took 0.108 seconds
[2022-10-31T22:45:11.027+0000] {processor.py:154} INFO - Started process (PID=1561) to work on /root/.local/share/virtualenvs/workspace-dqq3IVyd/lib/python3.10/site-packages/airflow/example_dags/example_kubernetes_executor.py
[2022-10-31T22:45:11.027+0000] {processor.py:756} INFO - Processing file /root/.local/share/virtualenvs/workspace-dqq3IVyd/lib/python3.10/site-packages/airflow/example_dags/example_kubernetes_executor.py for tasks to queue
[2022-10-31T22:45:11.028+0000] {logging_mixin.py:120} INFO - [2022-10-31T22:45:11.028+0000] {dagbag.py:537} INFO - Filling up the DagBag from /root/.local/share/virtualenvs/workspace-dqq3IVyd/lib/python3.10/site-packages/airflow/example_dags/example_kubernetes_executor.py
[2022-10-31T22:45:11.039+0000] {logging_mixin.py:120} INFO - [2022-10-31T22:45:11.039+0000] {example_kubernetes_executor.py:41} WARNING - The example_kubernetes_executor example DAG requires the kubernetes provider. Please install it with: pip install apache-airflow[cncf.kubernetes]
[2022-10-31T22:45:11.040+0000] {processor.py:768} WARNING - No viable dags retrieved from /root/.local/share/virtualenvs/workspace-dqq3IVyd/lib/python3.10/site-packages/airflow/example_dags/example_kubernetes_executor.py
[2022-10-31T22:45:11.052+0000] {processor.py:176} INFO - Processing /root/.local/share/virtualenvs/workspace-dqq3IVyd/lib/python3.10/site-packages/airflow/example_dags/example_kubernetes_executor.py took 0.028 seconds
[2022-10-31T22:45:44.286+0000] {processor.py:154} INFO - Started process (PID=1817) to work on /root/.local/share/virtualenvs/workspace-dqq3IVyd/lib/python3.10/site-packages/airflow/example_dags/example_kubernetes_executor.py
[2022-10-31T22:45:44.287+0000] {processor.py:756} INFO - Processing file /root/.local/share/virtualenvs/workspace-dqq3IVyd/lib/python3.10/site-packages/airflow/example_dags/example_kubernetes_executor.py for tasks to queue
[2022-10-31T22:45:44.287+0000] {logging_mixin.py:120} INFO - [2022-10-31T22:45:44.287+0000] {dagbag.py:537} INFO - Filling up the DagBag from /root/.local/share/virtualenvs/workspace-dqq3IVyd/lib/python3.10/site-packages/airflow/example_dags/example_kubernetes_executor.py
[2022-10-31T22:45:44.298+0000] {logging_mixin.py:120} INFO - [2022-10-31T22:45:44.298+0000] {example_kubernetes_executor.py:41} WARNING - The example_kubernetes_executor example DAG requires the kubernetes provider. Please install it with: pip install apache-airflow[cncf.kubernetes]
[2022-10-31T22:45:44.299+0000] {processor.py:768} WARNING - No viable dags retrieved from /root/.local/share/virtualenvs/workspace-dqq3IVyd/lib/python3.10/site-packages/airflow/example_dags/example_kubernetes_executor.py
[2022-10-31T22:45:44.310+0000] {processor.py:176} INFO - Processing /root/.local/share/virtualenvs/workspace-dqq3IVyd/lib/python3.10/site-packages/airflow/example_dags/example_kubernetes_executor.py took 0.027 seconds
[2022-10-31T22:46:23.934+0000] {processor.py:154} INFO - Started process (PID=2116) to work on /root/.local/share/virtualenvs/workspace-dqq3IVyd/lib/python3.10/site-packages/airflow/example_dags/example_kubernetes_executor.py
[2022-10-31T22:46:23.935+0000] {processor.py:756} INFO - Processing file /root/.local/share/virtualenvs/workspace-dqq3IVyd/lib/python3.10/site-packages/airflow/example_dags/example_kubernetes_executor.py for tasks to queue
[2022-10-31T22:46:23.936+0000] {logging_mixin.py:120} INFO - [2022-10-31T22:46:23.935+0000] {dagbag.py:537} INFO - Filling up the DagBag from /root/.local/share/virtualenvs/workspace-dqq3IVyd/lib/python3.10/site-packages/airflow/example_dags/example_kubernetes_executor.py
[2022-10-31T22:46:23.948+0000] {logging_mixin.py:120} INFO - [2022-10-31T22:46:23.948+0000] {example_kubernetes_executor.py:41} WARNING - The example_kubernetes_executor example DAG requires the kubernetes provider. Please install it with: pip install apache-airflow[cncf.kubernetes]
[2022-10-31T22:46:23.949+0000] {processor.py:768} WARNING - No viable dags retrieved from /root/.local/share/virtualenvs/workspace-dqq3IVyd/lib/python3.10/site-packages/airflow/example_dags/example_kubernetes_executor.py
[2022-10-31T22:46:23.963+0000] {processor.py:176} INFO - Processing /root/.local/share/virtualenvs/workspace-dqq3IVyd/lib/python3.10/site-packages/airflow/example_dags/example_kubernetes_executor.py took 0.031 seconds
[2022-10-31T22:47:04.511+0000] {processor.py:154} INFO - Started process (PID=2416) to work on /root/.local/share/virtualenvs/workspace-dqq3IVyd/lib/python3.10/site-packages/airflow/example_dags/example_kubernetes_executor.py
[2022-10-31T22:47:04.512+0000] {processor.py:756} INFO - Processing file /root/.local/share/virtualenvs/workspace-dqq3IVyd/lib/python3.10/site-packages/airflow/example_dags/example_kubernetes_executor.py for tasks to queue
[2022-10-31T22:47:04.513+0000] {logging_mixin.py:120} INFO - [2022-10-31T22:47:04.513+0000] {dagbag.py:537} INFO - Filling up the DagBag from /root/.local/share/virtualenvs/workspace-dqq3IVyd/lib/python3.10/site-packages/airflow/example_dags/example_kubernetes_executor.py
[2022-10-31T22:47:04.523+0000] {logging_mixin.py:120} INFO - [2022-10-31T22:47:04.523+0000] {example_kubernetes_executor.py:41} WARNING - The example_kubernetes_executor example DAG requires the kubernetes provider. Please install it with: pip install apache-airflow[cncf.kubernetes]
[2022-10-31T22:47:04.524+0000] {processor.py:768} WARNING - No viable dags retrieved from /root/.local/share/virtualenvs/workspace-dqq3IVyd/lib/python3.10/site-packages/airflow/example_dags/example_kubernetes_executor.py
[2022-10-31T22:47:04.539+0000] {processor.py:176} INFO - Processing /root/.local/share/virtualenvs/workspace-dqq3IVyd/lib/python3.10/site-packages/airflow/example_dags/example_kubernetes_executor.py took 0.030 seconds
[2022-10-31T22:47:39.100+0000] {processor.py:154} INFO - Started process (PID=2679) to work on /root/.local/share/virtualenvs/workspace-dqq3IVyd/lib/python3.10/site-packages/airflow/example_dags/example_kubernetes_executor.py
[2022-10-31T22:47:39.101+0000] {processor.py:756} INFO - Processing file /root/.local/share/virtualenvs/workspace-dqq3IVyd/lib/python3.10/site-packages/airflow/example_dags/example_kubernetes_executor.py for tasks to queue
[2022-10-31T22:47:39.102+0000] {logging_mixin.py:120} INFO - [2022-10-31T22:47:39.101+0000] {dagbag.py:537} INFO - Filling up the DagBag from /root/.local/share/virtualenvs/workspace-dqq3IVyd/lib/python3.10/site-packages/airflow/example_dags/example_kubernetes_executor.py
[2022-10-31T22:47:39.114+0000] {logging_mixin.py:120} INFO - [2022-10-31T22:47:39.114+0000] {example_kubernetes_executor.py:41} WARNING - The example_kubernetes_executor example DAG requires the kubernetes provider. Please install it with: pip install apache-airflow[cncf.kubernetes]
[2022-10-31T22:47:39.114+0000] {processor.py:768} WARNING - No viable dags retrieved from /root/.local/share/virtualenvs/workspace-dqq3IVyd/lib/python3.10/site-packages/airflow/example_dags/example_kubernetes_executor.py
[2022-10-31T22:47:39.126+0000] {processor.py:176} INFO - Processing /root/.local/share/virtualenvs/workspace-dqq3IVyd/lib/python3.10/site-packages/airflow/example_dags/example_kubernetes_executor.py took 0.028 seconds
