[2022-10-31T22:44:59.539+0000] {processor.py:154} INFO - Started process (PID=1470) to work on /root/.local/share/virtualenvs/workspace-dqq3IVyd/lib/python3.10/site-packages/airflow/example_dags/example_branch_labels.py
[2022-10-31T22:44:59.540+0000] {processor.py:756} INFO - Processing file /root/.local/share/virtualenvs/workspace-dqq3IVyd/lib/python3.10/site-packages/airflow/example_dags/example_branch_labels.py for tasks to queue
[2022-10-31T22:44:59.540+0000] {logging_mixin.py:120} INFO - [2022-10-31T22:44:59.540+0000] {dagbag.py:537} INFO - Filling up the DagBag from /root/.local/share/virtualenvs/workspace-dqq3IVyd/lib/python3.10/site-packages/airflow/example_dags/example_branch_labels.py
[2022-10-31T22:44:59.550+0000] {processor.py:766} INFO - DAG(s) dict_keys(['example_branch_labels']) retrieved from /root/.local/share/virtualenvs/workspace-dqq3IVyd/lib/python3.10/site-packages/airflow/example_dags/example_branch_labels.py
[2022-10-31T22:44:59.658+0000] {logging_mixin.py:120} INFO - [2022-10-31T22:44:59.657+0000] {manager.py:507} INFO - Created Permission View: can read on DAG:example_branch_labels
[2022-10-31T22:44:59.681+0000] {logging_mixin.py:120} INFO - [2022-10-31T22:44:59.681+0000] {manager.py:507} INFO - Created Permission View: can edit on DAG:example_branch_labels
[2022-10-31T22:44:59.703+0000] {logging_mixin.py:120} INFO - [2022-10-31T22:44:59.703+0000] {manager.py:507} INFO - Created Permission View: can delete on DAG:example_branch_labels
[2022-10-31T22:44:59.703+0000] {logging_mixin.py:120} INFO - [2022-10-31T22:44:59.703+0000] {dag.py:2585} INFO - Sync 1 DAGs
[2022-10-31T22:44:59.716+0000] {logging_mixin.py:120} INFO - [2022-10-31T22:44:59.716+0000] {dag.py:2606} INFO - Creating ORM DAG for example_branch_labels
[2022-10-31T22:44:59.726+0000] {logging_mixin.py:120} INFO - [2022-10-31T22:44:59.725+0000] {dag.py:3336} INFO - Setting next_dagrun for example_branch_labels to 2022-10-30T00:00:00+00:00, run_after=2022-10-31T00:00:00+00:00
[2022-10-31T22:44:59.764+0000] {processor.py:176} INFO - Processing /root/.local/share/virtualenvs/workspace-dqq3IVyd/lib/python3.10/site-packages/airflow/example_dags/example_branch_labels.py took 0.314 seconds
[2022-10-31T22:45:38.410+0000] {processor.py:154} INFO - Started process (PID=1775) to work on /root/.local/share/virtualenvs/workspace-dqq3IVyd/lib/python3.10/site-packages/airflow/example_dags/example_branch_labels.py
[2022-10-31T22:45:38.410+0000] {processor.py:756} INFO - Processing file /root/.local/share/virtualenvs/workspace-dqq3IVyd/lib/python3.10/site-packages/airflow/example_dags/example_branch_labels.py for tasks to queue
[2022-10-31T22:45:38.411+0000] {logging_mixin.py:120} INFO - [2022-10-31T22:45:38.411+0000] {dagbag.py:537} INFO - Filling up the DagBag from /root/.local/share/virtualenvs/workspace-dqq3IVyd/lib/python3.10/site-packages/airflow/example_dags/example_branch_labels.py
[2022-10-31T22:45:38.423+0000] {processor.py:766} INFO - DAG(s) dict_keys(['example_branch_labels']) retrieved from /root/.local/share/virtualenvs/workspace-dqq3IVyd/lib/python3.10/site-packages/airflow/example_dags/example_branch_labels.py
[2022-10-31T22:45:38.457+0000] {logging_mixin.py:120} INFO - [2022-10-31T22:45:38.457+0000] {dag.py:2585} INFO - Sync 1 DAGs
[2022-10-31T22:45:38.479+0000] {logging_mixin.py:120} INFO - [2022-10-31T22:45:38.479+0000] {dag.py:3336} INFO - Setting next_dagrun for example_branch_labels to 2022-10-30T00:00:00+00:00, run_after=2022-10-31T00:00:00+00:00
[2022-10-31T22:45:38.520+0000] {processor.py:176} INFO - Processing /root/.local/share/virtualenvs/workspace-dqq3IVyd/lib/python3.10/site-packages/airflow/example_dags/example_branch_labels.py took 0.113 seconds
[2022-10-31T22:46:18.848+0000] {processor.py:154} INFO - Started process (PID=2078) to work on /root/.local/share/virtualenvs/workspace-dqq3IVyd/lib/python3.10/site-packages/airflow/example_dags/example_branch_labels.py
[2022-10-31T22:46:18.849+0000] {processor.py:756} INFO - Processing file /root/.local/share/virtualenvs/workspace-dqq3IVyd/lib/python3.10/site-packages/airflow/example_dags/example_branch_labels.py for tasks to queue
[2022-10-31T22:46:18.850+0000] {logging_mixin.py:120} INFO - [2022-10-31T22:46:18.850+0000] {dagbag.py:537} INFO - Filling up the DagBag from /root/.local/share/virtualenvs/workspace-dqq3IVyd/lib/python3.10/site-packages/airflow/example_dags/example_branch_labels.py
[2022-10-31T22:46:18.863+0000] {processor.py:766} INFO - DAG(s) dict_keys(['example_branch_labels']) retrieved from /root/.local/share/virtualenvs/workspace-dqq3IVyd/lib/python3.10/site-packages/airflow/example_dags/example_branch_labels.py
[2022-10-31T22:46:18.896+0000] {logging_mixin.py:120} INFO - [2022-10-31T22:46:18.896+0000] {dag.py:2585} INFO - Sync 1 DAGs
[2022-10-31T22:46:18.916+0000] {logging_mixin.py:120} INFO - [2022-10-31T22:46:18.915+0000] {dag.py:3336} INFO - Setting next_dagrun for example_branch_labels to 2022-10-30T00:00:00+00:00, run_after=2022-10-31T00:00:00+00:00
[2022-10-31T22:46:18.958+0000] {processor.py:176} INFO - Processing /root/.local/share/virtualenvs/workspace-dqq3IVyd/lib/python3.10/site-packages/airflow/example_dags/example_branch_labels.py took 0.112 seconds
[2022-10-31T22:46:59.431+0000] {processor.py:154} INFO - Started process (PID=2382) to work on /root/.local/share/virtualenvs/workspace-dqq3IVyd/lib/python3.10/site-packages/airflow/example_dags/example_branch_labels.py
[2022-10-31T22:46:59.432+0000] {processor.py:756} INFO - Processing file /root/.local/share/virtualenvs/workspace-dqq3IVyd/lib/python3.10/site-packages/airflow/example_dags/example_branch_labels.py for tasks to queue
[2022-10-31T22:46:59.432+0000] {logging_mixin.py:120} INFO - [2022-10-31T22:46:59.432+0000] {dagbag.py:537} INFO - Filling up the DagBag from /root/.local/share/virtualenvs/workspace-dqq3IVyd/lib/python3.10/site-packages/airflow/example_dags/example_branch_labels.py
[2022-10-31T22:46:59.444+0000] {processor.py:766} INFO - DAG(s) dict_keys(['example_branch_labels']) retrieved from /root/.local/share/virtualenvs/workspace-dqq3IVyd/lib/python3.10/site-packages/airflow/example_dags/example_branch_labels.py
[2022-10-31T22:46:59.474+0000] {logging_mixin.py:120} INFO - [2022-10-31T22:46:59.474+0000] {dag.py:2585} INFO - Sync 1 DAGs
[2022-10-31T22:46:59.494+0000] {logging_mixin.py:120} INFO - [2022-10-31T22:46:59.494+0000] {dag.py:3336} INFO - Setting next_dagrun for example_branch_labels to 2022-10-30T00:00:00+00:00, run_after=2022-10-31T00:00:00+00:00
[2022-10-31T22:46:59.533+0000] {processor.py:176} INFO - Processing /root/.local/share/virtualenvs/workspace-dqq3IVyd/lib/python3.10/site-packages/airflow/example_dags/example_branch_labels.py took 0.105 seconds
[2022-10-31T22:47:44.901+0000] {processor.py:154} INFO - Started process (PID=2721) to work on /root/.local/share/virtualenvs/workspace-dqq3IVyd/lib/python3.10/site-packages/airflow/example_dags/example_branch_labels.py
[2022-10-31T22:47:44.902+0000] {processor.py:756} INFO - Processing file /root/.local/share/virtualenvs/workspace-dqq3IVyd/lib/python3.10/site-packages/airflow/example_dags/example_branch_labels.py for tasks to queue
[2022-10-31T22:47:44.902+0000] {logging_mixin.py:120} INFO - [2022-10-31T22:47:44.902+0000] {dagbag.py:537} INFO - Filling up the DagBag from /root/.local/share/virtualenvs/workspace-dqq3IVyd/lib/python3.10/site-packages/airflow/example_dags/example_branch_labels.py
[2022-10-31T22:47:44.916+0000] {processor.py:766} INFO - DAG(s) dict_keys(['example_branch_labels']) retrieved from /root/.local/share/virtualenvs/workspace-dqq3IVyd/lib/python3.10/site-packages/airflow/example_dags/example_branch_labels.py
[2022-10-31T22:47:44.950+0000] {logging_mixin.py:120} INFO - [2022-10-31T22:47:44.950+0000] {dag.py:2585} INFO - Sync 1 DAGs
[2022-10-31T22:47:44.972+0000] {logging_mixin.py:120} INFO - [2022-10-31T22:47:44.972+0000] {dag.py:3336} INFO - Setting next_dagrun for example_branch_labels to 2022-10-30T00:00:00+00:00, run_after=2022-10-31T00:00:00+00:00
[2022-10-31T22:47:45.012+0000] {processor.py:176} INFO - Processing /root/.local/share/virtualenvs/workspace-dqq3IVyd/lib/python3.10/site-packages/airflow/example_dags/example_branch_labels.py took 0.114 seconds
