[2022-10-31T22:44:55.721+0000] {processor.py:154} INFO - Started process (PID=1425) to work on /root/.local/share/virtualenvs/workspace-dqq3IVyd/lib/python3.10/site-packages/airflow/example_dags/example_xcomargs.py
[2022-10-31T22:44:55.722+0000] {processor.py:756} INFO - Processing file /root/.local/share/virtualenvs/workspace-dqq3IVyd/lib/python3.10/site-packages/airflow/example_dags/example_xcomargs.py for tasks to queue
[2022-10-31T22:44:55.723+0000] {logging_mixin.py:120} INFO - [2022-10-31T22:44:55.722+0000] {dagbag.py:537} INFO - Filling up the DagBag from /root/.local/share/virtualenvs/workspace-dqq3IVyd/lib/python3.10/site-packages/airflow/example_dags/example_xcomargs.py
[2022-10-31T22:44:55.824+0000] {processor.py:766} INFO - DAG(s) dict_keys(['example_xcom_args', 'example_xcom_args_with_operators']) retrieved from /root/.local/share/virtualenvs/workspace-dqq3IVyd/lib/python3.10/site-packages/airflow/example_dags/example_xcomargs.py
[2022-10-31T22:44:55.942+0000] {logging_mixin.py:120} INFO - [2022-10-31T22:44:55.941+0000] {manager.py:507} INFO - Created Permission View: can read on DAG:example_xcom_args
[2022-10-31T22:44:55.971+0000] {logging_mixin.py:120} INFO - [2022-10-31T22:44:55.971+0000] {manager.py:507} INFO - Created Permission View: can edit on DAG:example_xcom_args
[2022-10-31T22:44:55.998+0000] {logging_mixin.py:120} INFO - [2022-10-31T22:44:55.998+0000] {manager.py:507} INFO - Created Permission View: can delete on DAG:example_xcom_args
[2022-10-31T22:44:56.049+0000] {logging_mixin.py:120} INFO - [2022-10-31T22:44:56.049+0000] {manager.py:507} INFO - Created Permission View: can read on DAG:example_xcom_args_with_operators
[2022-10-31T22:44:56.072+0000] {logging_mixin.py:120} INFO - [2022-10-31T22:44:56.072+0000] {manager.py:507} INFO - Created Permission View: can edit on DAG:example_xcom_args_with_operators
[2022-10-31T22:44:56.099+0000] {logging_mixin.py:120} INFO - [2022-10-31T22:44:56.099+0000] {manager.py:507} INFO - Created Permission View: can delete on DAG:example_xcom_args_with_operators
[2022-10-31T22:44:56.100+0000] {logging_mixin.py:120} INFO - [2022-10-31T22:44:56.100+0000] {dag.py:2585} INFO - Sync 2 DAGs
[2022-10-31T22:44:56.113+0000] {logging_mixin.py:120} INFO - [2022-10-31T22:44:56.113+0000] {dag.py:2606} INFO - Creating ORM DAG for example_xcom_args_with_operators
[2022-10-31T22:44:56.114+0000] {logging_mixin.py:120} INFO - [2022-10-31T22:44:56.114+0000] {dag.py:2606} INFO - Creating ORM DAG for example_xcom_args
[2022-10-31T22:44:56.122+0000] {logging_mixin.py:120} INFO - [2022-10-31T22:44:56.122+0000] {dag.py:3336} INFO - Setting next_dagrun for example_xcom_args to None, run_after=None
[2022-10-31T22:44:56.123+0000] {logging_mixin.py:120} INFO - [2022-10-31T22:44:56.123+0000] {dag.py:3336} INFO - Setting next_dagrun for example_xcom_args_with_operators to None, run_after=None
[2022-10-31T22:44:56.169+0000] {processor.py:176} INFO - Processing /root/.local/share/virtualenvs/workspace-dqq3IVyd/lib/python3.10/site-packages/airflow/example_dags/example_xcomargs.py took 0.450 seconds
[2022-10-31T22:45:34.771+0000] {processor.py:154} INFO - Started process (PID=1742) to work on /root/.local/share/virtualenvs/workspace-dqq3IVyd/lib/python3.10/site-packages/airflow/example_dags/example_xcomargs.py
[2022-10-31T22:45:34.772+0000] {processor.py:756} INFO - Processing file /root/.local/share/virtualenvs/workspace-dqq3IVyd/lib/python3.10/site-packages/airflow/example_dags/example_xcomargs.py for tasks to queue
[2022-10-31T22:45:34.773+0000] {logging_mixin.py:120} INFO - [2022-10-31T22:45:34.773+0000] {dagbag.py:537} INFO - Filling up the DagBag from /root/.local/share/virtualenvs/workspace-dqq3IVyd/lib/python3.10/site-packages/airflow/example_dags/example_xcomargs.py
[2022-10-31T22:45:34.795+0000] {processor.py:766} INFO - DAG(s) dict_keys(['example_xcom_args_with_operators', 'example_xcom_args']) retrieved from /root/.local/share/virtualenvs/workspace-dqq3IVyd/lib/python3.10/site-packages/airflow/example_dags/example_xcomargs.py
[2022-10-31T22:45:34.834+0000] {logging_mixin.py:120} INFO - [2022-10-31T22:45:34.833+0000] {dag.py:2585} INFO - Sync 2 DAGs
[2022-10-31T22:45:34.855+0000] {logging_mixin.py:120} INFO - [2022-10-31T22:45:34.854+0000] {dag.py:3336} INFO - Setting next_dagrun for example_xcom_args to None, run_after=None
[2022-10-31T22:45:34.858+0000] {logging_mixin.py:120} INFO - [2022-10-31T22:45:34.858+0000] {dag.py:3336} INFO - Setting next_dagrun for example_xcom_args_with_operators to None, run_after=None
[2022-10-31T22:45:34.897+0000] {processor.py:176} INFO - Processing /root/.local/share/virtualenvs/workspace-dqq3IVyd/lib/python3.10/site-packages/airflow/example_dags/example_xcomargs.py took 0.128 seconds
[2022-10-31T22:46:16.187+0000] {processor.py:154} INFO - Started process (PID=2051) to work on /root/.local/share/virtualenvs/workspace-dqq3IVyd/lib/python3.10/site-packages/airflow/example_dags/example_xcomargs.py
[2022-10-31T22:46:16.188+0000] {processor.py:756} INFO - Processing file /root/.local/share/virtualenvs/workspace-dqq3IVyd/lib/python3.10/site-packages/airflow/example_dags/example_xcomargs.py for tasks to queue
[2022-10-31T22:46:16.188+0000] {logging_mixin.py:120} INFO - [2022-10-31T22:46:16.188+0000] {dagbag.py:537} INFO - Filling up the DagBag from /root/.local/share/virtualenvs/workspace-dqq3IVyd/lib/python3.10/site-packages/airflow/example_dags/example_xcomargs.py
[2022-10-31T22:46:16.206+0000] {processor.py:766} INFO - DAG(s) dict_keys(['example_xcom_args', 'example_xcom_args_with_operators']) retrieved from /root/.local/share/virtualenvs/workspace-dqq3IVyd/lib/python3.10/site-packages/airflow/example_dags/example_xcomargs.py
[2022-10-31T22:46:16.242+0000] {logging_mixin.py:120} INFO - [2022-10-31T22:46:16.242+0000] {dag.py:2585} INFO - Sync 2 DAGs
[2022-10-31T22:46:16.262+0000] {logging_mixin.py:120} INFO - [2022-10-31T22:46:16.262+0000] {dag.py:3336} INFO - Setting next_dagrun for example_xcom_args to None, run_after=None
[2022-10-31T22:46:16.267+0000] {logging_mixin.py:120} INFO - [2022-10-31T22:46:16.267+0000] {dag.py:3336} INFO - Setting next_dagrun for example_xcom_args_with_operators to None, run_after=None
[2022-10-31T22:46:16.307+0000] {processor.py:176} INFO - Processing /root/.local/share/virtualenvs/workspace-dqq3IVyd/lib/python3.10/site-packages/airflow/example_dags/example_xcomargs.py took 0.122 seconds
[2022-10-31T22:46:55.930+0000] {processor.py:154} INFO - Started process (PID=2349) to work on /root/.local/share/virtualenvs/workspace-dqq3IVyd/lib/python3.10/site-packages/airflow/example_dags/example_xcomargs.py
[2022-10-31T22:46:55.931+0000] {processor.py:756} INFO - Processing file /root/.local/share/virtualenvs/workspace-dqq3IVyd/lib/python3.10/site-packages/airflow/example_dags/example_xcomargs.py for tasks to queue
[2022-10-31T22:46:55.931+0000] {logging_mixin.py:120} INFO - [2022-10-31T22:46:55.931+0000] {dagbag.py:537} INFO - Filling up the DagBag from /root/.local/share/virtualenvs/workspace-dqq3IVyd/lib/python3.10/site-packages/airflow/example_dags/example_xcomargs.py
[2022-10-31T22:46:55.950+0000] {processor.py:766} INFO - DAG(s) dict_keys(['example_xcom_args_with_operators', 'example_xcom_args']) retrieved from /root/.local/share/virtualenvs/workspace-dqq3IVyd/lib/python3.10/site-packages/airflow/example_dags/example_xcomargs.py
[2022-10-31T22:46:55.983+0000] {logging_mixin.py:120} INFO - [2022-10-31T22:46:55.983+0000] {dag.py:2585} INFO - Sync 2 DAGs
[2022-10-31T22:46:56.001+0000] {logging_mixin.py:120} INFO - [2022-10-31T22:46:56.001+0000] {dag.py:3336} INFO - Setting next_dagrun for example_xcom_args to None, run_after=None
[2022-10-31T22:46:56.004+0000] {logging_mixin.py:120} INFO - [2022-10-31T22:46:56.004+0000] {dag.py:3336} INFO - Setting next_dagrun for example_xcom_args_with_operators to None, run_after=None
[2022-10-31T22:46:56.039+0000] {processor.py:176} INFO - Processing /root/.local/share/virtualenvs/workspace-dqq3IVyd/lib/python3.10/site-packages/airflow/example_dags/example_xcomargs.py took 0.111 seconds
[2022-10-31T22:47:42.163+0000] {processor.py:154} INFO - Started process (PID=2705) to work on /root/.local/share/virtualenvs/workspace-dqq3IVyd/lib/python3.10/site-packages/airflow/example_dags/example_xcomargs.py
[2022-10-31T22:47:42.164+0000] {processor.py:756} INFO - Processing file /root/.local/share/virtualenvs/workspace-dqq3IVyd/lib/python3.10/site-packages/airflow/example_dags/example_xcomargs.py for tasks to queue
[2022-10-31T22:47:42.164+0000] {logging_mixin.py:120} INFO - [2022-10-31T22:47:42.164+0000] {dagbag.py:537} INFO - Filling up the DagBag from /root/.local/share/virtualenvs/workspace-dqq3IVyd/lib/python3.10/site-packages/airflow/example_dags/example_xcomargs.py
[2022-10-31T22:47:42.184+0000] {processor.py:766} INFO - DAG(s) dict_keys(['example_xcom_args_with_operators', 'example_xcom_args']) retrieved from /root/.local/share/virtualenvs/workspace-dqq3IVyd/lib/python3.10/site-packages/airflow/example_dags/example_xcomargs.py
[2022-10-31T22:47:42.217+0000] {logging_mixin.py:120} INFO - [2022-10-31T22:47:42.217+0000] {dag.py:2585} INFO - Sync 2 DAGs
[2022-10-31T22:47:42.236+0000] {logging_mixin.py:120} INFO - [2022-10-31T22:47:42.236+0000] {dag.py:3336} INFO - Setting next_dagrun for example_xcom_args to None, run_after=None
[2022-10-31T22:47:42.239+0000] {logging_mixin.py:120} INFO - [2022-10-31T22:47:42.239+0000] {dag.py:3336} INFO - Setting next_dagrun for example_xcom_args_with_operators to None, run_after=None
[2022-10-31T22:47:42.277+0000] {processor.py:176} INFO - Processing /root/.local/share/virtualenvs/workspace-dqq3IVyd/lib/python3.10/site-packages/airflow/example_dags/example_xcomargs.py took 0.116 seconds
