[2022-10-31T22:44:32.743+0000] {processor.py:154} INFO - Started process (PID=1260) to work on /root/.local/share/virtualenvs/workspace-dqq3IVyd/lib/python3.10/site-packages/airflow/example_dags/example_skip_dag.py
[2022-10-31T22:44:32.744+0000] {processor.py:756} INFO - Processing file /root/.local/share/virtualenvs/workspace-dqq3IVyd/lib/python3.10/site-packages/airflow/example_dags/example_skip_dag.py for tasks to queue
[2022-10-31T22:44:32.744+0000] {logging_mixin.py:120} INFO - [2022-10-31T22:44:32.744+0000] {dagbag.py:537} INFO - Filling up the DagBag from /root/.local/share/virtualenvs/workspace-dqq3IVyd/lib/python3.10/site-packages/airflow/example_dags/example_skip_dag.py
[2022-10-31T22:44:32.832+0000] {processor.py:766} INFO - DAG(s) dict_keys(['example_skip_dag']) retrieved from /root/.local/share/virtualenvs/workspace-dqq3IVyd/lib/python3.10/site-packages/airflow/example_dags/example_skip_dag.py
[2022-10-31T22:44:32.961+0000] {logging_mixin.py:120} INFO - [2022-10-31T22:44:32.960+0000] {manager.py:507} INFO - Created Permission View: can read on DAG:example_skip_dag
[2022-10-31T22:44:32.983+0000] {logging_mixin.py:120} INFO - [2022-10-31T22:44:32.983+0000] {manager.py:507} INFO - Created Permission View: can edit on DAG:example_skip_dag
[2022-10-31T22:44:33.003+0000] {logging_mixin.py:120} INFO - [2022-10-31T22:44:33.003+0000] {manager.py:507} INFO - Created Permission View: can delete on DAG:example_skip_dag
[2022-10-31T22:44:33.004+0000] {logging_mixin.py:120} INFO - [2022-10-31T22:44:33.004+0000] {dag.py:2585} INFO - Sync 1 DAGs
[2022-10-31T22:44:33.015+0000] {logging_mixin.py:120} INFO - [2022-10-31T22:44:33.015+0000] {dag.py:2606} INFO - Creating ORM DAG for example_skip_dag
[2022-10-31T22:44:33.024+0000] {logging_mixin.py:120} INFO - [2022-10-31T22:44:33.024+0000] {dag.py:3336} INFO - Setting next_dagrun for example_skip_dag to 2022-10-30T22:44:33.024230+00:00, run_after=2022-10-31T22:44:33.024230+00:00
[2022-10-31T22:44:33.067+0000] {processor.py:176} INFO - Processing /root/.local/share/virtualenvs/workspace-dqq3IVyd/lib/python3.10/site-packages/airflow/example_dags/example_skip_dag.py took 0.327 seconds
[2022-10-31T22:45:17.601+0000] {processor.py:154} INFO - Started process (PID=1614) to work on /root/.local/share/virtualenvs/workspace-dqq3IVyd/lib/python3.10/site-packages/airflow/example_dags/example_skip_dag.py
[2022-10-31T22:45:17.602+0000] {processor.py:756} INFO - Processing file /root/.local/share/virtualenvs/workspace-dqq3IVyd/lib/python3.10/site-packages/airflow/example_dags/example_skip_dag.py for tasks to queue
[2022-10-31T22:45:17.602+0000] {logging_mixin.py:120} INFO - [2022-10-31T22:45:17.602+0000] {dagbag.py:537} INFO - Filling up the DagBag from /root/.local/share/virtualenvs/workspace-dqq3IVyd/lib/python3.10/site-packages/airflow/example_dags/example_skip_dag.py
[2022-10-31T22:45:17.616+0000] {processor.py:766} INFO - DAG(s) dict_keys(['example_skip_dag']) retrieved from /root/.local/share/virtualenvs/workspace-dqq3IVyd/lib/python3.10/site-packages/airflow/example_dags/example_skip_dag.py
[2022-10-31T22:45:17.663+0000] {logging_mixin.py:120} INFO - [2022-10-31T22:45:17.663+0000] {dag.py:2585} INFO - Sync 1 DAGs
[2022-10-31T22:45:17.691+0000] {logging_mixin.py:120} INFO - [2022-10-31T22:45:17.690+0000] {dag.py:3336} INFO - Setting next_dagrun for example_skip_dag to 2022-10-30T22:45:17.690605+00:00, run_after=2022-10-31T22:45:17.690605+00:00
[2022-10-31T22:45:17.743+0000] {processor.py:176} INFO - Processing /root/.local/share/virtualenvs/workspace-dqq3IVyd/lib/python3.10/site-packages/airflow/example_dags/example_skip_dag.py took 0.145 seconds
[2022-10-31T22:45:55.753+0000] {processor.py:154} INFO - Started process (PID=1902) to work on /root/.local/share/virtualenvs/workspace-dqq3IVyd/lib/python3.10/site-packages/airflow/example_dags/example_skip_dag.py
[2022-10-31T22:45:55.754+0000] {processor.py:756} INFO - Processing file /root/.local/share/virtualenvs/workspace-dqq3IVyd/lib/python3.10/site-packages/airflow/example_dags/example_skip_dag.py for tasks to queue
[2022-10-31T22:45:55.754+0000] {logging_mixin.py:120} INFO - [2022-10-31T22:45:55.754+0000] {dagbag.py:537} INFO - Filling up the DagBag from /root/.local/share/virtualenvs/workspace-dqq3IVyd/lib/python3.10/site-packages/airflow/example_dags/example_skip_dag.py
[2022-10-31T22:45:55.766+0000] {processor.py:766} INFO - DAG(s) dict_keys(['example_skip_dag']) retrieved from /root/.local/share/virtualenvs/workspace-dqq3IVyd/lib/python3.10/site-packages/airflow/example_dags/example_skip_dag.py
[2022-10-31T22:45:55.797+0000] {logging_mixin.py:120} INFO - [2022-10-31T22:45:55.797+0000] {dag.py:2585} INFO - Sync 1 DAGs
[2022-10-31T22:45:55.816+0000] {logging_mixin.py:120} INFO - [2022-10-31T22:45:55.816+0000] {dag.py:3336} INFO - Setting next_dagrun for example_skip_dag to 2022-10-30T22:45:55.816195+00:00, run_after=2022-10-31T22:45:55.816195+00:00
[2022-10-31T22:45:55.855+0000] {processor.py:176} INFO - Processing /root/.local/share/virtualenvs/workspace-dqq3IVyd/lib/python3.10/site-packages/airflow/example_dags/example_skip_dag.py took 0.104 seconds
[2022-10-31T22:46:36.694+0000] {processor.py:154} INFO - Started process (PID=2205) to work on /root/.local/share/virtualenvs/workspace-dqq3IVyd/lib/python3.10/site-packages/airflow/example_dags/example_skip_dag.py
[2022-10-31T22:46:36.695+0000] {processor.py:756} INFO - Processing file /root/.local/share/virtualenvs/workspace-dqq3IVyd/lib/python3.10/site-packages/airflow/example_dags/example_skip_dag.py for tasks to queue
[2022-10-31T22:46:36.696+0000] {logging_mixin.py:120} INFO - [2022-10-31T22:46:36.696+0000] {dagbag.py:537} INFO - Filling up the DagBag from /root/.local/share/virtualenvs/workspace-dqq3IVyd/lib/python3.10/site-packages/airflow/example_dags/example_skip_dag.py
[2022-10-31T22:46:36.708+0000] {processor.py:766} INFO - DAG(s) dict_keys(['example_skip_dag']) retrieved from /root/.local/share/virtualenvs/workspace-dqq3IVyd/lib/python3.10/site-packages/airflow/example_dags/example_skip_dag.py
[2022-10-31T22:46:36.740+0000] {logging_mixin.py:120} INFO - [2022-10-31T22:46:36.740+0000] {dag.py:2585} INFO - Sync 1 DAGs
[2022-10-31T22:46:36.759+0000] {logging_mixin.py:120} INFO - [2022-10-31T22:46:36.759+0000] {dag.py:3336} INFO - Setting next_dagrun for example_skip_dag to 2022-10-30T22:46:36.759376+00:00, run_after=2022-10-31T22:46:36.759376+00:00
[2022-10-31T22:46:36.801+0000] {processor.py:176} INFO - Processing /root/.local/share/virtualenvs/workspace-dqq3IVyd/lib/python3.10/site-packages/airflow/example_dags/example_skip_dag.py took 0.110 seconds
[2022-10-31T22:47:16.471+0000] {processor.py:154} INFO - Started process (PID=2502) to work on /root/.local/share/virtualenvs/workspace-dqq3IVyd/lib/python3.10/site-packages/airflow/example_dags/example_skip_dag.py
[2022-10-31T22:47:16.472+0000] {processor.py:756} INFO - Processing file /root/.local/share/virtualenvs/workspace-dqq3IVyd/lib/python3.10/site-packages/airflow/example_dags/example_skip_dag.py for tasks to queue
[2022-10-31T22:47:16.473+0000] {logging_mixin.py:120} INFO - [2022-10-31T22:47:16.473+0000] {dagbag.py:537} INFO - Filling up the DagBag from /root/.local/share/virtualenvs/workspace-dqq3IVyd/lib/python3.10/site-packages/airflow/example_dags/example_skip_dag.py
[2022-10-31T22:47:16.486+0000] {processor.py:766} INFO - DAG(s) dict_keys(['example_skip_dag']) retrieved from /root/.local/share/virtualenvs/workspace-dqq3IVyd/lib/python3.10/site-packages/airflow/example_dags/example_skip_dag.py
[2022-10-31T22:47:16.523+0000] {logging_mixin.py:120} INFO - [2022-10-31T22:47:16.522+0000] {dag.py:2585} INFO - Sync 1 DAGs
[2022-10-31T22:47:16.544+0000] {logging_mixin.py:120} INFO - [2022-10-31T22:47:16.544+0000] {dag.py:3336} INFO - Setting next_dagrun for example_skip_dag to 2022-10-30T22:47:16.544544+00:00, run_after=2022-10-31T22:47:16.544544+00:00
[2022-10-31T22:47:16.586+0000] {processor.py:176} INFO - Processing /root/.local/share/virtualenvs/workspace-dqq3IVyd/lib/python3.10/site-packages/airflow/example_dags/example_skip_dag.py took 0.116 seconds
[2022-10-31T22:47:52.777+0000] {processor.py:154} INFO - Started process (PID=2802) to work on /root/.local/share/virtualenvs/workspace-dqq3IVyd/lib/python3.10/site-packages/airflow/example_dags/example_skip_dag.py
[2022-10-31T22:47:52.778+0000] {processor.py:756} INFO - Processing file /root/.local/share/virtualenvs/workspace-dqq3IVyd/lib/python3.10/site-packages/airflow/example_dags/example_skip_dag.py for tasks to queue
[2022-10-31T22:47:52.779+0000] {logging_mixin.py:120} INFO - [2022-10-31T22:47:52.779+0000] {dagbag.py:537} INFO - Filling up the DagBag from /root/.local/share/virtualenvs/workspace-dqq3IVyd/lib/python3.10/site-packages/airflow/example_dags/example_skip_dag.py
[2022-10-31T22:47:52.791+0000] {processor.py:766} INFO - DAG(s) dict_keys(['example_skip_dag']) retrieved from /root/.local/share/virtualenvs/workspace-dqq3IVyd/lib/python3.10/site-packages/airflow/example_dags/example_skip_dag.py
[2022-10-31T22:47:52.823+0000] {logging_mixin.py:120} INFO - [2022-10-31T22:47:52.823+0000] {dag.py:2585} INFO - Sync 1 DAGs
[2022-10-31T22:47:52.844+0000] {logging_mixin.py:120} INFO - [2022-10-31T22:47:52.844+0000] {dag.py:3336} INFO - Setting next_dagrun for example_skip_dag to 2022-10-30T22:47:52.843901+00:00, run_after=2022-10-31T22:47:52.843901+00:00
[2022-10-31T22:47:52.886+0000] {processor.py:176} INFO - Processing /root/.local/share/virtualenvs/workspace-dqq3IVyd/lib/python3.10/site-packages/airflow/example_dags/example_skip_dag.py took 0.112 seconds
