[2022-10-31T22:44:22.427+0000] {processor.py:154} INFO - Started process (PID=1142) to work on /root/.local/share/virtualenvs/workspace-dqq3IVyd/lib/python3.10/site-packages/airflow/example_dags/example_short_circuit_operator.py
[2022-10-31T22:44:22.429+0000] {processor.py:756} INFO - Processing file /root/.local/share/virtualenvs/workspace-dqq3IVyd/lib/python3.10/site-packages/airflow/example_dags/example_short_circuit_operator.py for tasks to queue
[2022-10-31T22:44:22.430+0000] {logging_mixin.py:120} INFO - [2022-10-31T22:44:22.430+0000] {dagbag.py:537} INFO - Filling up the DagBag from /root/.local/share/virtualenvs/workspace-dqq3IVyd/lib/python3.10/site-packages/airflow/example_dags/example_short_circuit_operator.py
[2022-10-31T22:44:22.569+0000] {processor.py:766} INFO - DAG(s) dict_keys(['example_short_circuit_operator']) retrieved from /root/.local/share/virtualenvs/workspace-dqq3IVyd/lib/python3.10/site-packages/airflow/example_dags/example_short_circuit_operator.py
[2022-10-31T22:44:22.700+0000] {logging_mixin.py:120} INFO - [2022-10-31T22:44:22.700+0000] {manager.py:507} INFO - Created Permission View: can read on DAG:example_short_circuit_operator
[2022-10-31T22:44:22.725+0000] {logging_mixin.py:120} INFO - [2022-10-31T22:44:22.725+0000] {manager.py:507} INFO - Created Permission View: can edit on DAG:example_short_circuit_operator
[2022-10-31T22:44:22.751+0000] {logging_mixin.py:120} INFO - [2022-10-31T22:44:22.751+0000] {manager.py:507} INFO - Created Permission View: can delete on DAG:example_short_circuit_operator
[2022-10-31T22:44:22.752+0000] {logging_mixin.py:120} INFO - [2022-10-31T22:44:22.751+0000] {dag.py:2585} INFO - Sync 1 DAGs
[2022-10-31T22:44:22.766+0000] {logging_mixin.py:120} INFO - [2022-10-31T22:44:22.766+0000] {dag.py:2606} INFO - Creating ORM DAG for example_short_circuit_operator
[2022-10-31T22:44:22.775+0000] {logging_mixin.py:120} INFO - [2022-10-31T22:44:22.775+0000] {dag.py:3336} INFO - Setting next_dagrun for example_short_circuit_operator to 2022-10-30T22:44:22.774912+00:00, run_after=2022-10-31T22:44:22.774912+00:00
[2022-10-31T22:44:22.828+0000] {processor.py:176} INFO - Processing /root/.local/share/virtualenvs/workspace-dqq3IVyd/lib/python3.10/site-packages/airflow/example_dags/example_short_circuit_operator.py took 0.404 seconds
[2022-10-31T22:45:08.479+0000] {processor.py:154} INFO - Started process (PID=1553) to work on /root/.local/share/virtualenvs/workspace-dqq3IVyd/lib/python3.10/site-packages/airflow/example_dags/example_short_circuit_operator.py
[2022-10-31T22:45:08.480+0000] {processor.py:756} INFO - Processing file /root/.local/share/virtualenvs/workspace-dqq3IVyd/lib/python3.10/site-packages/airflow/example_dags/example_short_circuit_operator.py for tasks to queue
[2022-10-31T22:45:08.481+0000] {logging_mixin.py:120} INFO - [2022-10-31T22:45:08.481+0000] {dagbag.py:537} INFO - Filling up the DagBag from /root/.local/share/virtualenvs/workspace-dqq3IVyd/lib/python3.10/site-packages/airflow/example_dags/example_short_circuit_operator.py
[2022-10-31T22:45:08.496+0000] {processor.py:766} INFO - DAG(s) dict_keys(['example_short_circuit_operator']) retrieved from /root/.local/share/virtualenvs/workspace-dqq3IVyd/lib/python3.10/site-packages/airflow/example_dags/example_short_circuit_operator.py
[2022-10-31T22:45:08.527+0000] {logging_mixin.py:120} INFO - [2022-10-31T22:45:08.527+0000] {dag.py:2585} INFO - Sync 1 DAGs
[2022-10-31T22:45:08.545+0000] {logging_mixin.py:120} INFO - [2022-10-31T22:45:08.545+0000] {dag.py:3336} INFO - Setting next_dagrun for example_short_circuit_operator to 2022-10-30T22:45:08.545329+00:00, run_after=2022-10-31T22:45:08.545329+00:00
[2022-10-31T22:45:08.586+0000] {processor.py:176} INFO - Processing /root/.local/share/virtualenvs/workspace-dqq3IVyd/lib/python3.10/site-packages/airflow/example_dags/example_short_circuit_operator.py took 0.110 seconds
[2022-10-31T22:45:42.621+0000] {processor.py:154} INFO - Started process (PID=1802) to work on /root/.local/share/virtualenvs/workspace-dqq3IVyd/lib/python3.10/site-packages/airflow/example_dags/example_short_circuit_operator.py
[2022-10-31T22:45:42.622+0000] {processor.py:756} INFO - Processing file /root/.local/share/virtualenvs/workspace-dqq3IVyd/lib/python3.10/site-packages/airflow/example_dags/example_short_circuit_operator.py for tasks to queue
[2022-10-31T22:45:42.622+0000] {logging_mixin.py:120} INFO - [2022-10-31T22:45:42.622+0000] {dagbag.py:537} INFO - Filling up the DagBag from /root/.local/share/virtualenvs/workspace-dqq3IVyd/lib/python3.10/site-packages/airflow/example_dags/example_short_circuit_operator.py
[2022-10-31T22:45:42.636+0000] {processor.py:766} INFO - DAG(s) dict_keys(['example_short_circuit_operator']) retrieved from /root/.local/share/virtualenvs/workspace-dqq3IVyd/lib/python3.10/site-packages/airflow/example_dags/example_short_circuit_operator.py
[2022-10-31T22:45:42.667+0000] {logging_mixin.py:120} INFO - [2022-10-31T22:45:42.667+0000] {dag.py:2585} INFO - Sync 1 DAGs
[2022-10-31T22:45:42.686+0000] {logging_mixin.py:120} INFO - [2022-10-31T22:45:42.686+0000] {dag.py:3336} INFO - Setting next_dagrun for example_short_circuit_operator to 2022-10-30T22:45:42.686391+00:00, run_after=2022-10-31T22:45:42.686391+00:00
[2022-10-31T22:45:42.727+0000] {processor.py:176} INFO - Processing /root/.local/share/virtualenvs/workspace-dqq3IVyd/lib/python3.10/site-packages/airflow/example_dags/example_short_circuit_operator.py took 0.108 seconds
[2022-10-31T22:46:21.685+0000] {processor.py:154} INFO - Started process (PID=2087) to work on /root/.local/share/virtualenvs/workspace-dqq3IVyd/lib/python3.10/site-packages/airflow/example_dags/example_short_circuit_operator.py
[2022-10-31T22:46:21.686+0000] {processor.py:756} INFO - Processing file /root/.local/share/virtualenvs/workspace-dqq3IVyd/lib/python3.10/site-packages/airflow/example_dags/example_short_circuit_operator.py for tasks to queue
[2022-10-31T22:46:21.687+0000] {logging_mixin.py:120} INFO - [2022-10-31T22:46:21.687+0000] {dagbag.py:537} INFO - Filling up the DagBag from /root/.local/share/virtualenvs/workspace-dqq3IVyd/lib/python3.10/site-packages/airflow/example_dags/example_short_circuit_operator.py
[2022-10-31T22:46:21.702+0000] {processor.py:766} INFO - DAG(s) dict_keys(['example_short_circuit_operator']) retrieved from /root/.local/share/virtualenvs/workspace-dqq3IVyd/lib/python3.10/site-packages/airflow/example_dags/example_short_circuit_operator.py
[2022-10-31T22:46:21.736+0000] {logging_mixin.py:120} INFO - [2022-10-31T22:46:21.736+0000] {dag.py:2585} INFO - Sync 1 DAGs
[2022-10-31T22:46:21.757+0000] {logging_mixin.py:120} INFO - [2022-10-31T22:46:21.757+0000] {dag.py:3336} INFO - Setting next_dagrun for example_short_circuit_operator to 2022-10-30T22:46:21.756932+00:00, run_after=2022-10-31T22:46:21.756932+00:00
[2022-10-31T22:46:21.803+0000] {processor.py:176} INFO - Processing /root/.local/share/virtualenvs/workspace-dqq3IVyd/lib/python3.10/site-packages/airflow/example_dags/example_short_circuit_operator.py took 0.120 seconds
[2022-10-31T22:47:01.952+0000] {processor.py:154} INFO - Started process (PID=2390) to work on /root/.local/share/virtualenvs/workspace-dqq3IVyd/lib/python3.10/site-packages/airflow/example_dags/example_short_circuit_operator.py
[2022-10-31T22:47:01.952+0000] {processor.py:756} INFO - Processing file /root/.local/share/virtualenvs/workspace-dqq3IVyd/lib/python3.10/site-packages/airflow/example_dags/example_short_circuit_operator.py for tasks to queue
[2022-10-31T22:47:01.953+0000] {logging_mixin.py:120} INFO - [2022-10-31T22:47:01.953+0000] {dagbag.py:537} INFO - Filling up the DagBag from /root/.local/share/virtualenvs/workspace-dqq3IVyd/lib/python3.10/site-packages/airflow/example_dags/example_short_circuit_operator.py
[2022-10-31T22:47:01.966+0000] {processor.py:766} INFO - DAG(s) dict_keys(['example_short_circuit_operator']) retrieved from /root/.local/share/virtualenvs/workspace-dqq3IVyd/lib/python3.10/site-packages/airflow/example_dags/example_short_circuit_operator.py
[2022-10-31T22:47:01.999+0000] {logging_mixin.py:120} INFO - [2022-10-31T22:47:01.999+0000] {dag.py:2585} INFO - Sync 1 DAGs
[2022-10-31T22:47:02.018+0000] {logging_mixin.py:120} INFO - [2022-10-31T22:47:02.018+0000] {dag.py:3336} INFO - Setting next_dagrun for example_short_circuit_operator to 2022-10-30T22:47:02.018557+00:00, run_after=2022-10-31T22:47:02.018557+00:00
[2022-10-31T22:47:02.067+0000] {processor.py:176} INFO - Processing /root/.local/share/virtualenvs/workspace-dqq3IVyd/lib/python3.10/site-packages/airflow/example_dags/example_short_circuit_operator.py took 0.118 seconds
[2022-10-31T22:47:36.880+0000] {processor.py:154} INFO - Started process (PID=2653) to work on /root/.local/share/virtualenvs/workspace-dqq3IVyd/lib/python3.10/site-packages/airflow/example_dags/example_short_circuit_operator.py
[2022-10-31T22:47:36.881+0000] {processor.py:756} INFO - Processing file /root/.local/share/virtualenvs/workspace-dqq3IVyd/lib/python3.10/site-packages/airflow/example_dags/example_short_circuit_operator.py for tasks to queue
[2022-10-31T22:47:36.881+0000] {logging_mixin.py:120} INFO - [2022-10-31T22:47:36.881+0000] {dagbag.py:537} INFO - Filling up the DagBag from /root/.local/share/virtualenvs/workspace-dqq3IVyd/lib/python3.10/site-packages/airflow/example_dags/example_short_circuit_operator.py
[2022-10-31T22:47:36.897+0000] {processor.py:766} INFO - DAG(s) dict_keys(['example_short_circuit_operator']) retrieved from /root/.local/share/virtualenvs/workspace-dqq3IVyd/lib/python3.10/site-packages/airflow/example_dags/example_short_circuit_operator.py
[2022-10-31T22:47:36.931+0000] {logging_mixin.py:120} INFO - [2022-10-31T22:47:36.931+0000] {dag.py:2585} INFO - Sync 1 DAGs
[2022-10-31T22:47:36.951+0000] {logging_mixin.py:120} INFO - [2022-10-31T22:47:36.951+0000] {dag.py:3336} INFO - Setting next_dagrun for example_short_circuit_operator to 2022-10-30T22:47:36.950817+00:00, run_after=2022-10-31T22:47:36.950817+00:00
[2022-10-31T22:47:36.991+0000] {processor.py:176} INFO - Processing /root/.local/share/virtualenvs/workspace-dqq3IVyd/lib/python3.10/site-packages/airflow/example_dags/example_short_circuit_operator.py took 0.114 seconds
