[2022-10-31T22:44:36.743+0000] {processor.py:154} INFO - Started process (PID=1282) to work on /root/.local/share/virtualenvs/workspace-dqq3IVyd/lib/python3.10/site-packages/airflow/example_dags/example_short_circuit_decorator.py
[2022-10-31T22:44:36.743+0000] {processor.py:756} INFO - Processing file /root/.local/share/virtualenvs/workspace-dqq3IVyd/lib/python3.10/site-packages/airflow/example_dags/example_short_circuit_decorator.py for tasks to queue
[2022-10-31T22:44:36.744+0000] {logging_mixin.py:120} INFO - [2022-10-31T22:44:36.744+0000] {dagbag.py:537} INFO - Filling up the DagBag from /root/.local/share/virtualenvs/workspace-dqq3IVyd/lib/python3.10/site-packages/airflow/example_dags/example_short_circuit_decorator.py
[2022-10-31T22:44:36.848+0000] {processor.py:766} INFO - DAG(s) dict_keys(['example_short_circuit_decorator']) retrieved from /root/.local/share/virtualenvs/workspace-dqq3IVyd/lib/python3.10/site-packages/airflow/example_dags/example_short_circuit_decorator.py
[2022-10-31T22:44:36.956+0000] {logging_mixin.py:120} INFO - [2022-10-31T22:44:36.956+0000] {manager.py:507} INFO - Created Permission View: can read on DAG:example_short_circuit_decorator
[2022-10-31T22:44:36.978+0000] {logging_mixin.py:120} INFO - [2022-10-31T22:44:36.977+0000] {manager.py:507} INFO - Created Permission View: can edit on DAG:example_short_circuit_decorator
[2022-10-31T22:44:36.999+0000] {logging_mixin.py:120} INFO - [2022-10-31T22:44:36.998+0000] {manager.py:507} INFO - Created Permission View: can delete on DAG:example_short_circuit_decorator
[2022-10-31T22:44:36.999+0000] {logging_mixin.py:120} INFO - [2022-10-31T22:44:36.999+0000] {dag.py:2585} INFO - Sync 1 DAGs
[2022-10-31T22:44:37.011+0000] {logging_mixin.py:120} INFO - [2022-10-31T22:44:37.011+0000] {dag.py:2606} INFO - Creating ORM DAG for example_short_circuit_decorator
[2022-10-31T22:44:37.019+0000] {logging_mixin.py:120} INFO - [2022-10-31T22:44:37.018+0000] {dag.py:3336} INFO - Setting next_dagrun for example_short_circuit_decorator to 2022-10-30T22:44:37.018803+00:00, run_after=2022-10-31T22:44:37.018803+00:00
[2022-10-31T22:44:37.062+0000] {processor.py:176} INFO - Processing /root/.local/share/virtualenvs/workspace-dqq3IVyd/lib/python3.10/site-packages/airflow/example_dags/example_short_circuit_decorator.py took 0.324 seconds
[2022-10-31T22:45:20.805+0000] {processor.py:154} INFO - Started process (PID=1636) to work on /root/.local/share/virtualenvs/workspace-dqq3IVyd/lib/python3.10/site-packages/airflow/example_dags/example_short_circuit_decorator.py
[2022-10-31T22:45:20.806+0000] {processor.py:756} INFO - Processing file /root/.local/share/virtualenvs/workspace-dqq3IVyd/lib/python3.10/site-packages/airflow/example_dags/example_short_circuit_decorator.py for tasks to queue
[2022-10-31T22:45:20.807+0000] {logging_mixin.py:120} INFO - [2022-10-31T22:45:20.807+0000] {dagbag.py:537} INFO - Filling up the DagBag from /root/.local/share/virtualenvs/workspace-dqq3IVyd/lib/python3.10/site-packages/airflow/example_dags/example_short_circuit_decorator.py
[2022-10-31T22:45:20.826+0000] {processor.py:766} INFO - DAG(s) dict_keys(['example_short_circuit_decorator']) retrieved from /root/.local/share/virtualenvs/workspace-dqq3IVyd/lib/python3.10/site-packages/airflow/example_dags/example_short_circuit_decorator.py
[2022-10-31T22:45:20.858+0000] {logging_mixin.py:120} INFO - [2022-10-31T22:45:20.857+0000] {dag.py:2585} INFO - Sync 1 DAGs
[2022-10-31T22:45:20.877+0000] {logging_mixin.py:120} INFO - [2022-10-31T22:45:20.877+0000] {dag.py:3336} INFO - Setting next_dagrun for example_short_circuit_decorator to 2022-10-30T22:45:20.877637+00:00, run_after=2022-10-31T22:45:20.877637+00:00
[2022-10-31T22:45:20.922+0000] {processor.py:176} INFO - Processing /root/.local/share/virtualenvs/workspace-dqq3IVyd/lib/python3.10/site-packages/airflow/example_dags/example_short_circuit_decorator.py took 0.118 seconds
[2022-10-31T22:45:59.567+0000] {processor.py:154} INFO - Started process (PID=1935) to work on /root/.local/share/virtualenvs/workspace-dqq3IVyd/lib/python3.10/site-packages/airflow/example_dags/example_short_circuit_decorator.py
[2022-10-31T22:45:59.567+0000] {processor.py:756} INFO - Processing file /root/.local/share/virtualenvs/workspace-dqq3IVyd/lib/python3.10/site-packages/airflow/example_dags/example_short_circuit_decorator.py for tasks to queue
[2022-10-31T22:45:59.568+0000] {logging_mixin.py:120} INFO - [2022-10-31T22:45:59.568+0000] {dagbag.py:537} INFO - Filling up the DagBag from /root/.local/share/virtualenvs/workspace-dqq3IVyd/lib/python3.10/site-packages/airflow/example_dags/example_short_circuit_decorator.py
[2022-10-31T22:45:59.589+0000] {processor.py:766} INFO - DAG(s) dict_keys(['example_short_circuit_decorator']) retrieved from /root/.local/share/virtualenvs/workspace-dqq3IVyd/lib/python3.10/site-packages/airflow/example_dags/example_short_circuit_decorator.py
[2022-10-31T22:45:59.624+0000] {logging_mixin.py:120} INFO - [2022-10-31T22:45:59.624+0000] {dag.py:2585} INFO - Sync 1 DAGs
[2022-10-31T22:45:59.644+0000] {logging_mixin.py:120} INFO - [2022-10-31T22:45:59.643+0000] {dag.py:3336} INFO - Setting next_dagrun for example_short_circuit_decorator to 2022-10-30T22:45:59.643690+00:00, run_after=2022-10-31T22:45:59.643690+00:00
[2022-10-31T22:45:59.685+0000] {processor.py:176} INFO - Processing /root/.local/share/virtualenvs/workspace-dqq3IVyd/lib/python3.10/site-packages/airflow/example_dags/example_short_circuit_decorator.py took 0.121 seconds
[2022-10-31T22:46:39.507+0000] {processor.py:154} INFO - Started process (PID=2232) to work on /root/.local/share/virtualenvs/workspace-dqq3IVyd/lib/python3.10/site-packages/airflow/example_dags/example_short_circuit_decorator.py
[2022-10-31T22:46:39.507+0000] {processor.py:756} INFO - Processing file /root/.local/share/virtualenvs/workspace-dqq3IVyd/lib/python3.10/site-packages/airflow/example_dags/example_short_circuit_decorator.py for tasks to queue
[2022-10-31T22:46:39.508+0000] {logging_mixin.py:120} INFO - [2022-10-31T22:46:39.508+0000] {dagbag.py:537} INFO - Filling up the DagBag from /root/.local/share/virtualenvs/workspace-dqq3IVyd/lib/python3.10/site-packages/airflow/example_dags/example_short_circuit_decorator.py
[2022-10-31T22:46:39.528+0000] {processor.py:766} INFO - DAG(s) dict_keys(['example_short_circuit_decorator']) retrieved from /root/.local/share/virtualenvs/workspace-dqq3IVyd/lib/python3.10/site-packages/airflow/example_dags/example_short_circuit_decorator.py
[2022-10-31T22:46:39.558+0000] {logging_mixin.py:120} INFO - [2022-10-31T22:46:39.558+0000] {dag.py:2585} INFO - Sync 1 DAGs
[2022-10-31T22:46:39.577+0000] {logging_mixin.py:120} INFO - [2022-10-31T22:46:39.577+0000] {dag.py:3336} INFO - Setting next_dagrun for example_short_circuit_decorator to 2022-10-30T22:46:39.576918+00:00, run_after=2022-10-31T22:46:39.576918+00:00
[2022-10-31T22:46:39.619+0000] {processor.py:176} INFO - Processing /root/.local/share/virtualenvs/workspace-dqq3IVyd/lib/python3.10/site-packages/airflow/example_dags/example_short_circuit_decorator.py took 0.114 seconds
[2022-10-31T22:47:20.189+0000] {processor.py:154} INFO - Started process (PID=2535) to work on /root/.local/share/virtualenvs/workspace-dqq3IVyd/lib/python3.10/site-packages/airflow/example_dags/example_short_circuit_decorator.py
[2022-10-31T22:47:20.190+0000] {processor.py:756} INFO - Processing file /root/.local/share/virtualenvs/workspace-dqq3IVyd/lib/python3.10/site-packages/airflow/example_dags/example_short_circuit_decorator.py for tasks to queue
[2022-10-31T22:47:20.191+0000] {logging_mixin.py:120} INFO - [2022-10-31T22:47:20.191+0000] {dagbag.py:537} INFO - Filling up the DagBag from /root/.local/share/virtualenvs/workspace-dqq3IVyd/lib/python3.10/site-packages/airflow/example_dags/example_short_circuit_decorator.py
[2022-10-31T22:47:20.210+0000] {processor.py:766} INFO - DAG(s) dict_keys(['example_short_circuit_decorator']) retrieved from /root/.local/share/virtualenvs/workspace-dqq3IVyd/lib/python3.10/site-packages/airflow/example_dags/example_short_circuit_decorator.py
[2022-10-31T22:47:20.241+0000] {logging_mixin.py:120} INFO - [2022-10-31T22:47:20.241+0000] {dag.py:2585} INFO - Sync 1 DAGs
[2022-10-31T22:47:20.261+0000] {logging_mixin.py:120} INFO - [2022-10-31T22:47:20.261+0000] {dag.py:3336} INFO - Setting next_dagrun for example_short_circuit_decorator to 2022-10-30T22:47:20.261228+00:00, run_after=2022-10-31T22:47:20.261228+00:00
[2022-10-31T22:47:20.300+0000] {processor.py:176} INFO - Processing /root/.local/share/virtualenvs/workspace-dqq3IVyd/lib/python3.10/site-packages/airflow/example_dags/example_short_circuit_decorator.py took 0.113 seconds
