[2022-10-31T22:45:06.654+0000] {processor.py:154} INFO - Started process (PID=1527) to work on /root/.local/share/virtualenvs/workspace-dqq3IVyd/lib/python3.10/site-packages/airflow/example_dags/example_branch_python_dop_operator_3.py
[2022-10-31T22:45:06.655+0000] {processor.py:756} INFO - Processing file /root/.local/share/virtualenvs/workspace-dqq3IVyd/lib/python3.10/site-packages/airflow/example_dags/example_branch_python_dop_operator_3.py for tasks to queue
[2022-10-31T22:45:06.656+0000] {logging_mixin.py:120} INFO - [2022-10-31T22:45:06.655+0000] {dagbag.py:537} INFO - Filling up the DagBag from /root/.local/share/virtualenvs/workspace-dqq3IVyd/lib/python3.10/site-packages/airflow/example_dags/example_branch_python_dop_operator_3.py
[2022-10-31T22:45:06.676+0000] {processor.py:766} INFO - DAG(s) dict_keys(['example_branch_dop_operator_v3']) retrieved from /root/.local/share/virtualenvs/workspace-dqq3IVyd/lib/python3.10/site-packages/airflow/example_dags/example_branch_python_dop_operator_3.py
[2022-10-31T22:45:06.793+0000] {logging_mixin.py:120} INFO - [2022-10-31T22:45:06.792+0000] {manager.py:507} INFO - Created Permission View: can read on DAG:example_branch_dop_operator_v3
[2022-10-31T22:45:06.813+0000] {logging_mixin.py:120} INFO - [2022-10-31T22:45:06.813+0000] {manager.py:507} INFO - Created Permission View: can edit on DAG:example_branch_dop_operator_v3
[2022-10-31T22:45:06.834+0000] {logging_mixin.py:120} INFO - [2022-10-31T22:45:06.833+0000] {manager.py:507} INFO - Created Permission View: can delete on DAG:example_branch_dop_operator_v3
[2022-10-31T22:45:06.834+0000] {logging_mixin.py:120} INFO - [2022-10-31T22:45:06.834+0000] {dag.py:2585} INFO - Sync 1 DAGs
[2022-10-31T22:45:06.847+0000] {logging_mixin.py:120} INFO - [2022-10-31T22:45:06.846+0000] {dag.py:2606} INFO - Creating ORM DAG for example_branch_dop_operator_v3
[2022-10-31T22:45:06.858+0000] {logging_mixin.py:120} INFO - [2022-10-31T22:45:06.858+0000] {dag.py:3336} INFO - Setting next_dagrun for example_branch_dop_operator_v3 to 2022-10-31T22:44:00+00:00, run_after=2022-10-31T22:45:00+00:00
[2022-10-31T22:45:06.903+0000] {processor.py:176} INFO - Processing /root/.local/share/virtualenvs/workspace-dqq3IVyd/lib/python3.10/site-packages/airflow/example_dags/example_branch_python_dop_operator_3.py took 0.251 seconds
[2022-10-31T22:45:49.188+0000] {processor.py:154} INFO - Started process (PID=1853) to work on /root/.local/share/virtualenvs/workspace-dqq3IVyd/lib/python3.10/site-packages/airflow/example_dags/example_branch_python_dop_operator_3.py
[2022-10-31T22:45:49.189+0000] {processor.py:756} INFO - Processing file /root/.local/share/virtualenvs/workspace-dqq3IVyd/lib/python3.10/site-packages/airflow/example_dags/example_branch_python_dop_operator_3.py for tasks to queue
[2022-10-31T22:45:49.190+0000] {logging_mixin.py:120} INFO - [2022-10-31T22:45:49.190+0000] {dagbag.py:537} INFO - Filling up the DagBag from /root/.local/share/virtualenvs/workspace-dqq3IVyd/lib/python3.10/site-packages/airflow/example_dags/example_branch_python_dop_operator_3.py
[2022-10-31T22:45:49.212+0000] {processor.py:766} INFO - DAG(s) dict_keys(['example_branch_dop_operator_v3']) retrieved from /root/.local/share/virtualenvs/workspace-dqq3IVyd/lib/python3.10/site-packages/airflow/example_dags/example_branch_python_dop_operator_3.py
[2022-10-31T22:45:49.247+0000] {logging_mixin.py:120} INFO - [2022-10-31T22:45:49.247+0000] {dag.py:2585} INFO - Sync 1 DAGs
[2022-10-31T22:45:49.273+0000] {logging_mixin.py:120} INFO - [2022-10-31T22:45:49.273+0000] {dag.py:3336} INFO - Setting next_dagrun for example_branch_dop_operator_v3 to 2022-10-31T22:44:00+00:00, run_after=2022-10-31T22:45:00+00:00
[2022-10-31T22:45:49.325+0000] {processor.py:176} INFO - Processing /root/.local/share/virtualenvs/workspace-dqq3IVyd/lib/python3.10/site-packages/airflow/example_dags/example_branch_python_dop_operator_3.py took 0.139 seconds
[2022-10-31T22:46:30.794+0000] {processor.py:154} INFO - Started process (PID=2164) to work on /root/.local/share/virtualenvs/workspace-dqq3IVyd/lib/python3.10/site-packages/airflow/example_dags/example_branch_python_dop_operator_3.py
[2022-10-31T22:46:30.795+0000] {processor.py:756} INFO - Processing file /root/.local/share/virtualenvs/workspace-dqq3IVyd/lib/python3.10/site-packages/airflow/example_dags/example_branch_python_dop_operator_3.py for tasks to queue
[2022-10-31T22:46:30.795+0000] {logging_mixin.py:120} INFO - [2022-10-31T22:46:30.795+0000] {dagbag.py:537} INFO - Filling up the DagBag from /root/.local/share/virtualenvs/workspace-dqq3IVyd/lib/python3.10/site-packages/airflow/example_dags/example_branch_python_dop_operator_3.py
[2022-10-31T22:46:30.815+0000] {processor.py:766} INFO - DAG(s) dict_keys(['example_branch_dop_operator_v3']) retrieved from /root/.local/share/virtualenvs/workspace-dqq3IVyd/lib/python3.10/site-packages/airflow/example_dags/example_branch_python_dop_operator_3.py
[2022-10-31T22:46:30.848+0000] {logging_mixin.py:120} INFO - [2022-10-31T22:46:30.848+0000] {dag.py:2585} INFO - Sync 1 DAGs
[2022-10-31T22:46:30.870+0000] {logging_mixin.py:120} INFO - [2022-10-31T22:46:30.870+0000] {dag.py:3336} INFO - Setting next_dagrun for example_branch_dop_operator_v3 to 2022-10-31T22:45:00+00:00, run_after=2022-10-31T22:46:00+00:00
[2022-10-31T22:46:30.907+0000] {processor.py:176} INFO - Processing /root/.local/share/virtualenvs/workspace-dqq3IVyd/lib/python3.10/site-packages/airflow/example_dags/example_branch_python_dop_operator_3.py took 0.116 seconds
[2022-10-31T22:47:11.084+0000] {processor.py:154} INFO - Started process (PID=2463) to work on /root/.local/share/virtualenvs/workspace-dqq3IVyd/lib/python3.10/site-packages/airflow/example_dags/example_branch_python_dop_operator_3.py
[2022-10-31T22:47:11.085+0000] {processor.py:756} INFO - Processing file /root/.local/share/virtualenvs/workspace-dqq3IVyd/lib/python3.10/site-packages/airflow/example_dags/example_branch_python_dop_operator_3.py for tasks to queue
[2022-10-31T22:47:11.086+0000] {logging_mixin.py:120} INFO - [2022-10-31T22:47:11.086+0000] {dagbag.py:537} INFO - Filling up the DagBag from /root/.local/share/virtualenvs/workspace-dqq3IVyd/lib/python3.10/site-packages/airflow/example_dags/example_branch_python_dop_operator_3.py
[2022-10-31T22:47:11.107+0000] {processor.py:766} INFO - DAG(s) dict_keys(['example_branch_dop_operator_v3']) retrieved from /root/.local/share/virtualenvs/workspace-dqq3IVyd/lib/python3.10/site-packages/airflow/example_dags/example_branch_python_dop_operator_3.py
[2022-10-31T22:47:11.136+0000] {logging_mixin.py:120} INFO - [2022-10-31T22:47:11.136+0000] {dag.py:2585} INFO - Sync 1 DAGs
[2022-10-31T22:47:11.158+0000] {logging_mixin.py:120} INFO - [2022-10-31T22:47:11.158+0000] {dag.py:3336} INFO - Setting next_dagrun for example_branch_dop_operator_v3 to 2022-10-31T22:46:00+00:00, run_after=2022-10-31T22:47:00+00:00
[2022-10-31T22:47:11.202+0000] {processor.py:176} INFO - Processing /root/.local/share/virtualenvs/workspace-dqq3IVyd/lib/python3.10/site-packages/airflow/example_dags/example_branch_python_dop_operator_3.py took 0.121 seconds
