[2022-10-31T22:44:39.674+0000] {processor.py:154} INFO - Started process (PID=1308) to work on /root/.local/share/virtualenvs/workspace-dqq3IVyd/lib/python3.10/site-packages/airflow/example_dags/example_latest_only.py
[2022-10-31T22:44:39.675+0000] {processor.py:756} INFO - Processing file /root/.local/share/virtualenvs/workspace-dqq3IVyd/lib/python3.10/site-packages/airflow/example_dags/example_latest_only.py for tasks to queue
[2022-10-31T22:44:39.676+0000] {logging_mixin.py:120} INFO - [2022-10-31T22:44:39.675+0000] {dagbag.py:537} INFO - Filling up the DagBag from /root/.local/share/virtualenvs/workspace-dqq3IVyd/lib/python3.10/site-packages/airflow/example_dags/example_latest_only.py
[2022-10-31T22:44:39.766+0000] {processor.py:766} INFO - DAG(s) dict_keys(['latest_only']) retrieved from /root/.local/share/virtualenvs/workspace-dqq3IVyd/lib/python3.10/site-packages/airflow/example_dags/example_latest_only.py
[2022-10-31T22:44:39.873+0000] {logging_mixin.py:120} INFO - [2022-10-31T22:44:39.873+0000] {manager.py:507} INFO - Created Permission View: can read on DAG:latest_only
[2022-10-31T22:44:39.902+0000] {logging_mixin.py:120} INFO - [2022-10-31T22:44:39.901+0000] {manager.py:507} INFO - Created Permission View: can edit on DAG:latest_only
[2022-10-31T22:44:39.924+0000] {logging_mixin.py:120} INFO - [2022-10-31T22:44:39.924+0000] {manager.py:507} INFO - Created Permission View: can delete on DAG:latest_only
[2022-10-31T22:44:39.925+0000] {logging_mixin.py:120} INFO - [2022-10-31T22:44:39.924+0000] {dag.py:2585} INFO - Sync 1 DAGs
[2022-10-31T22:44:39.937+0000] {logging_mixin.py:120} INFO - [2022-10-31T22:44:39.937+0000] {dag.py:2606} INFO - Creating ORM DAG for latest_only
[2022-10-31T22:44:39.945+0000] {logging_mixin.py:120} INFO - [2022-10-31T22:44:39.945+0000] {dag.py:3336} INFO - Setting next_dagrun for latest_only to 2022-10-31T18:44:39.944898+00:00, run_after=2022-10-31T22:44:39.944898+00:00
[2022-10-31T22:44:39.991+0000] {processor.py:176} INFO - Processing /root/.local/share/virtualenvs/workspace-dqq3IVyd/lib/python3.10/site-packages/airflow/example_dags/example_latest_only.py took 0.319 seconds
[2022-10-31T22:45:22.380+0000] {processor.py:154} INFO - Started process (PID=1649) to work on /root/.local/share/virtualenvs/workspace-dqq3IVyd/lib/python3.10/site-packages/airflow/example_dags/example_latest_only.py
[2022-10-31T22:45:22.380+0000] {processor.py:756} INFO - Processing file /root/.local/share/virtualenvs/workspace-dqq3IVyd/lib/python3.10/site-packages/airflow/example_dags/example_latest_only.py for tasks to queue
[2022-10-31T22:45:22.381+0000] {logging_mixin.py:120} INFO - [2022-10-31T22:45:22.381+0000] {dagbag.py:537} INFO - Filling up the DagBag from /root/.local/share/virtualenvs/workspace-dqq3IVyd/lib/python3.10/site-packages/airflow/example_dags/example_latest_only.py
[2022-10-31T22:45:22.392+0000] {processor.py:766} INFO - DAG(s) dict_keys(['latest_only']) retrieved from /root/.local/share/virtualenvs/workspace-dqq3IVyd/lib/python3.10/site-packages/airflow/example_dags/example_latest_only.py
[2022-10-31T22:45:22.421+0000] {logging_mixin.py:120} INFO - [2022-10-31T22:45:22.420+0000] {dag.py:2585} INFO - Sync 1 DAGs
[2022-10-31T22:45:22.440+0000] {logging_mixin.py:120} INFO - [2022-10-31T22:45:22.440+0000] {dag.py:3336} INFO - Setting next_dagrun for latest_only to 2022-10-31T18:45:22.439810+00:00, run_after=2022-10-31T22:45:22.439810+00:00
[2022-10-31T22:45:22.478+0000] {processor.py:176} INFO - Processing /root/.local/share/virtualenvs/workspace-dqq3IVyd/lib/python3.10/site-packages/airflow/example_dags/example_latest_only.py took 0.100 seconds
[2022-10-31T22:46:02.118+0000] {processor.py:154} INFO - Started process (PID=1954) to work on /root/.local/share/virtualenvs/workspace-dqq3IVyd/lib/python3.10/site-packages/airflow/example_dags/example_latest_only.py
[2022-10-31T22:46:02.119+0000] {processor.py:756} INFO - Processing file /root/.local/share/virtualenvs/workspace-dqq3IVyd/lib/python3.10/site-packages/airflow/example_dags/example_latest_only.py for tasks to queue
[2022-10-31T22:46:02.120+0000] {logging_mixin.py:120} INFO - [2022-10-31T22:46:02.119+0000] {dagbag.py:537} INFO - Filling up the DagBag from /root/.local/share/virtualenvs/workspace-dqq3IVyd/lib/python3.10/site-packages/airflow/example_dags/example_latest_only.py
[2022-10-31T22:46:02.131+0000] {processor.py:766} INFO - DAG(s) dict_keys(['latest_only']) retrieved from /root/.local/share/virtualenvs/workspace-dqq3IVyd/lib/python3.10/site-packages/airflow/example_dags/example_latest_only.py
[2022-10-31T22:46:02.161+0000] {logging_mixin.py:120} INFO - [2022-10-31T22:46:02.160+0000] {dag.py:2585} INFO - Sync 1 DAGs
[2022-10-31T22:46:02.181+0000] {logging_mixin.py:120} INFO - [2022-10-31T22:46:02.181+0000] {dag.py:3336} INFO - Setting next_dagrun for latest_only to 2022-10-31T18:46:02.181020+00:00, run_after=2022-10-31T22:46:02.181020+00:00
[2022-10-31T22:46:02.218+0000] {processor.py:176} INFO - Processing /root/.local/share/virtualenvs/workspace-dqq3IVyd/lib/python3.10/site-packages/airflow/example_dags/example_latest_only.py took 0.102 seconds
[2022-10-31T22:46:42.032+0000] {processor.py:154} INFO - Started process (PID=2240) to work on /root/.local/share/virtualenvs/workspace-dqq3IVyd/lib/python3.10/site-packages/airflow/example_dags/example_latest_only.py
[2022-10-31T22:46:42.033+0000] {processor.py:756} INFO - Processing file /root/.local/share/virtualenvs/workspace-dqq3IVyd/lib/python3.10/site-packages/airflow/example_dags/example_latest_only.py for tasks to queue
[2022-10-31T22:46:42.034+0000] {logging_mixin.py:120} INFO - [2022-10-31T22:46:42.034+0000] {dagbag.py:537} INFO - Filling up the DagBag from /root/.local/share/virtualenvs/workspace-dqq3IVyd/lib/python3.10/site-packages/airflow/example_dags/example_latest_only.py
[2022-10-31T22:46:42.045+0000] {processor.py:766} INFO - DAG(s) dict_keys(['latest_only']) retrieved from /root/.local/share/virtualenvs/workspace-dqq3IVyd/lib/python3.10/site-packages/airflow/example_dags/example_latest_only.py
[2022-10-31T22:46:42.075+0000] {logging_mixin.py:120} INFO - [2022-10-31T22:46:42.074+0000] {dag.py:2585} INFO - Sync 1 DAGs
[2022-10-31T22:46:42.094+0000] {logging_mixin.py:120} INFO - [2022-10-31T22:46:42.094+0000] {dag.py:3336} INFO - Setting next_dagrun for latest_only to 2022-10-31T18:46:42.094267+00:00, run_after=2022-10-31T22:46:42.094267+00:00
[2022-10-31T22:46:42.134+0000] {processor.py:176} INFO - Processing /root/.local/share/virtualenvs/workspace-dqq3IVyd/lib/python3.10/site-packages/airflow/example_dags/example_latest_only.py took 0.104 seconds
[2022-10-31T22:47:22.725+0000] {processor.py:154} INFO - Started process (PID=2554) to work on /root/.local/share/virtualenvs/workspace-dqq3IVyd/lib/python3.10/site-packages/airflow/example_dags/example_latest_only.py
[2022-10-31T22:47:22.726+0000] {processor.py:756} INFO - Processing file /root/.local/share/virtualenvs/workspace-dqq3IVyd/lib/python3.10/site-packages/airflow/example_dags/example_latest_only.py for tasks to queue
[2022-10-31T22:47:22.727+0000] {logging_mixin.py:120} INFO - [2022-10-31T22:47:22.727+0000] {dagbag.py:537} INFO - Filling up the DagBag from /root/.local/share/virtualenvs/workspace-dqq3IVyd/lib/python3.10/site-packages/airflow/example_dags/example_latest_only.py
[2022-10-31T22:47:22.739+0000] {processor.py:766} INFO - DAG(s) dict_keys(['latest_only']) retrieved from /root/.local/share/virtualenvs/workspace-dqq3IVyd/lib/python3.10/site-packages/airflow/example_dags/example_latest_only.py
[2022-10-31T22:47:22.773+0000] {logging_mixin.py:120} INFO - [2022-10-31T22:47:22.773+0000] {dag.py:2585} INFO - Sync 1 DAGs
[2022-10-31T22:47:22.792+0000] {logging_mixin.py:120} INFO - [2022-10-31T22:47:22.792+0000] {dag.py:3336} INFO - Setting next_dagrun for latest_only to 2022-10-31T18:47:22.792558+00:00, run_after=2022-10-31T22:47:22.792558+00:00
[2022-10-31T22:47:22.833+0000] {processor.py:176} INFO - Processing /root/.local/share/virtualenvs/workspace-dqq3IVyd/lib/python3.10/site-packages/airflow/example_dags/example_latest_only.py took 0.110 seconds
