[2022-10-31T22:44:27.273+0000] {processor.py:154} INFO - Started process (PID=1199) to work on /root/.local/share/virtualenvs/workspace-dqq3IVyd/lib/python3.10/site-packages/airflow/example_dags/example_dag_decorator.py
[2022-10-31T22:44:27.274+0000] {processor.py:756} INFO - Processing file /root/.local/share/virtualenvs/workspace-dqq3IVyd/lib/python3.10/site-packages/airflow/example_dags/example_dag_decorator.py for tasks to queue
[2022-10-31T22:44:27.275+0000] {logging_mixin.py:120} INFO - [2022-10-31T22:44:27.275+0000] {dagbag.py:537} INFO - Filling up the DagBag from /root/.local/share/virtualenvs/workspace-dqq3IVyd/lib/python3.10/site-packages/airflow/example_dags/example_dag_decorator.py
[2022-10-31T22:44:27.365+0000] {logging_mixin.py:120} INFO - [2022-10-31T22:44:27.365+0000] {taskmixin.py:205} WARNING - Dependency <Task(_PythonDecoratedOperator): prepare_email>, send_email already registered for DAG: example_dag_decorator
[2022-10-31T22:44:27.365+0000] {logging_mixin.py:120} INFO - [2022-10-31T22:44:27.365+0000] {taskmixin.py:205} WARNING - Dependency <Task(EmailOperator): send_email>, prepare_email already registered for DAG: example_dag_decorator
[2022-10-31T22:44:27.373+0000] {processor.py:766} INFO - DAG(s) dict_keys(['example_dag_decorator']) retrieved from /root/.local/share/virtualenvs/workspace-dqq3IVyd/lib/python3.10/site-packages/airflow/example_dags/example_dag_decorator.py
[2022-10-31T22:44:27.490+0000] {logging_mixin.py:120} INFO - [2022-10-31T22:44:27.490+0000] {manager.py:507} INFO - Created Permission View: can read on DAG:example_dag_decorator
[2022-10-31T22:44:27.512+0000] {logging_mixin.py:120} INFO - [2022-10-31T22:44:27.512+0000] {manager.py:507} INFO - Created Permission View: can edit on DAG:example_dag_decorator
[2022-10-31T22:44:27.531+0000] {logging_mixin.py:120} INFO - [2022-10-31T22:44:27.531+0000] {manager.py:507} INFO - Created Permission View: can delete on DAG:example_dag_decorator
[2022-10-31T22:44:27.532+0000] {logging_mixin.py:120} INFO - [2022-10-31T22:44:27.531+0000] {dag.py:2585} INFO - Sync 1 DAGs
[2022-10-31T22:44:27.542+0000] {logging_mixin.py:120} INFO - [2022-10-31T22:44:27.542+0000] {dag.py:2606} INFO - Creating ORM DAG for example_dag_decorator
[2022-10-31T22:44:27.550+0000] {logging_mixin.py:120} INFO - [2022-10-31T22:44:27.550+0000] {dag.py:3336} INFO - Setting next_dagrun for example_dag_decorator to None, run_after=None
[2022-10-31T22:44:27.591+0000] {processor.py:176} INFO - Processing /root/.local/share/virtualenvs/workspace-dqq3IVyd/lib/python3.10/site-packages/airflow/example_dags/example_dag_decorator.py took 0.320 seconds
[2022-10-31T22:45:13.380+0000] {processor.py:154} INFO - Started process (PID=1587) to work on /root/.local/share/virtualenvs/workspace-dqq3IVyd/lib/python3.10/site-packages/airflow/example_dags/example_dag_decorator.py
[2022-10-31T22:45:13.381+0000] {processor.py:756} INFO - Processing file /root/.local/share/virtualenvs/workspace-dqq3IVyd/lib/python3.10/site-packages/airflow/example_dags/example_dag_decorator.py for tasks to queue
[2022-10-31T22:45:13.381+0000] {logging_mixin.py:120} INFO - [2022-10-31T22:45:13.381+0000] {dagbag.py:537} INFO - Filling up the DagBag from /root/.local/share/virtualenvs/workspace-dqq3IVyd/lib/python3.10/site-packages/airflow/example_dags/example_dag_decorator.py
[2022-10-31T22:45:13.394+0000] {logging_mixin.py:120} INFO - [2022-10-31T22:45:13.394+0000] {taskmixin.py:205} WARNING - Dependency <Task(_PythonDecoratedOperator): prepare_email>, send_email already registered for DAG: example_dag_decorator
[2022-10-31T22:45:13.394+0000] {logging_mixin.py:120} INFO - [2022-10-31T22:45:13.394+0000] {taskmixin.py:205} WARNING - Dependency <Task(EmailOperator): send_email>, prepare_email already registered for DAG: example_dag_decorator
[2022-10-31T22:45:13.405+0000] {processor.py:766} INFO - DAG(s) dict_keys(['example_dag_decorator']) retrieved from /root/.local/share/virtualenvs/workspace-dqq3IVyd/lib/python3.10/site-packages/airflow/example_dags/example_dag_decorator.py
[2022-10-31T22:45:13.463+0000] {logging_mixin.py:120} INFO - [2022-10-31T22:45:13.463+0000] {dag.py:2585} INFO - Sync 1 DAGs
[2022-10-31T22:45:13.481+0000] {logging_mixin.py:120} INFO - [2022-10-31T22:45:13.481+0000] {dag.py:3336} INFO - Setting next_dagrun for example_dag_decorator to None, run_after=None
[2022-10-31T22:45:13.521+0000] {processor.py:176} INFO - Processing /root/.local/share/virtualenvs/workspace-dqq3IVyd/lib/python3.10/site-packages/airflow/example_dags/example_dag_decorator.py took 0.143 seconds
[2022-10-31T22:45:51.753+0000] {processor.py:154} INFO - Started process (PID=1867) to work on /root/.local/share/virtualenvs/workspace-dqq3IVyd/lib/python3.10/site-packages/airflow/example_dags/example_dag_decorator.py
[2022-10-31T22:45:51.753+0000] {processor.py:756} INFO - Processing file /root/.local/share/virtualenvs/workspace-dqq3IVyd/lib/python3.10/site-packages/airflow/example_dags/example_dag_decorator.py for tasks to queue
[2022-10-31T22:45:51.754+0000] {logging_mixin.py:120} INFO - [2022-10-31T22:45:51.754+0000] {dagbag.py:537} INFO - Filling up the DagBag from /root/.local/share/virtualenvs/workspace-dqq3IVyd/lib/python3.10/site-packages/airflow/example_dags/example_dag_decorator.py
[2022-10-31T22:45:51.766+0000] {logging_mixin.py:120} INFO - [2022-10-31T22:45:51.766+0000] {taskmixin.py:205} WARNING - Dependency <Task(_PythonDecoratedOperator): prepare_email>, send_email already registered for DAG: example_dag_decorator
[2022-10-31T22:45:51.767+0000] {logging_mixin.py:120} INFO - [2022-10-31T22:45:51.767+0000] {taskmixin.py:205} WARNING - Dependency <Task(EmailOperator): send_email>, prepare_email already registered for DAG: example_dag_decorator
[2022-10-31T22:45:51.777+0000] {processor.py:766} INFO - DAG(s) dict_keys(['example_dag_decorator']) retrieved from /root/.local/share/virtualenvs/workspace-dqq3IVyd/lib/python3.10/site-packages/airflow/example_dags/example_dag_decorator.py
[2022-10-31T22:45:51.832+0000] {logging_mixin.py:120} INFO - [2022-10-31T22:45:51.832+0000] {dag.py:2585} INFO - Sync 1 DAGs
[2022-10-31T22:45:51.850+0000] {logging_mixin.py:120} INFO - [2022-10-31T22:45:51.850+0000] {dag.py:3336} INFO - Setting next_dagrun for example_dag_decorator to None, run_after=None
[2022-10-31T22:45:51.889+0000] {processor.py:176} INFO - Processing /root/.local/share/virtualenvs/workspace-dqq3IVyd/lib/python3.10/site-packages/airflow/example_dags/example_dag_decorator.py took 0.139 seconds
[2022-10-31T22:46:32.056+0000] {processor.py:154} INFO - Started process (PID=2165) to work on /root/.local/share/virtualenvs/workspace-dqq3IVyd/lib/python3.10/site-packages/airflow/example_dags/example_dag_decorator.py
[2022-10-31T22:46:32.056+0000] {processor.py:756} INFO - Processing file /root/.local/share/virtualenvs/workspace-dqq3IVyd/lib/python3.10/site-packages/airflow/example_dags/example_dag_decorator.py for tasks to queue
[2022-10-31T22:46:32.057+0000] {logging_mixin.py:120} INFO - [2022-10-31T22:46:32.057+0000] {dagbag.py:537} INFO - Filling up the DagBag from /root/.local/share/virtualenvs/workspace-dqq3IVyd/lib/python3.10/site-packages/airflow/example_dags/example_dag_decorator.py
[2022-10-31T22:46:32.071+0000] {logging_mixin.py:120} INFO - [2022-10-31T22:46:32.071+0000] {taskmixin.py:205} WARNING - Dependency <Task(_PythonDecoratedOperator): prepare_email>, send_email already registered for DAG: example_dag_decorator
[2022-10-31T22:46:32.071+0000] {logging_mixin.py:120} INFO - [2022-10-31T22:46:32.071+0000] {taskmixin.py:205} WARNING - Dependency <Task(EmailOperator): send_email>, prepare_email already registered for DAG: example_dag_decorator
[2022-10-31T22:46:32.083+0000] {processor.py:766} INFO - DAG(s) dict_keys(['example_dag_decorator']) retrieved from /root/.local/share/virtualenvs/workspace-dqq3IVyd/lib/python3.10/site-packages/airflow/example_dags/example_dag_decorator.py
[2022-10-31T22:46:32.141+0000] {logging_mixin.py:120} INFO - [2022-10-31T22:46:32.141+0000] {dag.py:2585} INFO - Sync 1 DAGs
[2022-10-31T22:46:32.158+0000] {logging_mixin.py:120} INFO - [2022-10-31T22:46:32.158+0000] {dag.py:3336} INFO - Setting next_dagrun for example_dag_decorator to None, run_after=None
[2022-10-31T22:46:32.197+0000] {processor.py:176} INFO - Processing /root/.local/share/virtualenvs/workspace-dqq3IVyd/lib/python3.10/site-packages/airflow/example_dags/example_dag_decorator.py took 0.143 seconds
[2022-10-31T22:47:12.347+0000] {processor.py:154} INFO - Started process (PID=2478) to work on /root/.local/share/virtualenvs/workspace-dqq3IVyd/lib/python3.10/site-packages/airflow/example_dags/example_dag_decorator.py
[2022-10-31T22:47:12.348+0000] {processor.py:756} INFO - Processing file /root/.local/share/virtualenvs/workspace-dqq3IVyd/lib/python3.10/site-packages/airflow/example_dags/example_dag_decorator.py for tasks to queue
[2022-10-31T22:47:12.348+0000] {logging_mixin.py:120} INFO - [2022-10-31T22:47:12.348+0000] {dagbag.py:537} INFO - Filling up the DagBag from /root/.local/share/virtualenvs/workspace-dqq3IVyd/lib/python3.10/site-packages/airflow/example_dags/example_dag_decorator.py
[2022-10-31T22:47:12.362+0000] {logging_mixin.py:120} INFO - [2022-10-31T22:47:12.362+0000] {taskmixin.py:205} WARNING - Dependency <Task(_PythonDecoratedOperator): prepare_email>, send_email already registered for DAG: example_dag_decorator
[2022-10-31T22:47:12.362+0000] {logging_mixin.py:120} INFO - [2022-10-31T22:47:12.362+0000] {taskmixin.py:205} WARNING - Dependency <Task(EmailOperator): send_email>, prepare_email already registered for DAG: example_dag_decorator
[2022-10-31T22:47:12.373+0000] {processor.py:766} INFO - DAG(s) dict_keys(['example_dag_decorator']) retrieved from /root/.local/share/virtualenvs/workspace-dqq3IVyd/lib/python3.10/site-packages/airflow/example_dags/example_dag_decorator.py
[2022-10-31T22:47:12.441+0000] {logging_mixin.py:120} INFO - [2022-10-31T22:47:12.440+0000] {dag.py:2585} INFO - Sync 1 DAGs
[2022-10-31T22:47:12.459+0000] {logging_mixin.py:120} INFO - [2022-10-31T22:47:12.459+0000] {dag.py:3336} INFO - Setting next_dagrun for example_dag_decorator to None, run_after=None
[2022-10-31T22:47:12.500+0000] {processor.py:176} INFO - Processing /root/.local/share/virtualenvs/workspace-dqq3IVyd/lib/python3.10/site-packages/airflow/example_dags/example_dag_decorator.py took 0.155 seconds
[2022-10-31T22:47:48.418+0000] {processor.py:154} INFO - Started process (PID=2754) to work on /root/.local/share/virtualenvs/workspace-dqq3IVyd/lib/python3.10/site-packages/airflow/example_dags/example_dag_decorator.py
[2022-10-31T22:47:48.419+0000] {processor.py:756} INFO - Processing file /root/.local/share/virtualenvs/workspace-dqq3IVyd/lib/python3.10/site-packages/airflow/example_dags/example_dag_decorator.py for tasks to queue
[2022-10-31T22:47:48.421+0000] {logging_mixin.py:120} INFO - [2022-10-31T22:47:48.421+0000] {dagbag.py:537} INFO - Filling up the DagBag from /root/.local/share/virtualenvs/workspace-dqq3IVyd/lib/python3.10/site-packages/airflow/example_dags/example_dag_decorator.py
[2022-10-31T22:47:48.436+0000] {logging_mixin.py:120} INFO - [2022-10-31T22:47:48.436+0000] {taskmixin.py:205} WARNING - Dependency <Task(_PythonDecoratedOperator): prepare_email>, send_email already registered for DAG: example_dag_decorator
[2022-10-31T22:47:48.436+0000] {logging_mixin.py:120} INFO - [2022-10-31T22:47:48.436+0000] {taskmixin.py:205} WARNING - Dependency <Task(EmailOperator): send_email>, prepare_email already registered for DAG: example_dag_decorator
[2022-10-31T22:47:48.447+0000] {processor.py:766} INFO - DAG(s) dict_keys(['example_dag_decorator']) retrieved from /root/.local/share/virtualenvs/workspace-dqq3IVyd/lib/python3.10/site-packages/airflow/example_dags/example_dag_decorator.py
[2022-10-31T22:47:48.518+0000] {logging_mixin.py:120} INFO - [2022-10-31T22:47:48.518+0000] {dag.py:2585} INFO - Sync 1 DAGs
[2022-10-31T22:47:48.538+0000] {logging_mixin.py:120} INFO - [2022-10-31T22:47:48.538+0000] {dag.py:3336} INFO - Setting next_dagrun for example_dag_decorator to None, run_after=None
[2022-10-31T22:47:48.587+0000] {processor.py:176} INFO - Processing /root/.local/share/virtualenvs/workspace-dqq3IVyd/lib/python3.10/site-packages/airflow/example_dags/example_dag_decorator.py took 0.171 seconds
