[2022-10-31T22:45:03.103+0000] {processor.py:154} INFO - Started process (PID=1506) to work on /root/.local/share/virtualenvs/workspace-dqq3IVyd/lib/python3.10/site-packages/airflow/example_dags/example_branch_operator.py
[2022-10-31T22:45:03.103+0000] {processor.py:756} INFO - Processing file /root/.local/share/virtualenvs/workspace-dqq3IVyd/lib/python3.10/site-packages/airflow/example_dags/example_branch_operator.py for tasks to queue
[2022-10-31T22:45:03.104+0000] {logging_mixin.py:120} INFO - [2022-10-31T22:45:03.104+0000] {dagbag.py:537} INFO - Filling up the DagBag from /root/.local/share/virtualenvs/workspace-dqq3IVyd/lib/python3.10/site-packages/airflow/example_dags/example_branch_operator.py
[2022-10-31T22:45:03.119+0000] {processor.py:766} INFO - DAG(s) dict_keys(['example_branch_operator']) retrieved from /root/.local/share/virtualenvs/workspace-dqq3IVyd/lib/python3.10/site-packages/airflow/example_dags/example_branch_operator.py
[2022-10-31T22:45:03.237+0000] {logging_mixin.py:120} INFO - [2022-10-31T22:45:03.237+0000] {manager.py:507} INFO - Created Permission View: can read on DAG:example_branch_operator
[2022-10-31T22:45:03.263+0000] {logging_mixin.py:120} INFO - [2022-10-31T22:45:03.263+0000] {manager.py:507} INFO - Created Permission View: can edit on DAG:example_branch_operator
[2022-10-31T22:45:03.285+0000] {logging_mixin.py:120} INFO - [2022-10-31T22:45:03.284+0000] {manager.py:507} INFO - Created Permission View: can delete on DAG:example_branch_operator
[2022-10-31T22:45:03.285+0000] {logging_mixin.py:120} INFO - [2022-10-31T22:45:03.285+0000] {dag.py:2585} INFO - Sync 1 DAGs
[2022-10-31T22:45:03.299+0000] {logging_mixin.py:120} INFO - [2022-10-31T22:45:03.299+0000] {dag.py:2606} INFO - Creating ORM DAG for example_branch_operator
[2022-10-31T22:45:03.309+0000] {logging_mixin.py:120} INFO - [2022-10-31T22:45:03.309+0000] {dag.py:3336} INFO - Setting next_dagrun for example_branch_operator to 2022-10-30T00:00:00+00:00, run_after=2022-10-31T00:00:00+00:00
[2022-10-31T22:45:03.352+0000] {processor.py:176} INFO - Processing /root/.local/share/virtualenvs/workspace-dqq3IVyd/lib/python3.10/site-packages/airflow/example_dags/example_branch_operator.py took 0.252 seconds
[2022-10-31T22:45:45.357+0000] {processor.py:154} INFO - Started process (PID=1824) to work on /root/.local/share/virtualenvs/workspace-dqq3IVyd/lib/python3.10/site-packages/airflow/example_dags/example_branch_operator.py
[2022-10-31T22:45:45.358+0000] {processor.py:756} INFO - Processing file /root/.local/share/virtualenvs/workspace-dqq3IVyd/lib/python3.10/site-packages/airflow/example_dags/example_branch_operator.py for tasks to queue
[2022-10-31T22:45:45.359+0000] {logging_mixin.py:120} INFO - [2022-10-31T22:45:45.359+0000] {dagbag.py:537} INFO - Filling up the DagBag from /root/.local/share/virtualenvs/workspace-dqq3IVyd/lib/python3.10/site-packages/airflow/example_dags/example_branch_operator.py
[2022-10-31T22:45:45.373+0000] {processor.py:766} INFO - DAG(s) dict_keys(['example_branch_operator']) retrieved from /root/.local/share/virtualenvs/workspace-dqq3IVyd/lib/python3.10/site-packages/airflow/example_dags/example_branch_operator.py
[2022-10-31T22:45:45.403+0000] {logging_mixin.py:120} INFO - [2022-10-31T22:45:45.403+0000] {dag.py:2585} INFO - Sync 1 DAGs
[2022-10-31T22:45:45.422+0000] {logging_mixin.py:120} INFO - [2022-10-31T22:45:45.422+0000] {dag.py:3336} INFO - Setting next_dagrun for example_branch_operator to 2022-10-30T00:00:00+00:00, run_after=2022-10-31T00:00:00+00:00
[2022-10-31T22:45:45.456+0000] {processor.py:176} INFO - Processing /root/.local/share/virtualenvs/workspace-dqq3IVyd/lib/python3.10/site-packages/airflow/example_dags/example_branch_operator.py took 0.102 seconds
[2022-10-31T22:46:26.977+0000] {processor.py:154} INFO - Started process (PID=2131) to work on /root/.local/share/virtualenvs/workspace-dqq3IVyd/lib/python3.10/site-packages/airflow/example_dags/example_branch_operator.py
[2022-10-31T22:46:26.978+0000] {processor.py:756} INFO - Processing file /root/.local/share/virtualenvs/workspace-dqq3IVyd/lib/python3.10/site-packages/airflow/example_dags/example_branch_operator.py for tasks to queue
[2022-10-31T22:46:26.979+0000] {logging_mixin.py:120} INFO - [2022-10-31T22:46:26.979+0000] {dagbag.py:537} INFO - Filling up the DagBag from /root/.local/share/virtualenvs/workspace-dqq3IVyd/lib/python3.10/site-packages/airflow/example_dags/example_branch_operator.py
[2022-10-31T22:46:26.993+0000] {processor.py:766} INFO - DAG(s) dict_keys(['example_branch_operator']) retrieved from /root/.local/share/virtualenvs/workspace-dqq3IVyd/lib/python3.10/site-packages/airflow/example_dags/example_branch_operator.py
[2022-10-31T22:46:27.024+0000] {logging_mixin.py:120} INFO - [2022-10-31T22:46:27.024+0000] {dag.py:2585} INFO - Sync 1 DAGs
[2022-10-31T22:46:27.045+0000] {logging_mixin.py:120} INFO - [2022-10-31T22:46:27.044+0000] {dag.py:3336} INFO - Setting next_dagrun for example_branch_operator to 2022-10-30T00:00:00+00:00, run_after=2022-10-31T00:00:00+00:00
[2022-10-31T22:46:27.088+0000] {processor.py:176} INFO - Processing /root/.local/share/virtualenvs/workspace-dqq3IVyd/lib/python3.10/site-packages/airflow/example_dags/example_branch_operator.py took 0.112 seconds
[2022-10-31T22:47:07.470+0000] {processor.py:154} INFO - Started process (PID=2444) to work on /root/.local/share/virtualenvs/workspace-dqq3IVyd/lib/python3.10/site-packages/airflow/example_dags/example_branch_operator.py
[2022-10-31T22:47:07.471+0000] {processor.py:756} INFO - Processing file /root/.local/share/virtualenvs/workspace-dqq3IVyd/lib/python3.10/site-packages/airflow/example_dags/example_branch_operator.py for tasks to queue
[2022-10-31T22:47:07.471+0000] {logging_mixin.py:120} INFO - [2022-10-31T22:47:07.471+0000] {dagbag.py:537} INFO - Filling up the DagBag from /root/.local/share/virtualenvs/workspace-dqq3IVyd/lib/python3.10/site-packages/airflow/example_dags/example_branch_operator.py
[2022-10-31T22:47:07.485+0000] {processor.py:766} INFO - DAG(s) dict_keys(['example_branch_operator']) retrieved from /root/.local/share/virtualenvs/workspace-dqq3IVyd/lib/python3.10/site-packages/airflow/example_dags/example_branch_operator.py
[2022-10-31T22:47:07.522+0000] {logging_mixin.py:120} INFO - [2022-10-31T22:47:07.521+0000] {dag.py:2585} INFO - Sync 1 DAGs
[2022-10-31T22:47:07.543+0000] {logging_mixin.py:120} INFO - [2022-10-31T22:47:07.542+0000] {dag.py:3336} INFO - Setting next_dagrun for example_branch_operator to 2022-10-30T00:00:00+00:00, run_after=2022-10-31T00:00:00+00:00
[2022-10-31T22:47:07.588+0000] {processor.py:176} INFO - Processing /root/.local/share/virtualenvs/workspace-dqq3IVyd/lib/python3.10/site-packages/airflow/example_dags/example_branch_operator.py took 0.120 seconds
