[2022-10-31T22:44:51.179+0000] {processor.py:154} INFO - Started process (PID=1390) to work on /root/.local/share/virtualenvs/workspace-dqq3IVyd/lib/python3.10/site-packages/airflow/example_dags/example_trigger_target_dag.py
[2022-10-31T22:44:51.180+0000] {processor.py:756} INFO - Processing file /root/.local/share/virtualenvs/workspace-dqq3IVyd/lib/python3.10/site-packages/airflow/example_dags/example_trigger_target_dag.py for tasks to queue
[2022-10-31T22:44:51.181+0000] {logging_mixin.py:120} INFO - [2022-10-31T22:44:51.181+0000] {dagbag.py:537} INFO - Filling up the DagBag from /root/.local/share/virtualenvs/workspace-dqq3IVyd/lib/python3.10/site-packages/airflow/example_dags/example_trigger_target_dag.py
[2022-10-31T22:44:51.277+0000] {processor.py:766} INFO - DAG(s) dict_keys(['example_trigger_target_dag']) retrieved from /root/.local/share/virtualenvs/workspace-dqq3IVyd/lib/python3.10/site-packages/airflow/example_dags/example_trigger_target_dag.py
[2022-10-31T22:44:51.387+0000] {logging_mixin.py:120} INFO - [2022-10-31T22:44:51.387+0000] {manager.py:507} INFO - Created Permission View: can read on DAG:example_trigger_target_dag
[2022-10-31T22:44:51.410+0000] {logging_mixin.py:120} INFO - [2022-10-31T22:44:51.409+0000] {manager.py:507} INFO - Created Permission View: can edit on DAG:example_trigger_target_dag
[2022-10-31T22:44:51.431+0000] {logging_mixin.py:120} INFO - [2022-10-31T22:44:51.431+0000] {manager.py:507} INFO - Created Permission View: can delete on DAG:example_trigger_target_dag
[2022-10-31T22:44:51.431+0000] {logging_mixin.py:120} INFO - [2022-10-31T22:44:51.431+0000] {dag.py:2585} INFO - Sync 1 DAGs
[2022-10-31T22:44:51.442+0000] {logging_mixin.py:120} INFO - [2022-10-31T22:44:51.442+0000] {dag.py:2606} INFO - Creating ORM DAG for example_trigger_target_dag
[2022-10-31T22:44:51.451+0000] {logging_mixin.py:120} INFO - [2022-10-31T22:44:51.451+0000] {dag.py:3336} INFO - Setting next_dagrun for example_trigger_target_dag to None, run_after=None
[2022-10-31T22:44:51.497+0000] {processor.py:176} INFO - Processing /root/.local/share/virtualenvs/workspace-dqq3IVyd/lib/python3.10/site-packages/airflow/example_dags/example_trigger_target_dag.py took 0.320 seconds
[2022-10-31T22:45:32.027+0000] {processor.py:154} INFO - Started process (PID=1715) to work on /root/.local/share/virtualenvs/workspace-dqq3IVyd/lib/python3.10/site-packages/airflow/example_dags/example_trigger_target_dag.py
[2022-10-31T22:45:32.028+0000] {processor.py:756} INFO - Processing file /root/.local/share/virtualenvs/workspace-dqq3IVyd/lib/python3.10/site-packages/airflow/example_dags/example_trigger_target_dag.py for tasks to queue
[2022-10-31T22:45:32.028+0000] {logging_mixin.py:120} INFO - [2022-10-31T22:45:32.028+0000] {dagbag.py:537} INFO - Filling up the DagBag from /root/.local/share/virtualenvs/workspace-dqq3IVyd/lib/python3.10/site-packages/airflow/example_dags/example_trigger_target_dag.py
[2022-10-31T22:45:32.047+0000] {processor.py:766} INFO - DAG(s) dict_keys(['example_trigger_target_dag']) retrieved from /root/.local/share/virtualenvs/workspace-dqq3IVyd/lib/python3.10/site-packages/airflow/example_dags/example_trigger_target_dag.py
[2022-10-31T22:45:32.079+0000] {logging_mixin.py:120} INFO - [2022-10-31T22:45:32.078+0000] {dag.py:2585} INFO - Sync 1 DAGs
[2022-10-31T22:45:32.097+0000] {logging_mixin.py:120} INFO - [2022-10-31T22:45:32.096+0000] {dag.py:3336} INFO - Setting next_dagrun for example_trigger_target_dag to None, run_after=None
[2022-10-31T22:45:32.134+0000] {processor.py:176} INFO - Processing /root/.local/share/virtualenvs/workspace-dqq3IVyd/lib/python3.10/site-packages/airflow/example_dags/example_trigger_target_dag.py took 0.110 seconds
[2022-10-31T22:46:12.491+0000] {processor.py:154} INFO - Started process (PID=2029) to work on /root/.local/share/virtualenvs/workspace-dqq3IVyd/lib/python3.10/site-packages/airflow/example_dags/example_trigger_target_dag.py
[2022-10-31T22:46:12.492+0000] {processor.py:756} INFO - Processing file /root/.local/share/virtualenvs/workspace-dqq3IVyd/lib/python3.10/site-packages/airflow/example_dags/example_trigger_target_dag.py for tasks to queue
[2022-10-31T22:46:12.492+0000] {logging_mixin.py:120} INFO - [2022-10-31T22:46:12.492+0000] {dagbag.py:537} INFO - Filling up the DagBag from /root/.local/share/virtualenvs/workspace-dqq3IVyd/lib/python3.10/site-packages/airflow/example_dags/example_trigger_target_dag.py
[2022-10-31T22:46:12.508+0000] {processor.py:766} INFO - DAG(s) dict_keys(['example_trigger_target_dag']) retrieved from /root/.local/share/virtualenvs/workspace-dqq3IVyd/lib/python3.10/site-packages/airflow/example_dags/example_trigger_target_dag.py
[2022-10-31T22:46:12.538+0000] {logging_mixin.py:120} INFO - [2022-10-31T22:46:12.538+0000] {dag.py:2585} INFO - Sync 1 DAGs
[2022-10-31T22:46:12.557+0000] {logging_mixin.py:120} INFO - [2022-10-31T22:46:12.557+0000] {dag.py:3336} INFO - Setting next_dagrun for example_trigger_target_dag to None, run_after=None
[2022-10-31T22:46:12.599+0000] {processor.py:176} INFO - Processing /root/.local/share/virtualenvs/workspace-dqq3IVyd/lib/python3.10/site-packages/airflow/example_dags/example_trigger_target_dag.py took 0.110 seconds
[2022-10-31T22:46:52.944+0000] {processor.py:154} INFO - Started process (PID=2333) to work on /root/.local/share/virtualenvs/workspace-dqq3IVyd/lib/python3.10/site-packages/airflow/example_dags/example_trigger_target_dag.py
[2022-10-31T22:46:52.945+0000] {processor.py:756} INFO - Processing file /root/.local/share/virtualenvs/workspace-dqq3IVyd/lib/python3.10/site-packages/airflow/example_dags/example_trigger_target_dag.py for tasks to queue
[2022-10-31T22:46:52.946+0000] {logging_mixin.py:120} INFO - [2022-10-31T22:46:52.946+0000] {dagbag.py:537} INFO - Filling up the DagBag from /root/.local/share/virtualenvs/workspace-dqq3IVyd/lib/python3.10/site-packages/airflow/example_dags/example_trigger_target_dag.py
[2022-10-31T22:46:52.963+0000] {processor.py:766} INFO - DAG(s) dict_keys(['example_trigger_target_dag']) retrieved from /root/.local/share/virtualenvs/workspace-dqq3IVyd/lib/python3.10/site-packages/airflow/example_dags/example_trigger_target_dag.py
[2022-10-31T22:46:52.995+0000] {logging_mixin.py:120} INFO - [2022-10-31T22:46:52.995+0000] {dag.py:2585} INFO - Sync 1 DAGs
[2022-10-31T22:46:53.014+0000] {logging_mixin.py:120} INFO - [2022-10-31T22:46:53.014+0000] {dag.py:3336} INFO - Setting next_dagrun for example_trigger_target_dag to None, run_after=None
[2022-10-31T22:46:53.056+0000] {processor.py:176} INFO - Processing /root/.local/share/virtualenvs/workspace-dqq3IVyd/lib/python3.10/site-packages/airflow/example_dags/example_trigger_target_dag.py took 0.114 seconds
[2022-10-31T22:47:34.313+0000] {processor.py:154} INFO - Started process (PID=2645) to work on /root/.local/share/virtualenvs/workspace-dqq3IVyd/lib/python3.10/site-packages/airflow/example_dags/example_trigger_target_dag.py
[2022-10-31T22:47:34.314+0000] {processor.py:756} INFO - Processing file /root/.local/share/virtualenvs/workspace-dqq3IVyd/lib/python3.10/site-packages/airflow/example_dags/example_trigger_target_dag.py for tasks to queue
[2022-10-31T22:47:34.315+0000] {logging_mixin.py:120} INFO - [2022-10-31T22:47:34.314+0000] {dagbag.py:537} INFO - Filling up the DagBag from /root/.local/share/virtualenvs/workspace-dqq3IVyd/lib/python3.10/site-packages/airflow/example_dags/example_trigger_target_dag.py
[2022-10-31T22:47:34.333+0000] {processor.py:766} INFO - DAG(s) dict_keys(['example_trigger_target_dag']) retrieved from /root/.local/share/virtualenvs/workspace-dqq3IVyd/lib/python3.10/site-packages/airflow/example_dags/example_trigger_target_dag.py
[2022-10-31T22:47:34.364+0000] {logging_mixin.py:120} INFO - [2022-10-31T22:47:34.364+0000] {dag.py:2585} INFO - Sync 1 DAGs
[2022-10-31T22:47:34.382+0000] {logging_mixin.py:120} INFO - [2022-10-31T22:47:34.382+0000] {dag.py:3336} INFO - Setting next_dagrun for example_trigger_target_dag to None, run_after=None
[2022-10-31T22:47:34.419+0000] {processor.py:176} INFO - Processing /root/.local/share/virtualenvs/workspace-dqq3IVyd/lib/python3.10/site-packages/airflow/example_dags/example_trigger_target_dag.py took 0.108 seconds
