[2022-10-31T22:44:46.608+0000] {processor.py:154} INFO - Started process (PID=1355) to work on /root/.local/share/virtualenvs/workspace-dqq3IVyd/lib/python3.10/site-packages/airflow/example_dags/example_task_group_decorator.py
[2022-10-31T22:44:46.609+0000] {processor.py:756} INFO - Processing file /root/.local/share/virtualenvs/workspace-dqq3IVyd/lib/python3.10/site-packages/airflow/example_dags/example_task_group_decorator.py for tasks to queue
[2022-10-31T22:44:46.610+0000] {logging_mixin.py:120} INFO - [2022-10-31T22:44:46.610+0000] {dagbag.py:537} INFO - Filling up the DagBag from /root/.local/share/virtualenvs/workspace-dqq3IVyd/lib/python3.10/site-packages/airflow/example_dags/example_task_group_decorator.py
[2022-10-31T22:44:46.724+0000] {processor.py:766} INFO - DAG(s) dict_keys(['example_task_group_decorator']) retrieved from /root/.local/share/virtualenvs/workspace-dqq3IVyd/lib/python3.10/site-packages/airflow/example_dags/example_task_group_decorator.py
[2022-10-31T22:44:46.857+0000] {logging_mixin.py:120} INFO - [2022-10-31T22:44:46.857+0000] {manager.py:507} INFO - Created Permission View: can read on DAG:example_task_group_decorator
[2022-10-31T22:44:46.887+0000] {logging_mixin.py:120} INFO - [2022-10-31T22:44:46.886+0000] {manager.py:507} INFO - Created Permission View: can edit on DAG:example_task_group_decorator
[2022-10-31T22:44:46.905+0000] {logging_mixin.py:120} INFO - [2022-10-31T22:44:46.905+0000] {manager.py:507} INFO - Created Permission View: can delete on DAG:example_task_group_decorator
[2022-10-31T22:44:46.906+0000] {logging_mixin.py:120} INFO - [2022-10-31T22:44:46.906+0000] {dag.py:2585} INFO - Sync 1 DAGs
[2022-10-31T22:44:46.917+0000] {logging_mixin.py:120} INFO - [2022-10-31T22:44:46.917+0000] {dag.py:2606} INFO - Creating ORM DAG for example_task_group_decorator
[2022-10-31T22:44:46.924+0000] {logging_mixin.py:120} INFO - [2022-10-31T22:44:46.924+0000] {dag.py:3336} INFO - Setting next_dagrun for example_task_group_decorator to 2022-10-30T22:44:46.924459+00:00, run_after=2022-10-31T22:44:46.924459+00:00
[2022-10-31T22:44:46.967+0000] {processor.py:176} INFO - Processing /root/.local/share/virtualenvs/workspace-dqq3IVyd/lib/python3.10/site-packages/airflow/example_dags/example_task_group_decorator.py took 0.361 seconds
[2022-10-31T22:45:27.999+0000] {processor.py:154} INFO - Started process (PID=1692) to work on /root/.local/share/virtualenvs/workspace-dqq3IVyd/lib/python3.10/site-packages/airflow/example_dags/example_task_group_decorator.py
[2022-10-31T22:45:28.000+0000] {processor.py:756} INFO - Processing file /root/.local/share/virtualenvs/workspace-dqq3IVyd/lib/python3.10/site-packages/airflow/example_dags/example_task_group_decorator.py for tasks to queue
[2022-10-31T22:45:28.001+0000] {logging_mixin.py:120} INFO - [2022-10-31T22:45:28.001+0000] {dagbag.py:537} INFO - Filling up the DagBag from /root/.local/share/virtualenvs/workspace-dqq3IVyd/lib/python3.10/site-packages/airflow/example_dags/example_task_group_decorator.py
[2022-10-31T22:45:28.022+0000] {processor.py:766} INFO - DAG(s) dict_keys(['example_task_group_decorator']) retrieved from /root/.local/share/virtualenvs/workspace-dqq3IVyd/lib/python3.10/site-packages/airflow/example_dags/example_task_group_decorator.py
[2022-10-31T22:45:28.053+0000] {logging_mixin.py:120} INFO - [2022-10-31T22:45:28.053+0000] {dag.py:2585} INFO - Sync 1 DAGs
[2022-10-31T22:45:28.073+0000] {logging_mixin.py:120} INFO - [2022-10-31T22:45:28.072+0000] {dag.py:3336} INFO - Setting next_dagrun for example_task_group_decorator to 2022-10-30T22:45:28.072486+00:00, run_after=2022-10-31T22:45:28.072486+00:00
[2022-10-31T22:45:28.120+0000] {processor.py:176} INFO - Processing /root/.local/share/virtualenvs/workspace-dqq3IVyd/lib/python3.10/site-packages/airflow/example_dags/example_task_group_decorator.py took 0.123 seconds
[2022-10-31T22:46:07.694+0000] {processor.py:154} INFO - Started process (PID=1990) to work on /root/.local/share/virtualenvs/workspace-dqq3IVyd/lib/python3.10/site-packages/airflow/example_dags/example_task_group_decorator.py
[2022-10-31T22:46:07.695+0000] {processor.py:756} INFO - Processing file /root/.local/share/virtualenvs/workspace-dqq3IVyd/lib/python3.10/site-packages/airflow/example_dags/example_task_group_decorator.py for tasks to queue
[2022-10-31T22:46:07.696+0000] {logging_mixin.py:120} INFO - [2022-10-31T22:46:07.696+0000] {dagbag.py:537} INFO - Filling up the DagBag from /root/.local/share/virtualenvs/workspace-dqq3IVyd/lib/python3.10/site-packages/airflow/example_dags/example_task_group_decorator.py
[2022-10-31T22:46:07.722+0000] {processor.py:766} INFO - DAG(s) dict_keys(['example_task_group_decorator']) retrieved from /root/.local/share/virtualenvs/workspace-dqq3IVyd/lib/python3.10/site-packages/airflow/example_dags/example_task_group_decorator.py
[2022-10-31T22:46:07.758+0000] {logging_mixin.py:120} INFO - [2022-10-31T22:46:07.758+0000] {dag.py:2585} INFO - Sync 1 DAGs
[2022-10-31T22:46:07.778+0000] {logging_mixin.py:120} INFO - [2022-10-31T22:46:07.778+0000] {dag.py:3336} INFO - Setting next_dagrun for example_task_group_decorator to 2022-10-30T22:46:07.777906+00:00, run_after=2022-10-31T22:46:07.777906+00:00
[2022-10-31T22:46:07.821+0000] {processor.py:176} INFO - Processing /root/.local/share/virtualenvs/workspace-dqq3IVyd/lib/python3.10/site-packages/airflow/example_dags/example_task_group_decorator.py took 0.129 seconds
[2022-10-31T22:46:46.928+0000] {processor.py:154} INFO - Started process (PID=2281) to work on /root/.local/share/virtualenvs/workspace-dqq3IVyd/lib/python3.10/site-packages/airflow/example_dags/example_task_group_decorator.py
[2022-10-31T22:46:46.929+0000] {processor.py:756} INFO - Processing file /root/.local/share/virtualenvs/workspace-dqq3IVyd/lib/python3.10/site-packages/airflow/example_dags/example_task_group_decorator.py for tasks to queue
[2022-10-31T22:46:46.930+0000] {logging_mixin.py:120} INFO - [2022-10-31T22:46:46.929+0000] {dagbag.py:537} INFO - Filling up the DagBag from /root/.local/share/virtualenvs/workspace-dqq3IVyd/lib/python3.10/site-packages/airflow/example_dags/example_task_group_decorator.py
[2022-10-31T22:46:46.953+0000] {processor.py:766} INFO - DAG(s) dict_keys(['example_task_group_decorator']) retrieved from /root/.local/share/virtualenvs/workspace-dqq3IVyd/lib/python3.10/site-packages/airflow/example_dags/example_task_group_decorator.py
[2022-10-31T22:46:46.986+0000] {logging_mixin.py:120} INFO - [2022-10-31T22:46:46.986+0000] {dag.py:2585} INFO - Sync 1 DAGs
[2022-10-31T22:46:47.006+0000] {logging_mixin.py:120} INFO - [2022-10-31T22:46:47.005+0000] {dag.py:3336} INFO - Setting next_dagrun for example_task_group_decorator to 2022-10-30T22:46:47.005759+00:00, run_after=2022-10-31T22:46:47.005759+00:00
[2022-10-31T22:46:47.053+0000] {processor.py:176} INFO - Processing /root/.local/share/virtualenvs/workspace-dqq3IVyd/lib/python3.10/site-packages/airflow/example_dags/example_task_group_decorator.py took 0.127 seconds
[2022-10-31T22:47:29.284+0000] {processor.py:154} INFO - Started process (PID=2605) to work on /root/.local/share/virtualenvs/workspace-dqq3IVyd/lib/python3.10/site-packages/airflow/example_dags/example_task_group_decorator.py
[2022-10-31T22:47:29.285+0000] {processor.py:756} INFO - Processing file /root/.local/share/virtualenvs/workspace-dqq3IVyd/lib/python3.10/site-packages/airflow/example_dags/example_task_group_decorator.py for tasks to queue
[2022-10-31T22:47:29.286+0000] {logging_mixin.py:120} INFO - [2022-10-31T22:47:29.285+0000] {dagbag.py:537} INFO - Filling up the DagBag from /root/.local/share/virtualenvs/workspace-dqq3IVyd/lib/python3.10/site-packages/airflow/example_dags/example_task_group_decorator.py
[2022-10-31T22:47:29.309+0000] {processor.py:766} INFO - DAG(s) dict_keys(['example_task_group_decorator']) retrieved from /root/.local/share/virtualenvs/workspace-dqq3IVyd/lib/python3.10/site-packages/airflow/example_dags/example_task_group_decorator.py
[2022-10-31T22:47:29.341+0000] {logging_mixin.py:120} INFO - [2022-10-31T22:47:29.341+0000] {dag.py:2585} INFO - Sync 1 DAGs
[2022-10-31T22:47:29.359+0000] {logging_mixin.py:120} INFO - [2022-10-31T22:47:29.358+0000] {dag.py:3336} INFO - Setting next_dagrun for example_task_group_decorator to 2022-10-30T22:47:29.358762+00:00, run_after=2022-10-31T22:47:29.358762+00:00
[2022-10-31T22:47:29.403+0000] {processor.py:176} INFO - Processing /root/.local/share/virtualenvs/workspace-dqq3IVyd/lib/python3.10/site-packages/airflow/example_dags/example_task_group_decorator.py took 0.121 seconds
