[2022-10-31T22:44:54.160+0000] {processor.py:154} INFO - Started process (PID=1422) to work on /root/.local/share/virtualenvs/workspace-dqq3IVyd/lib/python3.10/site-packages/airflow/example_dags/example_external_task_marker_dag.py
[2022-10-31T22:44:54.161+0000] {processor.py:756} INFO - Processing file /root/.local/share/virtualenvs/workspace-dqq3IVyd/lib/python3.10/site-packages/airflow/example_dags/example_external_task_marker_dag.py for tasks to queue
[2022-10-31T22:44:54.162+0000] {logging_mixin.py:120} INFO - [2022-10-31T22:44:54.162+0000] {dagbag.py:537} INFO - Filling up the DagBag from /root/.local/share/virtualenvs/workspace-dqq3IVyd/lib/python3.10/site-packages/airflow/example_dags/example_external_task_marker_dag.py
[2022-10-31T22:44:54.261+0000] {processor.py:766} INFO - DAG(s) dict_keys(['example_external_task_marker_child', 'example_external_task_marker_parent']) retrieved from /root/.local/share/virtualenvs/workspace-dqq3IVyd/lib/python3.10/site-packages/airflow/example_dags/example_external_task_marker_dag.py
[2022-10-31T22:44:54.420+0000] {logging_mixin.py:120} INFO - [2022-10-31T22:44:54.420+0000] {manager.py:507} INFO - Created Permission View: can read on DAG:example_external_task_marker_child
[2022-10-31T22:44:54.441+0000] {logging_mixin.py:120} INFO - [2022-10-31T22:44:54.441+0000] {manager.py:507} INFO - Created Permission View: can edit on DAG:example_external_task_marker_child
[2022-10-31T22:44:54.461+0000] {logging_mixin.py:120} INFO - [2022-10-31T22:44:54.461+0000] {manager.py:507} INFO - Created Permission View: can delete on DAG:example_external_task_marker_child
[2022-10-31T22:44:54.503+0000] {logging_mixin.py:120} INFO - [2022-10-31T22:44:54.503+0000] {manager.py:507} INFO - Created Permission View: can read on DAG:example_external_task_marker_parent
[2022-10-31T22:44:54.524+0000] {logging_mixin.py:120} INFO - [2022-10-31T22:44:54.524+0000] {manager.py:507} INFO - Created Permission View: can edit on DAG:example_external_task_marker_parent
[2022-10-31T22:44:54.544+0000] {logging_mixin.py:120} INFO - [2022-10-31T22:44:54.544+0000] {manager.py:507} INFO - Created Permission View: can delete on DAG:example_external_task_marker_parent
[2022-10-31T22:44:54.544+0000] {logging_mixin.py:120} INFO - [2022-10-31T22:44:54.544+0000] {dag.py:2585} INFO - Sync 2 DAGs
[2022-10-31T22:44:54.556+0000] {logging_mixin.py:120} INFO - [2022-10-31T22:44:54.555+0000] {dag.py:2606} INFO - Creating ORM DAG for example_external_task_marker_child
[2022-10-31T22:44:54.556+0000] {logging_mixin.py:120} INFO - [2022-10-31T22:44:54.556+0000] {dag.py:2606} INFO - Creating ORM DAG for example_external_task_marker_parent
[2022-10-31T22:44:54.564+0000] {logging_mixin.py:120} INFO - [2022-10-31T22:44:54.564+0000] {dag.py:3336} INFO - Setting next_dagrun for example_external_task_marker_child to None, run_after=None
[2022-10-31T22:44:54.564+0000] {logging_mixin.py:120} INFO - [2022-10-31T22:44:54.564+0000] {dag.py:3336} INFO - Setting next_dagrun for example_external_task_marker_parent to None, run_after=None
[2022-10-31T22:44:54.607+0000] {processor.py:176} INFO - Processing /root/.local/share/virtualenvs/workspace-dqq3IVyd/lib/python3.10/site-packages/airflow/example_dags/example_external_task_marker_dag.py took 0.449 seconds
[2022-10-31T22:45:34.019+0000] {processor.py:154} INFO - Started process (PID=1741) to work on /root/.local/share/virtualenvs/workspace-dqq3IVyd/lib/python3.10/site-packages/airflow/example_dags/example_external_task_marker_dag.py
[2022-10-31T22:45:34.020+0000] {processor.py:756} INFO - Processing file /root/.local/share/virtualenvs/workspace-dqq3IVyd/lib/python3.10/site-packages/airflow/example_dags/example_external_task_marker_dag.py for tasks to queue
[2022-10-31T22:45:34.020+0000] {logging_mixin.py:120} INFO - [2022-10-31T22:45:34.020+0000] {dagbag.py:537} INFO - Filling up the DagBag from /root/.local/share/virtualenvs/workspace-dqq3IVyd/lib/python3.10/site-packages/airflow/example_dags/example_external_task_marker_dag.py
[2022-10-31T22:45:34.032+0000] {processor.py:766} INFO - DAG(s) dict_keys(['example_external_task_marker_child', 'example_external_task_marker_parent']) retrieved from /root/.local/share/virtualenvs/workspace-dqq3IVyd/lib/python3.10/site-packages/airflow/example_dags/example_external_task_marker_dag.py
[2022-10-31T22:45:34.125+0000] {logging_mixin.py:120} INFO - [2022-10-31T22:45:34.125+0000] {dag.py:2585} INFO - Sync 2 DAGs
[2022-10-31T22:45:34.143+0000] {logging_mixin.py:120} INFO - [2022-10-31T22:45:34.143+0000] {dag.py:3336} INFO - Setting next_dagrun for example_external_task_marker_child to None, run_after=None
[2022-10-31T22:45:34.147+0000] {logging_mixin.py:120} INFO - [2022-10-31T22:45:34.147+0000] {dag.py:3336} INFO - Setting next_dagrun for example_external_task_marker_parent to None, run_after=None
[2022-10-31T22:45:34.192+0000] {processor.py:176} INFO - Processing /root/.local/share/virtualenvs/workspace-dqq3IVyd/lib/python3.10/site-packages/airflow/example_dags/example_external_task_marker_dag.py took 0.175 seconds
[2022-10-31T22:46:14.930+0000] {processor.py:154} INFO - Started process (PID=2044) to work on /root/.local/share/virtualenvs/workspace-dqq3IVyd/lib/python3.10/site-packages/airflow/example_dags/example_external_task_marker_dag.py
[2022-10-31T22:46:14.931+0000] {processor.py:756} INFO - Processing file /root/.local/share/virtualenvs/workspace-dqq3IVyd/lib/python3.10/site-packages/airflow/example_dags/example_external_task_marker_dag.py for tasks to queue
[2022-10-31T22:46:14.932+0000] {logging_mixin.py:120} INFO - [2022-10-31T22:46:14.932+0000] {dagbag.py:537} INFO - Filling up the DagBag from /root/.local/share/virtualenvs/workspace-dqq3IVyd/lib/python3.10/site-packages/airflow/example_dags/example_external_task_marker_dag.py
[2022-10-31T22:46:14.943+0000] {processor.py:766} INFO - DAG(s) dict_keys(['example_external_task_marker_parent', 'example_external_task_marker_child']) retrieved from /root/.local/share/virtualenvs/workspace-dqq3IVyd/lib/python3.10/site-packages/airflow/example_dags/example_external_task_marker_dag.py
[2022-10-31T22:46:15.034+0000] {logging_mixin.py:120} INFO - [2022-10-31T22:46:15.034+0000] {dag.py:2585} INFO - Sync 2 DAGs
[2022-10-31T22:46:15.056+0000] {logging_mixin.py:120} INFO - [2022-10-31T22:46:15.055+0000] {dag.py:3336} INFO - Setting next_dagrun for example_external_task_marker_child to None, run_after=None
[2022-10-31T22:46:15.059+0000] {logging_mixin.py:120} INFO - [2022-10-31T22:46:15.059+0000] {dag.py:3336} INFO - Setting next_dagrun for example_external_task_marker_parent to None, run_after=None
[2022-10-31T22:46:15.095+0000] {processor.py:176} INFO - Processing /root/.local/share/virtualenvs/workspace-dqq3IVyd/lib/python3.10/site-packages/airflow/example_dags/example_external_task_marker_dag.py took 0.167 seconds
[2022-10-31T22:46:54.659+0000] {processor.py:154} INFO - Started process (PID=2342) to work on /root/.local/share/virtualenvs/workspace-dqq3IVyd/lib/python3.10/site-packages/airflow/example_dags/example_external_task_marker_dag.py
[2022-10-31T22:46:54.660+0000] {processor.py:756} INFO - Processing file /root/.local/share/virtualenvs/workspace-dqq3IVyd/lib/python3.10/site-packages/airflow/example_dags/example_external_task_marker_dag.py for tasks to queue
[2022-10-31T22:46:54.661+0000] {logging_mixin.py:120} INFO - [2022-10-31T22:46:54.661+0000] {dagbag.py:537} INFO - Filling up the DagBag from /root/.local/share/virtualenvs/workspace-dqq3IVyd/lib/python3.10/site-packages/airflow/example_dags/example_external_task_marker_dag.py
[2022-10-31T22:46:54.673+0000] {processor.py:766} INFO - DAG(s) dict_keys(['example_external_task_marker_parent', 'example_external_task_marker_child']) retrieved from /root/.local/share/virtualenvs/workspace-dqq3IVyd/lib/python3.10/site-packages/airflow/example_dags/example_external_task_marker_dag.py
[2022-10-31T22:46:54.771+0000] {logging_mixin.py:120} INFO - [2022-10-31T22:46:54.771+0000] {dag.py:2585} INFO - Sync 2 DAGs
[2022-10-31T22:46:54.791+0000] {logging_mixin.py:120} INFO - [2022-10-31T22:46:54.791+0000] {dag.py:3336} INFO - Setting next_dagrun for example_external_task_marker_child to None, run_after=None
[2022-10-31T22:46:54.794+0000] {logging_mixin.py:120} INFO - [2022-10-31T22:46:54.794+0000] {dag.py:3336} INFO - Setting next_dagrun for example_external_task_marker_parent to None, run_after=None
[2022-10-31T22:46:54.831+0000] {processor.py:176} INFO - Processing /root/.local/share/virtualenvs/workspace-dqq3IVyd/lib/python3.10/site-packages/airflow/example_dags/example_external_task_marker_dag.py took 0.174 seconds
[2022-10-31T22:47:40.901+0000] {processor.py:154} INFO - Started process (PID=2687) to work on /root/.local/share/virtualenvs/workspace-dqq3IVyd/lib/python3.10/site-packages/airflow/example_dags/example_external_task_marker_dag.py
[2022-10-31T22:47:40.902+0000] {processor.py:756} INFO - Processing file /root/.local/share/virtualenvs/workspace-dqq3IVyd/lib/python3.10/site-packages/airflow/example_dags/example_external_task_marker_dag.py for tasks to queue
[2022-10-31T22:47:40.903+0000] {logging_mixin.py:120} INFO - [2022-10-31T22:47:40.903+0000] {dagbag.py:537} INFO - Filling up the DagBag from /root/.local/share/virtualenvs/workspace-dqq3IVyd/lib/python3.10/site-packages/airflow/example_dags/example_external_task_marker_dag.py
[2022-10-31T22:47:40.915+0000] {processor.py:766} INFO - DAG(s) dict_keys(['example_external_task_marker_parent', 'example_external_task_marker_child']) retrieved from /root/.local/share/virtualenvs/workspace-dqq3IVyd/lib/python3.10/site-packages/airflow/example_dags/example_external_task_marker_dag.py
[2022-10-31T22:47:41.008+0000] {logging_mixin.py:120} INFO - [2022-10-31T22:47:41.007+0000] {dag.py:2585} INFO - Sync 2 DAGs
[2022-10-31T22:47:41.028+0000] {logging_mixin.py:120} INFO - [2022-10-31T22:47:41.028+0000] {dag.py:3336} INFO - Setting next_dagrun for example_external_task_marker_child to None, run_after=None
[2022-10-31T22:47:41.032+0000] {logging_mixin.py:120} INFO - [2022-10-31T22:47:41.031+0000] {dag.py:3336} INFO - Setting next_dagrun for example_external_task_marker_parent to None, run_after=None
[2022-10-31T22:47:41.068+0000] {processor.py:176} INFO - Processing /root/.local/share/virtualenvs/workspace-dqq3IVyd/lib/python3.10/site-packages/airflow/example_dags/example_external_task_marker_dag.py took 0.170 seconds
