[2022-10-31T22:45:01.017+0000] {processor.py:154} INFO - Started process (PID=1486) to work on /root/.local/share/virtualenvs/workspace-dqq3IVyd/lib/python3.10/site-packages/airflow/example_dags/example_branch_operator_decorator.py
[2022-10-31T22:45:01.018+0000] {processor.py:756} INFO - Processing file /root/.local/share/virtualenvs/workspace-dqq3IVyd/lib/python3.10/site-packages/airflow/example_dags/example_branch_operator_decorator.py for tasks to queue
[2022-10-31T22:45:01.019+0000] {logging_mixin.py:120} INFO - [2022-10-31T22:45:01.019+0000] {dagbag.py:537} INFO - Filling up the DagBag from /root/.local/share/virtualenvs/workspace-dqq3IVyd/lib/python3.10/site-packages/airflow/example_dags/example_branch_operator_decorator.py
[2022-10-31T22:45:01.036+0000] {processor.py:766} INFO - DAG(s) dict_keys(['example_branch_python_operator_decorator']) retrieved from /root/.local/share/virtualenvs/workspace-dqq3IVyd/lib/python3.10/site-packages/airflow/example_dags/example_branch_operator_decorator.py
[2022-10-31T22:45:01.153+0000] {logging_mixin.py:120} INFO - [2022-10-31T22:45:01.153+0000] {manager.py:507} INFO - Created Permission View: can read on DAG:example_branch_python_operator_decorator
[2022-10-31T22:45:01.174+0000] {logging_mixin.py:120} INFO - [2022-10-31T22:45:01.174+0000] {manager.py:507} INFO - Created Permission View: can edit on DAG:example_branch_python_operator_decorator
[2022-10-31T22:45:01.194+0000] {logging_mixin.py:120} INFO - [2022-10-31T22:45:01.193+0000] {manager.py:507} INFO - Created Permission View: can delete on DAG:example_branch_python_operator_decorator
[2022-10-31T22:45:01.194+0000] {logging_mixin.py:120} INFO - [2022-10-31T22:45:01.194+0000] {dag.py:2585} INFO - Sync 1 DAGs
[2022-10-31T22:45:01.205+0000] {logging_mixin.py:120} INFO - [2022-10-31T22:45:01.205+0000] {dag.py:2606} INFO - Creating ORM DAG for example_branch_python_operator_decorator
[2022-10-31T22:45:01.213+0000] {logging_mixin.py:120} INFO - [2022-10-31T22:45:01.213+0000] {dag.py:3336} INFO - Setting next_dagrun for example_branch_python_operator_decorator to 2022-10-30T00:00:00+00:00, run_after=2022-10-31T00:00:00+00:00
[2022-10-31T22:45:01.253+0000] {processor.py:176} INFO - Processing /root/.local/share/virtualenvs/workspace-dqq3IVyd/lib/python3.10/site-packages/airflow/example_dags/example_branch_operator_decorator.py took 0.331 seconds
[2022-10-31T22:45:39.679+0000] {processor.py:154} INFO - Started process (PID=1782) to work on /root/.local/share/virtualenvs/workspace-dqq3IVyd/lib/python3.10/site-packages/airflow/example_dags/example_branch_operator_decorator.py
[2022-10-31T22:45:39.680+0000] {processor.py:756} INFO - Processing file /root/.local/share/virtualenvs/workspace-dqq3IVyd/lib/python3.10/site-packages/airflow/example_dags/example_branch_operator_decorator.py for tasks to queue
[2022-10-31T22:45:39.681+0000] {logging_mixin.py:120} INFO - [2022-10-31T22:45:39.680+0000] {dagbag.py:537} INFO - Filling up the DagBag from /root/.local/share/virtualenvs/workspace-dqq3IVyd/lib/python3.10/site-packages/airflow/example_dags/example_branch_operator_decorator.py
[2022-10-31T22:45:39.701+0000] {processor.py:766} INFO - DAG(s) dict_keys(['example_branch_python_operator_decorator']) retrieved from /root/.local/share/virtualenvs/workspace-dqq3IVyd/lib/python3.10/site-packages/airflow/example_dags/example_branch_operator_decorator.py
[2022-10-31T22:45:39.734+0000] {logging_mixin.py:120} INFO - [2022-10-31T22:45:39.734+0000] {dag.py:2585} INFO - Sync 1 DAGs
[2022-10-31T22:45:39.762+0000] {logging_mixin.py:120} INFO - [2022-10-31T22:45:39.762+0000] {dag.py:3336} INFO - Setting next_dagrun for example_branch_python_operator_decorator to 2022-10-30T00:00:00+00:00, run_after=2022-10-31T00:00:00+00:00
[2022-10-31T22:45:39.810+0000] {processor.py:176} INFO - Processing /root/.local/share/virtualenvs/workspace-dqq3IVyd/lib/python3.10/site-packages/airflow/example_dags/example_branch_operator_decorator.py took 0.134 seconds
[2022-10-31T22:46:20.116+0000] {processor.py:154} INFO - Started process (PID=2085) to work on /root/.local/share/virtualenvs/workspace-dqq3IVyd/lib/python3.10/site-packages/airflow/example_dags/example_branch_operator_decorator.py
[2022-10-31T22:46:20.116+0000] {processor.py:756} INFO - Processing file /root/.local/share/virtualenvs/workspace-dqq3IVyd/lib/python3.10/site-packages/airflow/example_dags/example_branch_operator_decorator.py for tasks to queue
[2022-10-31T22:46:20.117+0000] {logging_mixin.py:120} INFO - [2022-10-31T22:46:20.117+0000] {dagbag.py:537} INFO - Filling up the DagBag from /root/.local/share/virtualenvs/workspace-dqq3IVyd/lib/python3.10/site-packages/airflow/example_dags/example_branch_operator_decorator.py
[2022-10-31T22:46:20.137+0000] {processor.py:766} INFO - DAG(s) dict_keys(['example_branch_python_operator_decorator']) retrieved from /root/.local/share/virtualenvs/workspace-dqq3IVyd/lib/python3.10/site-packages/airflow/example_dags/example_branch_operator_decorator.py
[2022-10-31T22:46:20.167+0000] {logging_mixin.py:120} INFO - [2022-10-31T22:46:20.167+0000] {dag.py:2585} INFO - Sync 1 DAGs
[2022-10-31T22:46:20.189+0000] {logging_mixin.py:120} INFO - [2022-10-31T22:46:20.189+0000] {dag.py:3336} INFO - Setting next_dagrun for example_branch_python_operator_decorator to 2022-10-30T00:00:00+00:00, run_after=2022-10-31T00:00:00+00:00
[2022-10-31T22:46:20.231+0000] {processor.py:176} INFO - Processing /root/.local/share/virtualenvs/workspace-dqq3IVyd/lib/python3.10/site-packages/airflow/example_dags/example_branch_operator_decorator.py took 0.118 seconds
[2022-10-31T22:47:00.695+0000] {processor.py:154} INFO - Started process (PID=2383) to work on /root/.local/share/virtualenvs/workspace-dqq3IVyd/lib/python3.10/site-packages/airflow/example_dags/example_branch_operator_decorator.py
[2022-10-31T22:47:00.696+0000] {processor.py:756} INFO - Processing file /root/.local/share/virtualenvs/workspace-dqq3IVyd/lib/python3.10/site-packages/airflow/example_dags/example_branch_operator_decorator.py for tasks to queue
[2022-10-31T22:47:00.697+0000] {logging_mixin.py:120} INFO - [2022-10-31T22:47:00.696+0000] {dagbag.py:537} INFO - Filling up the DagBag from /root/.local/share/virtualenvs/workspace-dqq3IVyd/lib/python3.10/site-packages/airflow/example_dags/example_branch_operator_decorator.py
[2022-10-31T22:47:00.716+0000] {processor.py:766} INFO - DAG(s) dict_keys(['example_branch_python_operator_decorator']) retrieved from /root/.local/share/virtualenvs/workspace-dqq3IVyd/lib/python3.10/site-packages/airflow/example_dags/example_branch_operator_decorator.py
[2022-10-31T22:47:00.748+0000] {logging_mixin.py:120} INFO - [2022-10-31T22:47:00.748+0000] {dag.py:2585} INFO - Sync 1 DAGs
[2022-10-31T22:47:00.768+0000] {logging_mixin.py:120} INFO - [2022-10-31T22:47:00.768+0000] {dag.py:3336} INFO - Setting next_dagrun for example_branch_python_operator_decorator to 2022-10-30T00:00:00+00:00, run_after=2022-10-31T00:00:00+00:00
[2022-10-31T22:47:00.809+0000] {processor.py:176} INFO - Processing /root/.local/share/virtualenvs/workspace-dqq3IVyd/lib/python3.10/site-packages/airflow/example_dags/example_branch_operator_decorator.py took 0.117 seconds
[2022-10-31T22:47:45.879+0000] {processor.py:154} INFO - Started process (PID=2728) to work on /root/.local/share/virtualenvs/workspace-dqq3IVyd/lib/python3.10/site-packages/airflow/example_dags/example_branch_operator_decorator.py
[2022-10-31T22:47:45.880+0000] {processor.py:756} INFO - Processing file /root/.local/share/virtualenvs/workspace-dqq3IVyd/lib/python3.10/site-packages/airflow/example_dags/example_branch_operator_decorator.py for tasks to queue
[2022-10-31T22:47:45.881+0000] {logging_mixin.py:120} INFO - [2022-10-31T22:47:45.880+0000] {dagbag.py:537} INFO - Filling up the DagBag from /root/.local/share/virtualenvs/workspace-dqq3IVyd/lib/python3.10/site-packages/airflow/example_dags/example_branch_operator_decorator.py
[2022-10-31T22:47:45.904+0000] {processor.py:766} INFO - DAG(s) dict_keys(['example_branch_python_operator_decorator']) retrieved from /root/.local/share/virtualenvs/workspace-dqq3IVyd/lib/python3.10/site-packages/airflow/example_dags/example_branch_operator_decorator.py
[2022-10-31T22:47:45.934+0000] {logging_mixin.py:120} INFO - [2022-10-31T22:47:45.934+0000] {dag.py:2585} INFO - Sync 1 DAGs
[2022-10-31T22:47:45.955+0000] {logging_mixin.py:120} INFO - [2022-10-31T22:47:45.954+0000] {dag.py:3336} INFO - Setting next_dagrun for example_branch_python_operator_decorator to 2022-10-30T00:00:00+00:00, run_after=2022-10-31T00:00:00+00:00
[2022-10-31T22:47:45.998+0000] {processor.py:176} INFO - Processing /root/.local/share/virtualenvs/workspace-dqq3IVyd/lib/python3.10/site-packages/airflow/example_dags/example_branch_operator_decorator.py took 0.121 seconds
