[2022-10-31T22:45:01.735+0000] {processor.py:154} INFO - Started process (PID=1487) to work on /root/.local/share/virtualenvs/workspace-dqq3IVyd/lib/python3.10/site-packages/airflow/example_dags/example_branch_day_of_week_operator.py
[2022-10-31T22:45:01.736+0000] {processor.py:756} INFO - Processing file /root/.local/share/virtualenvs/workspace-dqq3IVyd/lib/python3.10/site-packages/airflow/example_dags/example_branch_day_of_week_operator.py for tasks to queue
[2022-10-31T22:45:01.737+0000] {logging_mixin.py:120} INFO - [2022-10-31T22:45:01.737+0000] {dagbag.py:537} INFO - Filling up the DagBag from /root/.local/share/virtualenvs/workspace-dqq3IVyd/lib/python3.10/site-packages/airflow/example_dags/example_branch_day_of_week_operator.py
[2022-10-31T22:45:01.753+0000] {processor.py:766} INFO - DAG(s) dict_keys(['example_weekday_branch_operator']) retrieved from /root/.local/share/virtualenvs/workspace-dqq3IVyd/lib/python3.10/site-packages/airflow/example_dags/example_branch_day_of_week_operator.py
[2022-10-31T22:45:01.865+0000] {logging_mixin.py:120} INFO - [2022-10-31T22:45:01.865+0000] {manager.py:507} INFO - Created Permission View: can read on DAG:example_weekday_branch_operator
[2022-10-31T22:45:01.886+0000] {logging_mixin.py:120} INFO - [2022-10-31T22:45:01.886+0000] {manager.py:507} INFO - Created Permission View: can edit on DAG:example_weekday_branch_operator
[2022-10-31T22:45:01.905+0000] {logging_mixin.py:120} INFO - [2022-10-31T22:45:01.905+0000] {manager.py:507} INFO - Created Permission View: can delete on DAG:example_weekday_branch_operator
[2022-10-31T22:45:01.905+0000] {logging_mixin.py:120} INFO - [2022-10-31T22:45:01.905+0000] {dag.py:2585} INFO - Sync 1 DAGs
[2022-10-31T22:45:01.917+0000] {logging_mixin.py:120} INFO - [2022-10-31T22:45:01.917+0000] {dag.py:2606} INFO - Creating ORM DAG for example_weekday_branch_operator
[2022-10-31T22:45:01.926+0000] {logging_mixin.py:120} INFO - [2022-10-31T22:45:01.926+0000] {dag.py:3336} INFO - Setting next_dagrun for example_weekday_branch_operator to 2022-10-30T00:00:00+00:00, run_after=2022-10-31T00:00:00+00:00
[2022-10-31T22:45:01.970+0000] {processor.py:176} INFO - Processing /root/.local/share/virtualenvs/workspace-dqq3IVyd/lib/python3.10/site-packages/airflow/example_dags/example_branch_day_of_week_operator.py took 0.236 seconds
[2022-10-31T22:45:40.067+0000] {processor.py:154} INFO - Started process (PID=1783) to work on /root/.local/share/virtualenvs/workspace-dqq3IVyd/lib/python3.10/site-packages/airflow/example_dags/example_branch_day_of_week_operator.py
[2022-10-31T22:45:40.068+0000] {processor.py:756} INFO - Processing file /root/.local/share/virtualenvs/workspace-dqq3IVyd/lib/python3.10/site-packages/airflow/example_dags/example_branch_day_of_week_operator.py for tasks to queue
[2022-10-31T22:45:40.069+0000] {logging_mixin.py:120} INFO - [2022-10-31T22:45:40.069+0000] {dagbag.py:537} INFO - Filling up the DagBag from /root/.local/share/virtualenvs/workspace-dqq3IVyd/lib/python3.10/site-packages/airflow/example_dags/example_branch_day_of_week_operator.py
[2022-10-31T22:45:40.084+0000] {processor.py:766} INFO - DAG(s) dict_keys(['example_weekday_branch_operator']) retrieved from /root/.local/share/virtualenvs/workspace-dqq3IVyd/lib/python3.10/site-packages/airflow/example_dags/example_branch_day_of_week_operator.py
[2022-10-31T22:45:40.118+0000] {logging_mixin.py:120} INFO - [2022-10-31T22:45:40.118+0000] {dag.py:2585} INFO - Sync 1 DAGs
[2022-10-31T22:45:40.138+0000] {logging_mixin.py:120} INFO - [2022-10-31T22:45:40.138+0000] {dag.py:3336} INFO - Setting next_dagrun for example_weekday_branch_operator to 2022-10-30T00:00:00+00:00, run_after=2022-10-31T00:00:00+00:00
[2022-10-31T22:45:40.185+0000] {processor.py:176} INFO - Processing /root/.local/share/virtualenvs/workspace-dqq3IVyd/lib/python3.10/site-packages/airflow/example_dags/example_branch_day_of_week_operator.py took 0.120 seconds
[2022-10-31T22:46:26.386+0000] {processor.py:154} INFO - Started process (PID=2130) to work on /root/.local/share/virtualenvs/workspace-dqq3IVyd/lib/python3.10/site-packages/airflow/example_dags/example_branch_day_of_week_operator.py
[2022-10-31T22:46:26.387+0000] {processor.py:756} INFO - Processing file /root/.local/share/virtualenvs/workspace-dqq3IVyd/lib/python3.10/site-packages/airflow/example_dags/example_branch_day_of_week_operator.py for tasks to queue
[2022-10-31T22:46:26.387+0000] {logging_mixin.py:120} INFO - [2022-10-31T22:46:26.387+0000] {dagbag.py:537} INFO - Filling up the DagBag from /root/.local/share/virtualenvs/workspace-dqq3IVyd/lib/python3.10/site-packages/airflow/example_dags/example_branch_day_of_week_operator.py
[2022-10-31T22:46:26.401+0000] {processor.py:766} INFO - DAG(s) dict_keys(['example_weekday_branch_operator']) retrieved from /root/.local/share/virtualenvs/workspace-dqq3IVyd/lib/python3.10/site-packages/airflow/example_dags/example_branch_day_of_week_operator.py
[2022-10-31T22:46:26.433+0000] {logging_mixin.py:120} INFO - [2022-10-31T22:46:26.433+0000] {dag.py:2585} INFO - Sync 1 DAGs
[2022-10-31T22:46:26.453+0000] {logging_mixin.py:120} INFO - [2022-10-31T22:46:26.453+0000] {dag.py:3336} INFO - Setting next_dagrun for example_weekday_branch_operator to 2022-10-30T00:00:00+00:00, run_after=2022-10-31T00:00:00+00:00
[2022-10-31T22:46:26.494+0000] {processor.py:176} INFO - Processing /root/.local/share/virtualenvs/workspace-dqq3IVyd/lib/python3.10/site-packages/airflow/example_dags/example_branch_day_of_week_operator.py took 0.111 seconds
[2022-10-31T22:47:06.205+0000] {processor.py:154} INFO - Started process (PID=2425) to work on /root/.local/share/virtualenvs/workspace-dqq3IVyd/lib/python3.10/site-packages/airflow/example_dags/example_branch_day_of_week_operator.py
[2022-10-31T22:47:06.206+0000] {processor.py:756} INFO - Processing file /root/.local/share/virtualenvs/workspace-dqq3IVyd/lib/python3.10/site-packages/airflow/example_dags/example_branch_day_of_week_operator.py for tasks to queue
[2022-10-31T22:47:06.207+0000] {logging_mixin.py:120} INFO - [2022-10-31T22:47:06.207+0000] {dagbag.py:537} INFO - Filling up the DagBag from /root/.local/share/virtualenvs/workspace-dqq3IVyd/lib/python3.10/site-packages/airflow/example_dags/example_branch_day_of_week_operator.py
[2022-10-31T22:47:06.220+0000] {processor.py:766} INFO - DAG(s) dict_keys(['example_weekday_branch_operator']) retrieved from /root/.local/share/virtualenvs/workspace-dqq3IVyd/lib/python3.10/site-packages/airflow/example_dags/example_branch_day_of_week_operator.py
[2022-10-31T22:47:06.251+0000] {logging_mixin.py:120} INFO - [2022-10-31T22:47:06.251+0000] {dag.py:2585} INFO - Sync 1 DAGs
[2022-10-31T22:47:06.272+0000] {logging_mixin.py:120} INFO - [2022-10-31T22:47:06.272+0000] {dag.py:3336} INFO - Setting next_dagrun for example_weekday_branch_operator to 2022-10-30T00:00:00+00:00, run_after=2022-10-31T00:00:00+00:00
[2022-10-31T22:47:06.309+0000] {processor.py:176} INFO - Processing /root/.local/share/virtualenvs/workspace-dqq3IVyd/lib/python3.10/site-packages/airflow/example_dags/example_branch_day_of_week_operator.py took 0.106 seconds
[2022-10-31T22:47:47.153+0000] {processor.py:154} INFO - Started process (PID=2740) to work on /root/.local/share/virtualenvs/workspace-dqq3IVyd/lib/python3.10/site-packages/airflow/example_dags/example_branch_day_of_week_operator.py
[2022-10-31T22:47:47.154+0000] {processor.py:756} INFO - Processing file /root/.local/share/virtualenvs/workspace-dqq3IVyd/lib/python3.10/site-packages/airflow/example_dags/example_branch_day_of_week_operator.py for tasks to queue
[2022-10-31T22:47:47.155+0000] {logging_mixin.py:120} INFO - [2022-10-31T22:47:47.155+0000] {dagbag.py:537} INFO - Filling up the DagBag from /root/.local/share/virtualenvs/workspace-dqq3IVyd/lib/python3.10/site-packages/airflow/example_dags/example_branch_day_of_week_operator.py
[2022-10-31T22:47:47.171+0000] {processor.py:766} INFO - DAG(s) dict_keys(['example_weekday_branch_operator']) retrieved from /root/.local/share/virtualenvs/workspace-dqq3IVyd/lib/python3.10/site-packages/airflow/example_dags/example_branch_day_of_week_operator.py
[2022-10-31T22:47:47.209+0000] {logging_mixin.py:120} INFO - [2022-10-31T22:47:47.209+0000] {dag.py:2585} INFO - Sync 1 DAGs
[2022-10-31T22:47:47.229+0000] {logging_mixin.py:120} INFO - [2022-10-31T22:47:47.229+0000] {dag.py:3336} INFO - Setting next_dagrun for example_weekday_branch_operator to 2022-10-30T00:00:00+00:00, run_after=2022-10-31T00:00:00+00:00
[2022-10-31T22:47:47.270+0000] {processor.py:176} INFO - Processing /root/.local/share/virtualenvs/workspace-dqq3IVyd/lib/python3.10/site-packages/airflow/example_dags/example_branch_day_of_week_operator.py took 0.119 seconds
