[2022-10-31T22:44:52.660+0000] {processor.py:154} INFO - Started process (PID=1408) to work on /root/.local/share/virtualenvs/workspace-dqq3IVyd/lib/python3.10/site-packages/airflow/example_dags/example_subdag_operator.py
[2022-10-31T22:44:52.661+0000] {processor.py:756} INFO - Processing file /root/.local/share/virtualenvs/workspace-dqq3IVyd/lib/python3.10/site-packages/airflow/example_dags/example_subdag_operator.py for tasks to queue
[2022-10-31T22:44:52.661+0000] {logging_mixin.py:120} INFO - [2022-10-31T22:44:52.661+0000] {dagbag.py:537} INFO - Filling up the DagBag from /root/.local/share/virtualenvs/workspace-dqq3IVyd/lib/python3.10/site-packages/airflow/example_dags/example_subdag_operator.py
[2022-10-31T22:44:52.765+0000] {processor.py:766} INFO - DAG(s) dict_keys(['example_subdag_operator.section-1', 'example_subdag_operator.section-2', 'example_subdag_operator']) retrieved from /root/.local/share/virtualenvs/workspace-dqq3IVyd/lib/python3.10/site-packages/airflow/example_dags/example_subdag_operator.py
[2022-10-31T22:44:52.922+0000] {logging_mixin.py:120} INFO - [2022-10-31T22:44:52.922+0000] {manager.py:507} INFO - Created Permission View: can read on DAG:example_subdag_operator
[2022-10-31T22:44:52.942+0000] {logging_mixin.py:120} INFO - [2022-10-31T22:44:52.942+0000] {manager.py:507} INFO - Created Permission View: can edit on DAG:example_subdag_operator
[2022-10-31T22:44:52.962+0000] {logging_mixin.py:120} INFO - [2022-10-31T22:44:52.962+0000] {manager.py:507} INFO - Created Permission View: can delete on DAG:example_subdag_operator
[2022-10-31T22:44:52.962+0000] {logging_mixin.py:120} INFO - [2022-10-31T22:44:52.962+0000] {dag.py:2585} INFO - Sync 3 DAGs
[2022-10-31T22:44:52.974+0000] {logging_mixin.py:120} INFO - [2022-10-31T22:44:52.974+0000] {dag.py:2606} INFO - Creating ORM DAG for example_subdag_operator
[2022-10-31T22:44:52.975+0000] {logging_mixin.py:120} INFO - [2022-10-31T22:44:52.975+0000] {dag.py:2606} INFO - Creating ORM DAG for example_subdag_operator.section-1
[2022-10-31T22:44:52.975+0000] {logging_mixin.py:120} INFO - [2022-10-31T22:44:52.975+0000] {dag.py:2606} INFO - Creating ORM DAG for example_subdag_operator.section-2
[2022-10-31T22:44:52.983+0000] {logging_mixin.py:120} INFO - [2022-10-31T22:44:52.983+0000] {dag.py:3336} INFO - Setting next_dagrun for example_subdag_operator to 2022-01-01T00:00:00+00:00, run_after=2022-01-01T00:00:00+00:00
[2022-10-31T22:44:52.984+0000] {logging_mixin.py:120} INFO - [2022-10-31T22:44:52.984+0000] {dag.py:3336} INFO - Setting next_dagrun for example_subdag_operator.section-1 to None, run_after=None
[2022-10-31T22:44:52.984+0000] {logging_mixin.py:120} INFO - [2022-10-31T22:44:52.984+0000] {dag.py:3336} INFO - Setting next_dagrun for example_subdag_operator.section-2 to None, run_after=None
[2022-10-31T22:44:52.995+0000] {logging_mixin.py:120} INFO - [2022-10-31T22:44:52.995+0000] {dag.py:2585} INFO - Sync 2 DAGs
[2022-10-31T22:44:52.998+0000] {logging_mixin.py:120} INFO - [2022-10-31T22:44:52.998+0000] {dag.py:3336} INFO - Setting next_dagrun for example_subdag_operator.section-1 to None, run_after=None
[2022-10-31T22:44:53.000+0000] {logging_mixin.py:120} INFO - [2022-10-31T22:44:53.000+0000] {dag.py:3336} INFO - Setting next_dagrun for example_subdag_operator.section-2 to None, run_after=None
[2022-10-31T22:44:53.031+0000] {processor.py:176} INFO - Processing /root/.local/share/virtualenvs/workspace-dqq3IVyd/lib/python3.10/site-packages/airflow/example_dags/example_subdag_operator.py took 0.373 seconds
[2022-10-31T22:45:32.649+0000] {processor.py:154} INFO - Started process (PID=1727) to work on /root/.local/share/virtualenvs/workspace-dqq3IVyd/lib/python3.10/site-packages/airflow/example_dags/example_subdag_operator.py
[2022-10-31T22:45:32.650+0000] {processor.py:756} INFO - Processing file /root/.local/share/virtualenvs/workspace-dqq3IVyd/lib/python3.10/site-packages/airflow/example_dags/example_subdag_operator.py for tasks to queue
[2022-10-31T22:45:32.651+0000] {logging_mixin.py:120} INFO - [2022-10-31T22:45:32.651+0000] {dagbag.py:537} INFO - Filling up the DagBag from /root/.local/share/virtualenvs/workspace-dqq3IVyd/lib/python3.10/site-packages/airflow/example_dags/example_subdag_operator.py
[2022-10-31T22:45:32.681+0000] {processor.py:766} INFO - DAG(s) dict_keys(['example_subdag_operator.section-1', 'example_subdag_operator.section-2', 'example_subdag_operator']) retrieved from /root/.local/share/virtualenvs/workspace-dqq3IVyd/lib/python3.10/site-packages/airflow/example_dags/example_subdag_operator.py
[2022-10-31T22:45:32.776+0000] {logging_mixin.py:120} INFO - [2022-10-31T22:45:32.776+0000] {dag.py:2585} INFO - Sync 3 DAGs
[2022-10-31T22:45:32.796+0000] {logging_mixin.py:120} INFO - [2022-10-31T22:45:32.796+0000] {dag.py:3336} INFO - Setting next_dagrun for example_subdag_operator to 2022-01-01T00:00:00+00:00, run_after=2022-01-01T00:00:00+00:00
[2022-10-31T22:45:32.801+0000] {logging_mixin.py:120} INFO - [2022-10-31T22:45:32.801+0000] {dag.py:3336} INFO - Setting next_dagrun for example_subdag_operator.section-1 to None, run_after=None
[2022-10-31T22:45:32.803+0000] {logging_mixin.py:120} INFO - [2022-10-31T22:45:32.803+0000] {dag.py:3336} INFO - Setting next_dagrun for example_subdag_operator.section-2 to None, run_after=None
[2022-10-31T22:45:32.813+0000] {logging_mixin.py:120} INFO - [2022-10-31T22:45:32.813+0000] {dag.py:2585} INFO - Sync 2 DAGs
[2022-10-31T22:45:32.816+0000] {logging_mixin.py:120} INFO - [2022-10-31T22:45:32.816+0000] {dag.py:3336} INFO - Setting next_dagrun for example_subdag_operator.section-1 to None, run_after=None
[2022-10-31T22:45:32.817+0000] {logging_mixin.py:120} INFO - [2022-10-31T22:45:32.816+0000] {dag.py:3336} INFO - Setting next_dagrun for example_subdag_operator.section-2 to None, run_after=None
[2022-10-31T22:45:32.849+0000] {processor.py:176} INFO - Processing /root/.local/share/virtualenvs/workspace-dqq3IVyd/lib/python3.10/site-packages/airflow/example_dags/example_subdag_operator.py took 0.202 seconds
[2022-10-31T22:46:13.653+0000] {processor.py:154} INFO - Started process (PID=2037) to work on /root/.local/share/virtualenvs/workspace-dqq3IVyd/lib/python3.10/site-packages/airflow/example_dags/example_subdag_operator.py
[2022-10-31T22:46:13.654+0000] {processor.py:756} INFO - Processing file /root/.local/share/virtualenvs/workspace-dqq3IVyd/lib/python3.10/site-packages/airflow/example_dags/example_subdag_operator.py for tasks to queue
[2022-10-31T22:46:13.654+0000] {logging_mixin.py:120} INFO - [2022-10-31T22:46:13.654+0000] {dagbag.py:537} INFO - Filling up the DagBag from /root/.local/share/virtualenvs/workspace-dqq3IVyd/lib/python3.10/site-packages/airflow/example_dags/example_subdag_operator.py
[2022-10-31T22:46:13.684+0000] {processor.py:766} INFO - DAG(s) dict_keys(['example_subdag_operator.section-1', 'example_subdag_operator.section-2', 'example_subdag_operator']) retrieved from /root/.local/share/virtualenvs/workspace-dqq3IVyd/lib/python3.10/site-packages/airflow/example_dags/example_subdag_operator.py
[2022-10-31T22:46:13.768+0000] {logging_mixin.py:120} INFO - [2022-10-31T22:46:13.768+0000] {dag.py:2585} INFO - Sync 3 DAGs
[2022-10-31T22:46:13.786+0000] {logging_mixin.py:120} INFO - [2022-10-31T22:46:13.786+0000] {dag.py:3336} INFO - Setting next_dagrun for example_subdag_operator to 2022-01-01T00:00:00+00:00, run_after=2022-01-01T00:00:00+00:00
[2022-10-31T22:46:13.789+0000] {logging_mixin.py:120} INFO - [2022-10-31T22:46:13.788+0000] {dag.py:3336} INFO - Setting next_dagrun for example_subdag_operator.section-1 to None, run_after=None
[2022-10-31T22:46:13.790+0000] {logging_mixin.py:120} INFO - [2022-10-31T22:46:13.790+0000] {dag.py:3336} INFO - Setting next_dagrun for example_subdag_operator.section-2 to None, run_after=None
[2022-10-31T22:46:13.798+0000] {logging_mixin.py:120} INFO - [2022-10-31T22:46:13.798+0000] {dag.py:2585} INFO - Sync 2 DAGs
[2022-10-31T22:46:13.801+0000] {logging_mixin.py:120} INFO - [2022-10-31T22:46:13.801+0000] {dag.py:3336} INFO - Setting next_dagrun for example_subdag_operator.section-1 to None, run_after=None
[2022-10-31T22:46:13.802+0000] {logging_mixin.py:120} INFO - [2022-10-31T22:46:13.802+0000] {dag.py:3336} INFO - Setting next_dagrun for example_subdag_operator.section-2 to None, run_after=None
[2022-10-31T22:46:13.830+0000] {processor.py:176} INFO - Processing /root/.local/share/virtualenvs/workspace-dqq3IVyd/lib/python3.10/site-packages/airflow/example_dags/example_subdag_operator.py took 0.179 seconds
[2022-10-31T22:46:53.508+0000] {processor.py:154} INFO - Started process (PID=2341) to work on /root/.local/share/virtualenvs/workspace-dqq3IVyd/lib/python3.10/site-packages/airflow/example_dags/example_subdag_operator.py
[2022-10-31T22:46:53.509+0000] {processor.py:756} INFO - Processing file /root/.local/share/virtualenvs/workspace-dqq3IVyd/lib/python3.10/site-packages/airflow/example_dags/example_subdag_operator.py for tasks to queue
[2022-10-31T22:46:53.510+0000] {logging_mixin.py:120} INFO - [2022-10-31T22:46:53.510+0000] {dagbag.py:537} INFO - Filling up the DagBag from /root/.local/share/virtualenvs/workspace-dqq3IVyd/lib/python3.10/site-packages/airflow/example_dags/example_subdag_operator.py
[2022-10-31T22:46:53.538+0000] {processor.py:766} INFO - DAG(s) dict_keys(['example_subdag_operator.section-1', 'example_subdag_operator.section-2', 'example_subdag_operator']) retrieved from /root/.local/share/virtualenvs/workspace-dqq3IVyd/lib/python3.10/site-packages/airflow/example_dags/example_subdag_operator.py
[2022-10-31T22:46:53.624+0000] {logging_mixin.py:120} INFO - [2022-10-31T22:46:53.624+0000] {dag.py:2585} INFO - Sync 3 DAGs
[2022-10-31T22:46:53.641+0000] {logging_mixin.py:120} INFO - [2022-10-31T22:46:53.641+0000] {dag.py:3336} INFO - Setting next_dagrun for example_subdag_operator to 2022-01-01T00:00:00+00:00, run_after=2022-01-01T00:00:00+00:00
[2022-10-31T22:46:53.646+0000] {logging_mixin.py:120} INFO - [2022-10-31T22:46:53.646+0000] {dag.py:3336} INFO - Setting next_dagrun for example_subdag_operator.section-1 to None, run_after=None
[2022-10-31T22:46:53.647+0000] {logging_mixin.py:120} INFO - [2022-10-31T22:46:53.647+0000] {dag.py:3336} INFO - Setting next_dagrun for example_subdag_operator.section-2 to None, run_after=None
[2022-10-31T22:46:53.657+0000] {logging_mixin.py:120} INFO - [2022-10-31T22:46:53.657+0000] {dag.py:2585} INFO - Sync 2 DAGs
[2022-10-31T22:46:53.662+0000] {logging_mixin.py:120} INFO - [2022-10-31T22:46:53.662+0000] {dag.py:3336} INFO - Setting next_dagrun for example_subdag_operator.section-1 to None, run_after=None
[2022-10-31T22:46:53.662+0000] {logging_mixin.py:120} INFO - [2022-10-31T22:46:53.662+0000] {dag.py:3336} INFO - Setting next_dagrun for example_subdag_operator.section-2 to None, run_after=None
[2022-10-31T22:46:53.693+0000] {processor.py:176} INFO - Processing /root/.local/share/virtualenvs/workspace-dqq3IVyd/lib/python3.10/site-packages/airflow/example_dags/example_subdag_operator.py took 0.187 seconds
[2022-10-31T22:47:35.611+0000] {processor.py:154} INFO - Started process (PID=2652) to work on /root/.local/share/virtualenvs/workspace-dqq3IVyd/lib/python3.10/site-packages/airflow/example_dags/example_subdag_operator.py
[2022-10-31T22:47:35.611+0000] {processor.py:756} INFO - Processing file /root/.local/share/virtualenvs/workspace-dqq3IVyd/lib/python3.10/site-packages/airflow/example_dags/example_subdag_operator.py for tasks to queue
[2022-10-31T22:47:35.612+0000] {logging_mixin.py:120} INFO - [2022-10-31T22:47:35.612+0000] {dagbag.py:537} INFO - Filling up the DagBag from /root/.local/share/virtualenvs/workspace-dqq3IVyd/lib/python3.10/site-packages/airflow/example_dags/example_subdag_operator.py
[2022-10-31T22:47:35.640+0000] {processor.py:766} INFO - DAG(s) dict_keys(['example_subdag_operator.section-1', 'example_subdag_operator.section-2', 'example_subdag_operator']) retrieved from /root/.local/share/virtualenvs/workspace-dqq3IVyd/lib/python3.10/site-packages/airflow/example_dags/example_subdag_operator.py
[2022-10-31T22:47:35.727+0000] {logging_mixin.py:120} INFO - [2022-10-31T22:47:35.727+0000] {dag.py:2585} INFO - Sync 3 DAGs
[2022-10-31T22:47:35.745+0000] {logging_mixin.py:120} INFO - [2022-10-31T22:47:35.745+0000] {dag.py:3336} INFO - Setting next_dagrun for example_subdag_operator to 2022-01-01T00:00:00+00:00, run_after=2022-01-01T00:00:00+00:00
[2022-10-31T22:47:35.749+0000] {logging_mixin.py:120} INFO - [2022-10-31T22:47:35.748+0000] {dag.py:3336} INFO - Setting next_dagrun for example_subdag_operator.section-1 to None, run_after=None
[2022-10-31T22:47:35.750+0000] {logging_mixin.py:120} INFO - [2022-10-31T22:47:35.750+0000] {dag.py:3336} INFO - Setting next_dagrun for example_subdag_operator.section-2 to None, run_after=None
[2022-10-31T22:47:35.759+0000] {logging_mixin.py:120} INFO - [2022-10-31T22:47:35.759+0000] {dag.py:2585} INFO - Sync 2 DAGs
[2022-10-31T22:47:35.763+0000] {logging_mixin.py:120} INFO - [2022-10-31T22:47:35.763+0000] {dag.py:3336} INFO - Setting next_dagrun for example_subdag_operator.section-1 to None, run_after=None
[2022-10-31T22:47:35.763+0000] {logging_mixin.py:120} INFO - [2022-10-31T22:47:35.763+0000] {dag.py:3336} INFO - Setting next_dagrun for example_subdag_operator.section-2 to None, run_after=None
[2022-10-31T22:47:35.795+0000] {processor.py:176} INFO - Processing /root/.local/share/virtualenvs/workspace-dqq3IVyd/lib/python3.10/site-packages/airflow/example_dags/example_subdag_operator.py took 0.186 seconds
