[2022-10-31T22:44:41.088+0000] {processor.py:154} INFO - Started process (PID=1315) to work on /root/.local/share/virtualenvs/workspace-dqq3IVyd/lib/python3.10/site-packages/airflow/example_dags/example_python_operator.py
[2022-10-31T22:44:41.089+0000] {processor.py:756} INFO - Processing file /root/.local/share/virtualenvs/workspace-dqq3IVyd/lib/python3.10/site-packages/airflow/example_dags/example_python_operator.py for tasks to queue
[2022-10-31T22:44:41.090+0000] {logging_mixin.py:120} INFO - [2022-10-31T22:44:41.090+0000] {dagbag.py:537} INFO - Filling up the DagBag from /root/.local/share/virtualenvs/workspace-dqq3IVyd/lib/python3.10/site-packages/airflow/example_dags/example_python_operator.py
[2022-10-31T22:44:41.193+0000] {logging_mixin.py:120} INFO - [2022-10-31T22:44:41.192+0000] {taskmixin.py:205} WARNING - Dependency <Task(_PythonDecoratedOperator): print_the_context>, log_sql_query already registered for DAG: example_python_operator
[2022-10-31T22:44:41.193+0000] {logging_mixin.py:120} INFO - [2022-10-31T22:44:41.193+0000] {taskmixin.py:205} WARNING - Dependency <Task(_PythonDecoratedOperator): log_sql_query>, print_the_context already registered for DAG: example_python_operator
[2022-10-31T22:44:41.194+0000] {logging_mixin.py:120} INFO - [2022-10-31T22:44:41.193+0000] {taskmixin.py:205} WARNING - Dependency <Task(_PythonDecoratedOperator): print_the_context>, log_sql_query already registered for DAG: example_python_operator
[2022-10-31T22:44:41.194+0000] {logging_mixin.py:120} INFO - [2022-10-31T22:44:41.194+0000] {taskmixin.py:205} WARNING - Dependency <Task(_PythonDecoratedOperator): log_sql_query>, print_the_context already registered for DAG: example_python_operator
[2022-10-31T22:44:41.194+0000] {logging_mixin.py:120} INFO - [2022-10-31T22:44:41.194+0000] {taskmixin.py:205} WARNING - Dependency <Task(_PythonDecoratedOperator): print_the_context>, log_sql_query already registered for DAG: example_python_operator
[2022-10-31T22:44:41.195+0000] {logging_mixin.py:120} INFO - [2022-10-31T22:44:41.194+0000] {taskmixin.py:205} WARNING - Dependency <Task(_PythonDecoratedOperator): log_sql_query>, print_the_context already registered for DAG: example_python_operator
[2022-10-31T22:44:41.195+0000] {logging_mixin.py:120} INFO - [2022-10-31T22:44:41.195+0000] {taskmixin.py:205} WARNING - Dependency <Task(_PythonDecoratedOperator): print_the_context>, log_sql_query already registered for DAG: example_python_operator
[2022-10-31T22:44:41.195+0000] {logging_mixin.py:120} INFO - [2022-10-31T22:44:41.195+0000] {taskmixin.py:205} WARNING - Dependency <Task(_PythonDecoratedOperator): log_sql_query>, print_the_context already registered for DAG: example_python_operator
[2022-10-31T22:44:41.200+0000] {processor.py:766} INFO - DAG(s) dict_keys(['example_python_operator']) retrieved from /root/.local/share/virtualenvs/workspace-dqq3IVyd/lib/python3.10/site-packages/airflow/example_dags/example_python_operator.py
[2022-10-31T22:44:41.304+0000] {logging_mixin.py:120} INFO - [2022-10-31T22:44:41.304+0000] {manager.py:507} INFO - Created Permission View: can read on DAG:example_python_operator
[2022-10-31T22:44:41.323+0000] {logging_mixin.py:120} INFO - [2022-10-31T22:44:41.323+0000] {manager.py:507} INFO - Created Permission View: can edit on DAG:example_python_operator
[2022-10-31T22:44:41.345+0000] {logging_mixin.py:120} INFO - [2022-10-31T22:44:41.345+0000] {manager.py:507} INFO - Created Permission View: can delete on DAG:example_python_operator
[2022-10-31T22:44:41.345+0000] {logging_mixin.py:120} INFO - [2022-10-31T22:44:41.345+0000] {dag.py:2585} INFO - Sync 1 DAGs
[2022-10-31T22:44:41.358+0000] {logging_mixin.py:120} INFO - [2022-10-31T22:44:41.358+0000] {dag.py:2606} INFO - Creating ORM DAG for example_python_operator
[2022-10-31T22:44:41.365+0000] {logging_mixin.py:120} INFO - [2022-10-31T22:44:41.365+0000] {dag.py:3336} INFO - Setting next_dagrun for example_python_operator to None, run_after=None
[2022-10-31T22:44:41.405+0000] {processor.py:176} INFO - Processing /root/.local/share/virtualenvs/workspace-dqq3IVyd/lib/python3.10/site-packages/airflow/example_dags/example_python_operator.py took 0.320 seconds
[2022-10-31T22:45:23.644+0000] {processor.py:154} INFO - Started process (PID=1665) to work on /root/.local/share/virtualenvs/workspace-dqq3IVyd/lib/python3.10/site-packages/airflow/example_dags/example_python_operator.py
[2022-10-31T22:45:23.645+0000] {processor.py:756} INFO - Processing file /root/.local/share/virtualenvs/workspace-dqq3IVyd/lib/python3.10/site-packages/airflow/example_dags/example_python_operator.py for tasks to queue
[2022-10-31T22:45:23.645+0000] {logging_mixin.py:120} INFO - [2022-10-31T22:45:23.645+0000] {dagbag.py:537} INFO - Filling up the DagBag from /root/.local/share/virtualenvs/workspace-dqq3IVyd/lib/python3.10/site-packages/airflow/example_dags/example_python_operator.py
[2022-10-31T22:45:23.660+0000] {logging_mixin.py:120} INFO - [2022-10-31T22:45:23.659+0000] {taskmixin.py:205} WARNING - Dependency <Task(_PythonDecoratedOperator): print_the_context>, log_sql_query already registered for DAG: example_python_operator
[2022-10-31T22:45:23.660+0000] {logging_mixin.py:120} INFO - [2022-10-31T22:45:23.660+0000] {taskmixin.py:205} WARNING - Dependency <Task(_PythonDecoratedOperator): log_sql_query>, print_the_context already registered for DAG: example_python_operator
[2022-10-31T22:45:23.661+0000] {logging_mixin.py:120} INFO - [2022-10-31T22:45:23.661+0000] {taskmixin.py:205} WARNING - Dependency <Task(_PythonDecoratedOperator): print_the_context>, log_sql_query already registered for DAG: example_python_operator
[2022-10-31T22:45:23.661+0000] {logging_mixin.py:120} INFO - [2022-10-31T22:45:23.661+0000] {taskmixin.py:205} WARNING - Dependency <Task(_PythonDecoratedOperator): log_sql_query>, print_the_context already registered for DAG: example_python_operator
[2022-10-31T22:45:23.662+0000] {logging_mixin.py:120} INFO - [2022-10-31T22:45:23.661+0000] {taskmixin.py:205} WARNING - Dependency <Task(_PythonDecoratedOperator): print_the_context>, log_sql_query already registered for DAG: example_python_operator
[2022-10-31T22:45:23.662+0000] {logging_mixin.py:120} INFO - [2022-10-31T22:45:23.662+0000] {taskmixin.py:205} WARNING - Dependency <Task(_PythonDecoratedOperator): log_sql_query>, print_the_context already registered for DAG: example_python_operator
[2022-10-31T22:45:23.662+0000] {logging_mixin.py:120} INFO - [2022-10-31T22:45:23.662+0000] {taskmixin.py:205} WARNING - Dependency <Task(_PythonDecoratedOperator): print_the_context>, log_sql_query already registered for DAG: example_python_operator
[2022-10-31T22:45:23.663+0000] {logging_mixin.py:120} INFO - [2022-10-31T22:45:23.663+0000] {taskmixin.py:205} WARNING - Dependency <Task(_PythonDecoratedOperator): log_sql_query>, print_the_context already registered for DAG: example_python_operator
[2022-10-31T22:45:23.668+0000] {processor.py:766} INFO - DAG(s) dict_keys(['example_python_operator']) retrieved from /root/.local/share/virtualenvs/workspace-dqq3IVyd/lib/python3.10/site-packages/airflow/example_dags/example_python_operator.py
[2022-10-31T22:45:23.700+0000] {logging_mixin.py:120} INFO - [2022-10-31T22:45:23.700+0000] {dag.py:2585} INFO - Sync 1 DAGs
[2022-10-31T22:45:23.719+0000] {logging_mixin.py:120} INFO - [2022-10-31T22:45:23.719+0000] {dag.py:3336} INFO - Setting next_dagrun for example_python_operator to None, run_after=None
[2022-10-31T22:45:23.755+0000] {processor.py:176} INFO - Processing /root/.local/share/virtualenvs/workspace-dqq3IVyd/lib/python3.10/site-packages/airflow/example_dags/example_python_operator.py took 0.114 seconds
[2022-10-31T22:46:03.379+0000] {processor.py:154} INFO - Started process (PID=1962) to work on /root/.local/share/virtualenvs/workspace-dqq3IVyd/lib/python3.10/site-packages/airflow/example_dags/example_python_operator.py
[2022-10-31T22:46:03.380+0000] {processor.py:756} INFO - Processing file /root/.local/share/virtualenvs/workspace-dqq3IVyd/lib/python3.10/site-packages/airflow/example_dags/example_python_operator.py for tasks to queue
[2022-10-31T22:46:03.380+0000] {logging_mixin.py:120} INFO - [2022-10-31T22:46:03.380+0000] {dagbag.py:537} INFO - Filling up the DagBag from /root/.local/share/virtualenvs/workspace-dqq3IVyd/lib/python3.10/site-packages/airflow/example_dags/example_python_operator.py
[2022-10-31T22:46:03.395+0000] {logging_mixin.py:120} INFO - [2022-10-31T22:46:03.395+0000] {taskmixin.py:205} WARNING - Dependency <Task(_PythonDecoratedOperator): print_the_context>, log_sql_query already registered for DAG: example_python_operator
[2022-10-31T22:46:03.396+0000] {logging_mixin.py:120} INFO - [2022-10-31T22:46:03.396+0000] {taskmixin.py:205} WARNING - Dependency <Task(_PythonDecoratedOperator): log_sql_query>, print_the_context already registered for DAG: example_python_operator
[2022-10-31T22:46:03.397+0000] {logging_mixin.py:120} INFO - [2022-10-31T22:46:03.396+0000] {taskmixin.py:205} WARNING - Dependency <Task(_PythonDecoratedOperator): print_the_context>, log_sql_query already registered for DAG: example_python_operator
[2022-10-31T22:46:03.397+0000] {logging_mixin.py:120} INFO - [2022-10-31T22:46:03.397+0000] {taskmixin.py:205} WARNING - Dependency <Task(_PythonDecoratedOperator): log_sql_query>, print_the_context already registered for DAG: example_python_operator
[2022-10-31T22:46:03.398+0000] {logging_mixin.py:120} INFO - [2022-10-31T22:46:03.397+0000] {taskmixin.py:205} WARNING - Dependency <Task(_PythonDecoratedOperator): print_the_context>, log_sql_query already registered for DAG: example_python_operator
[2022-10-31T22:46:03.398+0000] {logging_mixin.py:120} INFO - [2022-10-31T22:46:03.398+0000] {taskmixin.py:205} WARNING - Dependency <Task(_PythonDecoratedOperator): log_sql_query>, print_the_context already registered for DAG: example_python_operator
[2022-10-31T22:46:03.399+0000] {logging_mixin.py:120} INFO - [2022-10-31T22:46:03.399+0000] {taskmixin.py:205} WARNING - Dependency <Task(_PythonDecoratedOperator): print_the_context>, log_sql_query already registered for DAG: example_python_operator
[2022-10-31T22:46:03.399+0000] {logging_mixin.py:120} INFO - [2022-10-31T22:46:03.399+0000] {taskmixin.py:205} WARNING - Dependency <Task(_PythonDecoratedOperator): log_sql_query>, print_the_context already registered for DAG: example_python_operator
[2022-10-31T22:46:03.405+0000] {processor.py:766} INFO - DAG(s) dict_keys(['example_python_operator']) retrieved from /root/.local/share/virtualenvs/workspace-dqq3IVyd/lib/python3.10/site-packages/airflow/example_dags/example_python_operator.py
[2022-10-31T22:46:03.437+0000] {logging_mixin.py:120} INFO - [2022-10-31T22:46:03.437+0000] {dag.py:2585} INFO - Sync 1 DAGs
[2022-10-31T22:46:03.454+0000] {logging_mixin.py:120} INFO - [2022-10-31T22:46:03.454+0000] {dag.py:3336} INFO - Setting next_dagrun for example_python_operator to None, run_after=None
[2022-10-31T22:46:03.502+0000] {processor.py:176} INFO - Processing /root/.local/share/virtualenvs/workspace-dqq3IVyd/lib/python3.10/site-packages/airflow/example_dags/example_python_operator.py took 0.125 seconds
[2022-10-31T22:46:42.656+0000] {processor.py:154} INFO - Started process (PID=2258) to work on /root/.local/share/virtualenvs/workspace-dqq3IVyd/lib/python3.10/site-packages/airflow/example_dags/example_python_operator.py
[2022-10-31T22:46:42.657+0000] {processor.py:756} INFO - Processing file /root/.local/share/virtualenvs/workspace-dqq3IVyd/lib/python3.10/site-packages/airflow/example_dags/example_python_operator.py for tasks to queue
[2022-10-31T22:46:42.657+0000] {logging_mixin.py:120} INFO - [2022-10-31T22:46:42.657+0000] {dagbag.py:537} INFO - Filling up the DagBag from /root/.local/share/virtualenvs/workspace-dqq3IVyd/lib/python3.10/site-packages/airflow/example_dags/example_python_operator.py
[2022-10-31T22:46:42.670+0000] {logging_mixin.py:120} INFO - [2022-10-31T22:46:42.670+0000] {taskmixin.py:205} WARNING - Dependency <Task(_PythonDecoratedOperator): print_the_context>, log_sql_query already registered for DAG: example_python_operator
[2022-10-31T22:46:42.671+0000] {logging_mixin.py:120} INFO - [2022-10-31T22:46:42.671+0000] {taskmixin.py:205} WARNING - Dependency <Task(_PythonDecoratedOperator): log_sql_query>, print_the_context already registered for DAG: example_python_operator
[2022-10-31T22:46:42.671+0000] {logging_mixin.py:120} INFO - [2022-10-31T22:46:42.671+0000] {taskmixin.py:205} WARNING - Dependency <Task(_PythonDecoratedOperator): print_the_context>, log_sql_query already registered for DAG: example_python_operator
[2022-10-31T22:46:42.672+0000] {logging_mixin.py:120} INFO - [2022-10-31T22:46:42.672+0000] {taskmixin.py:205} WARNING - Dependency <Task(_PythonDecoratedOperator): log_sql_query>, print_the_context already registered for DAG: example_python_operator
[2022-10-31T22:46:42.672+0000] {logging_mixin.py:120} INFO - [2022-10-31T22:46:42.672+0000] {taskmixin.py:205} WARNING - Dependency <Task(_PythonDecoratedOperator): print_the_context>, log_sql_query already registered for DAG: example_python_operator
[2022-10-31T22:46:42.673+0000] {logging_mixin.py:120} INFO - [2022-10-31T22:46:42.673+0000] {taskmixin.py:205} WARNING - Dependency <Task(_PythonDecoratedOperator): log_sql_query>, print_the_context already registered for DAG: example_python_operator
[2022-10-31T22:46:42.673+0000] {logging_mixin.py:120} INFO - [2022-10-31T22:46:42.673+0000] {taskmixin.py:205} WARNING - Dependency <Task(_PythonDecoratedOperator): print_the_context>, log_sql_query already registered for DAG: example_python_operator
[2022-10-31T22:46:42.674+0000] {logging_mixin.py:120} INFO - [2022-10-31T22:46:42.674+0000] {taskmixin.py:205} WARNING - Dependency <Task(_PythonDecoratedOperator): log_sql_query>, print_the_context already registered for DAG: example_python_operator
[2022-10-31T22:46:42.679+0000] {processor.py:766} INFO - DAG(s) dict_keys(['example_python_operator']) retrieved from /root/.local/share/virtualenvs/workspace-dqq3IVyd/lib/python3.10/site-packages/airflow/example_dags/example_python_operator.py
[2022-10-31T22:46:42.709+0000] {logging_mixin.py:120} INFO - [2022-10-31T22:46:42.709+0000] {dag.py:2585} INFO - Sync 1 DAGs
[2022-10-31T22:46:42.726+0000] {logging_mixin.py:120} INFO - [2022-10-31T22:46:42.726+0000] {dag.py:3336} INFO - Setting next_dagrun for example_python_operator to None, run_after=None
[2022-10-31T22:46:42.764+0000] {processor.py:176} INFO - Processing /root/.local/share/virtualenvs/workspace-dqq3IVyd/lib/python3.10/site-packages/airflow/example_dags/example_python_operator.py took 0.110 seconds
[2022-10-31T22:47:24.194+0000] {processor.py:154} INFO - Started process (PID=2571) to work on /root/.local/share/virtualenvs/workspace-dqq3IVyd/lib/python3.10/site-packages/airflow/example_dags/example_python_operator.py
[2022-10-31T22:47:24.195+0000] {processor.py:756} INFO - Processing file /root/.local/share/virtualenvs/workspace-dqq3IVyd/lib/python3.10/site-packages/airflow/example_dags/example_python_operator.py for tasks to queue
[2022-10-31T22:47:24.195+0000] {logging_mixin.py:120} INFO - [2022-10-31T22:47:24.195+0000] {dagbag.py:537} INFO - Filling up the DagBag from /root/.local/share/virtualenvs/workspace-dqq3IVyd/lib/python3.10/site-packages/airflow/example_dags/example_python_operator.py
[2022-10-31T22:47:24.210+0000] {logging_mixin.py:120} INFO - [2022-10-31T22:47:24.209+0000] {taskmixin.py:205} WARNING - Dependency <Task(_PythonDecoratedOperator): print_the_context>, log_sql_query already registered for DAG: example_python_operator
[2022-10-31T22:47:24.210+0000] {logging_mixin.py:120} INFO - [2022-10-31T22:47:24.210+0000] {taskmixin.py:205} WARNING - Dependency <Task(_PythonDecoratedOperator): log_sql_query>, print_the_context already registered for DAG: example_python_operator
[2022-10-31T22:47:24.211+0000] {logging_mixin.py:120} INFO - [2022-10-31T22:47:24.210+0000] {taskmixin.py:205} WARNING - Dependency <Task(_PythonDecoratedOperator): print_the_context>, log_sql_query already registered for DAG: example_python_operator
[2022-10-31T22:47:24.211+0000] {logging_mixin.py:120} INFO - [2022-10-31T22:47:24.211+0000] {taskmixin.py:205} WARNING - Dependency <Task(_PythonDecoratedOperator): log_sql_query>, print_the_context already registered for DAG: example_python_operator
[2022-10-31T22:47:24.212+0000] {logging_mixin.py:120} INFO - [2022-10-31T22:47:24.212+0000] {taskmixin.py:205} WARNING - Dependency <Task(_PythonDecoratedOperator): print_the_context>, log_sql_query already registered for DAG: example_python_operator
[2022-10-31T22:47:24.212+0000] {logging_mixin.py:120} INFO - [2022-10-31T22:47:24.212+0000] {taskmixin.py:205} WARNING - Dependency <Task(_PythonDecoratedOperator): log_sql_query>, print_the_context already registered for DAG: example_python_operator
[2022-10-31T22:47:24.213+0000] {logging_mixin.py:120} INFO - [2022-10-31T22:47:24.213+0000] {taskmixin.py:205} WARNING - Dependency <Task(_PythonDecoratedOperator): print_the_context>, log_sql_query already registered for DAG: example_python_operator
[2022-10-31T22:47:24.213+0000] {logging_mixin.py:120} INFO - [2022-10-31T22:47:24.213+0000] {taskmixin.py:205} WARNING - Dependency <Task(_PythonDecoratedOperator): log_sql_query>, print_the_context already registered for DAG: example_python_operator
[2022-10-31T22:47:24.219+0000] {processor.py:766} INFO - DAG(s) dict_keys(['example_python_operator']) retrieved from /root/.local/share/virtualenvs/workspace-dqq3IVyd/lib/python3.10/site-packages/airflow/example_dags/example_python_operator.py
[2022-10-31T22:47:24.253+0000] {logging_mixin.py:120} INFO - [2022-10-31T22:47:24.252+0000] {dag.py:2585} INFO - Sync 1 DAGs
[2022-10-31T22:47:24.271+0000] {logging_mixin.py:120} INFO - [2022-10-31T22:47:24.271+0000] {dag.py:3336} INFO - Setting next_dagrun for example_python_operator to None, run_after=None
[2022-10-31T22:47:24.312+0000] {processor.py:176} INFO - Processing /root/.local/share/virtualenvs/workspace-dqq3IVyd/lib/python3.10/site-packages/airflow/example_dags/example_python_operator.py took 0.121 seconds
