[2022-10-31T22:44:35.665+0000] {processor.py:154} INFO - Started process (PID=1281) to work on /root/.local/share/virtualenvs/workspace-dqq3IVyd/lib/python3.10/site-packages/airflow/example_dags/tutorial_dag.py
[2022-10-31T22:44:35.666+0000] {processor.py:756} INFO - Processing file /root/.local/share/virtualenvs/workspace-dqq3IVyd/lib/python3.10/site-packages/airflow/example_dags/tutorial_dag.py for tasks to queue
[2022-10-31T22:44:35.667+0000] {logging_mixin.py:120} INFO - [2022-10-31T22:44:35.667+0000] {dagbag.py:537} INFO - Filling up the DagBag from /root/.local/share/virtualenvs/workspace-dqq3IVyd/lib/python3.10/site-packages/airflow/example_dags/tutorial_dag.py
[2022-10-31T22:44:35.758+0000] {processor.py:766} INFO - DAG(s) dict_keys(['tutorial_dag']) retrieved from /root/.local/share/virtualenvs/workspace-dqq3IVyd/lib/python3.10/site-packages/airflow/example_dags/tutorial_dag.py
[2022-10-31T22:44:35.872+0000] {logging_mixin.py:120} INFO - [2022-10-31T22:44:35.872+0000] {manager.py:507} INFO - Created Permission View: can read on DAG:tutorial_dag
[2022-10-31T22:44:35.896+0000] {logging_mixin.py:120} INFO - [2022-10-31T22:44:35.896+0000] {manager.py:507} INFO - Created Permission View: can edit on DAG:tutorial_dag
[2022-10-31T22:44:35.917+0000] {logging_mixin.py:120} INFO - [2022-10-31T22:44:35.916+0000] {manager.py:507} INFO - Created Permission View: can delete on DAG:tutorial_dag
[2022-10-31T22:44:35.917+0000] {logging_mixin.py:120} INFO - [2022-10-31T22:44:35.917+0000] {dag.py:2585} INFO - Sync 1 DAGs
[2022-10-31T22:44:35.929+0000] {logging_mixin.py:120} INFO - [2022-10-31T22:44:35.929+0000] {dag.py:2606} INFO - Creating ORM DAG for tutorial_dag
[2022-10-31T22:44:35.937+0000] {logging_mixin.py:120} INFO - [2022-10-31T22:44:35.937+0000] {dag.py:3336} INFO - Setting next_dagrun for tutorial_dag to None, run_after=None
[2022-10-31T22:44:35.983+0000] {processor.py:176} INFO - Processing /root/.local/share/virtualenvs/workspace-dqq3IVyd/lib/python3.10/site-packages/airflow/example_dags/tutorial_dag.py took 0.319 seconds
[2022-10-31T22:45:20.186+0000] {processor.py:154} INFO - Started process (PID=1629) to work on /root/.local/share/virtualenvs/workspace-dqq3IVyd/lib/python3.10/site-packages/airflow/example_dags/tutorial_dag.py
[2022-10-31T22:45:20.187+0000] {processor.py:756} INFO - Processing file /root/.local/share/virtualenvs/workspace-dqq3IVyd/lib/python3.10/site-packages/airflow/example_dags/tutorial_dag.py for tasks to queue
[2022-10-31T22:45:20.188+0000] {logging_mixin.py:120} INFO - [2022-10-31T22:45:20.188+0000] {dagbag.py:537} INFO - Filling up the DagBag from /root/.local/share/virtualenvs/workspace-dqq3IVyd/lib/python3.10/site-packages/airflow/example_dags/tutorial_dag.py
[2022-10-31T22:45:20.200+0000] {processor.py:766} INFO - DAG(s) dict_keys(['tutorial_dag']) retrieved from /root/.local/share/virtualenvs/workspace-dqq3IVyd/lib/python3.10/site-packages/airflow/example_dags/tutorial_dag.py
[2022-10-31T22:45:20.233+0000] {logging_mixin.py:120} INFO - [2022-10-31T22:45:20.233+0000] {dag.py:2585} INFO - Sync 1 DAGs
[2022-10-31T22:45:20.254+0000] {logging_mixin.py:120} INFO - [2022-10-31T22:45:20.254+0000] {dag.py:3336} INFO - Setting next_dagrun for tutorial_dag to None, run_after=None
[2022-10-31T22:45:20.297+0000] {processor.py:176} INFO - Processing /root/.local/share/virtualenvs/workspace-dqq3IVyd/lib/python3.10/site-packages/airflow/example_dags/tutorial_dag.py took 0.113 seconds
[2022-10-31T22:45:58.307+0000] {processor.py:154} INFO - Started process (PID=1928) to work on /root/.local/share/virtualenvs/workspace-dqq3IVyd/lib/python3.10/site-packages/airflow/example_dags/tutorial_dag.py
[2022-10-31T22:45:58.307+0000] {processor.py:756} INFO - Processing file /root/.local/share/virtualenvs/workspace-dqq3IVyd/lib/python3.10/site-packages/airflow/example_dags/tutorial_dag.py for tasks to queue
[2022-10-31T22:45:58.308+0000] {logging_mixin.py:120} INFO - [2022-10-31T22:45:58.308+0000] {dagbag.py:537} INFO - Filling up the DagBag from /root/.local/share/virtualenvs/workspace-dqq3IVyd/lib/python3.10/site-packages/airflow/example_dags/tutorial_dag.py
[2022-10-31T22:45:58.319+0000] {processor.py:766} INFO - DAG(s) dict_keys(['tutorial_dag']) retrieved from /root/.local/share/virtualenvs/workspace-dqq3IVyd/lib/python3.10/site-packages/airflow/example_dags/tutorial_dag.py
[2022-10-31T22:45:58.348+0000] {logging_mixin.py:120} INFO - [2022-10-31T22:45:58.348+0000] {dag.py:2585} INFO - Sync 1 DAGs
[2022-10-31T22:45:58.367+0000] {logging_mixin.py:120} INFO - [2022-10-31T22:45:58.366+0000] {dag.py:3336} INFO - Setting next_dagrun for tutorial_dag to None, run_after=None
[2022-10-31T22:45:58.405+0000] {processor.py:176} INFO - Processing /root/.local/share/virtualenvs/workspace-dqq3IVyd/lib/python3.10/site-packages/airflow/example_dags/tutorial_dag.py took 0.101 seconds
[2022-10-31T22:46:38.239+0000] {processor.py:154} INFO - Started process (PID=2225) to work on /root/.local/share/virtualenvs/workspace-dqq3IVyd/lib/python3.10/site-packages/airflow/example_dags/tutorial_dag.py
[2022-10-31T22:46:38.240+0000] {processor.py:756} INFO - Processing file /root/.local/share/virtualenvs/workspace-dqq3IVyd/lib/python3.10/site-packages/airflow/example_dags/tutorial_dag.py for tasks to queue
[2022-10-31T22:46:38.240+0000] {logging_mixin.py:120} INFO - [2022-10-31T22:46:38.240+0000] {dagbag.py:537} INFO - Filling up the DagBag from /root/.local/share/virtualenvs/workspace-dqq3IVyd/lib/python3.10/site-packages/airflow/example_dags/tutorial_dag.py
[2022-10-31T22:46:38.252+0000] {processor.py:766} INFO - DAG(s) dict_keys(['tutorial_dag']) retrieved from /root/.local/share/virtualenvs/workspace-dqq3IVyd/lib/python3.10/site-packages/airflow/example_dags/tutorial_dag.py
[2022-10-31T22:46:38.282+0000] {logging_mixin.py:120} INFO - [2022-10-31T22:46:38.282+0000] {dag.py:2585} INFO - Sync 1 DAGs
[2022-10-31T22:46:38.301+0000] {logging_mixin.py:120} INFO - [2022-10-31T22:46:38.300+0000] {dag.py:3336} INFO - Setting next_dagrun for tutorial_dag to None, run_after=None
[2022-10-31T22:46:38.342+0000] {processor.py:176} INFO - Processing /root/.local/share/virtualenvs/workspace-dqq3IVyd/lib/python3.10/site-packages/airflow/example_dags/tutorial_dag.py took 0.106 seconds
[2022-10-31T22:47:18.899+0000] {processor.py:154} INFO - Started process (PID=2528) to work on /root/.local/share/virtualenvs/workspace-dqq3IVyd/lib/python3.10/site-packages/airflow/example_dags/tutorial_dag.py
[2022-10-31T22:47:18.900+0000] {processor.py:756} INFO - Processing file /root/.local/share/virtualenvs/workspace-dqq3IVyd/lib/python3.10/site-packages/airflow/example_dags/tutorial_dag.py for tasks to queue
[2022-10-31T22:47:18.901+0000] {logging_mixin.py:120} INFO - [2022-10-31T22:47:18.901+0000] {dagbag.py:537} INFO - Filling up the DagBag from /root/.local/share/virtualenvs/workspace-dqq3IVyd/lib/python3.10/site-packages/airflow/example_dags/tutorial_dag.py
[2022-10-31T22:47:18.911+0000] {processor.py:766} INFO - DAG(s) dict_keys(['tutorial_dag']) retrieved from /root/.local/share/virtualenvs/workspace-dqq3IVyd/lib/python3.10/site-packages/airflow/example_dags/tutorial_dag.py
[2022-10-31T22:47:18.943+0000] {logging_mixin.py:120} INFO - [2022-10-31T22:47:18.943+0000] {dag.py:2585} INFO - Sync 1 DAGs
[2022-10-31T22:47:18.962+0000] {logging_mixin.py:120} INFO - [2022-10-31T22:47:18.962+0000] {dag.py:3336} INFO - Setting next_dagrun for tutorial_dag to None, run_after=None
[2022-10-31T22:47:18.998+0000] {processor.py:176} INFO - Processing /root/.local/share/virtualenvs/workspace-dqq3IVyd/lib/python3.10/site-packages/airflow/example_dags/tutorial_dag.py took 0.101 seconds
