[2022-10-31T22:44:34.212+0000] {processor.py:154} INFO - Started process (PID=1274) to work on /root/.local/share/virtualenvs/workspace-dqq3IVyd/lib/python3.10/site-packages/airflow/example_dags/tutorial.py
[2022-10-31T22:44:34.213+0000] {processor.py:756} INFO - Processing file /root/.local/share/virtualenvs/workspace-dqq3IVyd/lib/python3.10/site-packages/airflow/example_dags/tutorial.py for tasks to queue
[2022-10-31T22:44:34.213+0000] {logging_mixin.py:120} INFO - [2022-10-31T22:44:34.213+0000] {dagbag.py:537} INFO - Filling up the DagBag from /root/.local/share/virtualenvs/workspace-dqq3IVyd/lib/python3.10/site-packages/airflow/example_dags/tutorial.py
[2022-10-31T22:44:34.312+0000] {processor.py:766} INFO - DAG(s) dict_keys(['tutorial']) retrieved from /root/.local/share/virtualenvs/workspace-dqq3IVyd/lib/python3.10/site-packages/airflow/example_dags/tutorial.py
[2022-10-31T22:44:34.417+0000] {logging_mixin.py:120} INFO - [2022-10-31T22:44:34.416+0000] {manager.py:507} INFO - Created Permission View: can read on DAG:tutorial
[2022-10-31T22:44:34.438+0000] {logging_mixin.py:120} INFO - [2022-10-31T22:44:34.437+0000] {manager.py:507} INFO - Created Permission View: can edit on DAG:tutorial
[2022-10-31T22:44:34.462+0000] {logging_mixin.py:120} INFO - [2022-10-31T22:44:34.462+0000] {manager.py:507} INFO - Created Permission View: can delete on DAG:tutorial
[2022-10-31T22:44:34.462+0000] {logging_mixin.py:120} INFO - [2022-10-31T22:44:34.462+0000] {dag.py:2585} INFO - Sync 1 DAGs
[2022-10-31T22:44:34.474+0000] {logging_mixin.py:120} INFO - [2022-10-31T22:44:34.474+0000] {dag.py:2606} INFO - Creating ORM DAG for tutorial
[2022-10-31T22:44:34.483+0000] {logging_mixin.py:120} INFO - [2022-10-31T22:44:34.483+0000] {dag.py:3336} INFO - Setting next_dagrun for tutorial to 2022-10-30T22:44:34.483072+00:00, run_after=2022-10-31T22:44:34.483072+00:00
[2022-10-31T22:44:34.532+0000] {processor.py:176} INFO - Processing /root/.local/share/virtualenvs/workspace-dqq3IVyd/lib/python3.10/site-packages/airflow/example_dags/tutorial.py took 0.322 seconds
[2022-10-31T22:45:18.875+0000] {processor.py:154} INFO - Started process (PID=1628) to work on /root/.local/share/virtualenvs/workspace-dqq3IVyd/lib/python3.10/site-packages/airflow/example_dags/tutorial.py
[2022-10-31T22:45:18.876+0000] {processor.py:756} INFO - Processing file /root/.local/share/virtualenvs/workspace-dqq3IVyd/lib/python3.10/site-packages/airflow/example_dags/tutorial.py for tasks to queue
[2022-10-31T22:45:18.876+0000] {logging_mixin.py:120} INFO - [2022-10-31T22:45:18.876+0000] {dagbag.py:537} INFO - Filling up the DagBag from /root/.local/share/virtualenvs/workspace-dqq3IVyd/lib/python3.10/site-packages/airflow/example_dags/tutorial.py
[2022-10-31T22:45:18.890+0000] {processor.py:766} INFO - DAG(s) dict_keys(['tutorial']) retrieved from /root/.local/share/virtualenvs/workspace-dqq3IVyd/lib/python3.10/site-packages/airflow/example_dags/tutorial.py
[2022-10-31T22:45:18.928+0000] {logging_mixin.py:120} INFO - [2022-10-31T22:45:18.927+0000] {dag.py:2585} INFO - Sync 1 DAGs
[2022-10-31T22:45:18.952+0000] {logging_mixin.py:120} INFO - [2022-10-31T22:45:18.952+0000] {dag.py:3336} INFO - Setting next_dagrun for tutorial to 2022-10-30T22:45:18.952341+00:00, run_after=2022-10-31T22:45:18.952341+00:00
[2022-10-31T22:45:18.999+0000] {processor.py:176} INFO - Processing /root/.local/share/virtualenvs/workspace-dqq3IVyd/lib/python3.10/site-packages/airflow/example_dags/tutorial.py took 0.127 seconds
[2022-10-31T22:45:57.047+0000] {processor.py:154} INFO - Started process (PID=1903) to work on /root/.local/share/virtualenvs/workspace-dqq3IVyd/lib/python3.10/site-packages/airflow/example_dags/tutorial.py
[2022-10-31T22:45:57.048+0000] {processor.py:756} INFO - Processing file /root/.local/share/virtualenvs/workspace-dqq3IVyd/lib/python3.10/site-packages/airflow/example_dags/tutorial.py for tasks to queue
[2022-10-31T22:45:57.049+0000] {logging_mixin.py:120} INFO - [2022-10-31T22:45:57.049+0000] {dagbag.py:537} INFO - Filling up the DagBag from /root/.local/share/virtualenvs/workspace-dqq3IVyd/lib/python3.10/site-packages/airflow/example_dags/tutorial.py
[2022-10-31T22:45:57.061+0000] {processor.py:766} INFO - DAG(s) dict_keys(['tutorial']) retrieved from /root/.local/share/virtualenvs/workspace-dqq3IVyd/lib/python3.10/site-packages/airflow/example_dags/tutorial.py
[2022-10-31T22:45:57.094+0000] {logging_mixin.py:120} INFO - [2022-10-31T22:45:57.093+0000] {dag.py:2585} INFO - Sync 1 DAGs
[2022-10-31T22:45:57.112+0000] {logging_mixin.py:120} INFO - [2022-10-31T22:45:57.112+0000] {dag.py:3336} INFO - Setting next_dagrun for tutorial to 2022-10-30T22:45:57.112384+00:00, run_after=2022-10-31T22:45:57.112384+00:00
[2022-10-31T22:45:57.155+0000] {processor.py:176} INFO - Processing /root/.local/share/virtualenvs/workspace-dqq3IVyd/lib/python3.10/site-packages/airflow/example_dags/tutorial.py took 0.111 seconds
[2022-10-31T22:46:37.354+0000] {processor.py:154} INFO - Started process (PID=2217) to work on /root/.local/share/virtualenvs/workspace-dqq3IVyd/lib/python3.10/site-packages/airflow/example_dags/tutorial.py
[2022-10-31T22:46:37.355+0000] {processor.py:756} INFO - Processing file /root/.local/share/virtualenvs/workspace-dqq3IVyd/lib/python3.10/site-packages/airflow/example_dags/tutorial.py for tasks to queue
[2022-10-31T22:46:37.356+0000] {logging_mixin.py:120} INFO - [2022-10-31T22:46:37.356+0000] {dagbag.py:537} INFO - Filling up the DagBag from /root/.local/share/virtualenvs/workspace-dqq3IVyd/lib/python3.10/site-packages/airflow/example_dags/tutorial.py
[2022-10-31T22:46:37.368+0000] {processor.py:766} INFO - DAG(s) dict_keys(['tutorial']) retrieved from /root/.local/share/virtualenvs/workspace-dqq3IVyd/lib/python3.10/site-packages/airflow/example_dags/tutorial.py
[2022-10-31T22:46:37.397+0000] {logging_mixin.py:120} INFO - [2022-10-31T22:46:37.397+0000] {dag.py:2585} INFO - Sync 1 DAGs
[2022-10-31T22:46:37.416+0000] {logging_mixin.py:120} INFO - [2022-10-31T22:46:37.415+0000] {dag.py:3336} INFO - Setting next_dagrun for tutorial to 2022-10-30T22:46:37.415696+00:00, run_after=2022-10-31T22:46:37.415696+00:00
[2022-10-31T22:46:37.453+0000] {processor.py:176} INFO - Processing /root/.local/share/virtualenvs/workspace-dqq3IVyd/lib/python3.10/site-packages/airflow/example_dags/tutorial.py took 0.101 seconds
[2022-10-31T22:47:17.732+0000] {processor.py:154} INFO - Started process (PID=2520) to work on /root/.local/share/virtualenvs/workspace-dqq3IVyd/lib/python3.10/site-packages/airflow/example_dags/tutorial.py
[2022-10-31T22:47:17.732+0000] {processor.py:756} INFO - Processing file /root/.local/share/virtualenvs/workspace-dqq3IVyd/lib/python3.10/site-packages/airflow/example_dags/tutorial.py for tasks to queue
[2022-10-31T22:47:17.733+0000] {logging_mixin.py:120} INFO - [2022-10-31T22:47:17.733+0000] {dagbag.py:537} INFO - Filling up the DagBag from /root/.local/share/virtualenvs/workspace-dqq3IVyd/lib/python3.10/site-packages/airflow/example_dags/tutorial.py
[2022-10-31T22:47:17.745+0000] {processor.py:766} INFO - DAG(s) dict_keys(['tutorial']) retrieved from /root/.local/share/virtualenvs/workspace-dqq3IVyd/lib/python3.10/site-packages/airflow/example_dags/tutorial.py
[2022-10-31T22:47:17.775+0000] {logging_mixin.py:120} INFO - [2022-10-31T22:47:17.775+0000] {dag.py:2585} INFO - Sync 1 DAGs
[2022-10-31T22:47:17.797+0000] {logging_mixin.py:120} INFO - [2022-10-31T22:47:17.797+0000] {dag.py:3336} INFO - Setting next_dagrun for tutorial to 2022-10-30T22:47:17.797472+00:00, run_after=2022-10-31T22:47:17.797472+00:00
[2022-10-31T22:47:17.838+0000] {processor.py:176} INFO - Processing /root/.local/share/virtualenvs/workspace-dqq3IVyd/lib/python3.10/site-packages/airflow/example_dags/tutorial.py took 0.109 seconds
