[2022-10-31T22:44:25.804+0000] {processor.py:154} INFO - Started process (PID=1187) to work on /root/.local/share/virtualenvs/workspace-dqq3IVyd/lib/python3.10/site-packages/airflow/example_dags/tutorial_taskflow_api_virtualenv.py
[2022-10-31T22:44:25.805+0000] {processor.py:756} INFO - Processing file /root/.local/share/virtualenvs/workspace-dqq3IVyd/lib/python3.10/site-packages/airflow/example_dags/tutorial_taskflow_api_virtualenv.py for tasks to queue
[2022-10-31T22:44:25.806+0000] {logging_mixin.py:120} INFO - [2022-10-31T22:44:25.806+0000] {dagbag.py:537} INFO - Filling up the DagBag from /root/.local/share/virtualenvs/workspace-dqq3IVyd/lib/python3.10/site-packages/airflow/example_dags/tutorial_taskflow_api_virtualenv.py
[2022-10-31T22:44:25.907+0000] {processor.py:766} INFO - DAG(s) dict_keys(['tutorial_taskflow_api_virtualenv']) retrieved from /root/.local/share/virtualenvs/workspace-dqq3IVyd/lib/python3.10/site-packages/airflow/example_dags/tutorial_taskflow_api_virtualenv.py
[2022-10-31T22:44:26.010+0000] {logging_mixin.py:120} INFO - [2022-10-31T22:44:26.010+0000] {manager.py:507} INFO - Created Permission View: can read on DAG:tutorial_taskflow_api_virtualenv
[2022-10-31T22:44:26.031+0000] {logging_mixin.py:120} INFO - [2022-10-31T22:44:26.031+0000] {manager.py:507} INFO - Created Permission View: can edit on DAG:tutorial_taskflow_api_virtualenv
[2022-10-31T22:44:26.051+0000] {logging_mixin.py:120} INFO - [2022-10-31T22:44:26.051+0000] {manager.py:507} INFO - Created Permission View: can delete on DAG:tutorial_taskflow_api_virtualenv
[2022-10-31T22:44:26.051+0000] {logging_mixin.py:120} INFO - [2022-10-31T22:44:26.051+0000] {dag.py:2585} INFO - Sync 1 DAGs
[2022-10-31T22:44:26.063+0000] {logging_mixin.py:120} INFO - [2022-10-31T22:44:26.063+0000] {dag.py:2606} INFO - Creating ORM DAG for tutorial_taskflow_api_virtualenv
[2022-10-31T22:44:26.071+0000] {logging_mixin.py:120} INFO - [2022-10-31T22:44:26.071+0000] {dag.py:3336} INFO - Setting next_dagrun for tutorial_taskflow_api_virtualenv to None, run_after=None
[2022-10-31T22:44:26.115+0000] {processor.py:176} INFO - Processing /root/.local/share/virtualenvs/workspace-dqq3IVyd/lib/python3.10/site-packages/airflow/example_dags/tutorial_taskflow_api_virtualenv.py took 0.313 seconds
[2022-10-31T22:45:12.103+0000] {processor.py:154} INFO - Started process (PID=1570) to work on /root/.local/share/virtualenvs/workspace-dqq3IVyd/lib/python3.10/site-packages/airflow/example_dags/tutorial_taskflow_api_virtualenv.py
[2022-10-31T22:45:12.104+0000] {processor.py:756} INFO - Processing file /root/.local/share/virtualenvs/workspace-dqq3IVyd/lib/python3.10/site-packages/airflow/example_dags/tutorial_taskflow_api_virtualenv.py for tasks to queue
[2022-10-31T22:45:12.105+0000] {logging_mixin.py:120} INFO - [2022-10-31T22:45:12.105+0000] {dagbag.py:537} INFO - Filling up the DagBag from /root/.local/share/virtualenvs/workspace-dqq3IVyd/lib/python3.10/site-packages/airflow/example_dags/tutorial_taskflow_api_virtualenv.py
[2022-10-31T22:45:12.123+0000] {processor.py:766} INFO - DAG(s) dict_keys(['tutorial_taskflow_api_virtualenv']) retrieved from /root/.local/share/virtualenvs/workspace-dqq3IVyd/lib/python3.10/site-packages/airflow/example_dags/tutorial_taskflow_api_virtualenv.py
[2022-10-31T22:45:12.157+0000] {logging_mixin.py:120} INFO - [2022-10-31T22:45:12.157+0000] {dag.py:2585} INFO - Sync 1 DAGs
[2022-10-31T22:45:12.177+0000] {logging_mixin.py:120} INFO - [2022-10-31T22:45:12.177+0000] {dag.py:3336} INFO - Setting next_dagrun for tutorial_taskflow_api_virtualenv to None, run_after=None
[2022-10-31T22:45:12.216+0000] {processor.py:176} INFO - Processing /root/.local/share/virtualenvs/workspace-dqq3IVyd/lib/python3.10/site-packages/airflow/example_dags/tutorial_taskflow_api_virtualenv.py took 0.116 seconds
[2022-10-31T22:45:50.454+0000] {processor.py:154} INFO - Started process (PID=1860) to work on /root/.local/share/virtualenvs/workspace-dqq3IVyd/lib/python3.10/site-packages/airflow/example_dags/tutorial_taskflow_api_virtualenv.py
[2022-10-31T22:45:50.455+0000] {processor.py:756} INFO - Processing file /root/.local/share/virtualenvs/workspace-dqq3IVyd/lib/python3.10/site-packages/airflow/example_dags/tutorial_taskflow_api_virtualenv.py for tasks to queue
[2022-10-31T22:45:50.456+0000] {logging_mixin.py:120} INFO - [2022-10-31T22:45:50.456+0000] {dagbag.py:537} INFO - Filling up the DagBag from /root/.local/share/virtualenvs/workspace-dqq3IVyd/lib/python3.10/site-packages/airflow/example_dags/tutorial_taskflow_api_virtualenv.py
[2022-10-31T22:45:50.474+0000] {processor.py:766} INFO - DAG(s) dict_keys(['tutorial_taskflow_api_virtualenv']) retrieved from /root/.local/share/virtualenvs/workspace-dqq3IVyd/lib/python3.10/site-packages/airflow/example_dags/tutorial_taskflow_api_virtualenv.py
[2022-10-31T22:45:50.511+0000] {logging_mixin.py:120} INFO - [2022-10-31T22:45:50.510+0000] {dag.py:2585} INFO - Sync 1 DAGs
[2022-10-31T22:45:50.531+0000] {logging_mixin.py:120} INFO - [2022-10-31T22:45:50.531+0000] {dag.py:3336} INFO - Setting next_dagrun for tutorial_taskflow_api_virtualenv to None, run_after=None
[2022-10-31T22:45:50.570+0000] {processor.py:176} INFO - Processing /root/.local/share/virtualenvs/workspace-dqq3IVyd/lib/python3.10/site-packages/airflow/example_dags/tutorial_taskflow_api_virtualenv.py took 0.117 seconds
[2022-10-31T22:46:25.128+0000] {processor.py:154} INFO - Started process (PID=2123) to work on /root/.local/share/virtualenvs/workspace-dqq3IVyd/lib/python3.10/site-packages/airflow/example_dags/tutorial_taskflow_api_virtualenv.py
[2022-10-31T22:46:25.129+0000] {processor.py:756} INFO - Processing file /root/.local/share/virtualenvs/workspace-dqq3IVyd/lib/python3.10/site-packages/airflow/example_dags/tutorial_taskflow_api_virtualenv.py for tasks to queue
[2022-10-31T22:46:25.129+0000] {logging_mixin.py:120} INFO - [2022-10-31T22:46:25.129+0000] {dagbag.py:537} INFO - Filling up the DagBag from /root/.local/share/virtualenvs/workspace-dqq3IVyd/lib/python3.10/site-packages/airflow/example_dags/tutorial_taskflow_api_virtualenv.py
[2022-10-31T22:46:25.146+0000] {processor.py:766} INFO - DAG(s) dict_keys(['tutorial_taskflow_api_virtualenv']) retrieved from /root/.local/share/virtualenvs/workspace-dqq3IVyd/lib/python3.10/site-packages/airflow/example_dags/tutorial_taskflow_api_virtualenv.py
[2022-10-31T22:46:25.177+0000] {logging_mixin.py:120} INFO - [2022-10-31T22:46:25.176+0000] {dag.py:2585} INFO - Sync 1 DAGs
[2022-10-31T22:46:25.198+0000] {logging_mixin.py:120} INFO - [2022-10-31T22:46:25.198+0000] {dag.py:3336} INFO - Setting next_dagrun for tutorial_taskflow_api_virtualenv to None, run_after=None
[2022-10-31T22:46:25.243+0000] {processor.py:176} INFO - Processing /root/.local/share/virtualenvs/workspace-dqq3IVyd/lib/python3.10/site-packages/airflow/example_dags/tutorial_taskflow_api_virtualenv.py took 0.118 seconds
[2022-10-31T22:47:04.932+0000] {processor.py:154} INFO - Started process (PID=2420) to work on /root/.local/share/virtualenvs/workspace-dqq3IVyd/lib/python3.10/site-packages/airflow/example_dags/tutorial_taskflow_api_virtualenv.py
[2022-10-31T22:47:04.933+0000] {processor.py:756} INFO - Processing file /root/.local/share/virtualenvs/workspace-dqq3IVyd/lib/python3.10/site-packages/airflow/example_dags/tutorial_taskflow_api_virtualenv.py for tasks to queue
[2022-10-31T22:47:04.934+0000] {logging_mixin.py:120} INFO - [2022-10-31T22:47:04.934+0000] {dagbag.py:537} INFO - Filling up the DagBag from /root/.local/share/virtualenvs/workspace-dqq3IVyd/lib/python3.10/site-packages/airflow/example_dags/tutorial_taskflow_api_virtualenv.py
[2022-10-31T22:47:04.952+0000] {processor.py:766} INFO - DAG(s) dict_keys(['tutorial_taskflow_api_virtualenv']) retrieved from /root/.local/share/virtualenvs/workspace-dqq3IVyd/lib/python3.10/site-packages/airflow/example_dags/tutorial_taskflow_api_virtualenv.py
[2022-10-31T22:47:04.988+0000] {logging_mixin.py:120} INFO - [2022-10-31T22:47:04.988+0000] {dag.py:2585} INFO - Sync 1 DAGs
[2022-10-31T22:47:05.010+0000] {logging_mixin.py:120} INFO - [2022-10-31T22:47:05.010+0000] {dag.py:3336} INFO - Setting next_dagrun for tutorial_taskflow_api_virtualenv to None, run_after=None
[2022-10-31T22:47:05.052+0000] {processor.py:176} INFO - Processing /root/.local/share/virtualenvs/workspace-dqq3IVyd/lib/python3.10/site-packages/airflow/example_dags/tutorial_taskflow_api_virtualenv.py took 0.121 seconds
[2022-10-31T22:47:39.605+0000] {processor.py:154} INFO - Started process (PID=2680) to work on /root/.local/share/virtualenvs/workspace-dqq3IVyd/lib/python3.10/site-packages/airflow/example_dags/tutorial_taskflow_api_virtualenv.py
[2022-10-31T22:47:39.606+0000] {processor.py:756} INFO - Processing file /root/.local/share/virtualenvs/workspace-dqq3IVyd/lib/python3.10/site-packages/airflow/example_dags/tutorial_taskflow_api_virtualenv.py for tasks to queue
[2022-10-31T22:47:39.606+0000] {logging_mixin.py:120} INFO - [2022-10-31T22:47:39.606+0000] {dagbag.py:537} INFO - Filling up the DagBag from /root/.local/share/virtualenvs/workspace-dqq3IVyd/lib/python3.10/site-packages/airflow/example_dags/tutorial_taskflow_api_virtualenv.py
[2022-10-31T22:47:39.624+0000] {processor.py:766} INFO - DAG(s) dict_keys(['tutorial_taskflow_api_virtualenv']) retrieved from /root/.local/share/virtualenvs/workspace-dqq3IVyd/lib/python3.10/site-packages/airflow/example_dags/tutorial_taskflow_api_virtualenv.py
[2022-10-31T22:47:39.677+0000] {logging_mixin.py:120} INFO - [2022-10-31T22:47:39.677+0000] {dag.py:2585} INFO - Sync 1 DAGs
[2022-10-31T22:47:39.699+0000] {logging_mixin.py:120} INFO - [2022-10-31T22:47:39.698+0000] {dag.py:3336} INFO - Setting next_dagrun for tutorial_taskflow_api_virtualenv to None, run_after=None
[2022-10-31T22:47:39.742+0000] {processor.py:176} INFO - Processing /root/.local/share/virtualenvs/workspace-dqq3IVyd/lib/python3.10/site-packages/airflow/example_dags/tutorial_taskflow_api_virtualenv.py took 0.139 seconds
