[2022-10-31T22:44:38.212+0000] {processor.py:154} INFO - Started process (PID=1307) to work on /root/.local/share/virtualenvs/workspace-dqq3IVyd/lib/python3.10/site-packages/airflow/example_dags/tutorial_taskflow_api.py
[2022-10-31T22:44:38.213+0000] {processor.py:756} INFO - Processing file /root/.local/share/virtualenvs/workspace-dqq3IVyd/lib/python3.10/site-packages/airflow/example_dags/tutorial_taskflow_api.py for tasks to queue
[2022-10-31T22:44:38.213+0000] {logging_mixin.py:120} INFO - [2022-10-31T22:44:38.213+0000] {dagbag.py:537} INFO - Filling up the DagBag from /root/.local/share/virtualenvs/workspace-dqq3IVyd/lib/python3.10/site-packages/airflow/example_dags/tutorial_taskflow_api.py
[2022-10-31T22:44:38.323+0000] {processor.py:766} INFO - DAG(s) dict_keys(['tutorial_taskflow_api']) retrieved from /root/.local/share/virtualenvs/workspace-dqq3IVyd/lib/python3.10/site-packages/airflow/example_dags/tutorial_taskflow_api.py
[2022-10-31T22:44:38.438+0000] {logging_mixin.py:120} INFO - [2022-10-31T22:44:38.438+0000] {manager.py:507} INFO - Created Permission View: can read on DAG:tutorial_taskflow_api
[2022-10-31T22:44:38.464+0000] {logging_mixin.py:120} INFO - [2022-10-31T22:44:38.464+0000] {manager.py:507} INFO - Created Permission View: can edit on DAG:tutorial_taskflow_api
[2022-10-31T22:44:38.488+0000] {logging_mixin.py:120} INFO - [2022-10-31T22:44:38.487+0000] {manager.py:507} INFO - Created Permission View: can delete on DAG:tutorial_taskflow_api
[2022-10-31T22:44:38.488+0000] {logging_mixin.py:120} INFO - [2022-10-31T22:44:38.488+0000] {dag.py:2585} INFO - Sync 1 DAGs
[2022-10-31T22:44:38.502+0000] {logging_mixin.py:120} INFO - [2022-10-31T22:44:38.502+0000] {dag.py:2606} INFO - Creating ORM DAG for tutorial_taskflow_api
[2022-10-31T22:44:38.512+0000] {logging_mixin.py:120} INFO - [2022-10-31T22:44:38.512+0000] {dag.py:3336} INFO - Setting next_dagrun for tutorial_taskflow_api to None, run_after=None
[2022-10-31T22:44:38.561+0000] {processor.py:176} INFO - Processing /root/.local/share/virtualenvs/workspace-dqq3IVyd/lib/python3.10/site-packages/airflow/example_dags/tutorial_taskflow_api.py took 0.352 seconds
[2022-10-31T22:45:22.026+0000] {processor.py:154} INFO - Started process (PID=1637) to work on /root/.local/share/virtualenvs/workspace-dqq3IVyd/lib/python3.10/site-packages/airflow/example_dags/tutorial_taskflow_api.py
[2022-10-31T22:45:22.027+0000] {processor.py:756} INFO - Processing file /root/.local/share/virtualenvs/workspace-dqq3IVyd/lib/python3.10/site-packages/airflow/example_dags/tutorial_taskflow_api.py for tasks to queue
[2022-10-31T22:45:22.028+0000] {logging_mixin.py:120} INFO - [2022-10-31T22:45:22.028+0000] {dagbag.py:537} INFO - Filling up the DagBag from /root/.local/share/virtualenvs/workspace-dqq3IVyd/lib/python3.10/site-packages/airflow/example_dags/tutorial_taskflow_api.py
[2022-10-31T22:45:22.044+0000] {processor.py:766} INFO - DAG(s) dict_keys(['tutorial_taskflow_api']) retrieved from /root/.local/share/virtualenvs/workspace-dqq3IVyd/lib/python3.10/site-packages/airflow/example_dags/tutorial_taskflow_api.py
[2022-10-31T22:45:22.076+0000] {logging_mixin.py:120} INFO - [2022-10-31T22:45:22.076+0000] {dag.py:2585} INFO - Sync 1 DAGs
[2022-10-31T22:45:22.095+0000] {logging_mixin.py:120} INFO - [2022-10-31T22:45:22.095+0000] {dag.py:3336} INFO - Setting next_dagrun for tutorial_taskflow_api to None, run_after=None
[2022-10-31T22:45:22.134+0000] {processor.py:176} INFO - Processing /root/.local/share/virtualenvs/workspace-dqq3IVyd/lib/python3.10/site-packages/airflow/example_dags/tutorial_taskflow_api.py took 0.110 seconds
[2022-10-31T22:46:00.832+0000] {processor.py:154} INFO - Started process (PID=1936) to work on /root/.local/share/virtualenvs/workspace-dqq3IVyd/lib/python3.10/site-packages/airflow/example_dags/tutorial_taskflow_api.py
[2022-10-31T22:46:00.832+0000] {processor.py:756} INFO - Processing file /root/.local/share/virtualenvs/workspace-dqq3IVyd/lib/python3.10/site-packages/airflow/example_dags/tutorial_taskflow_api.py for tasks to queue
[2022-10-31T22:46:00.833+0000] {logging_mixin.py:120} INFO - [2022-10-31T22:46:00.833+0000] {dagbag.py:537} INFO - Filling up the DagBag from /root/.local/share/virtualenvs/workspace-dqq3IVyd/lib/python3.10/site-packages/airflow/example_dags/tutorial_taskflow_api.py
[2022-10-31T22:46:00.849+0000] {processor.py:766} INFO - DAG(s) dict_keys(['tutorial_taskflow_api']) retrieved from /root/.local/share/virtualenvs/workspace-dqq3IVyd/lib/python3.10/site-packages/airflow/example_dags/tutorial_taskflow_api.py
[2022-10-31T22:46:00.880+0000] {logging_mixin.py:120} INFO - [2022-10-31T22:46:00.880+0000] {dag.py:2585} INFO - Sync 1 DAGs
[2022-10-31T22:46:00.900+0000] {logging_mixin.py:120} INFO - [2022-10-31T22:46:00.900+0000] {dag.py:3336} INFO - Setting next_dagrun for tutorial_taskflow_api to None, run_after=None
[2022-10-31T22:46:00.938+0000] {processor.py:176} INFO - Processing /root/.local/share/virtualenvs/workspace-dqq3IVyd/lib/python3.10/site-packages/airflow/example_dags/tutorial_taskflow_api.py took 0.109 seconds
[2022-10-31T22:46:40.769+0000] {processor.py:154} INFO - Started process (PID=2239) to work on /root/.local/share/virtualenvs/workspace-dqq3IVyd/lib/python3.10/site-packages/airflow/example_dags/tutorial_taskflow_api.py
[2022-10-31T22:46:40.770+0000] {processor.py:756} INFO - Processing file /root/.local/share/virtualenvs/workspace-dqq3IVyd/lib/python3.10/site-packages/airflow/example_dags/tutorial_taskflow_api.py for tasks to queue
[2022-10-31T22:46:40.770+0000] {logging_mixin.py:120} INFO - [2022-10-31T22:46:40.770+0000] {dagbag.py:537} INFO - Filling up the DagBag from /root/.local/share/virtualenvs/workspace-dqq3IVyd/lib/python3.10/site-packages/airflow/example_dags/tutorial_taskflow_api.py
[2022-10-31T22:46:40.787+0000] {processor.py:766} INFO - DAG(s) dict_keys(['tutorial_taskflow_api']) retrieved from /root/.local/share/virtualenvs/workspace-dqq3IVyd/lib/python3.10/site-packages/airflow/example_dags/tutorial_taskflow_api.py
[2022-10-31T22:46:40.818+0000] {logging_mixin.py:120} INFO - [2022-10-31T22:46:40.817+0000] {dag.py:2585} INFO - Sync 1 DAGs
[2022-10-31T22:46:40.836+0000] {logging_mixin.py:120} INFO - [2022-10-31T22:46:40.836+0000] {dag.py:3336} INFO - Setting next_dagrun for tutorial_taskflow_api to None, run_after=None
[2022-10-31T22:46:40.877+0000] {processor.py:176} INFO - Processing /root/.local/share/virtualenvs/workspace-dqq3IVyd/lib/python3.10/site-packages/airflow/example_dags/tutorial_taskflow_api.py took 0.111 seconds
[2022-10-31T22:47:21.454+0000] {processor.py:154} INFO - Started process (PID=2542) to work on /root/.local/share/virtualenvs/workspace-dqq3IVyd/lib/python3.10/site-packages/airflow/example_dags/tutorial_taskflow_api.py
[2022-10-31T22:47:21.454+0000] {processor.py:756} INFO - Processing file /root/.local/share/virtualenvs/workspace-dqq3IVyd/lib/python3.10/site-packages/airflow/example_dags/tutorial_taskflow_api.py for tasks to queue
[2022-10-31T22:47:21.455+0000] {logging_mixin.py:120} INFO - [2022-10-31T22:47:21.455+0000] {dagbag.py:537} INFO - Filling up the DagBag from /root/.local/share/virtualenvs/workspace-dqq3IVyd/lib/python3.10/site-packages/airflow/example_dags/tutorial_taskflow_api.py
[2022-10-31T22:47:21.471+0000] {processor.py:766} INFO - DAG(s) dict_keys(['tutorial_taskflow_api']) retrieved from /root/.local/share/virtualenvs/workspace-dqq3IVyd/lib/python3.10/site-packages/airflow/example_dags/tutorial_taskflow_api.py
[2022-10-31T22:47:21.503+0000] {logging_mixin.py:120} INFO - [2022-10-31T22:47:21.502+0000] {dag.py:2585} INFO - Sync 1 DAGs
[2022-10-31T22:47:21.520+0000] {logging_mixin.py:120} INFO - [2022-10-31T22:47:21.520+0000] {dag.py:3336} INFO - Setting next_dagrun for tutorial_taskflow_api to None, run_after=None
[2022-10-31T22:47:21.558+0000] {processor.py:176} INFO - Processing /root/.local/share/virtualenvs/workspace-dqq3IVyd/lib/python3.10/site-packages/airflow/example_dags/tutorial_taskflow_api.py took 0.107 seconds
