[2022-11-25T11:47:21.183+0000] {taskinstance.py:1165} INFO - Dependencies all met for <TaskInstance: finance_data_lake.silver_zone manual__2022-11-25T11:36:24.434652+00:00 [queued]>
[2022-11-25T11:47:21.190+0000] {taskinstance.py:1165} INFO - Dependencies all met for <TaskInstance: finance_data_lake.silver_zone manual__2022-11-25T11:36:24.434652+00:00 [queued]>
[2022-11-25T11:47:21.190+0000] {taskinstance.py:1362} INFO - 
--------------------------------------------------------------------------------
[2022-11-25T11:47:21.191+0000] {taskinstance.py:1363} INFO - Starting attempt 1 of 1
[2022-11-25T11:47:21.191+0000] {taskinstance.py:1364} INFO - 
--------------------------------------------------------------------------------
[2022-11-25T11:47:21.208+0000] {taskinstance.py:1383} INFO - Executing <Task(PythonOperator): silver_zone> on 2022-11-25 11:36:24.434652+00:00
[2022-11-25T11:47:21.212+0000] {standard_task_runner.py:55} INFO - Started process 19881 to run task
[2022-11-25T11:47:21.214+0000] {standard_task_runner.py:82} INFO - Running: ['airflow', 'tasks', 'run', 'finance_data_lake', 'silver_zone', 'manual__2022-11-25T11:36:24.434652+00:00', '--job-id', '40', '--raw', '--subdir', 'DAGS_FOLDER/job_finance_data_lake.py', '--cfg-path', '/tmp/tmppzo3i7zn']
[2022-11-25T11:47:21.215+0000] {standard_task_runner.py:83} INFO - Job 40: Subtask silver_zone
[2022-11-25T11:47:21.266+0000] {task_command.py:376} INFO - Running <TaskInstance: finance_data_lake.silver_zone manual__2022-11-25T11:36:24.434652+00:00 [running]> on host 92923f118f93
[2022-11-25T11:47:21.334+0000] {taskinstance.py:1590} INFO - Exporting the following env vars:
AIRFLOW_CTX_DAG_OWNER=airflow
AIRFLOW_CTX_DAG_ID=finance_data_lake
AIRFLOW_CTX_TASK_ID=silver_zone
AIRFLOW_CTX_EXECUTION_DATE=2022-11-25T11:36:24.434652+00:00
AIRFLOW_CTX_TRY_NUMBER=1
AIRFLOW_CTX_DAG_RUN_ID=manual__2022-11-25T11:36:24.434652+00:00
[2022-11-25T11:47:21.335+0000] {logging_mixin.py:137} INFO - Download object from s3 bucket...
[2022-11-25T11:47:28.886+0000] {logging_mixin.py:137} INFO - Dataframe created succefully from s3 object!
[2022-11-25T11:47:28.887+0000] {logging_mixin.py:137} INFO - Starting cleanning proccess...
[2022-11-25T11:47:28.940+0000] {logging_mixin.py:137} INFO - Cleanning proccess completed succeffully!
[2022-11-25T11:47:35.100+0000] {logging_mixin.py:137} INFO - The parquet stock file s3a://finance-data-lake-silver/stock_data/ was created succefully!
[2022-11-25T11:47:35.101+0000] {python.py:177} INFO - Done. Returned value was: None
[2022-11-25T11:47:35.113+0000] {taskinstance.py:1401} INFO - Marking task as SUCCESS. dag_id=finance_data_lake, task_id=silver_zone, execution_date=20221125T113624, start_date=20221125T114721, end_date=20221125T114735
[2022-11-25T11:47:35.166+0000] {local_task_job.py:159} INFO - Task exited with return code 0
[2022-11-25T11:47:35.186+0000] {taskinstance.py:2623} INFO - 1 downstream tasks scheduled from follow-on schedule check
