[2022-12-22T22:51:17.655+0000] {taskinstance.py:1165} INFO - Dependencies all met for <TaskInstance: finance_data_lake.silver_zone manual__2022-12-22T22:41:54.253573+00:00 [queued]>
[2022-12-22T22:51:17.663+0000] {taskinstance.py:1165} INFO - Dependencies all met for <TaskInstance: finance_data_lake.silver_zone manual__2022-12-22T22:41:54.253573+00:00 [queued]>
[2022-12-22T22:51:17.663+0000] {taskinstance.py:1362} INFO - 
--------------------------------------------------------------------------------
[2022-12-22T22:51:17.664+0000] {taskinstance.py:1363} INFO - Starting attempt 1 of 1
[2022-12-22T22:51:17.664+0000] {taskinstance.py:1364} INFO - 
--------------------------------------------------------------------------------
[2022-12-22T22:51:17.683+0000] {taskinstance.py:1383} INFO - Executing <Task(PythonOperator): silver_zone> on 2022-12-22 22:41:54.253573+00:00
[2022-12-22T22:51:17.687+0000] {standard_task_runner.py:55} INFO - Started process 16739 to run task
[2022-12-22T22:51:17.690+0000] {standard_task_runner.py:82} INFO - Running: ['airflow', 'tasks', 'run', 'finance_data_lake', 'silver_zone', 'manual__2022-12-22T22:41:54.253573+00:00', '--job-id', '54', '--raw', '--subdir', 'DAGS_FOLDER/job_finance_data_lake.py', '--cfg-path', '/tmp/tmpj1jgzdtg']
[2022-12-22T22:51:17.691+0000] {standard_task_runner.py:83} INFO - Job 54: Subtask silver_zone
[2022-12-22T22:51:17.745+0000] {task_command.py:376} INFO - Running <TaskInstance: finance_data_lake.silver_zone manual__2022-12-22T22:41:54.253573+00:00 [running]> on host 92923f118f93
[2022-12-22T22:51:17.814+0000] {taskinstance.py:1590} INFO - Exporting the following env vars:
AIRFLOW_CTX_DAG_OWNER=airflow
AIRFLOW_CTX_DAG_ID=finance_data_lake
AIRFLOW_CTX_TASK_ID=silver_zone
AIRFLOW_CTX_EXECUTION_DATE=2022-12-22T22:41:54.253573+00:00
AIRFLOW_CTX_TRY_NUMBER=1
AIRFLOW_CTX_DAG_RUN_ID=manual__2022-12-22T22:41:54.253573+00:00
[2022-12-22T22:51:17.814+0000] {logging_mixin.py:137} INFO - Download object from s3 bucket...
[2022-12-22T22:51:25.795+0000] {logging_mixin.py:137} INFO - Dataframe created succefully from s3 object!
[2022-12-22T22:51:25.795+0000] {logging_mixin.py:137} INFO - Starting cleanning proccess...
[2022-12-22T22:51:25.860+0000] {logging_mixin.py:137} INFO - Cleanning proccess completed succeffully!
[2022-12-22T22:51:32.704+0000] {logging_mixin.py:137} INFO - The parquet stock file s3a://finance-data-lake-silver/stock_data/ was created succefully!
[2022-12-22T22:51:32.705+0000] {python.py:177} INFO - Done. Returned value was: None
[2022-12-22T22:51:32.716+0000] {taskinstance.py:1401} INFO - Marking task as SUCCESS. dag_id=finance_data_lake, task_id=silver_zone, execution_date=20221222T224154, start_date=20221222T225117, end_date=20221222T225132
[2022-12-22T22:51:32.760+0000] {local_task_job.py:159} INFO - Task exited with return code 0
[2022-12-22T22:51:32.781+0000] {taskinstance.py:2623} INFO - 1 downstream tasks scheduled from follow-on schedule check
