[2022-11-25T11:24:41.822+0000] {taskinstance.py:1165} INFO - Dependencies all met for <TaskInstance: finance_data_lake.gold_zone scheduled__2022-11-24T11:13:45.834709+00:00 [queued]>
[2022-11-25T11:24:41.832+0000] {taskinstance.py:1165} INFO - Dependencies all met for <TaskInstance: finance_data_lake.gold_zone scheduled__2022-11-24T11:13:45.834709+00:00 [queued]>
[2022-11-25T11:24:41.832+0000] {taskinstance.py:1362} INFO - 
--------------------------------------------------------------------------------
[2022-11-25T11:24:41.832+0000] {taskinstance.py:1363} INFO - Starting attempt 1 of 1
[2022-11-25T11:24:41.833+0000] {taskinstance.py:1364} INFO - 
--------------------------------------------------------------------------------
[2022-11-25T11:24:41.853+0000] {taskinstance.py:1383} INFO - Executing <Task(PythonOperator): gold_zone> on 2022-11-24 11:13:45.834709+00:00
[2022-11-25T11:24:41.857+0000] {standard_task_runner.py:55} INFO - Started process 25716 to run task
[2022-11-25T11:24:41.860+0000] {standard_task_runner.py:82} INFO - Running: ['airflow', 'tasks', 'run', 'finance_data_lake', 'gold_zone', 'scheduled__2022-11-24T11:13:45.834709+00:00', '--job-id', '34', '--raw', '--subdir', 'DAGS_FOLDER/job_finance_data_lake.py', '--cfg-path', '/tmp/tmppo6fbxzu']
[2022-11-25T11:24:41.860+0000] {standard_task_runner.py:83} INFO - Job 34: Subtask gold_zone
[2022-11-25T11:24:41.917+0000] {task_command.py:376} INFO - Running <TaskInstance: finance_data_lake.gold_zone scheduled__2022-11-24T11:13:45.834709+00:00 [running]> on host 92923f118f93
[2022-11-25T11:24:41.989+0000] {taskinstance.py:1590} INFO - Exporting the following env vars:
AIRFLOW_CTX_DAG_OWNER=airflow
AIRFLOW_CTX_DAG_ID=finance_data_lake
AIRFLOW_CTX_TASK_ID=gold_zone
AIRFLOW_CTX_EXECUTION_DATE=2022-11-24T11:13:45.834709+00:00
AIRFLOW_CTX_TRY_NUMBER=1
AIRFLOW_CTX_DAG_RUN_ID=scheduled__2022-11-24T11:13:45.834709+00:00
[2022-11-25T11:24:41.990+0000] {logging_mixin.py:137} INFO - Download all cleanned data from s3 stock data bucket...
[2022-11-25T11:24:41.990+0000] {logging_mixin.py:137} INFO - Creating spark session!
[2022-11-25T11:24:45.555+0000] {logging_mixin.py:137} INFO - Spark session created sucefully!
[2022-11-25T11:24:45.555+0000] {logging_mixin.py:137} INFO - Creating source Dataframe from cleanned data!
[2022-11-25T11:24:49.251+0000] {logging_mixin.py:137} INFO - Dataframe created succefully from s3 object!
[2022-11-25T11:24:49.252+0000] {logging_mixin.py:137} INFO - Proccessing has started...
[2022-11-25T11:24:49.367+0000] {logging_mixin.py:137} INFO - Performance KPI completed succeffully!
[2022-11-25T11:25:01.643+0000] {logging_mixin.py:137} INFO - The performance kpi file s3a://finance-data-lake-gold/stock_performance/ was created succefully!
[2022-11-25T11:25:01.644+0000] {python.py:177} INFO - Done. Returned value was: None
[2022-11-25T11:25:01.655+0000] {taskinstance.py:1401} INFO - Marking task as SUCCESS. dag_id=finance_data_lake, task_id=gold_zone, execution_date=20221124T111345, start_date=20221125T112441, end_date=20221125T112501
[2022-11-25T11:25:01.681+0000] {local_task_job.py:159} INFO - Task exited with return code 0
[2022-11-25T11:25:01.693+0000] {taskinstance.py:2623} INFO - 0 downstream tasks scheduled from follow-on schedule check
