[2022-11-25T11:47:36.862+0000] {taskinstance.py:1165} INFO - Dependencies all met for <TaskInstance: finance_data_lake.gold_zone manual__2022-11-25T11:36:24.434652+00:00 [queued]>
[2022-11-25T11:47:36.869+0000] {taskinstance.py:1165} INFO - Dependencies all met for <TaskInstance: finance_data_lake.gold_zone manual__2022-11-25T11:36:24.434652+00:00 [queued]>
[2022-11-25T11:47:36.870+0000] {taskinstance.py:1362} INFO - 
--------------------------------------------------------------------------------
[2022-11-25T11:47:36.870+0000] {taskinstance.py:1363} INFO - Starting attempt 1 of 1
[2022-11-25T11:47:36.870+0000] {taskinstance.py:1364} INFO - 
--------------------------------------------------------------------------------
[2022-11-25T11:47:36.889+0000] {taskinstance.py:1383} INFO - Executing <Task(PythonOperator): gold_zone> on 2022-11-25 11:36:24.434652+00:00
[2022-11-25T11:47:36.894+0000] {standard_task_runner.py:55} INFO - Started process 20438 to run task
[2022-11-25T11:47:36.896+0000] {standard_task_runner.py:82} INFO - Running: ['airflow', 'tasks', 'run', 'finance_data_lake', 'gold_zone', 'manual__2022-11-25T11:36:24.434652+00:00', '--job-id', '41', '--raw', '--subdir', 'DAGS_FOLDER/job_finance_data_lake.py', '--cfg-path', '/tmp/tmp78xq0avj']
[2022-11-25T11:47:36.897+0000] {standard_task_runner.py:83} INFO - Job 41: Subtask gold_zone
[2022-11-25T11:47:36.949+0000] {task_command.py:376} INFO - Running <TaskInstance: finance_data_lake.gold_zone manual__2022-11-25T11:36:24.434652+00:00 [running]> on host 92923f118f93
[2022-11-25T11:47:37.022+0000] {taskinstance.py:1590} INFO - Exporting the following env vars:
AIRFLOW_CTX_DAG_OWNER=airflow
AIRFLOW_CTX_DAG_ID=finance_data_lake
AIRFLOW_CTX_TASK_ID=gold_zone
AIRFLOW_CTX_EXECUTION_DATE=2022-11-25T11:36:24.434652+00:00
AIRFLOW_CTX_TRY_NUMBER=1
AIRFLOW_CTX_DAG_RUN_ID=manual__2022-11-25T11:36:24.434652+00:00
[2022-11-25T11:47:37.023+0000] {logging_mixin.py:137} INFO - Download all cleanned data from s3 stock data bucket...
[2022-11-25T11:47:37.023+0000] {logging_mixin.py:137} INFO - Creating spark session!
[2022-11-25T11:47:40.739+0000] {logging_mixin.py:137} INFO - Spark session created sucefully!
[2022-11-25T11:47:40.740+0000] {logging_mixin.py:137} INFO - Creating source Dataframe from cleanned data!
[2022-11-25T11:47:44.318+0000] {logging_mixin.py:137} INFO - Dataframe created succefully from s3 object!
[2022-11-25T11:47:44.319+0000] {logging_mixin.py:137} INFO - Proccessing has started...
[2022-11-25T11:47:44.416+0000] {logging_mixin.py:137} INFO - Performance KPI completed succeffully!
[2022-11-25T11:47:56.869+0000] {logging_mixin.py:137} INFO - The performance kpi file s3a://finance-data-lake-gold/stock_performance/ was created succefully!
[2022-11-25T11:47:56.870+0000] {python.py:177} INFO - Done. Returned value was: None
[2022-11-25T11:47:56.881+0000] {taskinstance.py:1401} INFO - Marking task as SUCCESS. dag_id=finance_data_lake, task_id=gold_zone, execution_date=20221125T113624, start_date=20221125T114736, end_date=20221125T114756
[2022-11-25T11:47:56.934+0000] {local_task_job.py:159} INFO - Task exited with return code 0
[2022-11-25T11:47:56.946+0000] {taskinstance.py:2623} INFO - 0 downstream tasks scheduled from follow-on schedule check
