[2022-12-26T14:13:32.441+0000] {processor.py:154} INFO - Started process (PID=6906) to work on /workspace/airflow/dags/job_finance_data_lake.py
[2022-12-26T14:13:32.442+0000] {processor.py:756} INFO - Processing file /workspace/airflow/dags/job_finance_data_lake.py for tasks to queue
[2022-12-26T14:13:32.443+0000] {logging_mixin.py:137} INFO - [2022-12-26T14:13:32.443+0000] {dagbag.py:537} INFO - Filling up the DagBag from /workspace/airflow/dags/job_finance_data_lake.py
[2022-12-26T14:13:32.913+0000] {processor.py:766} INFO - DAG(s) dict_keys(['finance_data_lake']) retrieved from /workspace/airflow/dags/job_finance_data_lake.py
[2022-12-26T14:13:32.931+0000] {logging_mixin.py:137} INFO - [2022-12-26T14:13:32.931+0000] {dag.py:2585} INFO - Sync 1 DAGs
[2022-12-26T14:13:32.947+0000] {logging_mixin.py:137} INFO - [2022-12-26T14:13:32.947+0000] {dag.py:3336} INFO - Setting next_dagrun for finance_data_lake to 2022-12-25T14:13:32.947636+00:00, run_after=2022-12-26T14:13:32.947636+00:00
[2022-12-26T14:13:32.985+0000] {processor.py:176} INFO - Processing /workspace/airflow/dags/job_finance_data_lake.py took 0.547 seconds
[2022-12-26T14:23:07.692+0000] {processor.py:154} INFO - Started process (PID=26620) to work on /workspace/airflow/dags/job_finance_data_lake.py
[2022-12-26T14:23:07.692+0000] {processor.py:756} INFO - Processing file /workspace/airflow/dags/job_finance_data_lake.py for tasks to queue
[2022-12-26T14:23:07.693+0000] {logging_mixin.py:137} INFO - [2022-12-26T14:23:07.693+0000] {dagbag.py:537} INFO - Filling up the DagBag from /workspace/airflow/dags/job_finance_data_lake.py
[2022-12-26T14:23:08.206+0000] {processor.py:766} INFO - DAG(s) dict_keys(['finance_data_lake']) retrieved from /workspace/airflow/dags/job_finance_data_lake.py
[2022-12-26T14:23:08.224+0000] {logging_mixin.py:137} INFO - [2022-12-26T14:23:08.223+0000] {dag.py:2585} INFO - Sync 1 DAGs
[2022-12-26T14:23:08.241+0000] {logging_mixin.py:137} INFO - [2022-12-26T14:23:08.241+0000] {dag.py:3336} INFO - Setting next_dagrun for finance_data_lake to 2022-12-26T14:13:32.947636+00:00, run_after=2022-12-27T14:13:32.947636+00:00
[2022-12-26T14:23:08.281+0000] {processor.py:176} INFO - Processing /workspace/airflow/dags/job_finance_data_lake.py took 0.592 seconds
[2022-12-26T14:23:51.984+0000] {processor.py:154} INFO - Started process (PID=28328) to work on /workspace/airflow/dags/job_finance_data_lake.py
[2022-12-26T14:23:51.984+0000] {processor.py:756} INFO - Processing file /workspace/airflow/dags/job_finance_data_lake.py for tasks to queue
[2022-12-26T14:23:51.985+0000] {logging_mixin.py:137} INFO - [2022-12-26T14:23:51.985+0000] {dagbag.py:537} INFO - Filling up the DagBag from /workspace/airflow/dags/job_finance_data_lake.py
[2022-12-26T14:23:52.504+0000] {processor.py:766} INFO - DAG(s) dict_keys(['finance_data_lake']) retrieved from /workspace/airflow/dags/job_finance_data_lake.py
[2022-12-26T14:23:52.521+0000] {logging_mixin.py:137} INFO - [2022-12-26T14:23:52.521+0000] {dag.py:2585} INFO - Sync 1 DAGs
[2022-12-26T14:23:52.537+0000] {logging_mixin.py:137} INFO - [2022-12-26T14:23:52.537+0000] {dag.py:3336} INFO - Setting next_dagrun for finance_data_lake to 2022-12-26T14:13:32.947636+00:00, run_after=2022-12-27T14:13:32.947636+00:00
[2022-12-26T14:23:52.587+0000] {processor.py:176} INFO - Processing /workspace/airflow/dags/job_finance_data_lake.py took 0.605 seconds
[2022-12-26T14:24:23.481+0000] {processor.py:154} INFO - Started process (PID=29221) to work on /workspace/airflow/dags/job_finance_data_lake.py
[2022-12-26T14:24:23.482+0000] {processor.py:756} INFO - Processing file /workspace/airflow/dags/job_finance_data_lake.py for tasks to queue
[2022-12-26T14:24:23.482+0000] {logging_mixin.py:137} INFO - [2022-12-26T14:24:23.482+0000] {dagbag.py:537} INFO - Filling up the DagBag from /workspace/airflow/dags/job_finance_data_lake.py
[2022-12-26T14:24:23.925+0000] {processor.py:766} INFO - DAG(s) dict_keys(['finance_data_lake']) retrieved from /workspace/airflow/dags/job_finance_data_lake.py
[2022-12-26T14:24:23.940+0000] {logging_mixin.py:137} INFO - [2022-12-26T14:24:23.940+0000] {dag.py:2585} INFO - Sync 1 DAGs
[2022-12-26T14:24:23.956+0000] {logging_mixin.py:137} INFO - [2022-12-26T14:24:23.956+0000] {dag.py:3336} INFO - Setting next_dagrun for finance_data_lake to 2022-12-26T14:13:32.947636+00:00, run_after=2022-12-27T14:13:32.947636+00:00
[2022-12-26T14:24:23.996+0000] {processor.py:176} INFO - Processing /workspace/airflow/dags/job_finance_data_lake.py took 0.518 seconds
[2022-12-26T14:24:55.027+0000] {processor.py:154} INFO - Started process (PID=29537) to work on /workspace/airflow/dags/job_finance_data_lake.py
[2022-12-26T14:24:55.028+0000] {processor.py:756} INFO - Processing file /workspace/airflow/dags/job_finance_data_lake.py for tasks to queue
[2022-12-26T14:24:55.029+0000] {logging_mixin.py:137} INFO - [2022-12-26T14:24:55.028+0000] {dagbag.py:537} INFO - Filling up the DagBag from /workspace/airflow/dags/job_finance_data_lake.py
[2022-12-26T14:24:55.489+0000] {processor.py:766} INFO - DAG(s) dict_keys(['finance_data_lake']) retrieved from /workspace/airflow/dags/job_finance_data_lake.py
[2022-12-26T14:24:55.508+0000] {logging_mixin.py:137} INFO - [2022-12-26T14:24:55.508+0000] {dag.py:2585} INFO - Sync 1 DAGs
[2022-12-26T14:24:55.524+0000] {logging_mixin.py:137} INFO - [2022-12-26T14:24:55.524+0000] {dag.py:3336} INFO - Setting next_dagrun for finance_data_lake to 2022-12-26T14:13:32.947636+00:00, run_after=2022-12-27T14:13:32.947636+00:00
[2022-12-26T14:24:55.563+0000] {processor.py:176} INFO - Processing /workspace/airflow/dags/job_finance_data_lake.py took 0.538 seconds
[2022-12-26T14:25:26.614+0000] {processor.py:154} INFO - Started process (PID=29842) to work on /workspace/airflow/dags/job_finance_data_lake.py
[2022-12-26T14:25:26.615+0000] {processor.py:756} INFO - Processing file /workspace/airflow/dags/job_finance_data_lake.py for tasks to queue
[2022-12-26T14:25:26.616+0000] {logging_mixin.py:137} INFO - [2022-12-26T14:25:26.616+0000] {dagbag.py:537} INFO - Filling up the DagBag from /workspace/airflow/dags/job_finance_data_lake.py
[2022-12-26T14:25:27.172+0000] {processor.py:766} INFO - DAG(s) dict_keys(['finance_data_lake']) retrieved from /workspace/airflow/dags/job_finance_data_lake.py
[2022-12-26T14:25:27.190+0000] {logging_mixin.py:137} INFO - [2022-12-26T14:25:27.189+0000] {dag.py:2585} INFO - Sync 1 DAGs
[2022-12-26T14:25:27.207+0000] {logging_mixin.py:137} INFO - [2022-12-26T14:25:27.206+0000] {dag.py:3336} INFO - Setting next_dagrun for finance_data_lake to 2022-12-26T14:13:32.947636+00:00, run_after=2022-12-27T14:13:32.947636+00:00
[2022-12-26T14:25:27.262+0000] {processor.py:176} INFO - Processing /workspace/airflow/dags/job_finance_data_lake.py took 0.650 seconds
[2022-12-26T14:25:58.175+0000] {processor.py:154} INFO - Started process (PID=30146) to work on /workspace/airflow/dags/job_finance_data_lake.py
[2022-12-26T14:25:58.176+0000] {processor.py:756} INFO - Processing file /workspace/airflow/dags/job_finance_data_lake.py for tasks to queue
[2022-12-26T14:25:58.177+0000] {logging_mixin.py:137} INFO - [2022-12-26T14:25:58.177+0000] {dagbag.py:537} INFO - Filling up the DagBag from /workspace/airflow/dags/job_finance_data_lake.py
[2022-12-26T14:25:58.629+0000] {processor.py:766} INFO - DAG(s) dict_keys(['finance_data_lake']) retrieved from /workspace/airflow/dags/job_finance_data_lake.py
[2022-12-26T14:25:58.643+0000] {logging_mixin.py:137} INFO - [2022-12-26T14:25:58.642+0000] {dag.py:2585} INFO - Sync 1 DAGs
[2022-12-26T14:25:58.658+0000] {logging_mixin.py:137} INFO - [2022-12-26T14:25:58.658+0000] {dag.py:3336} INFO - Setting next_dagrun for finance_data_lake to 2022-12-26T14:13:32.947636+00:00, run_after=2022-12-27T14:13:32.947636+00:00
[2022-12-26T14:25:58.695+0000] {processor.py:176} INFO - Processing /workspace/airflow/dags/job_finance_data_lake.py took 0.521 seconds
[2022-12-26T14:26:29.539+0000] {processor.py:154} INFO - Started process (PID=30240) to work on /workspace/airflow/dags/job_finance_data_lake.py
[2022-12-26T14:26:29.540+0000] {processor.py:756} INFO - Processing file /workspace/airflow/dags/job_finance_data_lake.py for tasks to queue
[2022-12-26T14:26:29.541+0000] {logging_mixin.py:137} INFO - [2022-12-26T14:26:29.540+0000] {dagbag.py:537} INFO - Filling up the DagBag from /workspace/airflow/dags/job_finance_data_lake.py
[2022-12-26T14:26:29.990+0000] {processor.py:766} INFO - DAG(s) dict_keys(['finance_data_lake']) retrieved from /workspace/airflow/dags/job_finance_data_lake.py
[2022-12-26T14:26:30.004+0000] {logging_mixin.py:137} INFO - [2022-12-26T14:26:30.004+0000] {dag.py:2585} INFO - Sync 1 DAGs
[2022-12-26T14:26:30.019+0000] {logging_mixin.py:137} INFO - [2022-12-26T14:26:30.018+0000] {dag.py:3336} INFO - Setting next_dagrun for finance_data_lake to 2022-12-26T14:13:32.947636+00:00, run_after=2022-12-27T14:13:32.947636+00:00
[2022-12-26T14:26:30.055+0000] {processor.py:176} INFO - Processing /workspace/airflow/dags/job_finance_data_lake.py took 0.518 seconds
[2022-12-26T14:27:00.653+0000] {processor.py:154} INFO - Started process (PID=30338) to work on /workspace/airflow/dags/job_finance_data_lake.py
[2022-12-26T14:27:00.654+0000] {processor.py:756} INFO - Processing file /workspace/airflow/dags/job_finance_data_lake.py for tasks to queue
[2022-12-26T14:27:00.655+0000] {logging_mixin.py:137} INFO - [2022-12-26T14:27:00.654+0000] {dagbag.py:537} INFO - Filling up the DagBag from /workspace/airflow/dags/job_finance_data_lake.py
[2022-12-26T14:27:01.102+0000] {processor.py:766} INFO - DAG(s) dict_keys(['finance_data_lake']) retrieved from /workspace/airflow/dags/job_finance_data_lake.py
[2022-12-26T14:27:01.117+0000] {logging_mixin.py:137} INFO - [2022-12-26T14:27:01.117+0000] {dag.py:2585} INFO - Sync 1 DAGs
[2022-12-26T14:27:01.133+0000] {logging_mixin.py:137} INFO - [2022-12-26T14:27:01.132+0000] {dag.py:3336} INFO - Setting next_dagrun for finance_data_lake to 2022-12-26T14:13:32.947636+00:00, run_after=2022-12-27T14:13:32.947636+00:00
[2022-12-26T14:27:01.169+0000] {processor.py:176} INFO - Processing /workspace/airflow/dags/job_finance_data_lake.py took 0.518 seconds
[2022-12-26T14:27:31.766+0000] {processor.py:154} INFO - Started process (PID=30432) to work on /workspace/airflow/dags/job_finance_data_lake.py
[2022-12-26T14:27:31.767+0000] {processor.py:756} INFO - Processing file /workspace/airflow/dags/job_finance_data_lake.py for tasks to queue
[2022-12-26T14:27:31.768+0000] {logging_mixin.py:137} INFO - [2022-12-26T14:27:31.768+0000] {dagbag.py:537} INFO - Filling up the DagBag from /workspace/airflow/dags/job_finance_data_lake.py
[2022-12-26T14:27:32.217+0000] {processor.py:766} INFO - DAG(s) dict_keys(['finance_data_lake']) retrieved from /workspace/airflow/dags/job_finance_data_lake.py
[2022-12-26T14:27:32.233+0000] {logging_mixin.py:137} INFO - [2022-12-26T14:27:32.233+0000] {dag.py:2585} INFO - Sync 1 DAGs
[2022-12-26T14:27:32.250+0000] {logging_mixin.py:137} INFO - [2022-12-26T14:27:32.250+0000] {dag.py:3336} INFO - Setting next_dagrun for finance_data_lake to 2022-12-26T14:13:32.947636+00:00, run_after=2022-12-27T14:13:32.947636+00:00
[2022-12-26T14:27:32.293+0000] {processor.py:176} INFO - Processing /workspace/airflow/dags/job_finance_data_lake.py took 0.528 seconds
[2022-12-26T14:28:02.879+0000] {processor.py:154} INFO - Started process (PID=30526) to work on /workspace/airflow/dags/job_finance_data_lake.py
[2022-12-26T14:28:02.880+0000] {processor.py:756} INFO - Processing file /workspace/airflow/dags/job_finance_data_lake.py for tasks to queue
[2022-12-26T14:28:02.880+0000] {logging_mixin.py:137} INFO - [2022-12-26T14:28:02.880+0000] {dagbag.py:537} INFO - Filling up the DagBag from /workspace/airflow/dags/job_finance_data_lake.py
[2022-12-26T14:28:03.319+0000] {processor.py:766} INFO - DAG(s) dict_keys(['finance_data_lake']) retrieved from /workspace/airflow/dags/job_finance_data_lake.py
[2022-12-26T14:28:03.333+0000] {logging_mixin.py:137} INFO - [2022-12-26T14:28:03.333+0000] {dag.py:2585} INFO - Sync 1 DAGs
[2022-12-26T14:28:03.350+0000] {logging_mixin.py:137} INFO - [2022-12-26T14:28:03.350+0000] {dag.py:3336} INFO - Setting next_dagrun for finance_data_lake to 2022-12-26T14:13:32.947636+00:00, run_after=2022-12-27T14:13:32.947636+00:00
[2022-12-26T14:28:03.394+0000] {processor.py:176} INFO - Processing /workspace/airflow/dags/job_finance_data_lake.py took 0.517 seconds
[2022-12-26T14:28:33.698+0000] {processor.py:154} INFO - Started process (PID=30675) to work on /workspace/airflow/dags/job_finance_data_lake.py
[2022-12-26T14:28:33.699+0000] {processor.py:756} INFO - Processing file /workspace/airflow/dags/job_finance_data_lake.py for tasks to queue
[2022-12-26T14:28:33.700+0000] {logging_mixin.py:137} INFO - [2022-12-26T14:28:33.699+0000] {dagbag.py:537} INFO - Filling up the DagBag from /workspace/airflow/dags/job_finance_data_lake.py
[2022-12-26T14:28:34.137+0000] {processor.py:766} INFO - DAG(s) dict_keys(['finance_data_lake']) retrieved from /workspace/airflow/dags/job_finance_data_lake.py
[2022-12-26T14:28:34.151+0000] {logging_mixin.py:137} INFO - [2022-12-26T14:28:34.151+0000] {dag.py:2585} INFO - Sync 1 DAGs
[2022-12-26T14:28:34.165+0000] {logging_mixin.py:137} INFO - [2022-12-26T14:28:34.165+0000] {dag.py:3336} INFO - Setting next_dagrun for finance_data_lake to 2022-12-26T14:13:32.947636+00:00, run_after=2022-12-27T14:13:32.947636+00:00
[2022-12-26T14:28:34.202+0000] {processor.py:176} INFO - Processing /workspace/airflow/dags/job_finance_data_lake.py took 0.506 seconds
[2022-12-26T14:29:04.566+0000] {processor.py:154} INFO - Started process (PID=31172) to work on /workspace/airflow/dags/job_finance_data_lake.py
[2022-12-26T14:29:04.567+0000] {processor.py:756} INFO - Processing file /workspace/airflow/dags/job_finance_data_lake.py for tasks to queue
[2022-12-26T14:29:04.568+0000] {logging_mixin.py:137} INFO - [2022-12-26T14:29:04.567+0000] {dagbag.py:537} INFO - Filling up the DagBag from /workspace/airflow/dags/job_finance_data_lake.py
[2022-12-26T14:29:05.034+0000] {processor.py:766} INFO - DAG(s) dict_keys(['finance_data_lake']) retrieved from /workspace/airflow/dags/job_finance_data_lake.py
[2022-12-26T14:29:05.050+0000] {logging_mixin.py:137} INFO - [2022-12-26T14:29:05.050+0000] {dag.py:2585} INFO - Sync 1 DAGs
[2022-12-26T14:29:05.069+0000] {logging_mixin.py:137} INFO - [2022-12-26T14:29:05.068+0000] {dag.py:3336} INFO - Setting next_dagrun for finance_data_lake to 2022-12-26T14:13:32.947636+00:00, run_after=2022-12-27T14:13:32.947636+00:00
[2022-12-26T14:29:05.108+0000] {processor.py:176} INFO - Processing /workspace/airflow/dags/job_finance_data_lake.py took 0.544 seconds
[2022-12-26T14:29:35.352+0000] {processor.py:154} INFO - Started process (PID=31927) to work on /workspace/airflow/dags/job_finance_data_lake.py
[2022-12-26T14:29:35.353+0000] {processor.py:756} INFO - Processing file /workspace/airflow/dags/job_finance_data_lake.py for tasks to queue
[2022-12-26T14:29:35.354+0000] {logging_mixin.py:137} INFO - [2022-12-26T14:29:35.354+0000] {dagbag.py:537} INFO - Filling up the DagBag from /workspace/airflow/dags/job_finance_data_lake.py
[2022-12-26T14:29:35.810+0000] {processor.py:766} INFO - DAG(s) dict_keys(['finance_data_lake']) retrieved from /workspace/airflow/dags/job_finance_data_lake.py
[2022-12-26T14:29:35.826+0000] {logging_mixin.py:137} INFO - [2022-12-26T14:29:35.826+0000] {dag.py:2585} INFO - Sync 1 DAGs
[2022-12-26T14:29:35.843+0000] {logging_mixin.py:137} INFO - [2022-12-26T14:29:35.843+0000] {dag.py:3336} INFO - Setting next_dagrun for finance_data_lake to 2022-12-26T14:13:32.947636+00:00, run_after=2022-12-27T14:13:32.947636+00:00
[2022-12-26T14:29:35.880+0000] {processor.py:176} INFO - Processing /workspace/airflow/dags/job_finance_data_lake.py took 0.530 seconds
[2022-12-26T14:30:06.166+0000] {processor.py:154} INFO - Started process (PID=32027) to work on /workspace/airflow/dags/job_finance_data_lake.py
[2022-12-26T14:30:06.167+0000] {processor.py:756} INFO - Processing file /workspace/airflow/dags/job_finance_data_lake.py for tasks to queue
[2022-12-26T14:30:06.168+0000] {logging_mixin.py:137} INFO - [2022-12-26T14:30:06.168+0000] {dagbag.py:537} INFO - Filling up the DagBag from /workspace/airflow/dags/job_finance_data_lake.py
[2022-12-26T14:30:06.625+0000] {processor.py:766} INFO - DAG(s) dict_keys(['finance_data_lake']) retrieved from /workspace/airflow/dags/job_finance_data_lake.py
[2022-12-26T14:30:06.640+0000] {logging_mixin.py:137} INFO - [2022-12-26T14:30:06.639+0000] {dag.py:2585} INFO - Sync 1 DAGs
[2022-12-26T14:30:06.655+0000] {logging_mixin.py:137} INFO - [2022-12-26T14:30:06.655+0000] {dag.py:3336} INFO - Setting next_dagrun for finance_data_lake to 2022-12-26T14:13:32.947636+00:00, run_after=2022-12-27T14:13:32.947636+00:00
[2022-12-26T14:30:06.691+0000] {processor.py:176} INFO - Processing /workspace/airflow/dags/job_finance_data_lake.py took 0.527 seconds
[2022-12-26T14:30:36.979+0000] {processor.py:154} INFO - Started process (PID=32119) to work on /workspace/airflow/dags/job_finance_data_lake.py
[2022-12-26T14:30:36.980+0000] {processor.py:756} INFO - Processing file /workspace/airflow/dags/job_finance_data_lake.py for tasks to queue
[2022-12-26T14:30:36.981+0000] {logging_mixin.py:137} INFO - [2022-12-26T14:30:36.981+0000] {dagbag.py:537} INFO - Filling up the DagBag from /workspace/airflow/dags/job_finance_data_lake.py
[2022-12-26T14:30:37.428+0000] {processor.py:766} INFO - DAG(s) dict_keys(['finance_data_lake']) retrieved from /workspace/airflow/dags/job_finance_data_lake.py
[2022-12-26T14:30:37.443+0000] {logging_mixin.py:137} INFO - [2022-12-26T14:30:37.442+0000] {dag.py:2585} INFO - Sync 1 DAGs
[2022-12-26T14:30:37.460+0000] {logging_mixin.py:137} INFO - [2022-12-26T14:30:37.460+0000] {dag.py:3336} INFO - Setting next_dagrun for finance_data_lake to 2022-12-26T14:13:32.947636+00:00, run_after=2022-12-27T14:13:32.947636+00:00
[2022-12-26T14:30:37.498+0000] {processor.py:176} INFO - Processing /workspace/airflow/dags/job_finance_data_lake.py took 0.520 seconds
[2022-12-26T14:31:07.790+0000] {processor.py:154} INFO - Started process (PID=32213) to work on /workspace/airflow/dags/job_finance_data_lake.py
[2022-12-26T14:31:07.790+0000] {processor.py:756} INFO - Processing file /workspace/airflow/dags/job_finance_data_lake.py for tasks to queue
[2022-12-26T14:31:07.791+0000] {logging_mixin.py:137} INFO - [2022-12-26T14:31:07.791+0000] {dagbag.py:537} INFO - Filling up the DagBag from /workspace/airflow/dags/job_finance_data_lake.py
[2022-12-26T14:31:08.234+0000] {processor.py:766} INFO - DAG(s) dict_keys(['finance_data_lake']) retrieved from /workspace/airflow/dags/job_finance_data_lake.py
[2022-12-26T14:31:08.251+0000] {logging_mixin.py:137} INFO - [2022-12-26T14:31:08.250+0000] {dag.py:2585} INFO - Sync 1 DAGs
[2022-12-26T14:31:08.267+0000] {logging_mixin.py:137} INFO - [2022-12-26T14:31:08.267+0000] {dag.py:3336} INFO - Setting next_dagrun for finance_data_lake to 2022-12-26T14:13:32.947636+00:00, run_after=2022-12-27T14:13:32.947636+00:00
[2022-12-26T14:31:08.306+0000] {processor.py:176} INFO - Processing /workspace/airflow/dags/job_finance_data_lake.py took 0.519 seconds
[2022-12-26T14:31:38.605+0000] {processor.py:154} INFO - Started process (PID=32305) to work on /workspace/airflow/dags/job_finance_data_lake.py
[2022-12-26T14:31:38.606+0000] {processor.py:756} INFO - Processing file /workspace/airflow/dags/job_finance_data_lake.py for tasks to queue
[2022-12-26T14:31:38.606+0000] {logging_mixin.py:137} INFO - [2022-12-26T14:31:38.606+0000] {dagbag.py:537} INFO - Filling up the DagBag from /workspace/airflow/dags/job_finance_data_lake.py
[2022-12-26T14:31:39.044+0000] {processor.py:766} INFO - DAG(s) dict_keys(['finance_data_lake']) retrieved from /workspace/airflow/dags/job_finance_data_lake.py
[2022-12-26T14:31:39.060+0000] {logging_mixin.py:137} INFO - [2022-12-26T14:31:39.060+0000] {dag.py:2585} INFO - Sync 1 DAGs
[2022-12-26T14:31:39.075+0000] {logging_mixin.py:137} INFO - [2022-12-26T14:31:39.075+0000] {dag.py:3336} INFO - Setting next_dagrun for finance_data_lake to 2022-12-26T14:13:32.947636+00:00, run_after=2022-12-27T14:13:32.947636+00:00
[2022-12-26T14:31:39.111+0000] {processor.py:176} INFO - Processing /workspace/airflow/dags/job_finance_data_lake.py took 0.508 seconds
[2022-12-26T14:32:09.367+0000] {processor.py:154} INFO - Started process (PID=32399) to work on /workspace/airflow/dags/job_finance_data_lake.py
[2022-12-26T14:32:09.368+0000] {processor.py:756} INFO - Processing file /workspace/airflow/dags/job_finance_data_lake.py for tasks to queue
[2022-12-26T14:32:09.369+0000] {logging_mixin.py:137} INFO - [2022-12-26T14:32:09.369+0000] {dagbag.py:537} INFO - Filling up the DagBag from /workspace/airflow/dags/job_finance_data_lake.py
[2022-12-26T14:32:09.890+0000] {processor.py:766} INFO - DAG(s) dict_keys(['finance_data_lake']) retrieved from /workspace/airflow/dags/job_finance_data_lake.py
[2022-12-26T14:32:09.905+0000] {logging_mixin.py:137} INFO - [2022-12-26T14:32:09.904+0000] {dag.py:2585} INFO - Sync 1 DAGs
[2022-12-26T14:32:09.919+0000] {logging_mixin.py:137} INFO - [2022-12-26T14:32:09.919+0000] {dag.py:3336} INFO - Setting next_dagrun for finance_data_lake to 2022-12-26T14:13:32.947636+00:00, run_after=2022-12-27T14:13:32.947636+00:00
[2022-12-26T14:32:09.955+0000] {processor.py:176} INFO - Processing /workspace/airflow/dags/job_finance_data_lake.py took 0.590 seconds
[2022-12-26T14:32:40.122+0000] {processor.py:154} INFO - Started process (PID=32491) to work on /workspace/airflow/dags/job_finance_data_lake.py
[2022-12-26T14:32:40.123+0000] {processor.py:756} INFO - Processing file /workspace/airflow/dags/job_finance_data_lake.py for tasks to queue
[2022-12-26T14:32:40.124+0000] {logging_mixin.py:137} INFO - [2022-12-26T14:32:40.124+0000] {dagbag.py:537} INFO - Filling up the DagBag from /workspace/airflow/dags/job_finance_data_lake.py
[2022-12-26T14:32:40.568+0000] {processor.py:766} INFO - DAG(s) dict_keys(['finance_data_lake']) retrieved from /workspace/airflow/dags/job_finance_data_lake.py
[2022-12-26T14:32:40.582+0000] {logging_mixin.py:137} INFO - [2022-12-26T14:32:40.582+0000] {dag.py:2585} INFO - Sync 1 DAGs
[2022-12-26T14:32:40.596+0000] {logging_mixin.py:137} INFO - [2022-12-26T14:32:40.596+0000] {dag.py:3336} INFO - Setting next_dagrun for finance_data_lake to 2022-12-26T14:13:32.947636+00:00, run_after=2022-12-27T14:13:32.947636+00:00
[2022-12-26T14:32:40.634+0000] {processor.py:176} INFO - Processing /workspace/airflow/dags/job_finance_data_lake.py took 0.514 seconds
[2022-12-26T14:33:10.879+0000] {processor.py:154} INFO - Started process (PID=32642) to work on /workspace/airflow/dags/job_finance_data_lake.py
[2022-12-26T14:33:10.879+0000] {processor.py:756} INFO - Processing file /workspace/airflow/dags/job_finance_data_lake.py for tasks to queue
[2022-12-26T14:33:10.880+0000] {logging_mixin.py:137} INFO - [2022-12-26T14:33:10.880+0000] {dagbag.py:537} INFO - Filling up the DagBag from /workspace/airflow/dags/job_finance_data_lake.py
[2022-12-26T14:33:11.310+0000] {processor.py:766} INFO - DAG(s) dict_keys(['finance_data_lake']) retrieved from /workspace/airflow/dags/job_finance_data_lake.py
[2022-12-26T14:33:11.326+0000] {logging_mixin.py:137} INFO - [2022-12-26T14:33:11.325+0000] {dag.py:2585} INFO - Sync 1 DAGs
[2022-12-26T14:33:11.340+0000] {logging_mixin.py:137} INFO - [2022-12-26T14:33:11.340+0000] {dag.py:3336} INFO - Setting next_dagrun for finance_data_lake to 2022-12-26T14:13:32.947636+00:00, run_after=2022-12-27T14:13:32.947636+00:00
[2022-12-26T14:33:11.376+0000] {processor.py:176} INFO - Processing /workspace/airflow/dags/job_finance_data_lake.py took 0.500 seconds
[2022-12-26T14:33:41.627+0000] {processor.py:154} INFO - Started process (PID=32734) to work on /workspace/airflow/dags/job_finance_data_lake.py
[2022-12-26T14:33:41.628+0000] {processor.py:756} INFO - Processing file /workspace/airflow/dags/job_finance_data_lake.py for tasks to queue
[2022-12-26T14:33:41.629+0000] {logging_mixin.py:137} INFO - [2022-12-26T14:33:41.629+0000] {dagbag.py:537} INFO - Filling up the DagBag from /workspace/airflow/dags/job_finance_data_lake.py
[2022-12-26T14:33:42.096+0000] {processor.py:766} INFO - DAG(s) dict_keys(['finance_data_lake']) retrieved from /workspace/airflow/dags/job_finance_data_lake.py
[2022-12-26T14:33:42.110+0000] {logging_mixin.py:137} INFO - [2022-12-26T14:33:42.110+0000] {dag.py:2585} INFO - Sync 1 DAGs
[2022-12-26T14:33:42.126+0000] {logging_mixin.py:137} INFO - [2022-12-26T14:33:42.126+0000] {dag.py:3336} INFO - Setting next_dagrun for finance_data_lake to 2022-12-26T14:13:32.947636+00:00, run_after=2022-12-27T14:13:32.947636+00:00
[2022-12-26T14:33:42.165+0000] {processor.py:176} INFO - Processing /workspace/airflow/dags/job_finance_data_lake.py took 0.541 seconds
