[2022-10-31T22:44:57.297+0000] {processor.py:154} INFO - Started process (PID=1443) to work on /root/.local/share/virtualenvs/workspace-dqq3IVyd/lib/python3.10/site-packages/airflow/example_dags/subdags/subdag.py
[2022-10-31T22:44:57.298+0000] {processor.py:756} INFO - Processing file /root/.local/share/virtualenvs/workspace-dqq3IVyd/lib/python3.10/site-packages/airflow/example_dags/subdags/subdag.py for tasks to queue
[2022-10-31T22:44:57.299+0000] {logging_mixin.py:120} INFO - [2022-10-31T22:44:57.298+0000] {dagbag.py:537} INFO - Filling up the DagBag from /root/.local/share/virtualenvs/workspace-dqq3IVyd/lib/python3.10/site-packages/airflow/example_dags/subdags/subdag.py
[2022-10-31T22:44:57.408+0000] {processor.py:768} WARNING - No viable dags retrieved from /root/.local/share/virtualenvs/workspace-dqq3IVyd/lib/python3.10/site-packages/airflow/example_dags/subdags/subdag.py
[2022-10-31T22:44:57.426+0000] {processor.py:176} INFO - Processing /root/.local/share/virtualenvs/workspace-dqq3IVyd/lib/python3.10/site-packages/airflow/example_dags/subdags/subdag.py took 0.132 seconds
[2022-10-31T22:45:36.068+0000] {processor.py:154} INFO - Started process (PID=1749) to work on /root/.local/share/virtualenvs/workspace-dqq3IVyd/lib/python3.10/site-packages/airflow/example_dags/subdags/subdag.py
[2022-10-31T22:45:36.069+0000] {processor.py:756} INFO - Processing file /root/.local/share/virtualenvs/workspace-dqq3IVyd/lib/python3.10/site-packages/airflow/example_dags/subdags/subdag.py for tasks to queue
[2022-10-31T22:45:36.070+0000] {logging_mixin.py:120} INFO - [2022-10-31T22:45:36.070+0000] {dagbag.py:537} INFO - Filling up the DagBag from /root/.local/share/virtualenvs/workspace-dqq3IVyd/lib/python3.10/site-packages/airflow/example_dags/subdags/subdag.py
[2022-10-31T22:45:36.073+0000] {processor.py:768} WARNING - No viable dags retrieved from /root/.local/share/virtualenvs/workspace-dqq3IVyd/lib/python3.10/site-packages/airflow/example_dags/subdags/subdag.py
[2022-10-31T22:45:36.088+0000] {processor.py:176} INFO - Processing /root/.local/share/virtualenvs/workspace-dqq3IVyd/lib/python3.10/site-packages/airflow/example_dags/subdags/subdag.py took 0.022 seconds
[2022-10-31T22:46:16.498+0000] {processor.py:154} INFO - Started process (PID=2052) to work on /root/.local/share/virtualenvs/workspace-dqq3IVyd/lib/python3.10/site-packages/airflow/example_dags/subdags/subdag.py
[2022-10-31T22:46:16.499+0000] {processor.py:756} INFO - Processing file /root/.local/share/virtualenvs/workspace-dqq3IVyd/lib/python3.10/site-packages/airflow/example_dags/subdags/subdag.py for tasks to queue
[2022-10-31T22:46:16.499+0000] {logging_mixin.py:120} INFO - [2022-10-31T22:46:16.499+0000] {dagbag.py:537} INFO - Filling up the DagBag from /root/.local/share/virtualenvs/workspace-dqq3IVyd/lib/python3.10/site-packages/airflow/example_dags/subdags/subdag.py
[2022-10-31T22:46:16.503+0000] {processor.py:768} WARNING - No viable dags retrieved from /root/.local/share/virtualenvs/workspace-dqq3IVyd/lib/python3.10/site-packages/airflow/example_dags/subdags/subdag.py
[2022-10-31T22:46:16.517+0000] {processor.py:176} INFO - Processing /root/.local/share/virtualenvs/workspace-dqq3IVyd/lib/python3.10/site-packages/airflow/example_dags/subdags/subdag.py took 0.023 seconds
[2022-10-31T22:46:57.205+0000] {processor.py:154} INFO - Started process (PID=2367) to work on /root/.local/share/virtualenvs/workspace-dqq3IVyd/lib/python3.10/site-packages/airflow/example_dags/subdags/subdag.py
[2022-10-31T22:46:57.206+0000] {processor.py:756} INFO - Processing file /root/.local/share/virtualenvs/workspace-dqq3IVyd/lib/python3.10/site-packages/airflow/example_dags/subdags/subdag.py for tasks to queue
[2022-10-31T22:46:57.207+0000] {logging_mixin.py:120} INFO - [2022-10-31T22:46:57.207+0000] {dagbag.py:537} INFO - Filling up the DagBag from /root/.local/share/virtualenvs/workspace-dqq3IVyd/lib/python3.10/site-packages/airflow/example_dags/subdags/subdag.py
[2022-10-31T22:46:57.211+0000] {processor.py:768} WARNING - No viable dags retrieved from /root/.local/share/virtualenvs/workspace-dqq3IVyd/lib/python3.10/site-packages/airflow/example_dags/subdags/subdag.py
[2022-10-31T22:46:57.222+0000] {processor.py:176} INFO - Processing /root/.local/share/virtualenvs/workspace-dqq3IVyd/lib/python3.10/site-packages/airflow/example_dags/subdags/subdag.py took 0.019 seconds
[2022-10-31T22:47:43.423+0000] {processor.py:154} INFO - Started process (PID=2713) to work on /root/.local/share/virtualenvs/workspace-dqq3IVyd/lib/python3.10/site-packages/airflow/example_dags/subdags/subdag.py
[2022-10-31T22:47:43.423+0000] {processor.py:756} INFO - Processing file /root/.local/share/virtualenvs/workspace-dqq3IVyd/lib/python3.10/site-packages/airflow/example_dags/subdags/subdag.py for tasks to queue
[2022-10-31T22:47:43.424+0000] {logging_mixin.py:120} INFO - [2022-10-31T22:47:43.424+0000] {dagbag.py:537} INFO - Filling up the DagBag from /root/.local/share/virtualenvs/workspace-dqq3IVyd/lib/python3.10/site-packages/airflow/example_dags/subdags/subdag.py
[2022-10-31T22:47:43.427+0000] {processor.py:768} WARNING - No viable dags retrieved from /root/.local/share/virtualenvs/workspace-dqq3IVyd/lib/python3.10/site-packages/airflow/example_dags/subdags/subdag.py
[2022-10-31T22:47:43.441+0000] {processor.py:176} INFO - Processing /root/.local/share/virtualenvs/workspace-dqq3IVyd/lib/python3.10/site-packages/airflow/example_dags/subdags/subdag.py took 0.021 seconds
