[2022-12-22T22:07:07.978+0000] {taskinstance.py:1165} INFO - Dependencies all met for <TaskInstance: finance_data_lake.create_bucket scheduled__2022-12-21T22:07:05.161335+00:00 [queued]>
[2022-12-22T22:07:07.988+0000] {taskinstance.py:1165} INFO - Dependencies all met for <TaskInstance: finance_data_lake.create_bucket scheduled__2022-12-21T22:07:05.161335+00:00 [queued]>
[2022-12-22T22:07:07.988+0000] {taskinstance.py:1362} INFO - 
--------------------------------------------------------------------------------
[2022-12-22T22:07:07.988+0000] {taskinstance.py:1363} INFO - Starting attempt 1 of 1
[2022-12-22T22:07:07.989+0000] {taskinstance.py:1364} INFO - 
--------------------------------------------------------------------------------
[2022-12-22T22:07:08.008+0000] {taskinstance.py:1383} INFO - Executing <Task(PythonOperator): create_bucket> on 2022-12-21 22:07:05.161335+00:00
[2022-12-22T22:07:08.011+0000] {standard_task_runner.py:55} INFO - Started process 2592 to run task
[2022-12-22T22:07:08.013+0000] {standard_task_runner.py:82} INFO - Running: ['airflow', 'tasks', 'run', 'finance_data_lake', 'create_bucket', 'scheduled__2022-12-21T22:07:05.161335+00:00', '--job-id', '49', '--raw', '--subdir', 'DAGS_FOLDER/job_finance_data_lake.py', '--cfg-path', '/tmp/tmpf3yu4ay2']
[2022-12-22T22:07:08.014+0000] {standard_task_runner.py:83} INFO - Job 49: Subtask create_bucket
[2022-12-22T22:07:08.075+0000] {task_command.py:376} INFO - Running <TaskInstance: finance_data_lake.create_bucket scheduled__2022-12-21T22:07:05.161335+00:00 [running]> on host 92923f118f93
[2022-12-22T22:07:08.152+0000] {taskinstance.py:1590} INFO - Exporting the following env vars:
AIRFLOW_CTX_DAG_OWNER=airflow
AIRFLOW_CTX_DAG_ID=finance_data_lake
AIRFLOW_CTX_TASK_ID=create_bucket
AIRFLOW_CTX_EXECUTION_DATE=2022-12-21T22:07:05.161335+00:00
AIRFLOW_CTX_TRY_NUMBER=1
AIRFLOW_CTX_DAG_RUN_ID=scheduled__2022-12-21T22:07:05.161335+00:00
[2022-12-22T22:07:08.596+0000] {python.py:177} INFO - Done. Returned value was: None
[2022-12-22T22:07:08.605+0000] {taskinstance.py:1401} INFO - Marking task as SUCCESS. dag_id=finance_data_lake, task_id=create_bucket, execution_date=20221221T220705, start_date=20221222T220707, end_date=20221222T220708
[2022-12-22T22:07:08.627+0000] {local_task_job.py:159} INFO - Task exited with return code 0
[2022-12-22T22:07:08.652+0000] {taskinstance.py:2623} INFO - 1 downstream tasks scheduled from follow-on schedule check
