[2022-11-16T12:36:36.382+0000] {processor.py:154} INFO - Started process (PID=2011) to work on /workspace/airflow/dags/job_finance_data_lake.py
[2022-11-16T12:36:36.383+0000] {processor.py:756} INFO - Processing file /workspace/airflow/dags/job_finance_data_lake.py for tasks to queue
[2022-11-16T12:36:36.384+0000] {logging_mixin.py:137} INFO - [2022-11-16T12:36:36.384+0000] {dagbag.py:537} INFO - Filling up the DagBag from /workspace/airflow/dags/job_finance_data_lake.py
[2022-11-16T12:36:36.771+0000] {processor.py:766} INFO - DAG(s) dict_keys(['finance_data_lake']) retrieved from /workspace/airflow/dags/job_finance_data_lake.py
[2022-11-16T12:36:36.939+0000] {logging_mixin.py:137} INFO - [2022-11-16T12:36:36.939+0000] {manager.py:507} INFO - Created Permission View: can edit on DAG:finance_data_lake
[2022-11-16T12:36:36.958+0000] {logging_mixin.py:137} INFO - [2022-11-16T12:36:36.958+0000] {manager.py:507} INFO - Created Permission View: can delete on DAG:finance_data_lake
[2022-11-16T12:36:36.977+0000] {logging_mixin.py:137} INFO - [2022-11-16T12:36:36.977+0000] {manager.py:507} INFO - Created Permission View: can read on DAG:finance_data_lake
[2022-11-16T12:36:36.978+0000] {logging_mixin.py:137} INFO - [2022-11-16T12:36:36.977+0000] {dag.py:2585} INFO - Sync 1 DAGs
[2022-11-16T12:36:36.989+0000] {logging_mixin.py:137} INFO - [2022-11-16T12:36:36.988+0000] {dag.py:2606} INFO - Creating ORM DAG for finance_data_lake
[2022-11-16T12:36:36.996+0000] {logging_mixin.py:137} INFO - [2022-11-16T12:36:36.996+0000] {dag.py:3336} INFO - Setting next_dagrun for finance_data_lake to 2022-11-15T12:36:36.995922+00:00, run_after=2022-11-16T12:36:36.995922+00:00
[2022-11-16T12:36:37.033+0000] {processor.py:176} INFO - Processing /workspace/airflow/dags/job_finance_data_lake.py took 0.653 seconds
[2022-11-16T12:37:07.900+0000] {processor.py:154} INFO - Started process (PID=2294) to work on /workspace/airflow/dags/job_finance_data_lake.py
[2022-11-16T12:37:07.901+0000] {processor.py:756} INFO - Processing file /workspace/airflow/dags/job_finance_data_lake.py for tasks to queue
[2022-11-16T12:37:07.902+0000] {logging_mixin.py:137} INFO - [2022-11-16T12:37:07.902+0000] {dagbag.py:537} INFO - Filling up the DagBag from /workspace/airflow/dags/job_finance_data_lake.py
[2022-11-16T12:37:08.202+0000] {processor.py:766} INFO - DAG(s) dict_keys(['finance_data_lake']) retrieved from /workspace/airflow/dags/job_finance_data_lake.py
[2022-11-16T12:37:08.235+0000] {logging_mixin.py:137} INFO - [2022-11-16T12:37:08.235+0000] {dag.py:2585} INFO - Sync 1 DAGs
[2022-11-16T12:37:08.350+0000] {logging_mixin.py:137} INFO - [2022-11-16T12:37:08.349+0000] {dag.py:3336} INFO - Setting next_dagrun for finance_data_lake to 2022-11-15T12:37:08.349703+00:00, run_after=2022-11-16T12:37:08.349703+00:00
[2022-11-16T12:37:08.405+0000] {processor.py:176} INFO - Processing /workspace/airflow/dags/job_finance_data_lake.py took 0.506 seconds
[2022-11-16T12:37:36.370+0000] {processor.py:154} INFO - Started process (PID=2590) to work on /workspace/airflow/dags/job_finance_data_lake.py
[2022-11-16T12:37:36.370+0000] {processor.py:756} INFO - Processing file /workspace/airflow/dags/job_finance_data_lake.py for tasks to queue
[2022-11-16T12:37:36.371+0000] {logging_mixin.py:137} INFO - [2022-11-16T12:37:36.371+0000] {dagbag.py:537} INFO - Filling up the DagBag from /workspace/airflow/dags/job_finance_data_lake.py
[2022-11-16T12:37:36.758+0000] {processor.py:766} INFO - DAG(s) dict_keys(['finance_data_lake']) retrieved from /workspace/airflow/dags/job_finance_data_lake.py
[2022-11-16T12:37:36.780+0000] {logging_mixin.py:137} INFO - [2022-11-16T12:37:36.780+0000] {dag.py:2585} INFO - Sync 1 DAGs
[2022-11-16T12:37:36.802+0000] {logging_mixin.py:137} INFO - [2022-11-16T12:37:36.802+0000] {dag.py:3336} INFO - Setting next_dagrun for finance_data_lake to 2022-11-15T12:37:36.802600+00:00, run_after=2022-11-16T12:37:36.802600+00:00
[2022-11-16T12:37:36.848+0000] {processor.py:176} INFO - Processing /workspace/airflow/dags/job_finance_data_lake.py took 0.481 seconds
[2022-11-16T12:38:07.761+0000] {processor.py:154} INFO - Started process (PID=2895) to work on /workspace/airflow/dags/job_finance_data_lake.py
[2022-11-16T12:38:07.762+0000] {processor.py:756} INFO - Processing file /workspace/airflow/dags/job_finance_data_lake.py for tasks to queue
[2022-11-16T12:38:07.763+0000] {logging_mixin.py:137} INFO - [2022-11-16T12:38:07.763+0000] {dagbag.py:537} INFO - Filling up the DagBag from /workspace/airflow/dags/job_finance_data_lake.py
[2022-11-16T12:38:08.089+0000] {processor.py:766} INFO - DAG(s) dict_keys(['finance_data_lake']) retrieved from /workspace/airflow/dags/job_finance_data_lake.py
[2022-11-16T12:38:08.122+0000] {logging_mixin.py:137} INFO - [2022-11-16T12:38:08.122+0000] {dag.py:2585} INFO - Sync 1 DAGs
[2022-11-16T12:38:08.241+0000] {logging_mixin.py:137} INFO - [2022-11-16T12:38:08.241+0000] {dag.py:3336} INFO - Setting next_dagrun for finance_data_lake to 2022-11-15T12:38:08.241284+00:00, run_after=2022-11-16T12:38:08.241284+00:00
[2022-11-16T12:38:08.283+0000] {processor.py:176} INFO - Processing /workspace/airflow/dags/job_finance_data_lake.py took 0.524 seconds
[2022-11-16T12:38:39.353+0000] {processor.py:154} INFO - Started process (PID=2989) to work on /workspace/airflow/dags/job_finance_data_lake.py
[2022-11-16T12:38:39.354+0000] {processor.py:756} INFO - Processing file /workspace/airflow/dags/job_finance_data_lake.py for tasks to queue
[2022-11-16T12:38:39.355+0000] {logging_mixin.py:137} INFO - [2022-11-16T12:38:39.354+0000] {dagbag.py:537} INFO - Filling up the DagBag from /workspace/airflow/dags/job_finance_data_lake.py
[2022-11-16T12:38:39.684+0000] {processor.py:766} INFO - DAG(s) dict_keys(['finance_data_lake']) retrieved from /workspace/airflow/dags/job_finance_data_lake.py
[2022-11-16T12:38:39.712+0000] {logging_mixin.py:137} INFO - [2022-11-16T12:38:39.712+0000] {dag.py:2585} INFO - Sync 1 DAGs
[2022-11-16T12:38:39.807+0000] {logging_mixin.py:137} INFO - [2022-11-16T12:38:39.807+0000] {dag.py:3336} INFO - Setting next_dagrun for finance_data_lake to 2022-11-15T12:38:39.807285+00:00, run_after=2022-11-16T12:38:39.807285+00:00
[2022-11-16T12:38:39.852+0000] {processor.py:176} INFO - Processing /workspace/airflow/dags/job_finance_data_lake.py took 0.501 seconds
[2022-11-16T12:39:10.908+0000] {processor.py:154} INFO - Started process (PID=3087) to work on /workspace/airflow/dags/job_finance_data_lake.py
[2022-11-16T12:39:10.909+0000] {processor.py:756} INFO - Processing file /workspace/airflow/dags/job_finance_data_lake.py for tasks to queue
[2022-11-16T12:39:10.910+0000] {logging_mixin.py:137} INFO - [2022-11-16T12:39:10.909+0000] {dagbag.py:537} INFO - Filling up the DagBag from /workspace/airflow/dags/job_finance_data_lake.py
[2022-11-16T12:39:11.223+0000] {processor.py:766} INFO - DAG(s) dict_keys(['finance_data_lake']) retrieved from /workspace/airflow/dags/job_finance_data_lake.py
[2022-11-16T12:39:11.251+0000] {logging_mixin.py:137} INFO - [2022-11-16T12:39:11.251+0000] {dag.py:2585} INFO - Sync 1 DAGs
[2022-11-16T12:39:11.344+0000] {logging_mixin.py:137} INFO - [2022-11-16T12:39:11.344+0000] {dag.py:3336} INFO - Setting next_dagrun for finance_data_lake to 2022-11-15T12:39:11.344525+00:00, run_after=2022-11-16T12:39:11.344525+00:00
[2022-11-16T12:39:11.387+0000] {processor.py:176} INFO - Processing /workspace/airflow/dags/job_finance_data_lake.py took 0.481 seconds
[2022-11-16T12:40:00.437+0000] {processor.py:154} INFO - Started process (PID=3439) to work on /workspace/airflow/dags/job_finance_data_lake.py
[2022-11-16T12:40:00.439+0000] {processor.py:756} INFO - Processing file /workspace/airflow/dags/job_finance_data_lake.py for tasks to queue
[2022-11-16T12:40:00.440+0000] {logging_mixin.py:137} INFO - [2022-11-16T12:40:00.440+0000] {dagbag.py:537} INFO - Filling up the DagBag from /workspace/airflow/dags/job_finance_data_lake.py
[2022-11-16T12:40:00.911+0000] {processor.py:766} INFO - DAG(s) dict_keys(['finance_data_lake']) retrieved from /workspace/airflow/dags/job_finance_data_lake.py
[2022-11-16T12:40:00.931+0000] {logging_mixin.py:137} INFO - [2022-11-16T12:40:00.931+0000] {dag.py:2585} INFO - Sync 1 DAGs
[2022-11-16T12:40:00.948+0000] {logging_mixin.py:137} INFO - [2022-11-16T12:40:00.948+0000] {dag.py:3336} INFO - Setting next_dagrun for finance_data_lake to 2022-11-15T12:40:00.948494+00:00, run_after=2022-11-16T12:40:00.948494+00:00
[2022-11-16T12:40:00.994+0000] {processor.py:176} INFO - Processing /workspace/airflow/dags/job_finance_data_lake.py took 0.560 seconds
[2022-11-16T12:44:13.483+0000] {processor.py:154} INFO - Started process (PID=4533) to work on /workspace/airflow/dags/job_finance_data_lake.py
[2022-11-16T12:44:13.484+0000] {processor.py:756} INFO - Processing file /workspace/airflow/dags/job_finance_data_lake.py for tasks to queue
[2022-11-16T12:44:13.485+0000] {logging_mixin.py:137} INFO - [2022-11-16T12:44:13.485+0000] {dagbag.py:537} INFO - Filling up the DagBag from /workspace/airflow/dags/job_finance_data_lake.py
[2022-11-16T12:44:13.872+0000] {processor.py:766} INFO - DAG(s) dict_keys(['finance_data_lake']) retrieved from /workspace/airflow/dags/job_finance_data_lake.py
[2022-11-16T12:44:13.889+0000] {logging_mixin.py:137} INFO - [2022-11-16T12:44:13.889+0000] {dag.py:2585} INFO - Sync 1 DAGs
[2022-11-16T12:44:13.903+0000] {logging_mixin.py:137} INFO - [2022-11-16T12:44:13.903+0000] {dag.py:3336} INFO - Setting next_dagrun for finance_data_lake to 2022-11-15T12:44:13.903339+00:00, run_after=2022-11-16T12:44:13.903339+00:00
[2022-11-16T12:44:13.941+0000] {processor.py:176} INFO - Processing /workspace/airflow/dags/job_finance_data_lake.py took 0.460 seconds
[2022-11-16T12:44:44.854+0000] {processor.py:154} INFO - Started process (PID=5595) to work on /workspace/airflow/dags/job_finance_data_lake.py
[2022-11-16T12:44:44.855+0000] {processor.py:756} INFO - Processing file /workspace/airflow/dags/job_finance_data_lake.py for tasks to queue
[2022-11-16T12:44:44.855+0000] {logging_mixin.py:137} INFO - [2022-11-16T12:44:44.855+0000] {dagbag.py:537} INFO - Filling up the DagBag from /workspace/airflow/dags/job_finance_data_lake.py
[2022-11-16T12:44:45.183+0000] {processor.py:766} INFO - DAG(s) dict_keys(['finance_data_lake']) retrieved from /workspace/airflow/dags/job_finance_data_lake.py
[2022-11-16T12:44:45.211+0000] {logging_mixin.py:137} INFO - [2022-11-16T12:44:45.211+0000] {dag.py:2585} INFO - Sync 1 DAGs
[2022-11-16T12:44:45.304+0000] {logging_mixin.py:137} INFO - [2022-11-16T12:44:45.304+0000] {dag.py:3336} INFO - Setting next_dagrun for finance_data_lake to 2022-11-15T12:44:45.304668+00:00, run_after=2022-11-16T12:44:45.304668+00:00
[2022-11-16T12:44:45.349+0000] {processor.py:176} INFO - Processing /workspace/airflow/dags/job_finance_data_lake.py took 0.497 seconds
[2022-11-16T12:45:16.485+0000] {processor.py:154} INFO - Started process (PID=7134) to work on /workspace/airflow/dags/job_finance_data_lake.py
[2022-11-16T12:45:16.485+0000] {processor.py:756} INFO - Processing file /workspace/airflow/dags/job_finance_data_lake.py for tasks to queue
[2022-11-16T12:45:16.486+0000] {logging_mixin.py:137} INFO - [2022-11-16T12:45:16.486+0000] {dagbag.py:537} INFO - Filling up the DagBag from /workspace/airflow/dags/job_finance_data_lake.py
[2022-11-16T12:45:16.812+0000] {processor.py:766} INFO - DAG(s) dict_keys(['finance_data_lake']) retrieved from /workspace/airflow/dags/job_finance_data_lake.py
[2022-11-16T12:45:16.840+0000] {logging_mixin.py:137} INFO - [2022-11-16T12:45:16.839+0000] {dag.py:2585} INFO - Sync 1 DAGs
[2022-11-16T12:45:16.937+0000] {logging_mixin.py:137} INFO - [2022-11-16T12:45:16.936+0000] {dag.py:3336} INFO - Setting next_dagrun for finance_data_lake to 2022-11-15T12:45:16.936790+00:00, run_after=2022-11-16T12:45:16.936790+00:00
[2022-11-16T12:45:16.977+0000] {processor.py:176} INFO - Processing /workspace/airflow/dags/job_finance_data_lake.py took 0.494 seconds
[2022-11-16T12:45:47.054+0000] {processor.py:154} INFO - Started process (PID=7867) to work on /workspace/airflow/dags/job_finance_data_lake.py
[2022-11-16T12:45:47.055+0000] {processor.py:756} INFO - Processing file /workspace/airflow/dags/job_finance_data_lake.py for tasks to queue
[2022-11-16T12:45:47.055+0000] {logging_mixin.py:137} INFO - [2022-11-16T12:45:47.055+0000] {dagbag.py:537} INFO - Filling up the DagBag from /workspace/airflow/dags/job_finance_data_lake.py
[2022-11-16T12:45:47.377+0000] {processor.py:766} INFO - DAG(s) dict_keys(['finance_data_lake']) retrieved from /workspace/airflow/dags/job_finance_data_lake.py
[2022-11-16T12:45:47.406+0000] {logging_mixin.py:137} INFO - [2022-11-16T12:45:47.406+0000] {dag.py:2585} INFO - Sync 1 DAGs
[2022-11-16T12:45:47.502+0000] {logging_mixin.py:137} INFO - [2022-11-16T12:45:47.502+0000] {dag.py:3336} INFO - Setting next_dagrun for finance_data_lake to 2022-11-15T12:45:47.502397+00:00, run_after=2022-11-16T12:45:47.502397+00:00
[2022-11-16T12:45:47.546+0000] {processor.py:176} INFO - Processing /workspace/airflow/dags/job_finance_data_lake.py took 0.494 seconds
[2022-11-16T12:45:55.070+0000] {processor.py:154} INFO - Started process (PID=7892) to work on /workspace/airflow/dags/job_finance_data_lake.py
[2022-11-16T12:45:55.071+0000] {processor.py:756} INFO - Processing file /workspace/airflow/dags/job_finance_data_lake.py for tasks to queue
[2022-11-16T12:45:55.072+0000] {logging_mixin.py:137} INFO - [2022-11-16T12:45:55.072+0000] {dagbag.py:537} INFO - Filling up the DagBag from /workspace/airflow/dags/job_finance_data_lake.py
[2022-11-16T12:45:55.423+0000] {processor.py:766} INFO - DAG(s) dict_keys(['finance_data_lake']) retrieved from /workspace/airflow/dags/job_finance_data_lake.py
[2022-11-16T12:45:55.558+0000] {logging_mixin.py:137} INFO - [2022-11-16T12:45:55.557+0000] {dag.py:2585} INFO - Sync 1 DAGs
[2022-11-16T12:45:55.575+0000] {logging_mixin.py:137} INFO - [2022-11-16T12:45:55.575+0000] {dag.py:3336} INFO - Setting next_dagrun for finance_data_lake to 2022-11-15T12:45:55.575169+00:00, run_after=2022-11-16T12:45:55.575169+00:00
[2022-11-16T12:45:55.621+0000] {processor.py:176} INFO - Processing /workspace/airflow/dags/job_finance_data_lake.py took 0.553 seconds
[2022-11-16T12:46:26.199+0000] {processor.py:154} INFO - Started process (PID=9025) to work on /workspace/airflow/dags/job_finance_data_lake.py
[2022-11-16T12:46:26.200+0000] {processor.py:756} INFO - Processing file /workspace/airflow/dags/job_finance_data_lake.py for tasks to queue
[2022-11-16T12:46:26.200+0000] {logging_mixin.py:137} INFO - [2022-11-16T12:46:26.200+0000] {dagbag.py:537} INFO - Filling up the DagBag from /workspace/airflow/dags/job_finance_data_lake.py
[2022-11-16T12:46:26.538+0000] {processor.py:766} INFO - DAG(s) dict_keys(['finance_data_lake']) retrieved from /workspace/airflow/dags/job_finance_data_lake.py
[2022-11-16T12:46:26.563+0000] {logging_mixin.py:137} INFO - [2022-11-16T12:46:26.562+0000] {dag.py:2585} INFO - Sync 1 DAGs
[2022-11-16T12:46:26.658+0000] {logging_mixin.py:137} INFO - [2022-11-16T12:46:26.658+0000] {dag.py:3336} INFO - Setting next_dagrun for finance_data_lake to 2022-11-15T12:46:26.658659+00:00, run_after=2022-11-16T12:46:26.658659+00:00
[2022-11-16T12:46:26.699+0000] {processor.py:176} INFO - Processing /workspace/airflow/dags/job_finance_data_lake.py took 0.502 seconds
[2022-11-16T12:46:57.318+0000] {processor.py:154} INFO - Started process (PID=9303) to work on /workspace/airflow/dags/job_finance_data_lake.py
[2022-11-16T12:46:57.319+0000] {processor.py:756} INFO - Processing file /workspace/airflow/dags/job_finance_data_lake.py for tasks to queue
[2022-11-16T12:46:57.319+0000] {logging_mixin.py:137} INFO - [2022-11-16T12:46:57.319+0000] {dagbag.py:537} INFO - Filling up the DagBag from /workspace/airflow/dags/job_finance_data_lake.py
[2022-11-16T12:46:57.660+0000] {processor.py:766} INFO - DAG(s) dict_keys(['finance_data_lake']) retrieved from /workspace/airflow/dags/job_finance_data_lake.py
[2022-11-16T12:46:57.759+0000] {logging_mixin.py:137} INFO - [2022-11-16T12:46:57.682+0000] {dag.py:2585} INFO - Sync 1 DAGs
[2022-11-16T12:46:57.778+0000] {logging_mixin.py:137} INFO - [2022-11-16T12:46:57.778+0000] {dag.py:3336} INFO - Setting next_dagrun for finance_data_lake to 2022-11-15T12:46:57.778111+00:00, run_after=2022-11-16T12:46:57.778111+00:00
[2022-11-16T12:46:57.819+0000] {processor.py:176} INFO - Processing /workspace/airflow/dags/job_finance_data_lake.py took 0.503 seconds
[2022-11-16T12:47:28.435+0000] {processor.py:154} INFO - Started process (PID=10525) to work on /workspace/airflow/dags/job_finance_data_lake.py
[2022-11-16T12:47:28.435+0000] {processor.py:756} INFO - Processing file /workspace/airflow/dags/job_finance_data_lake.py for tasks to queue
[2022-11-16T12:47:28.436+0000] {logging_mixin.py:137} INFO - [2022-11-16T12:47:28.436+0000] {dagbag.py:537} INFO - Filling up the DagBag from /workspace/airflow/dags/job_finance_data_lake.py
[2022-11-16T12:47:28.768+0000] {processor.py:766} INFO - DAG(s) dict_keys(['finance_data_lake']) retrieved from /workspace/airflow/dags/job_finance_data_lake.py
[2022-11-16T12:47:28.863+0000] {logging_mixin.py:137} INFO - [2022-11-16T12:47:28.863+0000] {dag.py:2585} INFO - Sync 1 DAGs
[2022-11-16T12:47:28.880+0000] {logging_mixin.py:137} INFO - [2022-11-16T12:47:28.880+0000] {dag.py:3336} INFO - Setting next_dagrun for finance_data_lake to 2022-11-16T12:46:57.778111+00:00, run_after=2022-11-17T12:46:57.778111+00:00
[2022-11-16T12:47:28.919+0000] {processor.py:176} INFO - Processing /workspace/airflow/dags/job_finance_data_lake.py took 0.486 seconds
[2022-11-16T12:47:59.064+0000] {processor.py:154} INFO - Started process (PID=11079) to work on /workspace/airflow/dags/job_finance_data_lake.py
[2022-11-16T12:47:59.065+0000] {processor.py:756} INFO - Processing file /workspace/airflow/dags/job_finance_data_lake.py for tasks to queue
[2022-11-16T12:47:59.065+0000] {logging_mixin.py:137} INFO - [2022-11-16T12:47:59.065+0000] {dagbag.py:537} INFO - Filling up the DagBag from /workspace/airflow/dags/job_finance_data_lake.py
[2022-11-16T12:47:59.402+0000] {processor.py:766} INFO - DAG(s) dict_keys(['finance_data_lake']) retrieved from /workspace/airflow/dags/job_finance_data_lake.py
[2022-11-16T12:47:59.501+0000] {logging_mixin.py:137} INFO - [2022-11-16T12:47:59.501+0000] {dag.py:2585} INFO - Sync 1 DAGs
[2022-11-16T12:47:59.520+0000] {logging_mixin.py:137} INFO - [2022-11-16T12:47:59.519+0000] {dag.py:3336} INFO - Setting next_dagrun for finance_data_lake to 2022-11-16T12:46:57.778111+00:00, run_after=2022-11-17T12:46:57.778111+00:00
[2022-11-16T12:47:59.561+0000] {processor.py:176} INFO - Processing /workspace/airflow/dags/job_finance_data_lake.py took 0.499 seconds
[2022-11-16T12:48:29.783+0000] {processor.py:154} INFO - Started process (PID=12203) to work on /workspace/airflow/dags/job_finance_data_lake.py
[2022-11-16T12:48:29.784+0000] {processor.py:756} INFO - Processing file /workspace/airflow/dags/job_finance_data_lake.py for tasks to queue
[2022-11-16T12:48:29.785+0000] {logging_mixin.py:137} INFO - [2022-11-16T12:48:29.784+0000] {dagbag.py:537} INFO - Filling up the DagBag from /workspace/airflow/dags/job_finance_data_lake.py
[2022-11-16T12:48:30.209+0000] {processor.py:766} INFO - DAG(s) dict_keys(['finance_data_lake']) retrieved from /workspace/airflow/dags/job_finance_data_lake.py
[2022-11-16T12:48:30.228+0000] {logging_mixin.py:137} INFO - [2022-11-16T12:48:30.227+0000] {dag.py:2585} INFO - Sync 1 DAGs
[2022-11-16T12:48:30.244+0000] {logging_mixin.py:137} INFO - [2022-11-16T12:48:30.244+0000] {dag.py:3336} INFO - Setting next_dagrun for finance_data_lake to 2022-11-16T12:46:57.778111+00:00, run_after=2022-11-17T12:46:57.778111+00:00
[2022-11-16T12:48:30.282+0000] {processor.py:176} INFO - Processing /workspace/airflow/dags/job_finance_data_lake.py took 0.500 seconds
[2022-11-16T12:49:00.529+0000] {processor.py:154} INFO - Started process (PID=13341) to work on /workspace/airflow/dags/job_finance_data_lake.py
[2022-11-16T12:49:00.530+0000] {processor.py:756} INFO - Processing file /workspace/airflow/dags/job_finance_data_lake.py for tasks to queue
[2022-11-16T12:49:00.530+0000] {logging_mixin.py:137} INFO - [2022-11-16T12:49:00.530+0000] {dagbag.py:537} INFO - Filling up the DagBag from /workspace/airflow/dags/job_finance_data_lake.py
[2022-11-16T12:49:00.870+0000] {processor.py:766} INFO - DAG(s) dict_keys(['finance_data_lake']) retrieved from /workspace/airflow/dags/job_finance_data_lake.py
[2022-11-16T12:49:00.891+0000] {logging_mixin.py:137} INFO - [2022-11-16T12:49:00.891+0000] {dag.py:2585} INFO - Sync 1 DAGs
[2022-11-16T12:49:00.909+0000] {logging_mixin.py:137} INFO - [2022-11-16T12:49:00.909+0000] {dag.py:3336} INFO - Setting next_dagrun for finance_data_lake to 2022-11-16T12:46:57.778111+00:00, run_after=2022-11-17T12:46:57.778111+00:00
[2022-11-16T12:49:00.949+0000] {processor.py:176} INFO - Processing /workspace/airflow/dags/job_finance_data_lake.py took 0.422 seconds
[2022-11-16T12:49:31.176+0000] {processor.py:154} INFO - Started process (PID=13562) to work on /workspace/airflow/dags/job_finance_data_lake.py
[2022-11-16T12:49:31.177+0000] {processor.py:756} INFO - Processing file /workspace/airflow/dags/job_finance_data_lake.py for tasks to queue
[2022-11-16T12:49:31.178+0000] {logging_mixin.py:137} INFO - [2022-11-16T12:49:31.177+0000] {dagbag.py:537} INFO - Filling up the DagBag from /workspace/airflow/dags/job_finance_data_lake.py
[2022-11-16T12:49:31.599+0000] {processor.py:766} INFO - DAG(s) dict_keys(['finance_data_lake']) retrieved from /workspace/airflow/dags/job_finance_data_lake.py
[2022-11-16T12:49:31.620+0000] {logging_mixin.py:137} INFO - [2022-11-16T12:49:31.619+0000] {dag.py:2585} INFO - Sync 1 DAGs
[2022-11-16T12:49:31.635+0000] {logging_mixin.py:137} INFO - [2022-11-16T12:49:31.635+0000] {dag.py:3336} INFO - Setting next_dagrun for finance_data_lake to 2022-11-16T12:46:57.778111+00:00, run_after=2022-11-17T12:46:57.778111+00:00
[2022-11-16T12:49:31.673+0000] {processor.py:176} INFO - Processing /workspace/airflow/dags/job_finance_data_lake.py took 0.499 seconds
[2022-11-16T12:50:01.927+0000] {processor.py:154} INFO - Started process (PID=13654) to work on /workspace/airflow/dags/job_finance_data_lake.py
[2022-11-16T12:50:01.928+0000] {processor.py:756} INFO - Processing file /workspace/airflow/dags/job_finance_data_lake.py for tasks to queue
[2022-11-16T12:50:01.929+0000] {logging_mixin.py:137} INFO - [2022-11-16T12:50:01.929+0000] {dagbag.py:537} INFO - Filling up the DagBag from /workspace/airflow/dags/job_finance_data_lake.py
[2022-11-16T12:50:02.277+0000] {processor.py:766} INFO - DAG(s) dict_keys(['finance_data_lake']) retrieved from /workspace/airflow/dags/job_finance_data_lake.py
[2022-11-16T12:50:02.302+0000] {logging_mixin.py:137} INFO - [2022-11-16T12:50:02.302+0000] {dag.py:2585} INFO - Sync 1 DAGs
[2022-11-16T12:50:02.408+0000] {logging_mixin.py:137} INFO - [2022-11-16T12:50:02.407+0000] {dag.py:3336} INFO - Setting next_dagrun for finance_data_lake to 2022-11-16T12:46:57.778111+00:00, run_after=2022-11-17T12:46:57.778111+00:00
[2022-11-16T12:50:02.450+0000] {processor.py:176} INFO - Processing /workspace/airflow/dags/job_finance_data_lake.py took 0.525 seconds
[2022-11-16T12:50:32.671+0000] {processor.py:154} INFO - Started process (PID=13748) to work on /workspace/airflow/dags/job_finance_data_lake.py
[2022-11-16T12:50:32.671+0000] {processor.py:756} INFO - Processing file /workspace/airflow/dags/job_finance_data_lake.py for tasks to queue
[2022-11-16T12:50:32.672+0000] {logging_mixin.py:137} INFO - [2022-11-16T12:50:32.672+0000] {dagbag.py:537} INFO - Filling up the DagBag from /workspace/airflow/dags/job_finance_data_lake.py
[2022-11-16T12:50:33.018+0000] {processor.py:766} INFO - DAG(s) dict_keys(['finance_data_lake']) retrieved from /workspace/airflow/dags/job_finance_data_lake.py
[2022-11-16T12:50:33.042+0000] {logging_mixin.py:137} INFO - [2022-11-16T12:50:33.042+0000] {dag.py:2585} INFO - Sync 1 DAGs
[2022-11-16T12:50:33.145+0000] {logging_mixin.py:137} INFO - [2022-11-16T12:50:33.145+0000] {dag.py:3336} INFO - Setting next_dagrun for finance_data_lake to 2022-11-16T12:46:57.778111+00:00, run_after=2022-11-17T12:46:57.778111+00:00
[2022-11-16T12:50:33.184+0000] {processor.py:176} INFO - Processing /workspace/airflow/dags/job_finance_data_lake.py took 0.515 seconds
[2022-11-16T12:51:03.434+0000] {processor.py:154} INFO - Started process (PID=13961) to work on /workspace/airflow/dags/job_finance_data_lake.py
[2022-11-16T12:51:03.435+0000] {processor.py:756} INFO - Processing file /workspace/airflow/dags/job_finance_data_lake.py for tasks to queue
[2022-11-16T12:51:03.435+0000] {logging_mixin.py:137} INFO - [2022-11-16T12:51:03.435+0000] {dagbag.py:537} INFO - Filling up the DagBag from /workspace/airflow/dags/job_finance_data_lake.py
[2022-11-16T12:51:03.778+0000] {processor.py:766} INFO - DAG(s) dict_keys(['finance_data_lake']) retrieved from /workspace/airflow/dags/job_finance_data_lake.py
[2022-11-16T12:51:03.800+0000] {logging_mixin.py:137} INFO - [2022-11-16T12:51:03.799+0000] {dag.py:2585} INFO - Sync 1 DAGs
[2022-11-16T12:51:03.902+0000] {logging_mixin.py:137} INFO - [2022-11-16T12:51:03.902+0000] {dag.py:3336} INFO - Setting next_dagrun for finance_data_lake to 2022-11-16T12:46:57.778111+00:00, run_after=2022-11-17T12:46:57.778111+00:00
[2022-11-16T12:51:03.934+0000] {processor.py:176} INFO - Processing /workspace/airflow/dags/job_finance_data_lake.py took 0.502 seconds
[2022-11-16T12:51:34.177+0000] {processor.py:154} INFO - Started process (PID=14055) to work on /workspace/airflow/dags/job_finance_data_lake.py
[2022-11-16T12:51:34.178+0000] {processor.py:756} INFO - Processing file /workspace/airflow/dags/job_finance_data_lake.py for tasks to queue
[2022-11-16T12:51:34.179+0000] {logging_mixin.py:137} INFO - [2022-11-16T12:51:34.178+0000] {dagbag.py:537} INFO - Filling up the DagBag from /workspace/airflow/dags/job_finance_data_lake.py
[2022-11-16T12:51:34.534+0000] {processor.py:766} INFO - DAG(s) dict_keys(['finance_data_lake']) retrieved from /workspace/airflow/dags/job_finance_data_lake.py
[2022-11-16T12:51:34.650+0000] {logging_mixin.py:137} INFO - [2022-11-16T12:51:34.650+0000] {dag.py:2585} INFO - Sync 1 DAGs
[2022-11-16T12:51:34.669+0000] {logging_mixin.py:137} INFO - [2022-11-16T12:51:34.669+0000] {dag.py:3336} INFO - Setting next_dagrun for finance_data_lake to 2022-11-16T12:46:57.778111+00:00, run_after=2022-11-17T12:46:57.778111+00:00
[2022-11-16T12:51:34.710+0000] {processor.py:176} INFO - Processing /workspace/airflow/dags/job_finance_data_lake.py took 0.534 seconds
[2022-11-16T12:52:04.930+0000] {processor.py:154} INFO - Started process (PID=14147) to work on /workspace/airflow/dags/job_finance_data_lake.py
[2022-11-16T12:52:04.931+0000] {processor.py:756} INFO - Processing file /workspace/airflow/dags/job_finance_data_lake.py for tasks to queue
[2022-11-16T12:52:04.932+0000] {logging_mixin.py:137} INFO - [2022-11-16T12:52:04.931+0000] {dagbag.py:537} INFO - Filling up the DagBag from /workspace/airflow/dags/job_finance_data_lake.py
[2022-11-16T12:52:05.272+0000] {processor.py:766} INFO - DAG(s) dict_keys(['finance_data_lake']) retrieved from /workspace/airflow/dags/job_finance_data_lake.py
[2022-11-16T12:52:05.369+0000] {logging_mixin.py:137} INFO - [2022-11-16T12:52:05.369+0000] {dag.py:2585} INFO - Sync 1 DAGs
[2022-11-16T12:52:05.388+0000] {logging_mixin.py:137} INFO - [2022-11-16T12:52:05.388+0000] {dag.py:3336} INFO - Setting next_dagrun for finance_data_lake to 2022-11-16T12:46:57.778111+00:00, run_after=2022-11-17T12:46:57.778111+00:00
[2022-11-16T12:52:05.428+0000] {processor.py:176} INFO - Processing /workspace/airflow/dags/job_finance_data_lake.py took 0.499 seconds
[2022-11-16T12:52:35.679+0000] {processor.py:154} INFO - Started process (PID=14241) to work on /workspace/airflow/dags/job_finance_data_lake.py
[2022-11-16T12:52:35.680+0000] {processor.py:756} INFO - Processing file /workspace/airflow/dags/job_finance_data_lake.py for tasks to queue
[2022-11-16T12:52:35.681+0000] {logging_mixin.py:137} INFO - [2022-11-16T12:52:35.681+0000] {dagbag.py:537} INFO - Filling up the DagBag from /workspace/airflow/dags/job_finance_data_lake.py
[2022-11-16T12:52:36.102+0000] {processor.py:766} INFO - DAG(s) dict_keys(['finance_data_lake']) retrieved from /workspace/airflow/dags/job_finance_data_lake.py
[2022-11-16T12:52:36.121+0000] {logging_mixin.py:137} INFO - [2022-11-16T12:52:36.120+0000] {dag.py:2585} INFO - Sync 1 DAGs
[2022-11-16T12:52:36.136+0000] {logging_mixin.py:137} INFO - [2022-11-16T12:52:36.136+0000] {dag.py:3336} INFO - Setting next_dagrun for finance_data_lake to 2022-11-16T12:46:57.778111+00:00, run_after=2022-11-17T12:46:57.778111+00:00
[2022-11-16T12:52:36.175+0000] {processor.py:176} INFO - Processing /workspace/airflow/dags/job_finance_data_lake.py took 0.497 seconds
[2022-11-16T12:53:06.424+0000] {processor.py:154} INFO - Started process (PID=14333) to work on /workspace/airflow/dags/job_finance_data_lake.py
[2022-11-16T12:53:06.424+0000] {processor.py:756} INFO - Processing file /workspace/airflow/dags/job_finance_data_lake.py for tasks to queue
[2022-11-16T12:53:06.425+0000] {logging_mixin.py:137} INFO - [2022-11-16T12:53:06.425+0000] {dagbag.py:537} INFO - Filling up the DagBag from /workspace/airflow/dags/job_finance_data_lake.py
[2022-11-16T12:53:06.759+0000] {processor.py:766} INFO - DAG(s) dict_keys(['finance_data_lake']) retrieved from /workspace/airflow/dags/job_finance_data_lake.py
[2022-11-16T12:53:06.777+0000] {logging_mixin.py:137} INFO - [2022-11-16T12:53:06.777+0000] {dag.py:2585} INFO - Sync 1 DAGs
[2022-11-16T12:53:06.795+0000] {logging_mixin.py:137} INFO - [2022-11-16T12:53:06.795+0000] {dag.py:3336} INFO - Setting next_dagrun for finance_data_lake to 2022-11-16T12:46:57.778111+00:00, run_after=2022-11-17T12:46:57.778111+00:00
[2022-11-16T12:53:06.833+0000] {processor.py:176} INFO - Processing /workspace/airflow/dags/job_finance_data_lake.py took 0.411 seconds
[2022-11-16T12:53:37.072+0000] {processor.py:154} INFO - Started process (PID=15010) to work on /workspace/airflow/dags/job_finance_data_lake.py
[2022-11-16T12:53:37.073+0000] {processor.py:756} INFO - Processing file /workspace/airflow/dags/job_finance_data_lake.py for tasks to queue
[2022-11-16T12:53:37.073+0000] {logging_mixin.py:137} INFO - [2022-11-16T12:53:37.073+0000] {dagbag.py:537} INFO - Filling up the DagBag from /workspace/airflow/dags/job_finance_data_lake.py
[2022-11-16T12:53:37.492+0000] {processor.py:766} INFO - DAG(s) dict_keys(['finance_data_lake']) retrieved from /workspace/airflow/dags/job_finance_data_lake.py
[2022-11-16T12:53:37.510+0000] {logging_mixin.py:137} INFO - [2022-11-16T12:53:37.510+0000] {dag.py:2585} INFO - Sync 1 DAGs
[2022-11-16T12:53:37.529+0000] {logging_mixin.py:137} INFO - [2022-11-16T12:53:37.529+0000] {dag.py:3336} INFO - Setting next_dagrun for finance_data_lake to 2022-11-16T12:46:57.778111+00:00, run_after=2022-11-17T12:46:57.778111+00:00
[2022-11-16T12:53:37.569+0000] {processor.py:176} INFO - Processing /workspace/airflow/dags/job_finance_data_lake.py took 0.499 seconds
[2022-11-16T12:54:07.825+0000] {processor.py:154} INFO - Started process (PID=15962) to work on /workspace/airflow/dags/job_finance_data_lake.py
[2022-11-16T12:54:07.825+0000] {processor.py:756} INFO - Processing file /workspace/airflow/dags/job_finance_data_lake.py for tasks to queue
[2022-11-16T12:54:07.826+0000] {logging_mixin.py:137} INFO - [2022-11-16T12:54:07.826+0000] {dagbag.py:537} INFO - Filling up the DagBag from /workspace/airflow/dags/job_finance_data_lake.py
[2022-11-16T12:54:08.201+0000] {processor.py:766} INFO - DAG(s) dict_keys(['finance_data_lake']) retrieved from /workspace/airflow/dags/job_finance_data_lake.py
[2022-11-16T12:54:08.223+0000] {logging_mixin.py:137} INFO - [2022-11-16T12:54:08.223+0000] {dag.py:2585} INFO - Sync 1 DAGs
[2022-11-16T12:54:08.327+0000] {logging_mixin.py:137} INFO - [2022-11-16T12:54:08.326+0000] {dag.py:3336} INFO - Setting next_dagrun for finance_data_lake to 2022-11-16T12:46:57.778111+00:00, run_after=2022-11-17T12:46:57.778111+00:00
[2022-11-16T12:54:08.365+0000] {processor.py:176} INFO - Processing /workspace/airflow/dags/job_finance_data_lake.py took 0.543 seconds
[2022-11-16T12:54:38.569+0000] {processor.py:154} INFO - Started process (PID=17223) to work on /workspace/airflow/dags/job_finance_data_lake.py
[2022-11-16T12:54:38.570+0000] {processor.py:756} INFO - Processing file /workspace/airflow/dags/job_finance_data_lake.py for tasks to queue
[2022-11-16T12:54:38.571+0000] {logging_mixin.py:137} INFO - [2022-11-16T12:54:38.571+0000] {dagbag.py:537} INFO - Filling up the DagBag from /workspace/airflow/dags/job_finance_data_lake.py
[2022-11-16T12:54:38.907+0000] {processor.py:766} INFO - DAG(s) dict_keys(['finance_data_lake']) retrieved from /workspace/airflow/dags/job_finance_data_lake.py
[2022-11-16T12:54:38.928+0000] {logging_mixin.py:137} INFO - [2022-11-16T12:54:38.928+0000] {dag.py:2585} INFO - Sync 1 DAGs
[2022-11-16T12:54:39.025+0000] {logging_mixin.py:137} INFO - [2022-11-16T12:54:39.025+0000] {dag.py:3336} INFO - Setting next_dagrun for finance_data_lake to 2022-11-16T12:46:57.778111+00:00, run_after=2022-11-17T12:46:57.778111+00:00
[2022-11-16T12:54:39.063+0000] {processor.py:176} INFO - Processing /workspace/airflow/dags/job_finance_data_lake.py took 0.495 seconds
[2022-11-16T12:55:09.325+0000] {processor.py:154} INFO - Started process (PID=18057) to work on /workspace/airflow/dags/job_finance_data_lake.py
[2022-11-16T12:55:09.326+0000] {processor.py:756} INFO - Processing file /workspace/airflow/dags/job_finance_data_lake.py for tasks to queue
[2022-11-16T12:55:09.326+0000] {logging_mixin.py:137} INFO - [2022-11-16T12:55:09.326+0000] {dagbag.py:537} INFO - Filling up the DagBag from /workspace/airflow/dags/job_finance_data_lake.py
[2022-11-16T12:55:09.667+0000] {processor.py:766} INFO - DAG(s) dict_keys(['finance_data_lake']) retrieved from /workspace/airflow/dags/job_finance_data_lake.py
[2022-11-16T12:55:09.687+0000] {logging_mixin.py:137} INFO - [2022-11-16T12:55:09.687+0000] {dag.py:2585} INFO - Sync 1 DAGs
[2022-11-16T12:55:09.788+0000] {logging_mixin.py:137} INFO - [2022-11-16T12:55:09.788+0000] {dag.py:3336} INFO - Setting next_dagrun for finance_data_lake to 2022-11-16T12:46:57.778111+00:00, run_after=2022-11-17T12:46:57.778111+00:00
[2022-11-16T12:55:09.827+0000] {processor.py:176} INFO - Processing /workspace/airflow/dags/job_finance_data_lake.py took 0.504 seconds
[2022-11-16T12:55:37.541+0000] {processor.py:154} INFO - Started process (PID=19227) to work on /workspace/airflow/dags/job_finance_data_lake.py
[2022-11-16T12:55:37.542+0000] {processor.py:756} INFO - Processing file /workspace/airflow/dags/job_finance_data_lake.py for tasks to queue
[2022-11-16T12:55:37.543+0000] {logging_mixin.py:137} INFO - [2022-11-16T12:55:37.543+0000] {dagbag.py:537} INFO - Filling up the DagBag from /workspace/airflow/dags/job_finance_data_lake.py
[2022-11-16T12:55:37.553+0000] {logging_mixin.py:137} INFO - [2022-11-16T12:55:37.552+0000] {dagbag.py:342} ERROR - Failed to import: /workspace/airflow/dags/job_finance_data_lake.py
Traceback (most recent call last):
  File "/root/.local/share/virtualenvs/workspace-dqq3IVyd/lib/python3.10/site-packages/airflow/models/dagbag.py", line 338, in parse
    loader.exec_module(new_module)
  File "<frozen importlib._bootstrap_external>", line 879, in exec_module
  File "<frozen importlib._bootstrap_external>", line 1017, in get_code
  File "<frozen importlib._bootstrap_external>", line 947, in source_to_code
  File "<frozen importlib._bootstrap>", line 241, in _call_with_frames_removed
  File "/workspace/airflow/dags/job_finance_data_lake.py", line 56
    bucket_name=S3_BUCKET_NAME
    ^^^^^^^^^^^^^^^^^^^^^^^^^^
SyntaxError: keyword argument repeated: bucket_name
[2022-11-16T12:55:37.553+0000] {processor.py:768} WARNING - No viable dags retrieved from /workspace/airflow/dags/job_finance_data_lake.py
[2022-11-16T12:55:37.575+0000] {processor.py:176} INFO - Processing /workspace/airflow/dags/job_finance_data_lake.py took 0.036 seconds
[2022-11-16T12:55:38.701+0000] {processor.py:154} INFO - Started process (PID=19236) to work on /workspace/airflow/dags/job_finance_data_lake.py
[2022-11-16T12:55:38.702+0000] {processor.py:756} INFO - Processing file /workspace/airflow/dags/job_finance_data_lake.py for tasks to queue
[2022-11-16T12:55:38.702+0000] {logging_mixin.py:137} INFO - [2022-11-16T12:55:38.702+0000] {dagbag.py:537} INFO - Filling up the DagBag from /workspace/airflow/dags/job_finance_data_lake.py
[2022-11-16T12:55:38.713+0000] {logging_mixin.py:137} INFO - [2022-11-16T12:55:38.713+0000] {dagbag.py:342} ERROR - Failed to import: /workspace/airflow/dags/job_finance_data_lake.py
Traceback (most recent call last):
  File "/root/.local/share/virtualenvs/workspace-dqq3IVyd/lib/python3.10/site-packages/airflow/models/dagbag.py", line 338, in parse
    loader.exec_module(new_module)
  File "<frozen importlib._bootstrap_external>", line 879, in exec_module
  File "<frozen importlib._bootstrap_external>", line 1017, in get_code
  File "<frozen importlib._bootstrap_external>", line 947, in source_to_code
  File "<frozen importlib._bootstrap>", line 241, in _call_with_frames_removed
  File "/workspace/airflow/dags/job_finance_data_lake.py", line 56
    bucket_name=S3_BUCKET_NAME
    ^^^^^^^^^^^^^^^^^^^^^^^^^^
SyntaxError: keyword argument repeated: bucket_name
[2022-11-16T12:55:38.714+0000] {processor.py:768} WARNING - No viable dags retrieved from /workspace/airflow/dags/job_finance_data_lake.py
[2022-11-16T12:55:38.736+0000] {processor.py:176} INFO - Processing /workspace/airflow/dags/job_finance_data_lake.py took 0.037 seconds
[2022-11-16T12:55:40.484+0000] {processor.py:154} INFO - Started process (PID=19246) to work on /workspace/airflow/dags/job_finance_data_lake.py
[2022-11-16T12:55:40.485+0000] {processor.py:756} INFO - Processing file /workspace/airflow/dags/job_finance_data_lake.py for tasks to queue
[2022-11-16T12:55:40.485+0000] {logging_mixin.py:137} INFO - [2022-11-16T12:55:40.485+0000] {dagbag.py:537} INFO - Filling up the DagBag from /workspace/airflow/dags/job_finance_data_lake.py
[2022-11-16T12:55:40.495+0000] {logging_mixin.py:137} INFO - [2022-11-16T12:55:40.495+0000] {dagbag.py:342} ERROR - Failed to import: /workspace/airflow/dags/job_finance_data_lake.py
Traceback (most recent call last):
  File "/root/.local/share/virtualenvs/workspace-dqq3IVyd/lib/python3.10/site-packages/airflow/models/dagbag.py", line 338, in parse
    loader.exec_module(new_module)
  File "<frozen importlib._bootstrap_external>", line 879, in exec_module
  File "<frozen importlib._bootstrap_external>", line 1017, in get_code
  File "<frozen importlib._bootstrap_external>", line 947, in source_to_code
  File "<frozen importlib._bootstrap>", line 241, in _call_with_frames_removed
  File "/workspace/airflow/dags/job_finance_data_lake.py", line 56
    bucket_name=S3_BUCKET_NAME
    ^^^^^^^^^^^^^^^^^^^^^^^^^^
SyntaxError: keyword argument repeated: bucket_name
[2022-11-16T12:55:40.496+0000] {processor.py:768} WARNING - No viable dags retrieved from /workspace/airflow/dags/job_finance_data_lake.py
[2022-11-16T12:55:40.515+0000] {processor.py:176} INFO - Processing /workspace/airflow/dags/job_finance_data_lake.py took 0.033 seconds
[2022-11-16T12:55:50.760+0000] {processor.py:154} INFO - Started process (PID=19279) to work on /workspace/airflow/dags/job_finance_data_lake.py
[2022-11-16T12:55:50.761+0000] {processor.py:756} INFO - Processing file /workspace/airflow/dags/job_finance_data_lake.py for tasks to queue
[2022-11-16T12:55:50.761+0000] {logging_mixin.py:137} INFO - [2022-11-16T12:55:50.761+0000] {dagbag.py:537} INFO - Filling up the DagBag from /workspace/airflow/dags/job_finance_data_lake.py
[2022-11-16T12:55:50.773+0000] {logging_mixin.py:137} INFO - [2022-11-16T12:55:50.773+0000] {dagbag.py:342} ERROR - Failed to import: /workspace/airflow/dags/job_finance_data_lake.py
Traceback (most recent call last):
  File "/root/.local/share/virtualenvs/workspace-dqq3IVyd/lib/python3.10/site-packages/airflow/models/dagbag.py", line 338, in parse
    loader.exec_module(new_module)
  File "<frozen importlib._bootstrap_external>", line 879, in exec_module
  File "<frozen importlib._bootstrap_external>", line 1017, in get_code
  File "<frozen importlib._bootstrap_external>", line 947, in source_to_code
  File "<frozen importlib._bootstrap>", line 241, in _call_with_frames_removed
  File "/workspace/airflow/dags/job_finance_data_lake.py", line 56
    bucket_name=S3_BUCKET_NAME
    ^^^^^^^^^^^^^^^^^^^^^^^^^^
SyntaxError: keyword argument repeated: bucket_name
[2022-11-16T12:55:50.774+0000] {processor.py:768} WARNING - No viable dags retrieved from /workspace/airflow/dags/job_finance_data_lake.py
[2022-11-16T12:55:50.797+0000] {processor.py:176} INFO - Processing /workspace/airflow/dags/job_finance_data_lake.py took 0.039 seconds
[2022-11-16T12:56:21.350+0000] {processor.py:154} INFO - Started process (PID=19989) to work on /workspace/airflow/dags/job_finance_data_lake.py
[2022-11-16T12:56:21.351+0000] {processor.py:756} INFO - Processing file /workspace/airflow/dags/job_finance_data_lake.py for tasks to queue
[2022-11-16T12:56:21.351+0000] {logging_mixin.py:137} INFO - [2022-11-16T12:56:21.351+0000] {dagbag.py:537} INFO - Filling up the DagBag from /workspace/airflow/dags/job_finance_data_lake.py
[2022-11-16T12:56:21.364+0000] {logging_mixin.py:137} INFO - [2022-11-16T12:56:21.363+0000] {dagbag.py:342} ERROR - Failed to import: /workspace/airflow/dags/job_finance_data_lake.py
Traceback (most recent call last):
  File "/root/.local/share/virtualenvs/workspace-dqq3IVyd/lib/python3.10/site-packages/airflow/models/dagbag.py", line 338, in parse
    loader.exec_module(new_module)
  File "<frozen importlib._bootstrap_external>", line 879, in exec_module
  File "<frozen importlib._bootstrap_external>", line 1017, in get_code
  File "<frozen importlib._bootstrap_external>", line 947, in source_to_code
  File "<frozen importlib._bootstrap>", line 241, in _call_with_frames_removed
  File "/workspace/airflow/dags/job_finance_data_lake.py", line 56
    bucket_name=S3_BUCKET_NAME
    ^^^^^^^^^^^^^^^^^^^^^^^^^^
SyntaxError: keyword argument repeated: bucket_name
[2022-11-16T12:56:21.364+0000] {processor.py:768} WARNING - No viable dags retrieved from /workspace/airflow/dags/job_finance_data_lake.py
[2022-11-16T12:56:21.387+0000] {processor.py:176} INFO - Processing /workspace/airflow/dags/job_finance_data_lake.py took 0.040 seconds
[2022-11-16T12:56:51.611+0000] {processor.py:154} INFO - Started process (PID=20080) to work on /workspace/airflow/dags/job_finance_data_lake.py
[2022-11-16T12:56:51.612+0000] {processor.py:756} INFO - Processing file /workspace/airflow/dags/job_finance_data_lake.py for tasks to queue
[2022-11-16T12:56:51.613+0000] {logging_mixin.py:137} INFO - [2022-11-16T12:56:51.612+0000] {dagbag.py:537} INFO - Filling up the DagBag from /workspace/airflow/dags/job_finance_data_lake.py
[2022-11-16T12:56:51.622+0000] {logging_mixin.py:137} INFO - [2022-11-16T12:56:51.621+0000] {dagbag.py:342} ERROR - Failed to import: /workspace/airflow/dags/job_finance_data_lake.py
Traceback (most recent call last):
  File "/root/.local/share/virtualenvs/workspace-dqq3IVyd/lib/python3.10/site-packages/airflow/models/dagbag.py", line 338, in parse
    loader.exec_module(new_module)
  File "<frozen importlib._bootstrap_external>", line 879, in exec_module
  File "<frozen importlib._bootstrap_external>", line 1017, in get_code
  File "<frozen importlib._bootstrap_external>", line 947, in source_to_code
  File "<frozen importlib._bootstrap>", line 241, in _call_with_frames_removed
  File "/workspace/airflow/dags/job_finance_data_lake.py", line 56
    bucket_name=S3_BUCKET_NAME
    ^^^^^^^^^^^^^^^^^^^^^^^^^^
SyntaxError: keyword argument repeated: bucket_name
[2022-11-16T12:56:51.622+0000] {processor.py:768} WARNING - No viable dags retrieved from /workspace/airflow/dags/job_finance_data_lake.py
[2022-11-16T12:56:51.641+0000] {processor.py:176} INFO - Processing /workspace/airflow/dags/job_finance_data_lake.py took 0.031 seconds
[2022-11-16T12:57:21.784+0000] {processor.py:154} INFO - Started process (PID=20173) to work on /workspace/airflow/dags/job_finance_data_lake.py
[2022-11-16T12:57:21.785+0000] {processor.py:756} INFO - Processing file /workspace/airflow/dags/job_finance_data_lake.py for tasks to queue
[2022-11-16T12:57:21.786+0000] {logging_mixin.py:137} INFO - [2022-11-16T12:57:21.785+0000] {dagbag.py:537} INFO - Filling up the DagBag from /workspace/airflow/dags/job_finance_data_lake.py
[2022-11-16T12:57:21.796+0000] {logging_mixin.py:137} INFO - [2022-11-16T12:57:21.796+0000] {dagbag.py:342} ERROR - Failed to import: /workspace/airflow/dags/job_finance_data_lake.py
Traceback (most recent call last):
  File "/root/.local/share/virtualenvs/workspace-dqq3IVyd/lib/python3.10/site-packages/airflow/models/dagbag.py", line 338, in parse
    loader.exec_module(new_module)
  File "<frozen importlib._bootstrap_external>", line 879, in exec_module
  File "<frozen importlib._bootstrap_external>", line 1017, in get_code
  File "<frozen importlib._bootstrap_external>", line 947, in source_to_code
  File "<frozen importlib._bootstrap>", line 241, in _call_with_frames_removed
  File "/workspace/airflow/dags/job_finance_data_lake.py", line 56
    bucket_name=S3_BUCKET_NAME
    ^^^^^^^^^^^^^^^^^^^^^^^^^^
SyntaxError: keyword argument repeated: bucket_name
[2022-11-16T12:57:21.797+0000] {processor.py:768} WARNING - No viable dags retrieved from /workspace/airflow/dags/job_finance_data_lake.py
[2022-11-16T12:57:21.816+0000] {processor.py:176} INFO - Processing /workspace/airflow/dags/job_finance_data_lake.py took 0.034 seconds
[2022-11-16T12:57:51.957+0000] {processor.py:154} INFO - Started process (PID=20264) to work on /workspace/airflow/dags/job_finance_data_lake.py
[2022-11-16T12:57:51.957+0000] {processor.py:756} INFO - Processing file /workspace/airflow/dags/job_finance_data_lake.py for tasks to queue
[2022-11-16T12:57:51.958+0000] {logging_mixin.py:137} INFO - [2022-11-16T12:57:51.958+0000] {dagbag.py:537} INFO - Filling up the DagBag from /workspace/airflow/dags/job_finance_data_lake.py
[2022-11-16T12:57:51.969+0000] {logging_mixin.py:137} INFO - [2022-11-16T12:57:51.968+0000] {dagbag.py:342} ERROR - Failed to import: /workspace/airflow/dags/job_finance_data_lake.py
Traceback (most recent call last):
  File "/root/.local/share/virtualenvs/workspace-dqq3IVyd/lib/python3.10/site-packages/airflow/models/dagbag.py", line 338, in parse
    loader.exec_module(new_module)
  File "<frozen importlib._bootstrap_external>", line 879, in exec_module
  File "<frozen importlib._bootstrap_external>", line 1017, in get_code
  File "<frozen importlib._bootstrap_external>", line 947, in source_to_code
  File "<frozen importlib._bootstrap>", line 241, in _call_with_frames_removed
  File "/workspace/airflow/dags/job_finance_data_lake.py", line 56
    bucket_name=S3_BUCKET_NAME
    ^^^^^^^^^^^^^^^^^^^^^^^^^^
SyntaxError: keyword argument repeated: bucket_name
[2022-11-16T12:57:51.969+0000] {processor.py:768} WARNING - No viable dags retrieved from /workspace/airflow/dags/job_finance_data_lake.py
[2022-11-16T12:57:51.988+0000] {processor.py:176} INFO - Processing /workspace/airflow/dags/job_finance_data_lake.py took 0.033 seconds
[2022-11-16T12:58:22.129+0000] {processor.py:154} INFO - Started process (PID=20472) to work on /workspace/airflow/dags/job_finance_data_lake.py
[2022-11-16T12:58:22.130+0000] {processor.py:756} INFO - Processing file /workspace/airflow/dags/job_finance_data_lake.py for tasks to queue
[2022-11-16T12:58:22.130+0000] {logging_mixin.py:137} INFO - [2022-11-16T12:58:22.130+0000] {dagbag.py:537} INFO - Filling up the DagBag from /workspace/airflow/dags/job_finance_data_lake.py
[2022-11-16T12:58:22.140+0000] {logging_mixin.py:137} INFO - [2022-11-16T12:58:22.140+0000] {dagbag.py:342} ERROR - Failed to import: /workspace/airflow/dags/job_finance_data_lake.py
Traceback (most recent call last):
  File "/root/.local/share/virtualenvs/workspace-dqq3IVyd/lib/python3.10/site-packages/airflow/models/dagbag.py", line 338, in parse
    loader.exec_module(new_module)
  File "<frozen importlib._bootstrap_external>", line 879, in exec_module
  File "<frozen importlib._bootstrap_external>", line 1017, in get_code
  File "<frozen importlib._bootstrap_external>", line 947, in source_to_code
  File "<frozen importlib._bootstrap>", line 241, in _call_with_frames_removed
  File "/workspace/airflow/dags/job_finance_data_lake.py", line 56
    bucket_name=S3_BUCKET_NAME
    ^^^^^^^^^^^^^^^^^^^^^^^^^^
SyntaxError: keyword argument repeated: bucket_name
[2022-11-16T12:58:22.141+0000] {processor.py:768} WARNING - No viable dags retrieved from /workspace/airflow/dags/job_finance_data_lake.py
[2022-11-16T12:58:22.163+0000] {processor.py:176} INFO - Processing /workspace/airflow/dags/job_finance_data_lake.py took 0.036 seconds
[2022-11-16T12:58:52.307+0000] {processor.py:154} INFO - Started process (PID=20561) to work on /workspace/airflow/dags/job_finance_data_lake.py
[2022-11-16T12:58:52.308+0000] {processor.py:756} INFO - Processing file /workspace/airflow/dags/job_finance_data_lake.py for tasks to queue
[2022-11-16T12:58:52.308+0000] {logging_mixin.py:137} INFO - [2022-11-16T12:58:52.308+0000] {dagbag.py:537} INFO - Filling up the DagBag from /workspace/airflow/dags/job_finance_data_lake.py
[2022-11-16T12:58:52.318+0000] {logging_mixin.py:137} INFO - [2022-11-16T12:58:52.318+0000] {dagbag.py:342} ERROR - Failed to import: /workspace/airflow/dags/job_finance_data_lake.py
Traceback (most recent call last):
  File "/root/.local/share/virtualenvs/workspace-dqq3IVyd/lib/python3.10/site-packages/airflow/models/dagbag.py", line 338, in parse
    loader.exec_module(new_module)
  File "<frozen importlib._bootstrap_external>", line 879, in exec_module
  File "<frozen importlib._bootstrap_external>", line 1017, in get_code
  File "<frozen importlib._bootstrap_external>", line 947, in source_to_code
  File "<frozen importlib._bootstrap>", line 241, in _call_with_frames_removed
  File "/workspace/airflow/dags/job_finance_data_lake.py", line 56
    bucket_name=S3_BUCKET_NAME
    ^^^^^^^^^^^^^^^^^^^^^^^^^^
SyntaxError: keyword argument repeated: bucket_name
[2022-11-16T12:58:52.319+0000] {processor.py:768} WARNING - No viable dags retrieved from /workspace/airflow/dags/job_finance_data_lake.py
[2022-11-16T12:58:52.339+0000] {processor.py:176} INFO - Processing /workspace/airflow/dags/job_finance_data_lake.py took 0.034 seconds
[2022-11-16T12:59:22.499+0000] {processor.py:154} INFO - Started process (PID=20728) to work on /workspace/airflow/dags/job_finance_data_lake.py
[2022-11-16T12:59:22.499+0000] {processor.py:756} INFO - Processing file /workspace/airflow/dags/job_finance_data_lake.py for tasks to queue
[2022-11-16T12:59:22.500+0000] {logging_mixin.py:137} INFO - [2022-11-16T12:59:22.500+0000] {dagbag.py:537} INFO - Filling up the DagBag from /workspace/airflow/dags/job_finance_data_lake.py
[2022-11-16T12:59:22.510+0000] {logging_mixin.py:137} INFO - [2022-11-16T12:59:22.509+0000] {dagbag.py:342} ERROR - Failed to import: /workspace/airflow/dags/job_finance_data_lake.py
Traceback (most recent call last):
  File "/root/.local/share/virtualenvs/workspace-dqq3IVyd/lib/python3.10/site-packages/airflow/models/dagbag.py", line 338, in parse
    loader.exec_module(new_module)
  File "<frozen importlib._bootstrap_external>", line 879, in exec_module
  File "<frozen importlib._bootstrap_external>", line 1017, in get_code
  File "<frozen importlib._bootstrap_external>", line 947, in source_to_code
  File "<frozen importlib._bootstrap>", line 241, in _call_with_frames_removed
  File "/workspace/airflow/dags/job_finance_data_lake.py", line 56
    bucket_name=S3_BUCKET_NAME
    ^^^^^^^^^^^^^^^^^^^^^^^^^^
SyntaxError: keyword argument repeated: bucket_name
[2022-11-16T12:59:22.510+0000] {processor.py:768} WARNING - No viable dags retrieved from /workspace/airflow/dags/job_finance_data_lake.py
[2022-11-16T12:59:22.529+0000] {processor.py:176} INFO - Processing /workspace/airflow/dags/job_finance_data_lake.py took 0.033 seconds
[2022-11-16T12:59:52.692+0000] {processor.py:154} INFO - Started process (PID=20934) to work on /workspace/airflow/dags/job_finance_data_lake.py
[2022-11-16T12:59:52.693+0000] {processor.py:756} INFO - Processing file /workspace/airflow/dags/job_finance_data_lake.py for tasks to queue
[2022-11-16T12:59:52.694+0000] {logging_mixin.py:137} INFO - [2022-11-16T12:59:52.693+0000] {dagbag.py:537} INFO - Filling up the DagBag from /workspace/airflow/dags/job_finance_data_lake.py
[2022-11-16T12:59:52.714+0000] {logging_mixin.py:137} INFO - [2022-11-16T12:59:52.713+0000] {dagbag.py:342} ERROR - Failed to import: /workspace/airflow/dags/job_finance_data_lake.py
Traceback (most recent call last):
  File "/root/.local/share/virtualenvs/workspace-dqq3IVyd/lib/python3.10/site-packages/airflow/models/dagbag.py", line 338, in parse
    loader.exec_module(new_module)
  File "<frozen importlib._bootstrap_external>", line 879, in exec_module
  File "<frozen importlib._bootstrap_external>", line 1017, in get_code
  File "<frozen importlib._bootstrap_external>", line 947, in source_to_code
  File "<frozen importlib._bootstrap>", line 241, in _call_with_frames_removed
  File "/workspace/airflow/dags/job_finance_data_lake.py", line 56
    bucket_name=S3_BUCKET_NAME
    ^^^^^^^^^^^^^^^^^^^^^^^^^^
SyntaxError: keyword argument repeated: bucket_name
[2022-11-16T12:59:52.714+0000] {processor.py:768} WARNING - No viable dags retrieved from /workspace/airflow/dags/job_finance_data_lake.py
[2022-11-16T12:59:52.740+0000] {processor.py:176} INFO - Processing /workspace/airflow/dags/job_finance_data_lake.py took 0.052 seconds
[2022-11-16T13:00:11.742+0000] {processor.py:154} INFO - Started process (PID=21065) to work on /workspace/airflow/dags/job_finance_data_lake.py
[2022-11-16T13:00:11.743+0000] {processor.py:756} INFO - Processing file /workspace/airflow/dags/job_finance_data_lake.py for tasks to queue
[2022-11-16T13:00:11.743+0000] {logging_mixin.py:137} INFO - [2022-11-16T13:00:11.743+0000] {dagbag.py:537} INFO - Filling up the DagBag from /workspace/airflow/dags/job_finance_data_lake.py
[2022-11-16T13:00:12.086+0000] {processor.py:766} INFO - DAG(s) dict_keys(['finance_data_lake']) retrieved from /workspace/airflow/dags/job_finance_data_lake.py
[2022-11-16T13:00:12.223+0000] {logging_mixin.py:137} INFO - [2022-11-16T13:00:12.222+0000] {dag.py:2585} INFO - Sync 1 DAGs
[2022-11-16T13:00:12.239+0000] {logging_mixin.py:137} INFO - [2022-11-16T13:00:12.239+0000] {dag.py:3336} INFO - Setting next_dagrun for finance_data_lake to 2022-11-16T12:46:57.778111+00:00, run_after=2022-11-17T12:46:57.778111+00:00
[2022-11-16T13:00:12.295+0000] {processor.py:176} INFO - Processing /workspace/airflow/dags/job_finance_data_lake.py took 0.554 seconds
[2022-11-16T13:00:42.577+0000] {processor.py:154} INFO - Started process (PID=22626) to work on /workspace/airflow/dags/job_finance_data_lake.py
[2022-11-16T13:00:42.578+0000] {processor.py:756} INFO - Processing file /workspace/airflow/dags/job_finance_data_lake.py for tasks to queue
[2022-11-16T13:00:42.578+0000] {logging_mixin.py:137} INFO - [2022-11-16T13:00:42.578+0000] {dagbag.py:537} INFO - Filling up the DagBag from /workspace/airflow/dags/job_finance_data_lake.py
[2022-11-16T13:00:42.927+0000] {processor.py:766} INFO - DAG(s) dict_keys(['finance_data_lake']) retrieved from /workspace/airflow/dags/job_finance_data_lake.py
[2022-11-16T13:00:43.039+0000] {logging_mixin.py:137} INFO - [2022-11-16T13:00:43.039+0000] {dag.py:2585} INFO - Sync 1 DAGs
[2022-11-16T13:00:43.057+0000] {logging_mixin.py:137} INFO - [2022-11-16T13:00:43.057+0000] {dag.py:3336} INFO - Setting next_dagrun for finance_data_lake to 2022-11-16T12:46:57.778111+00:00, run_after=2022-11-17T12:46:57.778111+00:00
[2022-11-16T13:00:43.095+0000] {processor.py:176} INFO - Processing /workspace/airflow/dags/job_finance_data_lake.py took 0.520 seconds
[2022-11-16T13:00:55.858+0000] {processor.py:154} INFO - Started process (PID=22674) to work on /workspace/airflow/dags/job_finance_data_lake.py
[2022-11-16T13:00:55.858+0000] {processor.py:756} INFO - Processing file /workspace/airflow/dags/job_finance_data_lake.py for tasks to queue
[2022-11-16T13:00:55.859+0000] {logging_mixin.py:137} INFO - [2022-11-16T13:00:55.859+0000] {dagbag.py:537} INFO - Filling up the DagBag from /workspace/airflow/dags/job_finance_data_lake.py
[2022-11-16T13:00:56.197+0000] {processor.py:766} INFO - DAG(s) dict_keys(['finance_data_lake']) retrieved from /workspace/airflow/dags/job_finance_data_lake.py
[2022-11-16T13:00:56.338+0000] {logging_mixin.py:137} INFO - [2022-11-16T13:00:56.338+0000] {dag.py:2585} INFO - Sync 1 DAGs
[2022-11-16T13:00:56.354+0000] {logging_mixin.py:137} INFO - [2022-11-16T13:00:56.354+0000] {dag.py:3336} INFO - Setting next_dagrun for finance_data_lake to 2022-11-16T12:46:57.778111+00:00, run_after=2022-11-17T12:46:57.778111+00:00
[2022-11-16T13:00:56.400+0000] {processor.py:176} INFO - Processing /workspace/airflow/dags/job_finance_data_lake.py took 0.544 seconds
[2022-11-16T13:01:05.423+0000] {processor.py:154} INFO - Started process (PID=23007) to work on /workspace/airflow/dags/job_finance_data_lake.py
[2022-11-16T13:01:05.424+0000] {processor.py:756} INFO - Processing file /workspace/airflow/dags/job_finance_data_lake.py for tasks to queue
[2022-11-16T13:01:05.424+0000] {logging_mixin.py:137} INFO - [2022-11-16T13:01:05.424+0000] {dagbag.py:537} INFO - Filling up the DagBag from /workspace/airflow/dags/job_finance_data_lake.py
[2022-11-16T13:01:05.775+0000] {processor.py:766} INFO - DAG(s) dict_keys(['finance_data_lake']) retrieved from /workspace/airflow/dags/job_finance_data_lake.py
[2022-11-16T13:01:05.872+0000] {logging_mixin.py:137} INFO - [2022-11-16T13:01:05.785+0000] {dag.py:2585} INFO - Sync 1 DAGs
[2022-11-16T13:01:05.891+0000] {logging_mixin.py:137} INFO - [2022-11-16T13:01:05.890+0000] {dag.py:3336} INFO - Setting next_dagrun for finance_data_lake to 2022-11-16T12:46:57.778111+00:00, run_after=2022-11-17T12:46:57.778111+00:00
[2022-11-16T13:01:05.936+0000] {processor.py:176} INFO - Processing /workspace/airflow/dags/job_finance_data_lake.py took 0.515 seconds
[2022-11-16T13:01:06.636+0000] {processor.py:154} INFO - Started process (PID=23112) to work on /workspace/airflow/dags/job_finance_data_lake.py
[2022-11-16T13:01:06.637+0000] {processor.py:756} INFO - Processing file /workspace/airflow/dags/job_finance_data_lake.py for tasks to queue
[2022-11-16T13:01:06.638+0000] {logging_mixin.py:137} INFO - [2022-11-16T13:01:06.638+0000] {dagbag.py:537} INFO - Filling up the DagBag from /workspace/airflow/dags/job_finance_data_lake.py
[2022-11-16T13:01:07.050+0000] {processor.py:766} INFO - DAG(s) dict_keys(['finance_data_lake']) retrieved from /workspace/airflow/dags/job_finance_data_lake.py
[2022-11-16T13:01:07.150+0000] {logging_mixin.py:137} INFO - [2022-11-16T13:01:07.058+0000] {dag.py:2585} INFO - Sync 1 DAGs
[2022-11-16T13:01:07.168+0000] {logging_mixin.py:137} INFO - [2022-11-16T13:01:07.168+0000] {dag.py:3336} INFO - Setting next_dagrun for finance_data_lake to 2022-11-16T12:46:57.778111+00:00, run_after=2022-11-17T12:46:57.778111+00:00
[2022-11-16T13:01:07.210+0000] {processor.py:176} INFO - Processing /workspace/airflow/dags/job_finance_data_lake.py took 0.576 seconds
[2022-11-16T13:01:37.628+0000] {processor.py:154} INFO - Started process (PID=24895) to work on /workspace/airflow/dags/job_finance_data_lake.py
[2022-11-16T13:01:37.629+0000] {processor.py:756} INFO - Processing file /workspace/airflow/dags/job_finance_data_lake.py for tasks to queue
[2022-11-16T13:01:37.630+0000] {logging_mixin.py:137} INFO - [2022-11-16T13:01:37.629+0000] {dagbag.py:537} INFO - Filling up the DagBag from /workspace/airflow/dags/job_finance_data_lake.py
[2022-11-16T13:01:38.078+0000] {processor.py:766} INFO - DAG(s) dict_keys(['finance_data_lake']) retrieved from /workspace/airflow/dags/job_finance_data_lake.py
[2022-11-16T13:01:38.103+0000] {logging_mixin.py:137} INFO - [2022-11-16T13:01:38.103+0000] {dag.py:2585} INFO - Sync 1 DAGs
[2022-11-16T13:01:38.122+0000] {logging_mixin.py:137} INFO - [2022-11-16T13:01:38.121+0000] {dag.py:3336} INFO - Setting next_dagrun for finance_data_lake to 2022-11-16T12:46:57.778111+00:00, run_after=2022-11-17T12:46:57.778111+00:00
[2022-11-16T13:01:38.158+0000] {processor.py:176} INFO - Processing /workspace/airflow/dags/job_finance_data_lake.py took 0.532 seconds
[2022-11-16T13:02:09.022+0000] {processor.py:154} INFO - Started process (PID=25644) to work on /workspace/airflow/dags/job_finance_data_lake.py
[2022-11-16T13:02:09.023+0000] {processor.py:756} INFO - Processing file /workspace/airflow/dags/job_finance_data_lake.py for tasks to queue
[2022-11-16T13:02:09.023+0000] {logging_mixin.py:137} INFO - [2022-11-16T13:02:09.023+0000] {dagbag.py:537} INFO - Filling up the DagBag from /workspace/airflow/dags/job_finance_data_lake.py
[2022-11-16T13:02:09.437+0000] {processor.py:766} INFO - DAG(s) dict_keys(['finance_data_lake']) retrieved from /workspace/airflow/dags/job_finance_data_lake.py
[2022-11-16T13:02:09.459+0000] {logging_mixin.py:137} INFO - [2022-11-16T13:02:09.458+0000] {dag.py:2585} INFO - Sync 1 DAGs
[2022-11-16T13:02:09.478+0000] {logging_mixin.py:137} INFO - [2022-11-16T13:02:09.477+0000] {dag.py:3336} INFO - Setting next_dagrun for finance_data_lake to 2022-11-16T12:46:57.778111+00:00, run_after=2022-11-17T12:46:57.778111+00:00
[2022-11-16T13:02:09.520+0000] {processor.py:176} INFO - Processing /workspace/airflow/dags/job_finance_data_lake.py took 0.500 seconds
[2022-11-16T13:02:40.361+0000] {processor.py:154} INFO - Started process (PID=25846) to work on /workspace/airflow/dags/job_finance_data_lake.py
[2022-11-16T13:02:40.361+0000] {processor.py:756} INFO - Processing file /workspace/airflow/dags/job_finance_data_lake.py for tasks to queue
[2022-11-16T13:02:40.362+0000] {logging_mixin.py:137} INFO - [2022-11-16T13:02:40.362+0000] {dagbag.py:537} INFO - Filling up the DagBag from /workspace/airflow/dags/job_finance_data_lake.py
[2022-11-16T13:02:40.774+0000] {processor.py:766} INFO - DAG(s) dict_keys(['finance_data_lake']) retrieved from /workspace/airflow/dags/job_finance_data_lake.py
[2022-11-16T13:02:40.791+0000] {logging_mixin.py:137} INFO - [2022-11-16T13:02:40.790+0000] {dag.py:2585} INFO - Sync 1 DAGs
[2022-11-16T13:02:40.805+0000] {logging_mixin.py:137} INFO - [2022-11-16T13:02:40.805+0000] {dag.py:3336} INFO - Setting next_dagrun for finance_data_lake to 2022-11-16T12:46:57.778111+00:00, run_after=2022-11-17T12:46:57.778111+00:00
[2022-11-16T13:02:40.843+0000] {processor.py:176} INFO - Processing /workspace/airflow/dags/job_finance_data_lake.py took 0.484 seconds
[2022-11-16T13:03:11.328+0000] {processor.py:154} INFO - Started process (PID=25984) to work on /workspace/airflow/dags/job_finance_data_lake.py
[2022-11-16T13:03:11.329+0000] {processor.py:756} INFO - Processing file /workspace/airflow/dags/job_finance_data_lake.py for tasks to queue
[2022-11-16T13:03:11.330+0000] {logging_mixin.py:137} INFO - [2022-11-16T13:03:11.329+0000] {dagbag.py:537} INFO - Filling up the DagBag from /workspace/airflow/dags/job_finance_data_lake.py
[2022-11-16T13:03:11.694+0000] {processor.py:766} INFO - DAG(s) dict_keys(['finance_data_lake']) retrieved from /workspace/airflow/dags/job_finance_data_lake.py
[2022-11-16T13:03:11.714+0000] {logging_mixin.py:137} INFO - [2022-11-16T13:03:11.714+0000] {dag.py:2585} INFO - Sync 1 DAGs
[2022-11-16T13:03:11.825+0000] {logging_mixin.py:137} INFO - [2022-11-16T13:03:11.825+0000] {dag.py:3336} INFO - Setting next_dagrun for finance_data_lake to 2022-11-16T12:46:57.778111+00:00, run_after=2022-11-17T12:46:57.778111+00:00
[2022-11-16T13:03:11.887+0000] {processor.py:176} INFO - Processing /workspace/airflow/dags/job_finance_data_lake.py took 0.561 seconds
[2022-11-16T13:03:42.551+0000] {processor.py:154} INFO - Started process (PID=27199) to work on /workspace/airflow/dags/job_finance_data_lake.py
[2022-11-16T13:03:42.551+0000] {processor.py:756} INFO - Processing file /workspace/airflow/dags/job_finance_data_lake.py for tasks to queue
[2022-11-16T13:03:42.552+0000] {logging_mixin.py:137} INFO - [2022-11-16T13:03:42.552+0000] {dagbag.py:537} INFO - Filling up the DagBag from /workspace/airflow/dags/job_finance_data_lake.py
[2022-11-16T13:03:42.883+0000] {processor.py:766} INFO - DAG(s) dict_keys(['finance_data_lake']) retrieved from /workspace/airflow/dags/job_finance_data_lake.py
[2022-11-16T13:03:42.901+0000] {logging_mixin.py:137} INFO - [2022-11-16T13:03:42.900+0000] {dag.py:2585} INFO - Sync 1 DAGs
[2022-11-16T13:03:43.000+0000] {logging_mixin.py:137} INFO - [2022-11-16T13:03:43.000+0000] {dag.py:3336} INFO - Setting next_dagrun for finance_data_lake to 2022-11-16T12:46:57.778111+00:00, run_after=2022-11-17T12:46:57.778111+00:00
[2022-11-16T13:03:43.038+0000] {processor.py:176} INFO - Processing /workspace/airflow/dags/job_finance_data_lake.py took 0.490 seconds
[2022-11-16T13:04:13.079+0000] {processor.py:154} INFO - Started process (PID=27949) to work on /workspace/airflow/dags/job_finance_data_lake.py
[2022-11-16T13:04:13.080+0000] {processor.py:756} INFO - Processing file /workspace/airflow/dags/job_finance_data_lake.py for tasks to queue
[2022-11-16T13:04:13.081+0000] {logging_mixin.py:137} INFO - [2022-11-16T13:04:13.081+0000] {dagbag.py:537} INFO - Filling up the DagBag from /workspace/airflow/dags/job_finance_data_lake.py
[2022-11-16T13:04:13.441+0000] {processor.py:766} INFO - DAG(s) dict_keys(['finance_data_lake']) retrieved from /workspace/airflow/dags/job_finance_data_lake.py
[2022-11-16T13:04:13.464+0000] {logging_mixin.py:137} INFO - [2022-11-16T13:04:13.462+0000] {dag.py:2585} INFO - Sync 1 DAGs
[2022-11-16T13:04:13.560+0000] {logging_mixin.py:137} INFO - [2022-11-16T13:04:13.560+0000] {dag.py:3336} INFO - Setting next_dagrun for finance_data_lake to 2022-11-16T12:46:57.778111+00:00, run_after=2022-11-17T12:46:57.778111+00:00
[2022-11-16T13:04:13.600+0000] {processor.py:176} INFO - Processing /workspace/airflow/dags/job_finance_data_lake.py took 0.522 seconds
[2022-11-16T13:04:44.537+0000] {processor.py:154} INFO - Started process (PID=29430) to work on /workspace/airflow/dags/job_finance_data_lake.py
[2022-11-16T13:04:44.538+0000] {processor.py:756} INFO - Processing file /workspace/airflow/dags/job_finance_data_lake.py for tasks to queue
[2022-11-16T13:04:44.538+0000] {logging_mixin.py:137} INFO - [2022-11-16T13:04:44.538+0000] {dagbag.py:537} INFO - Filling up the DagBag from /workspace/airflow/dags/job_finance_data_lake.py
[2022-11-16T13:04:44.903+0000] {processor.py:766} INFO - DAG(s) dict_keys(['finance_data_lake']) retrieved from /workspace/airflow/dags/job_finance_data_lake.py
[2022-11-16T13:04:45.066+0000] {logging_mixin.py:137} INFO - [2022-11-16T13:04:45.066+0000] {dag.py:2585} INFO - Sync 1 DAGs
[2022-11-16T13:04:45.083+0000] {logging_mixin.py:137} INFO - [2022-11-16T13:04:45.083+0000] {dag.py:3336} INFO - Setting next_dagrun for finance_data_lake to 2022-11-16T12:46:57.778111+00:00, run_after=2022-11-17T12:46:57.778111+00:00
[2022-11-16T13:04:45.149+0000] {processor.py:176} INFO - Processing /workspace/airflow/dags/job_finance_data_lake.py took 0.614 seconds
[2022-11-16T13:05:15.408+0000] {processor.py:154} INFO - Started process (PID=29811) to work on /workspace/airflow/dags/job_finance_data_lake.py
[2022-11-16T13:05:15.409+0000] {processor.py:756} INFO - Processing file /workspace/airflow/dags/job_finance_data_lake.py for tasks to queue
[2022-11-16T13:05:15.409+0000] {logging_mixin.py:137} INFO - [2022-11-16T13:05:15.409+0000] {dagbag.py:537} INFO - Filling up the DagBag from /workspace/airflow/dags/job_finance_data_lake.py
[2022-11-16T13:05:15.775+0000] {processor.py:766} INFO - DAG(s) dict_keys(['finance_data_lake']) retrieved from /workspace/airflow/dags/job_finance_data_lake.py
[2022-11-16T13:05:15.873+0000] {logging_mixin.py:137} INFO - [2022-11-16T13:05:15.873+0000] {dag.py:2585} INFO - Sync 1 DAGs
[2022-11-16T13:05:15.891+0000] {logging_mixin.py:137} INFO - [2022-11-16T13:05:15.891+0000] {dag.py:3336} INFO - Setting next_dagrun for finance_data_lake to 2022-11-16T12:46:57.778111+00:00, run_after=2022-11-17T12:46:57.778111+00:00
[2022-11-16T13:05:15.932+0000] {processor.py:176} INFO - Processing /workspace/airflow/dags/job_finance_data_lake.py took 0.526 seconds
[2022-11-16T13:05:46.160+0000] {processor.py:154} INFO - Started process (PID=29938) to work on /workspace/airflow/dags/job_finance_data_lake.py
[2022-11-16T13:05:46.161+0000] {processor.py:756} INFO - Processing file /workspace/airflow/dags/job_finance_data_lake.py for tasks to queue
[2022-11-16T13:05:46.161+0000] {logging_mixin.py:137} INFO - [2022-11-16T13:05:46.161+0000] {dagbag.py:537} INFO - Filling up the DagBag from /workspace/airflow/dags/job_finance_data_lake.py
[2022-11-16T13:05:46.570+0000] {processor.py:766} INFO - DAG(s) dict_keys(['finance_data_lake']) retrieved from /workspace/airflow/dags/job_finance_data_lake.py
[2022-11-16T13:05:46.590+0000] {logging_mixin.py:137} INFO - [2022-11-16T13:05:46.589+0000] {dag.py:2585} INFO - Sync 1 DAGs
[2022-11-16T13:05:46.605+0000] {logging_mixin.py:137} INFO - [2022-11-16T13:05:46.605+0000] {dag.py:3336} INFO - Setting next_dagrun for finance_data_lake to 2022-11-16T12:46:57.778111+00:00, run_after=2022-11-17T12:46:57.778111+00:00
[2022-11-16T13:05:46.642+0000] {processor.py:176} INFO - Processing /workspace/airflow/dags/job_finance_data_lake.py took 0.484 seconds
[2022-11-16T13:06:16.806+0000] {processor.py:154} INFO - Started process (PID=30118) to work on /workspace/airflow/dags/job_finance_data_lake.py
[2022-11-16T13:06:16.807+0000] {processor.py:756} INFO - Processing file /workspace/airflow/dags/job_finance_data_lake.py for tasks to queue
[2022-11-16T13:06:16.807+0000] {logging_mixin.py:137} INFO - [2022-11-16T13:06:16.807+0000] {dagbag.py:537} INFO - Filling up the DagBag from /workspace/airflow/dags/job_finance_data_lake.py
[2022-11-16T13:06:17.245+0000] {processor.py:766} INFO - DAG(s) dict_keys(['finance_data_lake']) retrieved from /workspace/airflow/dags/job_finance_data_lake.py
[2022-11-16T13:06:17.268+0000] {logging_mixin.py:137} INFO - [2022-11-16T13:06:17.267+0000] {dag.py:2585} INFO - Sync 1 DAGs
[2022-11-16T13:06:17.286+0000] {logging_mixin.py:137} INFO - [2022-11-16T13:06:17.286+0000] {dag.py:3336} INFO - Setting next_dagrun for finance_data_lake to 2022-11-16T12:46:57.778111+00:00, run_after=2022-11-17T12:46:57.778111+00:00
[2022-11-16T13:06:17.326+0000] {processor.py:176} INFO - Processing /workspace/airflow/dags/job_finance_data_lake.py took 0.522 seconds
[2022-11-16T13:06:47.557+0000] {processor.py:154} INFO - Started process (PID=30365) to work on /workspace/airflow/dags/job_finance_data_lake.py
[2022-11-16T13:06:47.558+0000] {processor.py:756} INFO - Processing file /workspace/airflow/dags/job_finance_data_lake.py for tasks to queue
[2022-11-16T13:06:47.558+0000] {logging_mixin.py:137} INFO - [2022-11-16T13:06:47.558+0000] {dagbag.py:537} INFO - Filling up the DagBag from /workspace/airflow/dags/job_finance_data_lake.py
[2022-11-16T13:06:47.971+0000] {processor.py:766} INFO - DAG(s) dict_keys(['finance_data_lake']) retrieved from /workspace/airflow/dags/job_finance_data_lake.py
[2022-11-16T13:06:47.993+0000] {logging_mixin.py:137} INFO - [2022-11-16T13:06:47.993+0000] {dag.py:2585} INFO - Sync 1 DAGs
[2022-11-16T13:06:48.012+0000] {logging_mixin.py:137} INFO - [2022-11-16T13:06:48.012+0000] {dag.py:3336} INFO - Setting next_dagrun for finance_data_lake to 2022-11-16T12:46:57.778111+00:00, run_after=2022-11-17T12:46:57.778111+00:00
[2022-11-16T13:06:48.058+0000] {processor.py:176} INFO - Processing /workspace/airflow/dags/job_finance_data_lake.py took 0.502 seconds
[2022-11-16T13:07:18.312+0000] {processor.py:154} INFO - Started process (PID=30646) to work on /workspace/airflow/dags/job_finance_data_lake.py
[2022-11-16T13:07:18.313+0000] {processor.py:756} INFO - Processing file /workspace/airflow/dags/job_finance_data_lake.py for tasks to queue
[2022-11-16T13:07:18.314+0000] {logging_mixin.py:137} INFO - [2022-11-16T13:07:18.314+0000] {dagbag.py:537} INFO - Filling up the DagBag from /workspace/airflow/dags/job_finance_data_lake.py
[2022-11-16T13:07:18.727+0000] {processor.py:766} INFO - DAG(s) dict_keys(['finance_data_lake']) retrieved from /workspace/airflow/dags/job_finance_data_lake.py
[2022-11-16T13:07:18.744+0000] {logging_mixin.py:137} INFO - [2022-11-16T13:07:18.744+0000] {dag.py:2585} INFO - Sync 1 DAGs
[2022-11-16T13:07:18.762+0000] {logging_mixin.py:137} INFO - [2022-11-16T13:07:18.762+0000] {dag.py:3336} INFO - Setting next_dagrun for finance_data_lake to 2022-11-16T12:46:57.778111+00:00, run_after=2022-11-17T12:46:57.778111+00:00
[2022-11-16T13:07:18.802+0000] {processor.py:176} INFO - Processing /workspace/airflow/dags/job_finance_data_lake.py took 0.492 seconds
[2022-11-16T13:07:48.964+0000] {processor.py:154} INFO - Started process (PID=30743) to work on /workspace/airflow/dags/job_finance_data_lake.py
[2022-11-16T13:07:48.965+0000] {processor.py:756} INFO - Processing file /workspace/airflow/dags/job_finance_data_lake.py for tasks to queue
[2022-11-16T13:07:48.966+0000] {logging_mixin.py:137} INFO - [2022-11-16T13:07:48.965+0000] {dagbag.py:537} INFO - Filling up the DagBag from /workspace/airflow/dags/job_finance_data_lake.py
[2022-11-16T13:07:49.383+0000] {processor.py:766} INFO - DAG(s) dict_keys(['finance_data_lake']) retrieved from /workspace/airflow/dags/job_finance_data_lake.py
[2022-11-16T13:07:49.403+0000] {logging_mixin.py:137} INFO - [2022-11-16T13:07:49.402+0000] {dag.py:2585} INFO - Sync 1 DAGs
[2022-11-16T13:07:49.422+0000] {logging_mixin.py:137} INFO - [2022-11-16T13:07:49.422+0000] {dag.py:3336} INFO - Setting next_dagrun for finance_data_lake to 2022-11-16T12:46:57.778111+00:00, run_after=2022-11-17T12:46:57.778111+00:00
[2022-11-16T13:07:49.459+0000] {processor.py:176} INFO - Processing /workspace/airflow/dags/job_finance_data_lake.py took 0.496 seconds
[2022-11-16T13:08:19.717+0000] {processor.py:154} INFO - Started process (PID=30837) to work on /workspace/airflow/dags/job_finance_data_lake.py
[2022-11-16T13:08:19.718+0000] {processor.py:756} INFO - Processing file /workspace/airflow/dags/job_finance_data_lake.py for tasks to queue
[2022-11-16T13:08:19.718+0000] {logging_mixin.py:137} INFO - [2022-11-16T13:08:19.718+0000] {dagbag.py:537} INFO - Filling up the DagBag from /workspace/airflow/dags/job_finance_data_lake.py
[2022-11-16T13:08:20.053+0000] {processor.py:766} INFO - DAG(s) dict_keys(['finance_data_lake']) retrieved from /workspace/airflow/dags/job_finance_data_lake.py
[2022-11-16T13:08:20.075+0000] {logging_mixin.py:137} INFO - [2022-11-16T13:08:20.073+0000] {dag.py:2585} INFO - Sync 1 DAGs
[2022-11-16T13:08:20.166+0000] {logging_mixin.py:137} INFO - [2022-11-16T13:08:20.166+0000] {dag.py:3336} INFO - Setting next_dagrun for finance_data_lake to 2022-11-16T12:46:57.778111+00:00, run_after=2022-11-17T12:46:57.778111+00:00
[2022-11-16T13:08:20.208+0000] {processor.py:176} INFO - Processing /workspace/airflow/dags/job_finance_data_lake.py took 0.493 seconds
[2022-11-16T13:08:50.378+0000] {processor.py:154} INFO - Started process (PID=30998) to work on /workspace/airflow/dags/job_finance_data_lake.py
[2022-11-16T13:08:50.379+0000] {processor.py:756} INFO - Processing file /workspace/airflow/dags/job_finance_data_lake.py for tasks to queue
[2022-11-16T13:08:50.379+0000] {logging_mixin.py:137} INFO - [2022-11-16T13:08:50.379+0000] {dagbag.py:537} INFO - Filling up the DagBag from /workspace/airflow/dags/job_finance_data_lake.py
[2022-11-16T13:08:50.725+0000] {processor.py:766} INFO - DAG(s) dict_keys(['finance_data_lake']) retrieved from /workspace/airflow/dags/job_finance_data_lake.py
[2022-11-16T13:08:50.831+0000] {logging_mixin.py:137} INFO - [2022-11-16T13:08:50.747+0000] {dag.py:2585} INFO - Sync 1 DAGs
[2022-11-16T13:08:50.850+0000] {logging_mixin.py:137} INFO - [2022-11-16T13:08:50.849+0000] {dag.py:3336} INFO - Setting next_dagrun for finance_data_lake to 2022-11-16T12:46:57.778111+00:00, run_after=2022-11-17T12:46:57.778111+00:00
[2022-11-16T13:08:50.889+0000] {processor.py:176} INFO - Processing /workspace/airflow/dags/job_finance_data_lake.py took 0.513 seconds
[2022-11-16T13:09:21.119+0000] {processor.py:154} INFO - Started process (PID=31218) to work on /workspace/airflow/dags/job_finance_data_lake.py
[2022-11-16T13:09:21.120+0000] {processor.py:756} INFO - Processing file /workspace/airflow/dags/job_finance_data_lake.py for tasks to queue
[2022-11-16T13:09:21.120+0000] {logging_mixin.py:137} INFO - [2022-11-16T13:09:21.120+0000] {dagbag.py:537} INFO - Filling up the DagBag from /workspace/airflow/dags/job_finance_data_lake.py
[2022-11-16T13:09:21.468+0000] {processor.py:766} INFO - DAG(s) dict_keys(['finance_data_lake']) retrieved from /workspace/airflow/dags/job_finance_data_lake.py
[2022-11-16T13:09:21.584+0000] {logging_mixin.py:137} INFO - [2022-11-16T13:09:21.584+0000] {dag.py:2585} INFO - Sync 1 DAGs
[2022-11-16T13:09:21.600+0000] {logging_mixin.py:137} INFO - [2022-11-16T13:09:21.600+0000] {dag.py:3336} INFO - Setting next_dagrun for finance_data_lake to 2022-11-16T12:46:57.778111+00:00, run_after=2022-11-17T12:46:57.778111+00:00
[2022-11-16T13:09:21.640+0000] {processor.py:176} INFO - Processing /workspace/airflow/dags/job_finance_data_lake.py took 0.523 seconds
[2022-11-16T13:09:51.870+0000] {processor.py:154} INFO - Started process (PID=31316) to work on /workspace/airflow/dags/job_finance_data_lake.py
[2022-11-16T13:09:51.871+0000] {processor.py:756} INFO - Processing file /workspace/airflow/dags/job_finance_data_lake.py for tasks to queue
[2022-11-16T13:09:51.872+0000] {logging_mixin.py:137} INFO - [2022-11-16T13:09:51.872+0000] {dagbag.py:537} INFO - Filling up the DagBag from /workspace/airflow/dags/job_finance_data_lake.py
[2022-11-16T13:09:52.287+0000] {processor.py:766} INFO - DAG(s) dict_keys(['finance_data_lake']) retrieved from /workspace/airflow/dags/job_finance_data_lake.py
[2022-11-16T13:09:52.309+0000] {logging_mixin.py:137} INFO - [2022-11-16T13:09:52.309+0000] {dag.py:2585} INFO - Sync 1 DAGs
[2022-11-16T13:09:52.327+0000] {logging_mixin.py:137} INFO - [2022-11-16T13:09:52.327+0000] {dag.py:3336} INFO - Setting next_dagrun for finance_data_lake to 2022-11-16T12:46:57.778111+00:00, run_after=2022-11-17T12:46:57.778111+00:00
[2022-11-16T13:09:52.365+0000] {processor.py:176} INFO - Processing /workspace/airflow/dags/job_finance_data_lake.py took 0.496 seconds
[2022-11-16T13:10:22.620+0000] {processor.py:154} INFO - Started process (PID=31410) to work on /workspace/airflow/dags/job_finance_data_lake.py
[2022-11-16T13:10:22.621+0000] {processor.py:756} INFO - Processing file /workspace/airflow/dags/job_finance_data_lake.py for tasks to queue
[2022-11-16T13:10:22.621+0000] {logging_mixin.py:137} INFO - [2022-11-16T13:10:22.621+0000] {dagbag.py:537} INFO - Filling up the DagBag from /workspace/airflow/dags/job_finance_data_lake.py
[2022-11-16T13:10:23.057+0000] {processor.py:766} INFO - DAG(s) dict_keys(['finance_data_lake']) retrieved from /workspace/airflow/dags/job_finance_data_lake.py
[2022-11-16T13:10:23.079+0000] {logging_mixin.py:137} INFO - [2022-11-16T13:10:23.079+0000] {dag.py:2585} INFO - Sync 1 DAGs
[2022-11-16T13:10:23.098+0000] {logging_mixin.py:137} INFO - [2022-11-16T13:10:23.098+0000] {dag.py:3336} INFO - Setting next_dagrun for finance_data_lake to 2022-11-16T12:46:57.778111+00:00, run_after=2022-11-17T12:46:57.778111+00:00
[2022-11-16T13:10:23.138+0000] {processor.py:176} INFO - Processing /workspace/airflow/dags/job_finance_data_lake.py took 0.520 seconds
[2022-11-16T13:10:53.370+0000] {processor.py:154} INFO - Started process (PID=31502) to work on /workspace/airflow/dags/job_finance_data_lake.py
[2022-11-16T13:10:53.371+0000] {processor.py:756} INFO - Processing file /workspace/airflow/dags/job_finance_data_lake.py for tasks to queue
[2022-11-16T13:10:53.371+0000] {logging_mixin.py:137} INFO - [2022-11-16T13:10:53.371+0000] {dagbag.py:537} INFO - Filling up the DagBag from /workspace/airflow/dags/job_finance_data_lake.py
[2022-11-16T13:10:53.790+0000] {processor.py:766} INFO - DAG(s) dict_keys(['finance_data_lake']) retrieved from /workspace/airflow/dags/job_finance_data_lake.py
[2022-11-16T13:10:53.811+0000] {logging_mixin.py:137} INFO - [2022-11-16T13:10:53.810+0000] {dag.py:2585} INFO - Sync 1 DAGs
[2022-11-16T13:10:53.829+0000] {logging_mixin.py:137} INFO - [2022-11-16T13:10:53.829+0000] {dag.py:3336} INFO - Setting next_dagrun for finance_data_lake to 2022-11-16T12:46:57.778111+00:00, run_after=2022-11-17T12:46:57.778111+00:00
[2022-11-16T13:10:53.871+0000] {processor.py:176} INFO - Processing /workspace/airflow/dags/job_finance_data_lake.py took 0.503 seconds
[2022-11-16T13:11:24.118+0000] {processor.py:154} INFO - Started process (PID=31596) to work on /workspace/airflow/dags/job_finance_data_lake.py
[2022-11-16T13:11:24.119+0000] {processor.py:756} INFO - Processing file /workspace/airflow/dags/job_finance_data_lake.py for tasks to queue
[2022-11-16T13:11:24.120+0000] {logging_mixin.py:137} INFO - [2022-11-16T13:11:24.120+0000] {dagbag.py:537} INFO - Filling up the DagBag from /workspace/airflow/dags/job_finance_data_lake.py
[2022-11-16T13:11:24.544+0000] {processor.py:766} INFO - DAG(s) dict_keys(['finance_data_lake']) retrieved from /workspace/airflow/dags/job_finance_data_lake.py
[2022-11-16T13:11:24.565+0000] {logging_mixin.py:137} INFO - [2022-11-16T13:11:24.565+0000] {dag.py:2585} INFO - Sync 1 DAGs
[2022-11-16T13:11:24.583+0000] {logging_mixin.py:137} INFO - [2022-11-16T13:11:24.583+0000] {dag.py:3336} INFO - Setting next_dagrun for finance_data_lake to 2022-11-16T12:46:57.778111+00:00, run_after=2022-11-17T12:46:57.778111+00:00
[2022-11-16T13:11:24.621+0000] {processor.py:176} INFO - Processing /workspace/airflow/dags/job_finance_data_lake.py took 0.505 seconds
[2022-11-16T13:11:54.864+0000] {processor.py:154} INFO - Started process (PID=31688) to work on /workspace/airflow/dags/job_finance_data_lake.py
[2022-11-16T13:11:54.865+0000] {processor.py:756} INFO - Processing file /workspace/airflow/dags/job_finance_data_lake.py for tasks to queue
[2022-11-16T13:11:54.865+0000] {logging_mixin.py:137} INFO - [2022-11-16T13:11:54.865+0000] {dagbag.py:537} INFO - Filling up the DagBag from /workspace/airflow/dags/job_finance_data_lake.py
[2022-11-16T13:11:55.300+0000] {processor.py:766} INFO - DAG(s) dict_keys(['finance_data_lake']) retrieved from /workspace/airflow/dags/job_finance_data_lake.py
[2022-11-16T13:11:55.322+0000] {logging_mixin.py:137} INFO - [2022-11-16T13:11:55.321+0000] {dag.py:2585} INFO - Sync 1 DAGs
[2022-11-16T13:11:55.342+0000] {logging_mixin.py:137} INFO - [2022-11-16T13:11:55.342+0000] {dag.py:3336} INFO - Setting next_dagrun for finance_data_lake to 2022-11-16T12:46:57.778111+00:00, run_after=2022-11-17T12:46:57.778111+00:00
[2022-11-16T13:11:55.380+0000] {processor.py:176} INFO - Processing /workspace/airflow/dags/job_finance_data_lake.py took 0.518 seconds
[2022-11-16T13:12:25.614+0000] {processor.py:154} INFO - Started process (PID=31782) to work on /workspace/airflow/dags/job_finance_data_lake.py
[2022-11-16T13:12:25.615+0000] {processor.py:756} INFO - Processing file /workspace/airflow/dags/job_finance_data_lake.py for tasks to queue
[2022-11-16T13:12:25.616+0000] {logging_mixin.py:137} INFO - [2022-11-16T13:12:25.616+0000] {dagbag.py:537} INFO - Filling up the DagBag from /workspace/airflow/dags/job_finance_data_lake.py
[2022-11-16T13:12:25.957+0000] {processor.py:766} INFO - DAG(s) dict_keys(['finance_data_lake']) retrieved from /workspace/airflow/dags/job_finance_data_lake.py
[2022-11-16T13:12:25.976+0000] {logging_mixin.py:137} INFO - [2022-11-16T13:12:25.974+0000] {dag.py:2585} INFO - Sync 1 DAGs
[2022-11-16T13:12:26.073+0000] {logging_mixin.py:137} INFO - [2022-11-16T13:12:26.073+0000] {dag.py:3336} INFO - Setting next_dagrun for finance_data_lake to 2022-11-16T12:46:57.778111+00:00, run_after=2022-11-17T12:46:57.778111+00:00
[2022-11-16T13:12:26.114+0000] {processor.py:176} INFO - Processing /workspace/airflow/dags/job_finance_data_lake.py took 0.501 seconds
[2022-11-16T13:12:56.376+0000] {processor.py:154} INFO - Started process (PID=31874) to work on /workspace/airflow/dags/job_finance_data_lake.py
[2022-11-16T13:12:56.377+0000] {processor.py:756} INFO - Processing file /workspace/airflow/dags/job_finance_data_lake.py for tasks to queue
[2022-11-16T13:12:56.378+0000] {logging_mixin.py:137} INFO - [2022-11-16T13:12:56.378+0000] {dagbag.py:537} INFO - Filling up the DagBag from /workspace/airflow/dags/job_finance_data_lake.py
[2022-11-16T13:12:56.715+0000] {processor.py:766} INFO - DAG(s) dict_keys(['finance_data_lake']) retrieved from /workspace/airflow/dags/job_finance_data_lake.py
[2022-11-16T13:12:56.738+0000] {logging_mixin.py:137} INFO - [2022-11-16T13:12:56.737+0000] {dag.py:2585} INFO - Sync 1 DAGs
[2022-11-16T13:12:56.842+0000] {logging_mixin.py:137} INFO - [2022-11-16T13:12:56.842+0000] {dag.py:3336} INFO - Setting next_dagrun for finance_data_lake to 2022-11-16T12:46:57.778111+00:00, run_after=2022-11-17T12:46:57.778111+00:00
[2022-11-16T13:12:56.881+0000] {processor.py:176} INFO - Processing /workspace/airflow/dags/job_finance_data_lake.py took 0.507 seconds
[2022-11-16T13:13:27.121+0000] {processor.py:154} INFO - Started process (PID=31968) to work on /workspace/airflow/dags/job_finance_data_lake.py
[2022-11-16T13:13:27.122+0000] {processor.py:756} INFO - Processing file /workspace/airflow/dags/job_finance_data_lake.py for tasks to queue
[2022-11-16T13:13:27.122+0000] {logging_mixin.py:137} INFO - [2022-11-16T13:13:27.122+0000] {dagbag.py:537} INFO - Filling up the DagBag from /workspace/airflow/dags/job_finance_data_lake.py
[2022-11-16T13:13:27.463+0000] {processor.py:766} INFO - DAG(s) dict_keys(['finance_data_lake']) retrieved from /workspace/airflow/dags/job_finance_data_lake.py
[2022-11-16T13:13:27.568+0000] {logging_mixin.py:137} INFO - [2022-11-16T13:13:27.568+0000] {dag.py:2585} INFO - Sync 1 DAGs
[2022-11-16T13:13:27.587+0000] {logging_mixin.py:137} INFO - [2022-11-16T13:13:27.587+0000] {dag.py:3336} INFO - Setting next_dagrun for finance_data_lake to 2022-11-16T12:46:57.778111+00:00, run_after=2022-11-17T12:46:57.778111+00:00
[2022-11-16T13:13:27.629+0000] {processor.py:176} INFO - Processing /workspace/airflow/dags/job_finance_data_lake.py took 0.510 seconds
[2022-11-16T13:13:57.864+0000] {processor.py:154} INFO - Started process (PID=32060) to work on /workspace/airflow/dags/job_finance_data_lake.py
[2022-11-16T13:13:57.864+0000] {processor.py:756} INFO - Processing file /workspace/airflow/dags/job_finance_data_lake.py for tasks to queue
[2022-11-16T13:13:57.865+0000] {logging_mixin.py:137} INFO - [2022-11-16T13:13:57.865+0000] {dagbag.py:537} INFO - Filling up the DagBag from /workspace/airflow/dags/job_finance_data_lake.py
[2022-11-16T13:13:58.200+0000] {processor.py:766} INFO - DAG(s) dict_keys(['finance_data_lake']) retrieved from /workspace/airflow/dags/job_finance_data_lake.py
[2022-11-16T13:13:58.307+0000] {logging_mixin.py:137} INFO - [2022-11-16T13:13:58.307+0000] {dag.py:2585} INFO - Sync 1 DAGs
[2022-11-16T13:13:58.326+0000] {logging_mixin.py:137} INFO - [2022-11-16T13:13:58.326+0000] {dag.py:3336} INFO - Setting next_dagrun for finance_data_lake to 2022-11-16T12:46:57.778111+00:00, run_after=2022-11-17T12:46:57.778111+00:00
[2022-11-16T13:13:58.366+0000] {processor.py:176} INFO - Processing /workspace/airflow/dags/job_finance_data_lake.py took 0.504 seconds
